[0.046s] Invoking command in '/home/pidog/pidog-ros2/build/interfaces': CMAKE_PREFIX_PATH=/opt/ros/humble /usr/bin/cmake /home/pidog/pidog-ros2/pidog_ws/src/interfaces -DCMAKE_INSTALL_PREFIX=/home/pidog/pidog-ros2/install/interfaces
[0.180s] -- The C compiler identification is GNU 11.3.0
[0.301s] -- The CXX compiler identification is GNU 11.3.0
[0.314s] -- Detecting C compiler ABI info
[0.470s] -- Detecting C compiler ABI info - done
[0.483s] -- Check for working C compiler: /usr/bin/cc - skipped
[0.484s] -- Detecting C compile features
[0.485s] -- Detecting C compile features - done
[0.490s] -- Detecting CXX compiler ABI info
[0.644s] -- Detecting CXX compiler ABI info - done
[0.669s] -- Check for working CXX compiler: /usr/bin/c++ - skipped
[0.669s] -- Detecting CXX compile features
[0.670s] -- Detecting CXX compile features - done
[0.677s] -- Found ament_cmake: 1.3.3 (/opt/ros/humble/share/ament_cmake/cmake)
[0.985s] -- Found Python3: /usr/bin/python3.10 (found version "3.10.6") found components: Interpreter 
[1.191s] -- Found ament_lint_auto: 0.12.5 (/opt/ros/humble/share/ament_lint_auto/cmake)
[1.331s] -- Added test 'lint_cmake' to check CMake code style
[1.332s] -- Added test 'xmllint' to check XML markup files
[1.332s] -- Configuring done
[1.336s] -- Generating done
[1.344s] -- Build files have been written to: /home/pidog/pidog-ros2/build/interfaces
[1.357s] Invoked command in '/home/pidog/pidog-ros2/build/interfaces' returned '0': CMAKE_PREFIX_PATH=/opt/ros/humble /usr/bin/cmake /home/pidog/pidog-ros2/pidog_ws/src/interfaces -DCMAKE_INSTALL_PREFIX=/home/pidog/pidog-ros2/install/interfaces
[1.364s] Invoking command in '/home/pidog/pidog-ros2/build/interfaces': CMAKE_PREFIX_PATH=/opt/ros/humble /usr/bin/cmake --build /home/pidog/pidog-ros2/build/interfaces -- -j4 -l4
[1.435s] Invoked command in '/home/pidog/pidog-ros2/build/interfaces' returned '0': CMAKE_PREFIX_PATH=/opt/ros/humble /usr/bin/cmake --build /home/pidog/pidog-ros2/build/interfaces -- -j4 -l4
[1.508s] Invoking command in '/home/pidog/pidog-ros2/build/interfaces': CMAKE_PREFIX_PATH=/opt/ros/humble /usr/bin/cmake --install /home/pidog/pidog-ros2/build/interfaces
[1.518s] -- Install configuration: ""
[1.521s] -- Installing: /home/pidog/pidog-ros2/install/interfaces/share/ament_index/resource_index/package_run_dependencies/interfaces
[1.521s] -- Installing: /home/pidog/pidog-ros2/install/interfaces/share/ament_index/resource_index/parent_prefix_path/interfaces
[1.523s] -- Installing: /home/pidog/pidog-ros2/install/interfaces/share/interfaces/environment/ament_prefix_path.sh
[1.524s] -- Installing: /home/pidog/pidog-ros2/install/interfaces/share/interfaces/environment/ament_prefix_path.dsv
[1.524s] -- Installing: /home/pidog/pidog-ros2/install/interfaces/share/interfaces/environment/path.sh
[1.525s] -- Installing: /home/pidog/pidog-ros2/install/interfaces/share/interfaces/environment/path.dsv
[1.526s] -- Installing: /home/pidog/pidog-ros2/install/interfaces/share/interfaces/local_setup.bash
[1.526s] -- Installing: /home/pidog/pidog-ros2/install/interfaces/share/interfaces/local_setup.sh
[1.527s] -- Installing: /home/pidog/pidog-ros2/install/interfaces/share/interfaces/local_setup.zsh
[1.528s] -- Installing: /home/pidog/pidog-ros2/install/interfaces/share/interfaces/local_setup.dsv
[1.528s] -- Installing: /home/pidog/pidog-ros2/install/interfaces/share/interfaces/package.dsv
[1.529s] -- Installing: /home/pidog/pidog-ros2/install/interfaces/share/ament_index/resource_index/packages/interfaces
[1.529s] -- Installing: /home/pidog/pidog-ros2/install/interfaces/share/interfaces/cmake/interfacesConfig.cmake
[1.529s] -- Installing: /home/pidog/pidog-ros2/install/interfaces/share/interfaces/cmake/interfacesConfig-version.cmake
[1.529s] -- Installing: /home/pidog/pidog-ros2/install/interfaces/share/interfaces/package.xml
[1.533s] Invoked command in '/home/pidog/pidog-ros2/build/interfaces' returned '0': CMAKE_PREFIX_PATH=/opt/ros/humble /usr/bin/cmake --install /home/pidog/pidog-ros2/build/interfaces
