[2.581s] Invoking command in '/home/pidog/pidog-ros2/src/brain': PYTHONPATH=/home/pidog/pidog-ros2/build/brain/prefix_override:/home/pidog/pidog-ros2/install/brain/lib/python3.10/site-packages:${PYTHONPATH} /usr/bin/python3 setup.py egg_info --egg-base ../../build/brain build --build-base /home/pidog/pidog-ros2/build/brain/build install --record /home/pidog/pidog-ros2/build/brain/install.log --single-version-externally-managed
[3.323s] running egg_info
[3.325s] writing ../../build/brain/brain.egg-info/PKG-INFO
[3.326s] writing dependency_links to ../../build/brain/brain.egg-info/dependency_links.txt
[3.326s] writing entry points to ../../build/brain/brain.egg-info/entry_points.txt
[3.327s] writing requirements to ../../build/brain/brain.egg-info/requires.txt
[3.327s] writing top-level names to ../../build/brain/brain.egg-info/top_level.txt
[3.336s] reading manifest file '../../build/brain/brain.egg-info/SOURCES.txt'
[3.339s] writing manifest file '../../build/brain/brain.egg-info/SOURCES.txt'
[3.339s] running build
[3.340s] running build_py
[3.342s] running install
[3.346s] /usr/lib/python3/dist-packages/setuptools/command/install.py:34: SetuptoolsDeprecationWarning: setup.py install is deprecated. Use build and pip and other standards-based tools.
[3.346s]   warnings.warn(
[3.348s] running install_lib
[3.349s] running install_data
[3.350s] running install_egg_info
[3.354s] removing '/home/pidog/pidog-ros2/install/brain/lib/python3.10/site-packages/brain-0.0.0-py3.10.egg-info' (and everything under it)
[3.359s] Copying ../../build/brain/brain.egg-info to /home/pidog/pidog-ros2/install/brain/lib/python3.10/site-packages/brain-0.0.0-py3.10.egg-info
[3.361s] running install_scripts
[3.420s] Installing brain script to /home/pidog/pidog-ros2/install/brain/lib/brain
[3.422s] writing list of installed files to '/home/pidog/pidog-ros2/build/brain/install.log'
[3.648s] Invoked command in '/home/pidog/pidog-ros2/src/brain' returned '0': PYTHONPATH=/home/pidog/pidog-ros2/build/brain/prefix_override:/home/pidog/pidog-ros2/install/brain/lib/python3.10/site-packages:${PYTHONPATH} /usr/bin/python3 setup.py egg_info --egg-base ../../build/brain build --build-base /home/pidog/pidog-ros2/build/brain/build install --record /home/pidog/pidog-ros2/build/brain/install.log --single-version-externally-managed
