[0.544s] DEBUG:colcon:Command line arguments: ['/usr/bin/colcon', 'build', '--packages-select', 'legs']
[0.544s] DEBUG:colcon:Parsed command line arguments: Namespace(log_base=None, log_level=None, verb_name='build', build_base='build', install_base='install', merge_install=False, symlink_install=False, test_result_base=None, continue_on_error=False, executor='parallel', parallel_workers=4, event_handlers=None, ignore_user_meta=False, metas=['./colcon.meta'], base_paths=['.'], packages_ignore=None, packages_ignore_regex=None, paths=None, packages_up_to=None, packages_up_to_regex=None, packages_above=None, packages_above_and_dependencies=None, packages_above_depth=None, packages_select_by_dep=None, packages_skip_by_dep=None, packages_skip_up_to=None, packages_select_build_failed=False, packages_skip_build_finished=False, packages_select_test_failures=False, packages_skip_test_passed=False, packages_select=['legs'], packages_skip=None, packages_select_regex=None, packages_skip_regex=None, packages_start=None, packages_end=None, allow_overriding=[], cmake_args=None, cmake_target=None, cmake_target_skip_unavailable=False, cmake_clean_cache=False, cmake_clean_first=False, cmake_force_configure=False, ament_cmake_args=None, catkin_cmake_args=None, catkin_skip_building_tests=False, verb_parser=<colcon_defaults.argument_parser.defaults.DefaultArgumentsDecorator object at 0x7f5e638f09d0>, verb_extension=<colcon_core.verb.build.BuildVerb object at 0x7f5e6381a7d0>, main=<bound method BuildVerb.main of <colcon_core.verb.build.BuildVerb object at 0x7f5e6381a7d0>>)
[0.590s] Level 1:colcon.colcon_core.package_discovery:discover_packages(colcon_meta) check parameters
[0.590s] Level 1:colcon.colcon_core.package_discovery:discover_packages(recursive) check parameters
[0.590s] Level 1:colcon.colcon_core.package_discovery:discover_packages(ignore) check parameters
[0.591s] Level 1:colcon.colcon_core.package_discovery:discover_packages(path) check parameters
[0.591s] Level 1:colcon.colcon_core.package_discovery:discover_packages(colcon_meta) discover
[0.591s] Level 1:colcon.colcon_core.package_discovery:discover_packages(recursive) discover
[0.591s] INFO:colcon.colcon_core.package_discovery:Crawling recursively for packages in '/home/pidog/pidog-ros2'
[0.591s] Level 1:colcon.colcon_core.package_identification:_identify(.) by extensions ['ignore', 'ignore_ament_install']
[0.591s] Level 1:colcon.colcon_core.package_identification:_identify(.) by extension 'ignore'
[0.591s] Level 1:colcon.colcon_core.package_identification:_identify(.) by extension 'ignore_ament_install'
[0.591s] Level 1:colcon.colcon_core.package_identification:_identify(.) by extensions ['colcon_pkg']
[0.591s] Level 1:colcon.colcon_core.package_identification:_identify(.) by extension 'colcon_pkg'
[0.591s] Level 1:colcon.colcon_core.package_identification:_identify(.) by extensions ['colcon_meta']
[0.591s] Level 1:colcon.colcon_core.package_identification:_identify(.) by extension 'colcon_meta'
[0.592s] Level 1:colcon.colcon_core.package_identification:_identify(.) by extensions ['ros']
[0.592s] Level 1:colcon.colcon_core.package_identification:_identify(.) by extension 'ros'
[0.610s] Level 1:colcon.colcon_core.package_identification:_identify(.) by extensions ['cmake', 'python']
[0.610s] Level 1:colcon.colcon_core.package_identification:_identify(.) by extension 'cmake'
[0.610s] Level 1:colcon.colcon_core.package_identification:_identify(.) by extension 'python'
[0.610s] Level 1:colcon.colcon_core.package_identification:_identify(.) by extensions ['python_setup_py']
[0.610s] Level 1:colcon.colcon_core.package_identification:_identify(.) by extension 'python_setup_py'
[0.610s] Level 1:colcon.colcon_core.package_identification:_identify(build) by extensions ['ignore', 'ignore_ament_install']
[0.611s] Level 1:colcon.colcon_core.package_identification:_identify(build) by extension 'ignore'
[0.611s] Level 1:colcon.colcon_core.package_identification:_identify(build) ignored
[0.611s] Level 1:colcon.colcon_core.package_identification:_identify(install) by extensions ['ignore', 'ignore_ament_install']
[0.611s] Level 1:colcon.colcon_core.package_identification:_identify(install) by extension 'ignore'
[0.611s] Level 1:colcon.colcon_core.package_identification:_identify(install) ignored
[0.611s] Level 1:colcon.colcon_core.package_identification:_identify(log) by extensions ['ignore', 'ignore_ament_install']
[0.611s] Level 1:colcon.colcon_core.package_identification:_identify(log) by extension 'ignore'
[0.611s] Level 1:colcon.colcon_core.package_identification:_identify(log) ignored
[0.612s] Level 1:colcon.colcon_core.package_identification:_identify(src) by extensions ['ignore', 'ignore_ament_install']
[0.612s] Level 1:colcon.colcon_core.package_identification:_identify(src) by extension 'ignore'
[0.612s] Level 1:colcon.colcon_core.package_identification:_identify(src) by extension 'ignore_ament_install'
[0.612s] Level 1:colcon.colcon_core.package_identification:_identify(src) by extensions ['colcon_pkg']
[0.612s] Level 1:colcon.colcon_core.package_identification:_identify(src) by extension 'colcon_pkg'
[0.612s] Level 1:colcon.colcon_core.package_identification:_identify(src) by extensions ['colcon_meta']
[0.612s] Level 1:colcon.colcon_core.package_identification:_identify(src) by extension 'colcon_meta'
[0.612s] Level 1:colcon.colcon_core.package_identification:_identify(src) by extensions ['ros']
[0.612s] Level 1:colcon.colcon_core.package_identification:_identify(src) by extension 'ros'
[0.612s] Level 1:colcon.colcon_core.package_identification:_identify(src) by extensions ['cmake', 'python']
[0.612s] Level 1:colcon.colcon_core.package_identification:_identify(src) by extension 'cmake'
[0.612s] Level 1:colcon.colcon_core.package_identification:_identify(src) by extension 'python'
[0.612s] Level 1:colcon.colcon_core.package_identification:_identify(src) by extensions ['python_setup_py']
[0.612s] Level 1:colcon.colcon_core.package_identification:_identify(src) by extension 'python_setup_py'
[0.613s] Level 1:colcon.colcon_core.package_identification:_identify(src/brain) by extensions ['ignore', 'ignore_ament_install']
[0.613s] Level 1:colcon.colcon_core.package_identification:_identify(src/brain) by extension 'ignore'
[0.613s] Level 1:colcon.colcon_core.package_identification:_identify(src/brain) by extension 'ignore_ament_install'
[0.613s] Level 1:colcon.colcon_core.package_identification:_identify(src/brain) by extensions ['colcon_pkg']
[0.613s] Level 1:colcon.colcon_core.package_identification:_identify(src/brain) by extension 'colcon_pkg'
[0.613s] Level 1:colcon.colcon_core.package_identification:_identify(src/brain) by extensions ['colcon_meta']
[0.613s] Level 1:colcon.colcon_core.package_identification:_identify(src/brain) by extension 'colcon_meta'
[0.613s] Level 1:colcon.colcon_core.package_identification:_identify(src/brain) by extensions ['ros']
[0.613s] Level 1:colcon.colcon_core.package_identification:_identify(src/brain) by extension 'ros'
[0.616s] DEBUG:colcon.colcon_core.package_identification:Package 'src/brain' with type 'ros.ament_python' and name 'brain'
[0.616s] Level 1:colcon.colcon_core.package_identification:_identify(src/interfaces) by extensions ['ignore', 'ignore_ament_install']
[0.617s] Level 1:colcon.colcon_core.package_identification:_identify(src/interfaces) by extension 'ignore'
[0.617s] Level 1:colcon.colcon_core.package_identification:_identify(src/interfaces) by extension 'ignore_ament_install'
[0.617s] Level 1:colcon.colcon_core.package_identification:_identify(src/interfaces) by extensions ['colcon_pkg']
[0.617s] Level 1:colcon.colcon_core.package_identification:_identify(src/interfaces) by extension 'colcon_pkg'
[0.617s] Level 1:colcon.colcon_core.package_identification:_identify(src/interfaces) by extensions ['colcon_meta']
[0.617s] Level 1:colcon.colcon_core.package_identification:_identify(src/interfaces) by extension 'colcon_meta'
[0.617s] Level 1:colcon.colcon_core.package_identification:_identify(src/interfaces) by extensions ['ros']
[0.617s] Level 1:colcon.colcon_core.package_identification:_identify(src/interfaces) by extension 'ros'
[0.618s] DEBUG:colcon.colcon_core.package_identification:Package 'src/interfaces' with type 'ros.ament_cmake' and name 'interfaces'
[0.618s] Level 1:colcon.colcon_core.package_identification:_identify(src/legs) by extensions ['ignore', 'ignore_ament_install']
[0.618s] Level 1:colcon.colcon_core.package_identification:_identify(src/legs) by extension 'ignore'
[0.618s] Level 1:colcon.colcon_core.package_identification:_identify(src/legs) by extension 'ignore_ament_install'
[0.618s] Level 1:colcon.colcon_core.package_identification:_identify(src/legs) by extensions ['colcon_pkg']
[0.618s] Level 1:colcon.colcon_core.package_identification:_identify(src/legs) by extension 'colcon_pkg'
[0.618s] Level 1:colcon.colcon_core.package_identification:_identify(src/legs) by extensions ['colcon_meta']
[0.618s] Level 1:colcon.colcon_core.package_identification:_identify(src/legs) by extension 'colcon_meta'
[0.618s] Level 1:colcon.colcon_core.package_identification:_identify(src/legs) by extensions ['ros']
[0.618s] Level 1:colcon.colcon_core.package_identification:_identify(src/legs) by extension 'ros'
[0.619s] DEBUG:colcon.colcon_core.package_identification:Package 'src/legs' with type 'ros.ament_python' and name 'legs'
[0.619s] Level 1:colcon.colcon_core.package_identification:_identify(src/vision) by extensions ['ignore', 'ignore_ament_install']
[0.620s] Level 1:colcon.colcon_core.package_identification:_identify(src/vision) by extension 'ignore'
[0.620s] Level 1:colcon.colcon_core.package_identification:_identify(src/vision) by extension 'ignore_ament_install'
[0.620s] Level 1:colcon.colcon_core.package_identification:_identify(src/vision) by extensions ['colcon_pkg']
[0.620s] Level 1:colcon.colcon_core.package_identification:_identify(src/vision) by extension 'colcon_pkg'
[0.620s] Level 1:colcon.colcon_core.package_identification:_identify(src/vision) by extensions ['colcon_meta']
[0.620s] Level 1:colcon.colcon_core.package_identification:_identify(src/vision) by extension 'colcon_meta'
[0.620s] Level 1:colcon.colcon_core.package_identification:_identify(src/vision) by extensions ['ros']
[0.620s] Level 1:colcon.colcon_core.package_identification:_identify(src/vision) by extension 'ros'
[0.621s] DEBUG:colcon.colcon_core.package_identification:Package 'src/vision' with type 'ros.ament_python' and name 'vision'
[0.621s] Level 1:colcon.colcon_core.package_discovery:discover_packages(recursive) using defaults
[0.621s] Level 1:colcon.colcon_core.package_discovery:discover_packages(ignore) discover
[0.621s] Level 1:colcon.colcon_core.package_discovery:discover_packages(ignore) using defaults
[0.621s] Level 1:colcon.colcon_core.package_discovery:discover_packages(path) discover
[0.621s] Level 1:colcon.colcon_core.package_discovery:discover_packages(path) using defaults
[0.654s] INFO:colcon.colcon_core.package_selection:Skipping not selected package 'brain' in 'src/brain'
[0.654s] INFO:colcon.colcon_core.package_selection:Skipping not selected package 'interfaces' in 'src/interfaces'
[0.654s] INFO:colcon.colcon_core.package_selection:Skipping not selected package 'vision' in 'src/vision'
[0.656s] Level 1:colcon.colcon_core.package_discovery:discover_packages(prefix_path) check parameters
[0.656s] Level 1:colcon.colcon_core.package_discovery:discover_packages(prefix_path) discover
[0.661s] DEBUG:colcon.colcon_installed_package_information.package_discovery:Found 288 installed packages in /opt/ros/humble
[0.663s] Level 1:colcon.colcon_core.package_discovery:discover_packages(prefix_path) using defaults
[0.769s] Level 5:colcon.colcon_core.verb:set package 'legs' build argument 'cmake_args' from command line to 'None'
[0.769s] Level 5:colcon.colcon_core.verb:set package 'legs' build argument 'cmake_target' from command line to 'None'
[0.769s] Level 5:colcon.colcon_core.verb:set package 'legs' build argument 'cmake_target_skip_unavailable' from command line to 'False'
[0.769s] Level 5:colcon.colcon_core.verb:set package 'legs' build argument 'cmake_clean_cache' from command line to 'False'
[0.769s] Level 5:colcon.colcon_core.verb:set package 'legs' build argument 'cmake_clean_first' from command line to 'False'
[0.769s] Level 5:colcon.colcon_core.verb:set package 'legs' build argument 'cmake_force_configure' from command line to 'False'
[0.769s] Level 5:colcon.colcon_core.verb:set package 'legs' build argument 'ament_cmake_args' from command line to 'None'
[0.769s] Level 5:colcon.colcon_core.verb:set package 'legs' build argument 'catkin_cmake_args' from command line to 'None'
[0.769s] Level 5:colcon.colcon_core.verb:set package 'legs' build argument 'catkin_skip_building_tests' from command line to 'False'
[0.769s] DEBUG:colcon.colcon_core.verb:Building package 'legs' with the following arguments: {'ament_cmake_args': None, 'build_base': '/home/pidog/pidog-ros2/build/legs', 'catkin_cmake_args': None, 'catkin_skip_building_tests': False, 'cmake_args': None, 'cmake_clean_cache': False, 'cmake_clean_first': False, 'cmake_force_configure': False, 'cmake_target': None, 'cmake_target_skip_unavailable': False, 'install_base': '/home/pidog/pidog-ros2/install/legs', 'merge_install': False, 'path': '/home/pidog/pidog-ros2/src/legs', 'symlink_install': False, 'test_result_base': None}
[0.770s] INFO:colcon.colcon_core.executor:Executing jobs using 'parallel' executor
[0.775s] DEBUG:colcon.colcon_parallel_executor.executor.parallel:run_until_complete
[0.776s] INFO:colcon.colcon_ros.task.ament_python.build:Building ROS package in '/home/pidog/pidog-ros2/src/legs' with build type 'ament_python'
[0.776s] Level 1:colcon.colcon_core.shell:create_environment_hook('legs', 'ament_prefix_path')
[0.785s] INFO:colcon.colcon_core.plugin_system:Skipping extension 'colcon_core.shell.bat': Not used on non-Windows systems
[0.786s] INFO:colcon.colcon_core.shell:Creating environment hook '/home/pidog/pidog-ros2/install/legs/share/legs/hook/ament_prefix_path.ps1'
[0.787s] INFO:colcon.colcon_core.shell:Creating environment descriptor '/home/pidog/pidog-ros2/install/legs/share/legs/hook/ament_prefix_path.dsv'
[0.788s] INFO:colcon.colcon_core.shell:Creating environment hook '/home/pidog/pidog-ros2/install/legs/share/legs/hook/ament_prefix_path.sh'
[0.792s] INFO:colcon.colcon_core.shell:Skip shell extension 'powershell' for command environment: Not usable outside of PowerShell
[0.792s] DEBUG:colcon.colcon_core.shell:Skip shell extension 'dsv' for command environment
[1.264s] INFO:colcon.colcon_core.task.python.build:Building Python package in '/home/pidog/pidog-ros2/src/legs'
[1.268s] INFO:colcon.colcon_core.shell:Skip shell extension 'powershell' for command environment: Not usable outside of PowerShell
[1.268s] DEBUG:colcon.colcon_core.shell:Skip shell extension 'dsv' for command environment
[1.838s] DEBUG:colcon.colcon_core.event_handler.log_command:Invoking command in '/home/pidog/pidog-ros2/src/legs': AMENT_PREFIX_PATH=/home/pidog/pidog-ros2/install/interfaces:${AMENT_PREFIX_PATH} CMAKE_PREFIX_PATH=/home/pidog/pidog-ros2/install/interfaces LD_LIBRARY_PATH=/home/pidog/pidog-ros2/install/interfaces/lib:${LD_LIBRARY_PATH} PYTHONPATH=/home/pidog/pidog-ros2/build/legs/prefix_override:/home/pidog/pidog-ros2/install/legs/lib/python3.10/site-packages:/home/pidog/pidog-ros2/install/interfaces/local/lib/python3.10/dist-packages:${PYTHONPATH} /usr/bin/python3 setup.py egg_info --egg-base ../../build/legs build --build-base /home/pidog/pidog-ros2/build/legs/build install --record /home/pidog/pidog-ros2/build/legs/install.log --single-version-externally-managed
[2.350s] DEBUG:colcon.colcon_core.event_handler.log_command:Invoked command in '/home/pidog/pidog-ros2/src/legs' returned '0': AMENT_PREFIX_PATH=/home/pidog/pidog-ros2/install/interfaces:${AMENT_PREFIX_PATH} CMAKE_PREFIX_PATH=/home/pidog/pidog-ros2/install/interfaces LD_LIBRARY_PATH=/home/pidog/pidog-ros2/install/interfaces/lib:${LD_LIBRARY_PATH} PYTHONPATH=/home/pidog/pidog-ros2/build/legs/prefix_override:/home/pidog/pidog-ros2/install/legs/lib/python3.10/site-packages:/home/pidog/pidog-ros2/install/interfaces/local/lib/python3.10/dist-packages:${PYTHONPATH} /usr/bin/python3 setup.py egg_info --egg-base ../../build/legs build --build-base /home/pidog/pidog-ros2/build/legs/build install --record /home/pidog/pidog-ros2/build/legs/install.log --single-version-externally-managed
[2.359s] Level 1:colcon.colcon_core.environment:checking '/home/pidog/pidog-ros2/install/legs' for CMake module files
[2.360s] Level 1:colcon.colcon_core.environment:checking '/home/pidog/pidog-ros2/install/legs' for CMake config files
[2.362s] Level 1:colcon.colcon_core.environment:checking '/home/pidog/pidog-ros2/install/legs/lib'
[2.363s] Level 1:colcon.colcon_core.environment:checking '/home/pidog/pidog-ros2/install/legs/bin'
[2.363s] Level 1:colcon.colcon_core.environment:checking '/home/pidog/pidog-ros2/install/legs/lib/pkgconfig/legs.pc'
[2.365s] Level 1:colcon.colcon_core.environment:checking '/home/pidog/pidog-ros2/install/legs/lib/python3.10/site-packages'
[2.365s] Level 1:colcon.colcon_core.shell:create_environment_hook('legs', 'pythonpath')
[2.368s] INFO:colcon.colcon_core.shell:Creating environment hook '/home/pidog/pidog-ros2/install/legs/share/legs/hook/pythonpath.ps1'
[2.369s] INFO:colcon.colcon_core.shell:Creating environment descriptor '/home/pidog/pidog-ros2/install/legs/share/legs/hook/pythonpath.dsv'
[2.369s] INFO:colcon.colcon_core.shell:Creating environment hook '/home/pidog/pidog-ros2/install/legs/share/legs/hook/pythonpath.sh'
[2.371s] Level 1:colcon.colcon_core.environment:checking '/home/pidog/pidog-ros2/install/legs/bin'
[2.371s] Level 1:colcon.colcon_core.environment:create_environment_scripts_only(legs)
[2.373s] INFO:colcon.colcon_core.shell:Creating package script '/home/pidog/pidog-ros2/install/legs/share/legs/package.ps1'
[2.375s] INFO:colcon.colcon_core.shell:Creating package descriptor '/home/pidog/pidog-ros2/install/legs/share/legs/package.dsv'
[2.376s] INFO:colcon.colcon_core.shell:Creating package script '/home/pidog/pidog-ros2/install/legs/share/legs/package.sh'
[2.378s] INFO:colcon.colcon_core.shell:Creating package script '/home/pidog/pidog-ros2/install/legs/share/legs/package.bash'
[2.383s] INFO:colcon.colcon_core.shell:Creating package script '/home/pidog/pidog-ros2/install/legs/share/legs/package.zsh'
[2.384s] Level 1:colcon.colcon_core.environment:create_file_with_runtime_dependencies(/home/pidog/pidog-ros2/install/legs/share/colcon-core/packages/legs)
[2.387s] DEBUG:colcon.colcon_parallel_executor.executor.parallel:closing loop
[2.387s] DEBUG:colcon.colcon_parallel_executor.executor.parallel:loop closed
[2.387s] DEBUG:colcon.colcon_parallel_executor.executor.parallel:run_until_complete finished with '0'
[2.388s] DEBUG:colcon.colcon_core.event_reactor:joining thread
[2.404s] INFO:colcon.colcon_core.plugin_system:Skipping extension 'colcon_notification.desktop_notification.terminal_notifier': Not used on non-Darwin systems
[2.404s] INFO:colcon.colcon_core.plugin_system:Skipping extension 'colcon_notification.desktop_notification.win32': Not used on non-Windows systems
[2.405s] INFO:colcon.colcon_notification.desktop_notification:Sending desktop notification using 'notify2'
[2.437s] DEBUG:colcon.colcon_core.event_reactor:joined thread
[2.440s] INFO:colcon.colcon_core.shell:Creating prefix script '/home/pidog/pidog-ros2/install/local_setup.ps1'
[2.442s] INFO:colcon.colcon_core.shell:Creating prefix util module '/home/pidog/pidog-ros2/install/_local_setup_util_ps1.py'
[2.446s] INFO:colcon.colcon_core.shell:Creating prefix chain script '/home/pidog/pidog-ros2/install/setup.ps1'
[2.450s] INFO:colcon.colcon_core.shell:Creating prefix script '/home/pidog/pidog-ros2/install/local_setup.sh'
[2.451s] INFO:colcon.colcon_core.shell:Creating prefix util module '/home/pidog/pidog-ros2/install/_local_setup_util_sh.py'
[2.453s] INFO:colcon.colcon_core.shell:Creating prefix chain script '/home/pidog/pidog-ros2/install/setup.sh'
[2.456s] INFO:colcon.colcon_core.shell:Creating prefix script '/home/pidog/pidog-ros2/install/local_setup.bash'
[2.458s] INFO:colcon.colcon_core.shell:Creating prefix chain script '/home/pidog/pidog-ros2/install/setup.bash'
[2.464s] INFO:colcon.colcon_core.shell:Creating prefix script '/home/pidog/pidog-ros2/install/local_setup.zsh'
[2.466s] INFO:colcon.colcon_core.shell:Creating prefix chain script '/home/pidog/pidog-ros2/install/setup.zsh'
