[1.123s] Invoking command in '/home/pidog/pidog-ros2/src/vision': PYTHONPATH=/home/pidog/pidog-ros2/build/vision/prefix_override:/home/pidog/pidog-ros2/install/vision/lib/python3.10/site-packages:${PYTHONPATH} /usr/bin/python3 setup.py egg_info --egg-base ../../build/vision build --build-base /home/pidog/pidog-ros2/build/vision/build install --record /home/pidog/pidog-ros2/build/vision/install.log --single-version-externally-managed
[1.604s] running egg_info
[1.605s] writing ../../build/vision/vision.egg-info/PKG-INFO
[1.607s] writing dependency_links to ../../build/vision/vision.egg-info/dependency_links.txt
[1.608s] writing entry points to ../../build/vision/vision.egg-info/entry_points.txt
[1.609s] writing requirements to ../../build/vision/vision.egg-info/requires.txt
[1.609s] writing top-level names to ../../build/vision/vision.egg-info/top_level.txt
[1.612s] reading manifest file '../../build/vision/vision.egg-info/SOURCES.txt'
[1.613s] writing manifest file '../../build/vision/vision.egg-info/SOURCES.txt'
[1.614s] running build
[1.614s] running build_py
[1.615s] copying vision/vision_node.py -> /home/pidog/pidog-ros2/build/vision/build/lib/vision
[1.616s] running install
[1.616s] /usr/lib/python3/dist-packages/setuptools/command/install.py:34: SetuptoolsDeprecationWarning: setup.py install is deprecated. Use build and pip and other standards-based tools.
[1.616s]   warnings.warn(
[1.616s] running install_lib
[1.617s] copying /home/pidog/pidog-ros2/build/vision/build/lib/vision/vision_node.py -> /home/pidog/pidog-ros2/install/vision/lib/python3.10/site-packages/vision
[1.618s] byte-compiling /home/pidog/pidog-ros2/install/vision/lib/python3.10/site-packages/vision/vision_node.py to vision_node.cpython-310.pyc
[1.620s] running install_data
[1.621s] running install_egg_info
[1.624s] removing '/home/pidog/pidog-ros2/install/vision/lib/python3.10/site-packages/vision-0.0.1-py3.10.egg-info' (and everything under it)
[1.625s] Copying ../../build/vision/vision.egg-info to /home/pidog/pidog-ros2/install/vision/lib/python3.10/site-packages/vision-0.0.1-py3.10.egg-info
[1.626s] running install_scripts
[1.664s] Installing vision script to /home/pidog/pidog-ros2/install/vision/lib/vision
[1.665s] writing list of installed files to '/home/pidog/pidog-ros2/build/vision/install.log'
[1.706s] Invoked command in '/home/pidog/pidog-ros2/src/vision' returned '0': PYTHONPATH=/home/pidog/pidog-ros2/build/vision/prefix_override:/home/pidog/pidog-ros2/install/vision/lib/python3.10/site-packages:${PYTHONPATH} /usr/bin/python3 setup.py egg_info --egg-base ../../build/vision build --build-base /home/pidog/pidog-ros2/build/vision/build install --record /home/pidog/pidog-ros2/build/vision/install.log --single-version-externally-managed
