[3.452s] Invoking command in '/home/pidog/pidog-ros2/src/vision': PYTHONPATH=/home/pidog/pidog-ros2/build/vision/prefix_override:/home/pidog/pidog-ros2/install/vision/lib/python3.10/site-packages:${PYTHONPATH} /usr/bin/python3 setup.py egg_info --egg-base ../../build/vision build --build-base /home/pidog/pidog-ros2/build/vision/build install --record /home/pidog/pidog-ros2/build/vision/install.log --single-version-externally-managed
[4.112s] running egg_info
[4.114s] writing ../../build/vision/vision.egg-info/PKG-INFO
[4.114s] writing dependency_links to ../../build/vision/vision.egg-info/dependency_links.txt
[4.115s] writing entry points to ../../build/vision/vision.egg-info/entry_points.txt
[4.116s] writing requirements to ../../build/vision/vision.egg-info/requires.txt
[4.117s] writing top-level names to ../../build/vision/vision.egg-info/top_level.txt
[4.121s] reading manifest file '../../build/vision/vision.egg-info/SOURCES.txt'
[4.129s] writing manifest file '../../build/vision/vision.egg-info/SOURCES.txt'
[4.129s] running build
[4.130s] running build_py
[4.130s] running install
[4.130s] /usr/lib/python3/dist-packages/setuptools/command/install.py:34: SetuptoolsDeprecationWarning: setup.py install is deprecated. Use build and pip and other standards-based tools.
[4.130s]   warnings.warn(
[4.131s] running install_lib
[4.133s] running install_data
[4.134s] running install_egg_info
[4.138s] removing '/home/pidog/pidog-ros2/install/vision/lib/python3.10/site-packages/vision-0.0.1-py3.10.egg-info' (and everything under it)
[4.139s] Copying ../../build/vision/vision.egg-info to /home/pidog/pidog-ros2/install/vision/lib/python3.10/site-packages/vision-0.0.1-py3.10.egg-info
[4.141s] running install_scripts
[4.192s] Installing vision script to /home/pidog/pidog-ros2/install/vision/lib/vision
[4.198s] writing list of installed files to '/home/pidog/pidog-ros2/build/vision/install.log'
