[0.118s] Invoking command in '/home/pidog/pidog-ros2/build/interfaces': CMAKE_PREFIX_PATH=/opt/ros/humble /usr/bin/cmake --build /home/pidog/pidog-ros2/build/interfaces -- -j4 -l4
[1.045s] [  2%] Built target interfaces__cpp
[1.046s] [  2%] Built target ament_cmake_python_copy_interfaces
[1.046s] [ 12%] Built target interfaces__rosidl_typesupport_fastrtps_cpp
[1.046s] [ 23%] Built target interfaces__rosidl_generator_c
[1.046s] [ 33%] Built target interfaces__rosidl_typesupport_introspection_cpp
[1.046s] [ 43%] Built target interfaces__rosidl_typesupport_cpp
[1.047s] [ 53%] Built target interfaces__rosidl_typesupport_fastrtps_c
[1.047s] [ 64%] Built target interfaces__rosidl_typesupport_introspection_c
[1.048s] [ 74%] Built target interfaces__rosidl_typesupport_c
[1.048s] [ 74%] Built target interfaces
[1.048s] [ 76%] Built target interfaces__py
[1.048s] [ 84%] Built target interfaces__rosidl_generator_py
[1.152s] [ 89%] Built target interfaces__rosidl_typesupport_fastrtps_c__pyext
[1.154s] [ 94%] Built target interfaces__rosidl_typesupport_introspection_c__pyext
[1.171s] [100%] Built target interfaces__rosidl_typesupport_c__pyext
[1.445s] running egg_info
[1.446s] writing interfaces.egg-info/PKG-INFO
[1.450s] writing dependency_links to interfaces.egg-info/dependency_links.txt
[1.450s] writing top-level names to interfaces.egg-info/top_level.txt
[1.455s] reading manifest file 'interfaces.egg-info/SOURCES.txt'
[1.457s] writing manifest file 'interfaces.egg-info/SOURCES.txt'
[1.519s] [100%] Built target ament_cmake_python_build_interfaces_egg
[1.653s] Invoked command in '/home/pidog/pidog-ros2/build/interfaces' returned '0': CMAKE_PREFIX_PATH=/opt/ros/humble /usr/bin/cmake --build /home/pidog/pidog-ros2/build/interfaces -- -j4 -l4
[2.056s] Invoking command in '/home/pidog/pidog-ros2/build/interfaces': CMAKE_PREFIX_PATH=/opt/ros/humble /usr/bin/cmake --install /home/pidog/pidog-ros2/build/interfaces
[2.080s] -- Install configuration: ""
[2.081s] -- Up-to-date: /home/pidog/pidog-ros2/install/interfaces/share/ament_index/resource_index/rosidl_interfaces/interfaces
[2.082s] -- Up-to-date: /home/pidog/pidog-ros2/install/interfaces/include/interfaces/interfaces
[2.084s] -- Up-to-date: /home/pidog/pidog-ros2/install/interfaces/include/interfaces/interfaces/msg
[2.085s] -- Up-to-date: /home/pidog/pidog-ros2/install/interfaces/include/interfaces/interfaces/msg/rosidl_generator_c__visibility_control.h
[2.085s] -- Up-to-date: /home/pidog/pidog-ros2/install/interfaces/include/interfaces/interfaces/srv
[2.086s] -- Up-to-date: /home/pidog/pidog-ros2/install/interfaces/include/interfaces/interfaces/srv/component_status.h
[2.086s] -- Up-to-date: /home/pidog/pidog-ros2/install/interfaces/include/interfaces/interfaces/srv/detail
[2.087s] -- Up-to-date: /home/pidog/pidog-ros2/install/interfaces/include/interfaces/interfaces/srv/detail/component_status__functions.h
[2.087s] -- Up-to-date: /home/pidog/pidog-ros2/install/interfaces/include/interfaces/interfaces/srv/detail/component_status__type_support.h
[2.088s] -- Up-to-date: /home/pidog/pidog-ros2/install/interfaces/include/interfaces/interfaces/srv/detail/component_status__struct.h
[2.088s] -- Up-to-date: /home/pidog/pidog-ros2/install/interfaces/include/interfaces/interfaces/srv/detail/component_status__functions.c
[2.089s] -- Up-to-date: /home/pidog/pidog-ros2/install/interfaces/include/interfaces/interfaces/action
[2.090s] -- Up-to-date: /home/pidog/pidog-ros2/install/interfaces/include/interfaces/interfaces/action/detail
[2.090s] -- Up-to-date: /home/pidog/pidog-ros2/install/interfaces/include/interfaces/interfaces/action/detail/movement__type_support.h
[2.091s] -- Up-to-date: /home/pidog/pidog-ros2/install/interfaces/include/interfaces/interfaces/action/detail/movement__functions.c
[2.092s] -- Up-to-date: /home/pidog/pidog-ros2/install/interfaces/include/interfaces/interfaces/action/detail/movement__functions.h
[2.092s] -- Up-to-date: /home/pidog/pidog-ros2/install/interfaces/include/interfaces/interfaces/action/detail/movement__struct.h
[2.092s] -- Up-to-date: /home/pidog/pidog-ros2/install/interfaces/include/interfaces/interfaces/action/movement.h
[2.093s] -- Up-to-date: /home/pidog/pidog-ros2/install/interfaces/share/interfaces/environment/library_path.sh
[2.093s] -- Up-to-date: /home/pidog/pidog-ros2/install/interfaces/share/interfaces/environment/library_path.dsv
[2.094s] -- Up-to-date: /home/pidog/pidog-ros2/install/interfaces/lib/libinterfaces__rosidl_generator_c.so
[2.095s] -- Up-to-date: /home/pidog/pidog-ros2/install/interfaces/include/interfaces/interfaces
[2.096s] -- Up-to-date: /home/pidog/pidog-ros2/install/interfaces/include/interfaces/interfaces/msg
[2.097s] -- Up-to-date: /home/pidog/pidog-ros2/install/interfaces/include/interfaces/interfaces/msg/rosidl_typesupport_fastrtps_c__visibility_control.h
[2.097s] -- Up-to-date: /home/pidog/pidog-ros2/install/interfaces/include/interfaces/interfaces/srv
[2.098s] -- Up-to-date: /home/pidog/pidog-ros2/install/interfaces/include/interfaces/interfaces/srv/detail
[2.098s] -- Up-to-date: /home/pidog/pidog-ros2/install/interfaces/include/interfaces/interfaces/srv/detail/component_status__rosidl_typesupport_fastrtps_c.h
[2.098s] -- Up-to-date: /home/pidog/pidog-ros2/install/interfaces/include/interfaces/interfaces/action
[2.101s] -- Up-to-date: /home/pidog/pidog-ros2/install/interfaces/include/interfaces/interfaces/action/detail
[2.102s] -- Up-to-date: /home/pidog/pidog-ros2/install/interfaces/include/interfaces/interfaces/action/detail/movement__rosidl_typesupport_fastrtps_c.h
[2.103s] -- Up-to-date: /home/pidog/pidog-ros2/install/interfaces/lib/libinterfaces__rosidl_typesupport_fastrtps_c.so
[2.104s] -- Up-to-date: /home/pidog/pidog-ros2/install/interfaces/include/interfaces/interfaces
[2.104s] -- Up-to-date: /home/pidog/pidog-ros2/install/interfaces/include/interfaces/interfaces/msg
[2.105s] -- Up-to-date: /home/pidog/pidog-ros2/install/interfaces/include/interfaces/interfaces/msg/rosidl_typesupport_introspection_c__visibility_control.h
[2.105s] -- Up-to-date: /home/pidog/pidog-ros2/install/interfaces/include/interfaces/interfaces/srv
[2.107s] -- Up-to-date: /home/pidog/pidog-ros2/install/interfaces/include/interfaces/interfaces/srv/detail
[2.108s] -- Up-to-date: /home/pidog/pidog-ros2/install/interfaces/include/interfaces/interfaces/srv/detail/component_status__rosidl_typesupport_introspection_c.h
[2.108s] -- Up-to-date: /home/pidog/pidog-ros2/install/interfaces/include/interfaces/interfaces/srv/detail/component_status__type_support.c
[2.108s] -- Up-to-date: /home/pidog/pidog-ros2/install/interfaces/include/interfaces/interfaces/action
[2.108s] -- Up-to-date: /home/pidog/pidog-ros2/install/interfaces/include/interfaces/interfaces/action/detail
[2.108s] -- Up-to-date: /home/pidog/pidog-ros2/install/interfaces/include/interfaces/interfaces/action/detail/movement__rosidl_typesupport_introspection_c.h
[2.108s] -- Up-to-date: /home/pidog/pidog-ros2/install/interfaces/include/interfaces/interfaces/action/detail/movement__type_support.c
[2.111s] -- Up-to-date: /home/pidog/pidog-ros2/install/interfaces/lib/libinterfaces__rosidl_typesupport_introspection_c.so
[2.112s] -- Up-to-date: /home/pidog/pidog-ros2/install/interfaces/lib/libinterfaces__rosidl_typesupport_c.so
[2.114s] -- Up-to-date: /home/pidog/pidog-ros2/install/interfaces/include/interfaces/interfaces
[2.114s] -- Up-to-date: /home/pidog/pidog-ros2/install/interfaces/include/interfaces/interfaces/srv
[2.116s] -- Up-to-date: /home/pidog/pidog-ros2/install/interfaces/include/interfaces/interfaces/srv/component_status.hpp
[2.116s] -- Up-to-date: /home/pidog/pidog-ros2/install/interfaces/include/interfaces/interfaces/srv/detail
[2.116s] -- Up-to-date: /home/pidog/pidog-ros2/install/interfaces/include/interfaces/interfaces/srv/detail/component_status__builder.hpp
[2.117s] -- Up-to-date: /home/pidog/pidog-ros2/install/interfaces/include/interfaces/interfaces/srv/detail/component_status__struct.hpp
[2.128s] -- Up-to-date: /home/pidog/pidog-ros2/install/interfaces/include/interfaces/interfaces/srv/detail/component_status__traits.hpp
[2.129s] -- Up-to-date: /home/pidog/pidog-ros2/install/interfaces/include/interfaces/interfaces/action
[2.131s] -- Up-to-date: /home/pidog/pidog-ros2/install/interfaces/include/interfaces/interfaces/action/movement.hpp
[2.132s] -- Up-to-date: /home/pidog/pidog-ros2/install/interfaces/include/interfaces/interfaces/action/detail
[2.132s] -- Up-to-date: /home/pidog/pidog-ros2/install/interfaces/include/interfaces/interfaces/action/detail/movement__builder.hpp
[2.132s] -- Up-to-date: /home/pidog/pidog-ros2/install/interfaces/include/interfaces/interfaces/action/detail/movement__traits.hpp
[2.132s] -- Up-to-date: /home/pidog/pidog-ros2/install/interfaces/include/interfaces/interfaces/action/detail/movement__struct.hpp
[2.132s] -- Up-to-date: /home/pidog/pidog-ros2/install/interfaces/include/interfaces/interfaces
[2.133s] -- Up-to-date: /home/pidog/pidog-ros2/install/interfaces/include/interfaces/interfaces/msg
[2.133s] -- Up-to-date: /home/pidog/pidog-ros2/install/interfaces/include/interfaces/interfaces/msg/rosidl_typesupport_fastrtps_cpp__visibility_control.h
[2.134s] -- Up-to-date: /home/pidog/pidog-ros2/install/interfaces/include/interfaces/interfaces/srv
[2.134s] -- Up-to-date: /home/pidog/pidog-ros2/install/interfaces/include/interfaces/interfaces/srv/detail
[2.135s] -- Up-to-date: /home/pidog/pidog-ros2/install/interfaces/include/interfaces/interfaces/srv/detail/dds_fastrtps
[2.135s] -- Up-to-date: /home/pidog/pidog-ros2/install/interfaces/include/interfaces/interfaces/srv/detail/component_status__rosidl_typesupport_fastrtps_cpp.hpp
[2.135s] -- Up-to-date: /home/pidog/pidog-ros2/install/interfaces/include/interfaces/interfaces/action
[2.136s] -- Up-to-date: /home/pidog/pidog-ros2/install/interfaces/include/interfaces/interfaces/action/detail
[2.136s] -- Up-to-date: /home/pidog/pidog-ros2/install/interfaces/include/interfaces/interfaces/action/detail/dds_fastrtps
[2.136s] -- Up-to-date: /home/pidog/pidog-ros2/install/interfaces/include/interfaces/interfaces/action/detail/movement__rosidl_typesupport_fastrtps_cpp.hpp
[2.136s] -- Up-to-date: /home/pidog/pidog-ros2/install/interfaces/lib/libinterfaces__rosidl_typesupport_fastrtps_cpp.so
[2.139s] -- Up-to-date: /home/pidog/pidog-ros2/install/interfaces/include/interfaces/interfaces
[2.140s] -- Up-to-date: /home/pidog/pidog-ros2/install/interfaces/include/interfaces/interfaces/srv
[2.143s] -- Up-to-date: /home/pidog/pidog-ros2/install/interfaces/include/interfaces/interfaces/srv/detail
[2.144s] -- Up-to-date: /home/pidog/pidog-ros2/install/interfaces/include/interfaces/interfaces/srv/detail/component_status__type_support.cpp
[2.144s] -- Up-to-date: /home/pidog/pidog-ros2/install/interfaces/include/interfaces/interfaces/srv/detail/component_status__rosidl_typesupport_introspection_cpp.hpp
[2.144s] -- Up-to-date: /home/pidog/pidog-ros2/install/interfaces/include/interfaces/interfaces/action
[2.144s] -- Up-to-date: /home/pidog/pidog-ros2/install/interfaces/include/interfaces/interfaces/action/detail
[2.144s] -- Up-to-date: /home/pidog/pidog-ros2/install/interfaces/include/interfaces/interfaces/action/detail/movement__type_support.cpp
[2.146s] -- Up-to-date: /home/pidog/pidog-ros2/install/interfaces/include/interfaces/interfaces/action/detail/movement__rosidl_typesupport_introspection_cpp.hpp
[2.148s] -- Up-to-date: /home/pidog/pidog-ros2/install/interfaces/lib/libinterfaces__rosidl_typesupport_introspection_cpp.so
[2.149s] -- Up-to-date: /home/pidog/pidog-ros2/install/interfaces/lib/libinterfaces__rosidl_typesupport_cpp.so
[2.150s] -- Up-to-date: /home/pidog/pidog-ros2/install/interfaces/share/interfaces/environment/pythonpath.sh
[2.151s] -- Up-to-date: /home/pidog/pidog-ros2/install/interfaces/share/interfaces/environment/pythonpath.dsv
[2.151s] -- Up-to-date: /home/pidog/pidog-ros2/install/interfaces/local/lib/python3.10/dist-packages/interfaces-0.0.0-py3.10.egg-info
[2.152s] -- Installing: /home/pidog/pidog-ros2/install/interfaces/local/lib/python3.10/dist-packages/interfaces-0.0.0-py3.10.egg-info/top_level.txt
[2.153s] -- Installing: /home/pidog/pidog-ros2/install/interfaces/local/lib/python3.10/dist-packages/interfaces-0.0.0-py3.10.egg-info/SOURCES.txt
[2.156s] -- Installing: /home/pidog/pidog-ros2/install/interfaces/local/lib/python3.10/dist-packages/interfaces-0.0.0-py3.10.egg-info/dependency_links.txt
[2.157s] -- Installing: /home/pidog/pidog-ros2/install/interfaces/local/lib/python3.10/dist-packages/interfaces-0.0.0-py3.10.egg-info/PKG-INFO
[2.161s] -- Up-to-date: /home/pidog/pidog-ros2/install/interfaces/local/lib/python3.10/dist-packages/interfaces
[2.161s] -- Up-to-date: /home/pidog/pidog-ros2/install/interfaces/local/lib/python3.10/dist-packages/interfaces/__init__.py
[2.161s] -- Up-to-date: /home/pidog/pidog-ros2/install/interfaces/local/lib/python3.10/dist-packages/interfaces/_interfaces_s.ep.rosidl_typesupport_fastrtps_c.c
[2.163s] -- Up-to-date: /home/pidog/pidog-ros2/install/interfaces/local/lib/python3.10/dist-packages/interfaces/interfaces_s__rosidl_typesupport_fastrtps_c.cpython-310-x86_64-linux-gnu.so
[2.164s] -- Up-to-date: /home/pidog/pidog-ros2/install/interfaces/local/lib/python3.10/dist-packages/interfaces/_interfaces_s.ep.rosidl_typesupport_c.c
[2.164s] -- Up-to-date: /home/pidog/pidog-ros2/install/interfaces/local/lib/python3.10/dist-packages/interfaces/interfaces_s__rosidl_typesupport_c.cpython-310-x86_64-linux-gnu.so
[2.164s] -- Up-to-date: /home/pidog/pidog-ros2/install/interfaces/local/lib/python3.10/dist-packages/interfaces/srv
[2.164s] -- Up-to-date: /home/pidog/pidog-ros2/install/interfaces/local/lib/python3.10/dist-packages/interfaces/srv/_component_status_s.c
[2.165s] -- Up-to-date: /home/pidog/pidog-ros2/install/interfaces/local/lib/python3.10/dist-packages/interfaces/srv/__init__.py
[2.166s] -- Up-to-date: /home/pidog/pidog-ros2/install/interfaces/local/lib/python3.10/dist-packages/interfaces/srv/_component_status.py
[2.167s] -- Up-to-date: /home/pidog/pidog-ros2/install/interfaces/local/lib/python3.10/dist-packages/interfaces/_interfaces_s.ep.rosidl_typesupport_introspection_c.c
[2.167s] -- Up-to-date: /home/pidog/pidog-ros2/install/interfaces/local/lib/python3.10/dist-packages/interfaces/interfaces_s__rosidl_typesupport_introspection_c.cpython-310-x86_64-linux-gnu.so
[2.167s] -- Up-to-date: /home/pidog/pidog-ros2/install/interfaces/local/lib/python3.10/dist-packages/interfaces/action
[2.168s] -- Up-to-date: /home/pidog/pidog-ros2/install/interfaces/local/lib/python3.10/dist-packages/interfaces/action/__init__.py
[2.168s] -- Up-to-date: /home/pidog/pidog-ros2/install/interfaces/local/lib/python3.10/dist-packages/interfaces/action/_movement_s.c
[2.168s] -- Up-to-date: /home/pidog/pidog-ros2/install/interfaces/local/lib/python3.10/dist-packages/interfaces/action/_movement.py
[2.169s] -- Up-to-date: /home/pidog/pidog-ros2/install/interfaces/local/lib/python3.10/dist-packages/interfaces/libinterfaces__rosidl_generator_py.so
[2.260s] Listing '/home/pidog/pidog-ros2/install/interfaces/local/lib/python3.10/dist-packages/interfaces'...
[2.261s] Listing '/home/pidog/pidog-ros2/install/interfaces/local/lib/python3.10/dist-packages/interfaces/action'...
[2.261s] Listing '/home/pidog/pidog-ros2/install/interfaces/local/lib/python3.10/dist-packages/interfaces/srv'...
[2.290s] -- Up-to-date: /home/pidog/pidog-ros2/install/interfaces/local/lib/python3.10/dist-packages/interfaces/interfaces_s__rosidl_typesupport_fastrtps_c.cpython-310-x86_64-linux-gnu.so
[2.290s] -- Up-to-date: /home/pidog/pidog-ros2/install/interfaces/local/lib/python3.10/dist-packages/interfaces/interfaces_s__rosidl_typesupport_introspection_c.cpython-310-x86_64-linux-gnu.so
[2.290s] -- Up-to-date: /home/pidog/pidog-ros2/install/interfaces/local/lib/python3.10/dist-packages/interfaces/interfaces_s__rosidl_typesupport_c.cpython-310-x86_64-linux-gnu.so
[2.291s] -- Up-to-date: /home/pidog/pidog-ros2/install/interfaces/lib/libinterfaces__rosidl_generator_py.so
[2.291s] -- Up-to-date: /home/pidog/pidog-ros2/install/interfaces/share/interfaces/action/Movement.idl
[2.291s] -- Up-to-date: /home/pidog/pidog-ros2/install/interfaces/share/interfaces/srv/ComponentStatus.idl
[2.291s] -- Up-to-date: /home/pidog/pidog-ros2/install/interfaces/share/interfaces/action/Movement.action
[2.291s] -- Up-to-date: /home/pidog/pidog-ros2/install/interfaces/share/interfaces/srv/ComponentStatus.srv
[2.291s] -- Up-to-date: /home/pidog/pidog-ros2/install/interfaces/share/interfaces/srv/ComponentStatus_Request.msg
[2.292s] -- Up-to-date: /home/pidog/pidog-ros2/install/interfaces/share/interfaces/srv/ComponentStatus_Response.msg
[2.292s] -- Up-to-date: /home/pidog/pidog-ros2/install/interfaces/share/ament_index/resource_index/package_run_dependencies/interfaces
[2.292s] -- Up-to-date: /home/pidog/pidog-ros2/install/interfaces/share/ament_index/resource_index/parent_prefix_path/interfaces
[2.292s] -- Up-to-date: /home/pidog/pidog-ros2/install/interfaces/share/interfaces/environment/ament_prefix_path.sh
[2.292s] -- Up-to-date: /home/pidog/pidog-ros2/install/interfaces/share/interfaces/environment/ament_prefix_path.dsv
[2.293s] -- Up-to-date: /home/pidog/pidog-ros2/install/interfaces/share/interfaces/environment/path.sh
[2.293s] -- Up-to-date: /home/pidog/pidog-ros2/install/interfaces/share/interfaces/environment/path.dsv
[2.294s] -- Up-to-date: /home/pidog/pidog-ros2/install/interfaces/share/interfaces/local_setup.bash
[2.294s] -- Up-to-date: /home/pidog/pidog-ros2/install/interfaces/share/interfaces/local_setup.sh
[2.294s] -- Up-to-date: /home/pidog/pidog-ros2/install/interfaces/share/interfaces/local_setup.zsh
[2.294s] -- Up-to-date: /home/pidog/pidog-ros2/install/interfaces/share/interfaces/local_setup.dsv
[2.294s] -- Installing: /home/pidog/pidog-ros2/install/interfaces/share/interfaces/package.dsv
[2.294s] -- Up-to-date: /home/pidog/pidog-ros2/install/interfaces/share/ament_index/resource_index/packages/interfaces
[2.295s] -- Up-to-date: /home/pidog/pidog-ros2/install/interfaces/share/interfaces/cmake/export_interfaces__rosidl_generator_cExport.cmake
[2.295s] -- Up-to-date: /home/pidog/pidog-ros2/install/interfaces/share/interfaces/cmake/export_interfaces__rosidl_generator_cExport-noconfig.cmake
[2.295s] -- Up-to-date: /home/pidog/pidog-ros2/install/interfaces/share/interfaces/cmake/export_interfaces__rosidl_typesupport_fastrtps_cExport.cmake
[2.295s] -- Up-to-date: /home/pidog/pidog-ros2/install/interfaces/share/interfaces/cmake/export_interfaces__rosidl_typesupport_fastrtps_cExport-noconfig.cmake
[2.295s] -- Up-to-date: /home/pidog/pidog-ros2/install/interfaces/share/interfaces/cmake/interfaces__rosidl_typesupport_introspection_cExport.cmake
[2.296s] -- Up-to-date: /home/pidog/pidog-ros2/install/interfaces/share/interfaces/cmake/interfaces__rosidl_typesupport_introspection_cExport-noconfig.cmake
[2.296s] -- Up-to-date: /home/pidog/pidog-ros2/install/interfaces/share/interfaces/cmake/interfaces__rosidl_typesupport_cExport.cmake
[2.296s] -- Up-to-date: /home/pidog/pidog-ros2/install/interfaces/share/interfaces/cmake/interfaces__rosidl_typesupport_cExport-noconfig.cmake
[2.296s] -- Up-to-date: /home/pidog/pidog-ros2/install/interfaces/share/interfaces/cmake/export_interfaces__rosidl_generator_cppExport.cmake
[2.296s] -- Up-to-date: /home/pidog/pidog-ros2/install/interfaces/share/interfaces/cmake/export_interfaces__rosidl_typesupport_fastrtps_cppExport.cmake
[2.296s] -- Up-to-date: /home/pidog/pidog-ros2/install/interfaces/share/interfaces/cmake/export_interfaces__rosidl_typesupport_fastrtps_cppExport-noconfig.cmake
[2.297s] -- Up-to-date: /home/pidog/pidog-ros2/install/interfaces/share/interfaces/cmake/interfaces__rosidl_typesupport_introspection_cppExport.cmake
[2.298s] -- Up-to-date: /home/pidog/pidog-ros2/install/interfaces/share/interfaces/cmake/interfaces__rosidl_typesupport_introspection_cppExport-noconfig.cmake
[2.299s] -- Up-to-date: /home/pidog/pidog-ros2/install/interfaces/share/interfaces/cmake/interfaces__rosidl_typesupport_cppExport.cmake
[2.300s] -- Up-to-date: /home/pidog/pidog-ros2/install/interfaces/share/interfaces/cmake/interfaces__rosidl_typesupport_cppExport-noconfig.cmake
[2.304s] -- Up-to-date: /home/pidog/pidog-ros2/install/interfaces/share/interfaces/cmake/export_interfaces__rosidl_generator_pyExport.cmake
[2.304s] -- Up-to-date: /home/pidog/pidog-ros2/install/interfaces/share/interfaces/cmake/export_interfaces__rosidl_generator_pyExport-noconfig.cmake
[2.304s] -- Up-to-date: /home/pidog/pidog-ros2/install/interfaces/share/interfaces/cmake/rosidl_cmake-extras.cmake
[2.304s] -- Up-to-date: /home/pidog/pidog-ros2/install/interfaces/share/interfaces/cmake/ament_cmake_export_dependencies-extras.cmake
[2.304s] -- Up-to-date: /home/pidog/pidog-ros2/install/interfaces/share/interfaces/cmake/ament_cmake_export_include_directories-extras.cmake
[2.304s] -- Up-to-date: /home/pidog/pidog-ros2/install/interfaces/share/interfaces/cmake/ament_cmake_export_libraries-extras.cmake
[2.304s] -- Up-to-date: /home/pidog/pidog-ros2/install/interfaces/share/interfaces/cmake/ament_cmake_export_targets-extras.cmake
[2.304s] -- Up-to-date: /home/pidog/pidog-ros2/install/interfaces/share/interfaces/cmake/rosidl_cmake_export_typesupport_targets-extras.cmake
[2.304s] -- Up-to-date: /home/pidog/pidog-ros2/install/interfaces/share/interfaces/cmake/rosidl_cmake_export_typesupport_libraries-extras.cmake
[2.304s] -- Up-to-date: /home/pidog/pidog-ros2/install/interfaces/share/interfaces/cmake/interfacesConfig.cmake
[2.305s] -- Up-to-date: /home/pidog/pidog-ros2/install/interfaces/share/interfaces/cmake/interfacesConfig-version.cmake
[2.305s] -- Up-to-date: /home/pidog/pidog-ros2/install/interfaces/share/interfaces/package.xml
[2.341s] Invoked command in '/home/pidog/pidog-ros2/build/interfaces' returned '0': CMAKE_PREFIX_PATH=/opt/ros/humble /usr/bin/cmake --install /home/pidog/pidog-ros2/build/interfaces
