[1.494s] Invoking command in '/home/pidog/pidog-ros2/src/legs': AMENT_PREFIX_PATH=/home/pidog/pidog-ros2/install/interfaces:${AMENT_PREFIX_PATH} CMAKE_PREFIX_PATH=/home/pidog/pidog-ros2/install/interfaces LD_LIBRARY_PATH=/home/pidog/pidog-ros2/install/interfaces/lib:${LD_LIBRARY_PATH} PYTHONPATH=/home/pidog/pidog-ros2/build/legs/prefix_override:/home/pidog/pidog-ros2/install/legs/lib/python3.10/site-packages:/home/pidog/pidog-ros2/install/interfaces/local/lib/python3.10/dist-packages:${PYTHONPATH} /usr/bin/python3 setup.py egg_info --egg-base ../../build/legs build --build-base /home/pidog/pidog-ros2/build/legs/build install --record /home/pidog/pidog-ros2/build/legs/install.log --single-version-externally-managed
[1.893s] running egg_info
[1.894s] writing ../../build/legs/legs.egg-info/PKG-INFO
[1.895s] writing dependency_links to ../../build/legs/legs.egg-info/dependency_links.txt
[1.896s] writing entry points to ../../build/legs/legs.egg-info/entry_points.txt
[1.897s] writing requirements to ../../build/legs/legs.egg-info/requires.txt
[1.898s] writing top-level names to ../../build/legs/legs.egg-info/top_level.txt
[1.904s] reading manifest file '../../build/legs/legs.egg-info/SOURCES.txt'
[1.906s] writing manifest file '../../build/legs/legs.egg-info/SOURCES.txt'
[1.906s] running build
[1.906s] running build_py
[1.907s] running install
[1.908s] /usr/lib/python3/dist-packages/setuptools/command/install.py:34: SetuptoolsDeprecationWarning: setup.py install is deprecated. Use build and pip and other standards-based tools.
[1.908s]   warnings.warn(
[1.908s] running install_lib
[1.913s] running install_data
[1.914s] running install_egg_info
[1.916s] removing '/home/pidog/pidog-ros2/install/legs/lib/python3.10/site-packages/legs-0.0.1-py3.10.egg-info' (and everything under it)
[1.920s] Copying ../../build/legs/legs.egg-info to /home/pidog/pidog-ros2/install/legs/lib/python3.10/site-packages/legs-0.0.1-py3.10.egg-info
[1.922s] running install_scripts
[1.950s] Installing legs_client script to /home/pidog/pidog-ros2/install/legs/lib/legs
[1.951s] Installing legs_server script to /home/pidog/pidog-ros2/install/legs/lib/legs
[1.952s] writing list of installed files to '/home/pidog/pidog-ros2/build/legs/install.log'
[2.003s] Invoked command in '/home/pidog/pidog-ros2/src/legs' returned '0': AMENT_PREFIX_PATH=/home/pidog/pidog-ros2/install/interfaces:${AMENT_PREFIX_PATH} CMAKE_PREFIX_PATH=/home/pidog/pidog-ros2/install/interfaces LD_LIBRARY_PATH=/home/pidog/pidog-ros2/install/interfaces/lib:${LD_LIBRARY_PATH} PYTHONPATH=/home/pidog/pidog-ros2/build/legs/prefix_override:/home/pidog/pidog-ros2/install/legs/lib/python3.10/site-packages:/home/pidog/pidog-ros2/install/interfaces/local/lib/python3.10/dist-packages:${PYTHONPATH} /usr/bin/python3 setup.py egg_info --egg-base ../../build/legs build --build-base /home/pidog/pidog-ros2/build/legs/build install --record /home/pidog/pidog-ros2/build/legs/install.log --single-version-externally-managed
