[1.099s] Invoking command in '/home/pidog/pidog-ros2/src/vision': PYTHONPATH=/home/pidog/pidog-ros2/build/vision/prefix_override:/home/pidog/pidog-ros2/install/vision/lib/python3.10/site-packages:${PYTHONPATH} /usr/bin/python3 setup.py egg_info --egg-base ../../build/vision build --build-base /home/pidog/pidog-ros2/build/vision/build install --record /home/pidog/pidog-ros2/build/vision/install.log --single-version-externally-managed
[1.520s] running egg_info
[1.521s] writing ../../build/vision/vision.egg-info/PKG-INFO
[1.523s] writing dependency_links to ../../build/vision/vision.egg-info/dependency_links.txt
[1.523s] writing entry points to ../../build/vision/vision.egg-info/entry_points.txt
[1.524s] writing requirements to ../../build/vision/vision.egg-info/requires.txt
[1.526s] writing top-level names to ../../build/vision/vision.egg-info/top_level.txt
[1.530s] reading manifest file '../../build/vision/vision.egg-info/SOURCES.txt'
[1.532s] writing manifest file '../../build/vision/vision.egg-info/SOURCES.txt'
[1.533s] running build
[1.533s] running build_py
[1.534s] running install
[1.534s] /usr/lib/python3/dist-packages/setuptools/command/install.py:34: SetuptoolsDeprecationWarning: setup.py install is deprecated. Use build and pip and other standards-based tools.
[1.534s]   warnings.warn(
[1.537s] running install_lib
[1.541s] running install_data
[1.543s] running install_egg_info
[1.548s] removing '/home/pidog/pidog-ros2/install/vision/lib/python3.10/site-packages/vision-0.0.1-py3.10.egg-info' (and everything under it)
[1.549s] Copying ../../build/vision/vision.egg-info to /home/pidog/pidog-ros2/install/vision/lib/python3.10/site-packages/vision-0.0.1-py3.10.egg-info
[1.552s] running install_scripts
[1.589s] Installing vision script to /home/pidog/pidog-ros2/install/vision/lib/vision
[1.590s] writing list of installed files to '/home/pidog/pidog-ros2/build/vision/install.log'
[1.633s] Invoked command in '/home/pidog/pidog-ros2/src/vision' returned '0': PYTHONPATH=/home/pidog/pidog-ros2/build/vision/prefix_override:/home/pidog/pidog-ros2/install/vision/lib/python3.10/site-packages:${PYTHONPATH} /usr/bin/python3 setup.py egg_info --egg-base ../../build/vision build --build-base /home/pidog/pidog-ros2/build/vision/build install --record /home/pidog/pidog-ros2/build/vision/install.log --single-version-externally-managed
