[2.722s] Invoking command in '/home/pidog/pidog-ros2/src/legs': AMENT_PREFIX_PATH=/home/pidog/pidog-ros2/install/interfaces:${AMENT_PREFIX_PATH} CMAKE_PREFIX_PATH=/home/pidog/pidog-ros2/install/interfaces LD_LIBRARY_PATH=/home/pidog/pidog-ros2/install/interfaces/lib:${LD_LIBRARY_PATH} PYTHONPATH=/home/pidog/pidog-ros2/build/legs/prefix_override:/home/pidog/pidog-ros2/install/legs/lib/python3.10/site-packages:/home/pidog/pidog-ros2/install/interfaces/local/lib/python3.10/dist-packages:${PYTHONPATH} /usr/bin/python3 setup.py egg_info --egg-base ../../build/legs build --build-base /home/pidog/pidog-ros2/build/legs/build install --record /home/pidog/pidog-ros2/build/legs/install.log --single-version-externally-managed
[3.721s] running egg_info
[3.723s] writing ../../build/legs/legs.egg-info/PKG-INFO
[3.725s] writing dependency_links to ../../build/legs/legs.egg-info/dependency_links.txt
[3.725s] writing entry points to ../../build/legs/legs.egg-info/entry_points.txt
[3.725s] writing requirements to ../../build/legs/legs.egg-info/requires.txt
[3.725s] writing top-level names to ../../build/legs/legs.egg-info/top_level.txt
[3.735s] reading manifest file '../../build/legs/legs.egg-info/SOURCES.txt'
[3.740s] writing manifest file '../../build/legs/legs.egg-info/SOURCES.txt'
[3.741s] running build
[3.741s] running build_py
[3.751s] copying legs/legs_node.py -> /home/pidog/pidog-ros2/build/legs/build/lib/legs
[3.751s] running install
[3.751s] running install_lib
[3.753s] copying /home/pidog/pidog-ros2/build/legs/build/lib/legs/legs_node.py -> /home/pidog/pidog-ros2/install/legs/lib/python3.10/site-packages/legs
[3.753s] byte-compiling /home/pidog/pidog-ros2/install/legs/lib/python3.10/site-packages/legs/legs_node.py to legs_node.cpython-310.pyc
[3.754s] /usr/lib/python3/dist-packages/setuptools/command/install.py:34: SetuptoolsDeprecationWarning: setup.py install is deprecated. Use build and pip and other standards-based tools.
[3.754s]   warnings.warn(
[3.754s] running install_data
[3.754s] running install_egg_info
[3.758s] removing '/home/pidog/pidog-ros2/install/legs/lib/python3.10/site-packages/legs-0.0.1-py3.10.egg-info' (and everything under it)
[3.759s] Copying ../../build/legs/legs.egg-info to /home/pidog/pidog-ros2/install/legs/lib/python3.10/site-packages/legs-0.0.1-py3.10.egg-info
[3.774s] running install_scripts
[3.826s] Installing legs script to /home/pidog/pidog-ros2/install/legs/lib/legs
[3.827s] writing list of installed files to '/home/pidog/pidog-ros2/build/legs/install.log'
[3.926s] Invoked command in '/home/pidog/pidog-ros2/src/legs' returned '0': AMENT_PREFIX_PATH=/home/pidog/pidog-ros2/install/interfaces:${AMENT_PREFIX_PATH} CMAKE_PREFIX_PATH=/home/pidog/pidog-ros2/install/interfaces LD_LIBRARY_PATH=/home/pidog/pidog-ros2/install/interfaces/lib:${LD_LIBRARY_PATH} PYTHONPATH=/home/pidog/pidog-ros2/build/legs/prefix_override:/home/pidog/pidog-ros2/install/legs/lib/python3.10/site-packages:/home/pidog/pidog-ros2/install/interfaces/local/lib/python3.10/dist-packages:${PYTHONPATH} /usr/bin/python3 setup.py egg_info --egg-base ../../build/legs build --build-base /home/pidog/pidog-ros2/build/legs/build install --record /home/pidog/pidog-ros2/build/legs/install.log --single-version-externally-managed
