running egg_info
/usr/lib/python3/dist-packages/setuptools/command/install.py:34: SetuptoolsDeprecationWarning: setup.py install is deprecated. Use build and pip and other standards-based tools.
  warnings.warn(
writing ../../build/brain/brain.egg-info/PKG-INFO
writing dependency_links to ../../build/brain/brain.egg-info/dependency_links.txt
writing entry points to ../../build/brain/brain.egg-info/entry_points.txt
writing requirements to ../../build/brain/brain.egg-info/requires.txt
writing top-level names to ../../build/brain/brain.egg-info/top_level.txt
reading manifest file '../../build/brain/brain.egg-info/SOURCES.txt'
writing manifest file '../../build/brain/brain.egg-info/SOURCES.txt'
running build
running build_py
running install
running install_lib
running install_data
running install_egg_info
removing '/home/pidog/pidog-ros2/install/brain/lib/python3.10/site-packages/brain-0.0.0-py3.10.egg-info' (and everything under it)
Copying ../../build/brain/brain.egg-info to /home/pidog/pidog-ros2/install/brain/lib/python3.10/site-packages/brain-0.0.0-py3.10.egg-info
running install_scripts
Installing brain script to /home/pidog/pidog-ros2/install/brain/lib/brain
writing list of installed files to '/home/pidog/pidog-ros2/build/brain/install.log'
