[3.165s] Invoking command in '/home/pidog/pidog-ros2/src/brain': PYTHONPATH=/home/pidog/pidog-ros2/build/brain/prefix_override:/home/pidog/pidog-ros2/install/brain/lib/python3.10/site-packages:${PYTHONPATH} /usr/bin/python3 setup.py egg_info --egg-base ../../build/brain build --build-base /home/pidog/pidog-ros2/build/brain/build install --record /home/pidog/pidog-ros2/build/brain/install.log --single-version-externally-managed
[3.968s] running egg_info
[3.987s] /usr/lib/python3/dist-packages/setuptools/command/install.py:34: SetuptoolsDeprecationWarning: setup.py install is deprecated. Use build and pip and other standards-based tools.
[3.988s]   warnings.warn(
[3.988s] writing ../../build/brain/brain.egg-info/PKG-INFO
[3.988s] writing dependency_links to ../../build/brain/brain.egg-info/dependency_links.txt
[3.988s] writing entry points to ../../build/brain/brain.egg-info/entry_points.txt
[3.988s] writing requirements to ../../build/brain/brain.egg-info/requires.txt
[3.988s] writing top-level names to ../../build/brain/brain.egg-info/top_level.txt
[3.989s] reading manifest file '../../build/brain/brain.egg-info/SOURCES.txt'
[3.989s] writing manifest file '../../build/brain/brain.egg-info/SOURCES.txt'
[3.989s] running build
[3.989s] running build_py
[3.990s] running install
[4.002s] running install_lib
[4.002s] running install_data
[4.003s] running install_egg_info
[4.003s] removing '/home/pidog/pidog-ros2/install/brain/lib/python3.10/site-packages/brain-0.0.0-py3.10.egg-info' (and everything under it)
[4.003s] Copying ../../build/brain/brain.egg-info to /home/pidog/pidog-ros2/install/brain/lib/python3.10/site-packages/brain-0.0.0-py3.10.egg-info
[4.004s] running install_scripts
[4.071s] Installing brain script to /home/pidog/pidog-ros2/install/brain/lib/brain
[4.072s] writing list of installed files to '/home/pidog/pidog-ros2/build/brain/install.log'
[4.163s] Invoked command in '/home/pidog/pidog-ros2/src/brain' returned '0': PYTHONPATH=/home/pidog/pidog-ros2/build/brain/prefix_override:/home/pidog/pidog-ros2/install/brain/lib/python3.10/site-packages:${PYTHONPATH} /usr/bin/python3 setup.py egg_info --egg-base ../../build/brain build --build-base /home/pidog/pidog-ros2/build/brain/build install --record /home/pidog/pidog-ros2/build/brain/install.log --single-version-externally-managed
