running egg_info
creating ../../build/legs/legs.egg-info
writing ../../build/legs/legs.egg-info/PKG-INFO
writing dependency_links to ../../build/legs/legs.egg-info/dependency_links.txt
writing entry points to ../../build/legs/legs.egg-info/entry_points.txt
writing requirements to ../../build/legs/legs.egg-info/requires.txt
writing top-level names to ../../build/legs/legs.egg-info/top_level.txt
writing manifest file '../../build/legs/legs.egg-info/SOURCES.txt'
reading manifest file '../../build/legs/legs.egg-info/SOURCES.txt'
writing manifest file '../../build/legs/legs.egg-info/SOURCES.txt'
running build
running build_py
creating /home/pidog/pidog-ros2/build/legs/build
creating /home/pidog/pidog-ros2/build/legs/build/lib
creating /home/pidog/pidog-ros2/build/legs/build/lib/legs
copying legs/__init__.py -> /home/pidog/pidog-ros2/build/legs/build/lib/legs
copying legs/legs_node.py -> /home/pidog/pidog-ros2/build/legs/build/lib/legs
running install
/usr/lib/python3/dist-packages/setuptools/command/install.py:34: SetuptoolsDeprecationWarning: setup.py install is deprecated. Use build and pip and other standards-based tools.
  warnings.warn(
running install_lib
creating /home/pidog/pidog-ros2/install/legs/lib/python3.10/site-packages/legs
copying /home/pidog/pidog-ros2/build/legs/build/lib/legs/__init__.py -> /home/pidog/pidog-ros2/install/legs/lib/python3.10/site-packages/legs
copying /home/pidog/pidog-ros2/build/legs/build/lib/legs/legs_node.py -> /home/pidog/pidog-ros2/install/legs/lib/python3.10/site-packages/legs
byte-compiling /home/pidog/pidog-ros2/install/legs/lib/python3.10/site-packages/legs/__init__.py to __init__.cpython-310.pyc
byte-compiling /home/pidog/pidog-ros2/install/legs/lib/python3.10/site-packages/legs/legs_node.py to legs_node.cpython-310.pyc
running install_data
creating /home/pidog/pidog-ros2/install/legs/share/ament_index
creating /home/pidog/pidog-ros2/install/legs/share/ament_index/resource_index
creating /home/pidog/pidog-ros2/install/legs/share/ament_index/resource_index/packages
copying resource/legs -> /home/pidog/pidog-ros2/install/legs/share/ament_index/resource_index/packages
copying package.xml -> /home/pidog/pidog-ros2/install/legs/share/legs
running install_egg_info
Copying ../../build/legs/legs.egg-info to /home/pidog/pidog-ros2/install/legs/lib/python3.10/site-packages/legs-0.0.0-py3.10.egg-info
running install_scripts
writing list of installed files to '/home/pidog/pidog-ros2/build/legs/install.log'
