[2.929s] Invoking command in '/home/pidog/pidog-ros2/src/legs': PYTHONPATH=/home/pidog/pidog-ros2/build/legs/prefix_override:/home/pidog/pidog-ros2/install/legs/lib/python3.10/site-packages:${PYTHONPATH} /usr/bin/python3 setup.py egg_info --egg-base ../../build/legs build --build-base /home/pidog/pidog-ros2/build/legs/build install --record /home/pidog/pidog-ros2/build/legs/install.log --single-version-externally-managed
[3.667s] running egg_info
[3.679s] creating ../../build/legs/legs.egg-info
[3.679s] writing ../../build/legs/legs.egg-info/PKG-INFO
[3.679s] writing dependency_links to ../../build/legs/legs.egg-info/dependency_links.txt
[3.680s] writing entry points to ../../build/legs/legs.egg-info/entry_points.txt
[3.680s] writing requirements to ../../build/legs/legs.egg-info/requires.txt
[3.680s] writing top-level names to ../../build/legs/legs.egg-info/top_level.txt
[3.680s] writing manifest file '../../build/legs/legs.egg-info/SOURCES.txt'
[3.680s] reading manifest file '../../build/legs/legs.egg-info/SOURCES.txt'
[3.687s] writing manifest file '../../build/legs/legs.egg-info/SOURCES.txt'
[3.693s] running build
[3.694s] running build_py
[3.694s] creating /home/pidog/pidog-ros2/build/legs/build
[3.694s] creating /home/pidog/pidog-ros2/build/legs/build/lib
[3.694s] creating /home/pidog/pidog-ros2/build/legs/build/lib/legs
[3.697s] copying legs/__init__.py -> /home/pidog/pidog-ros2/build/legs/build/lib/legs
[3.698s] copying legs/legs_node.py -> /home/pidog/pidog-ros2/build/legs/build/lib/legs
[3.699s] running install
[3.701s] /usr/lib/python3/dist-packages/setuptools/command/install.py:34: SetuptoolsDeprecationWarning: setup.py install is deprecated. Use build and pip and other standards-based tools.
[3.701s]   warnings.warn(
[3.702s] running install_lib
[3.702s] creating /home/pidog/pidog-ros2/install/legs/lib/python3.10/site-packages/legs
[3.702s] copying /home/pidog/pidog-ros2/build/legs/build/lib/legs/__init__.py -> /home/pidog/pidog-ros2/install/legs/lib/python3.10/site-packages/legs
[3.703s] copying /home/pidog/pidog-ros2/build/legs/build/lib/legs/legs_node.py -> /home/pidog/pidog-ros2/install/legs/lib/python3.10/site-packages/legs
[3.703s] byte-compiling /home/pidog/pidog-ros2/install/legs/lib/python3.10/site-packages/legs/__init__.py to __init__.cpython-310.pyc
[3.717s] byte-compiling /home/pidog/pidog-ros2/install/legs/lib/python3.10/site-packages/legs/legs_node.py to legs_node.cpython-310.pyc
[3.717s] running install_data
[3.717s] creating /home/pidog/pidog-ros2/install/legs/share/ament_index
[3.717s] creating /home/pidog/pidog-ros2/install/legs/share/ament_index/resource_index
[3.717s] creating /home/pidog/pidog-ros2/install/legs/share/ament_index/resource_index/packages
[3.718s] copying resource/legs -> /home/pidog/pidog-ros2/install/legs/share/ament_index/resource_index/packages
[3.718s] copying package.xml -> /home/pidog/pidog-ros2/install/legs/share/legs
[3.718s] running install_egg_info
[3.718s] Copying ../../build/legs/legs.egg-info to /home/pidog/pidog-ros2/install/legs/lib/python3.10/site-packages/legs-0.0.0-py3.10.egg-info
[3.718s] running install_scripts
[3.777s] writing list of installed files to '/home/pidog/pidog-ros2/build/legs/install.log'
[3.893s] Invoked command in '/home/pidog/pidog-ros2/src/legs' returned '0': PYTHONPATH=/home/pidog/pidog-ros2/build/legs/prefix_override:/home/pidog/pidog-ros2/install/legs/lib/python3.10/site-packages:${PYTHONPATH} /usr/bin/python3 setup.py egg_info --egg-base ../../build/legs build --build-base /home/pidog/pidog-ros2/build/legs/build install --record /home/pidog/pidog-ros2/build/legs/install.log --single-version-externally-managed
