[2.898s] Invoking command in '/home/pidog/pidog-ros2/src/brain': PYTHONPATH=/home/pidog/pidog-ros2/build/brain/prefix_override:/home/pidog/pidog-ros2/install/brain/lib/python3.10/site-packages:${PYTHONPATH} /usr/bin/python3 setup.py egg_info --egg-base ../../build/brain build --build-base /home/pidog/pidog-ros2/build/brain/build install --record /home/pidog/pidog-ros2/build/brain/install.log --single-version-externally-managed
[3.667s] running egg_info
[3.684s] creating ../../build/brain/brain.egg-info
[3.685s] writing ../../build/brain/brain.egg-info/PKG-INFO
[3.685s] writing dependency_links to ../../build/brain/brain.egg-info/dependency_links.txt
[3.686s] writing entry points to ../../build/brain/brain.egg-info/entry_points.txt
[3.686s] writing requirements to ../../build/brain/brain.egg-info/requires.txt
[3.687s] writing top-level names to ../../build/brain/brain.egg-info/top_level.txt
[3.687s] writing manifest file '../../build/brain/brain.egg-info/SOURCES.txt'
[3.687s] /usr/lib/python3/dist-packages/setuptools/command/install.py:34: SetuptoolsDeprecationWarning: setup.py install is deprecated. Use build and pip and other standards-based tools.
[3.687s]   warnings.warn(
[3.687s] reading manifest file '../../build/brain/brain.egg-info/SOURCES.txt'
[3.687s] writing manifest file '../../build/brain/brain.egg-info/SOURCES.txt'
[3.688s] running build
[3.688s] running build_py
[3.688s] creating /home/pidog/pidog-ros2/build/brain/build
[3.688s] creating /home/pidog/pidog-ros2/build/brain/build/lib
[3.688s] creating /home/pidog/pidog-ros2/build/brain/build/lib/brain
[3.688s] copying brain/brain_node.py -> /home/pidog/pidog-ros2/build/brain/build/lib/brain
[3.689s] copying brain/__init__.py -> /home/pidog/pidog-ros2/build/brain/build/lib/brain
[3.689s] running install
[3.689s] running install_lib
[3.693s] creating /home/pidog/pidog-ros2/install/brain/lib/python3.10/site-packages/brain
[3.693s] copying /home/pidog/pidog-ros2/build/brain/build/lib/brain/brain_node.py -> /home/pidog/pidog-ros2/install/brain/lib/python3.10/site-packages/brain
[3.693s] copying /home/pidog/pidog-ros2/build/brain/build/lib/brain/__init__.py -> /home/pidog/pidog-ros2/install/brain/lib/python3.10/site-packages/brain
[3.693s] byte-compiling /home/pidog/pidog-ros2/install/brain/lib/python3.10/site-packages/brain/brain_node.py to brain_node.cpython-310.pyc
[3.693s] byte-compiling /home/pidog/pidog-ros2/install/brain/lib/python3.10/site-packages/brain/__init__.py to __init__.cpython-310.pyc
[3.694s] running install_data
[3.699s] creating /home/pidog/pidog-ros2/install/brain/share/ament_index
[3.699s] creating /home/pidog/pidog-ros2/install/brain/share/ament_index/resource_index
[3.699s] creating /home/pidog/pidog-ros2/install/brain/share/ament_index/resource_index/packages
[3.699s] copying resource/brain -> /home/pidog/pidog-ros2/install/brain/share/ament_index/resource_index/packages
[3.700s] copying package.xml -> /home/pidog/pidog-ros2/install/brain/share/brain
[3.700s] running install_egg_info
[3.702s] Copying ../../build/brain/brain.egg-info to /home/pidog/pidog-ros2/install/brain/lib/python3.10/site-packages/brain-0.0.0-py3.10.egg-info
[3.703s] running install_scripts
[3.747s] Installing brain script to /home/pidog/pidog-ros2/install/brain/lib/brain
[3.749s] writing list of installed files to '/home/pidog/pidog-ros2/build/brain/install.log'
[3.826s] Invoked command in '/home/pidog/pidog-ros2/src/brain' returned '0': PYTHONPATH=/home/pidog/pidog-ros2/build/brain/prefix_override:/home/pidog/pidog-ros2/install/brain/lib/python3.10/site-packages:${PYTHONPATH} /usr/bin/python3 setup.py egg_info --egg-base ../../build/brain build --build-base /home/pidog/pidog-ros2/build/brain/build install --record /home/pidog/pidog-ros2/build/brain/install.log --single-version-externally-managed
