[2.665s] Invoking command in '/home/pidog/pidog-ros2/src/vision': PYTHONPATH=/home/pidog/pidog-ros2/build/vision/prefix_override:/home/pidog/pidog-ros2/install/vision/lib/python3.10/site-packages:${PYTHONPATH} /usr/bin/python3 setup.py egg_info --egg-base ../../build/vision build --build-base /home/pidog/pidog-ros2/build/vision/build install --record /home/pidog/pidog-ros2/build/vision/install.log --single-version-externally-managed
[3.335s] running egg_info
[3.335s] writing ../../build/vision/vision.egg-info/PKG-INFO
[3.336s] writing dependency_links to ../../build/vision/vision.egg-info/dependency_links.txt
[3.337s] writing entry points to ../../build/vision/vision.egg-info/entry_points.txt
[3.337s] writing requirements to ../../build/vision/vision.egg-info/requires.txt
[3.337s] writing top-level names to ../../build/vision/vision.egg-info/top_level.txt
[3.340s] reading manifest file '../../build/vision/vision.egg-info/SOURCES.txt'
[3.343s] writing manifest file '../../build/vision/vision.egg-info/SOURCES.txt'
[3.344s] running build
[3.345s] running build_py
[3.345s] /usr/lib/python3/dist-packages/setuptools/command/install.py:34: SetuptoolsDeprecationWarning: setup.py install is deprecated. Use build and pip and other standards-based tools.
[3.346s]   warnings.warn(
[3.346s] running install
[3.347s] running install_lib
[3.349s] running install_data
[3.351s] running install_egg_info
[3.357s] removing '/home/pidog/pidog-ros2/install/vision/lib/python3.10/site-packages/vision-0.0.1-py3.10.egg-info' (and everything under it)
[3.357s] Copying ../../build/vision/vision.egg-info to /home/pidog/pidog-ros2/install/vision/lib/python3.10/site-packages/vision-0.0.1-py3.10.egg-info
[3.357s] running install_scripts
[3.399s] Installing vision script to /home/pidog/pidog-ros2/install/vision/lib/vision
[3.401s] writing list of installed files to '/home/pidog/pidog-ros2/build/vision/install.log'
[3.610s] Invoked command in '/home/pidog/pidog-ros2/src/vision' returned '0': PYTHONPATH=/home/pidog/pidog-ros2/build/vision/prefix_override:/home/pidog/pidog-ros2/install/vision/lib/python3.10/site-packages:${PYTHONPATH} /usr/bin/python3 setup.py egg_info --egg-base ../../build/vision build --build-base /home/pidog/pidog-ros2/build/vision/build install --record /home/pidog/pidog-ros2/build/vision/install.log --single-version-externally-managed
