[3.380s] Invoking command in '/home/pidog/pidog-ros2/src/vision': PYTHONPATH=/home/pidog/pidog-ros2/build/vision/prefix_override:/home/pidog/pidog-ros2/install/vision/lib/python3.10/site-packages:${PYTHONPATH} /usr/bin/python3 setup.py egg_info --egg-base ../../build/vision build --build-base /home/pidog/pidog-ros2/build/vision/build install --record /home/pidog/pidog-ros2/build/vision/install.log --single-version-externally-managed
[4.018s] running egg_info
[4.021s] writing ../../build/vision/vision.egg-info/PKG-INFO
[4.027s] writing dependency_links to ../../build/vision/vision.egg-info/dependency_links.txt
[4.037s] writing entry points to ../../build/vision/vision.egg-info/entry_points.txt
[4.038s] writing requirements to ../../build/vision/vision.egg-info/requires.txt
[4.038s] writing top-level names to ../../build/vision/vision.egg-info/top_level.txt
[4.040s] reading manifest file '../../build/vision/vision.egg-info/SOURCES.txt'
[4.045s] writing manifest file '../../build/vision/vision.egg-info/SOURCES.txt'
[4.045s] running build
[4.045s] running build_py
[4.056s] running install
[4.061s] /usr/lib/python3/dist-packages/setuptools/command/install.py:34: SetuptoolsDeprecationWarning: setup.py install is deprecated. Use build and pip and other standards-based tools.
[4.061s]   warnings.warn(
[4.061s] running install_lib
[4.068s] running install_data
[4.070s] running install_egg_info
[4.073s] removing '/home/pidog/pidog-ros2/install/vision/lib/python3.10/site-packages/vision-0.0.1-py3.10.egg-info' (and everything under it)
[4.074s] Copying ../../build/vision/vision.egg-info to /home/pidog/pidog-ros2/install/vision/lib/python3.10/site-packages/vision-0.0.1-py3.10.egg-info
[4.080s] running install_scripts
[4.135s] Installing vision script to /home/pidog/pidog-ros2/install/vision/lib/vision
[4.141s] writing list of installed files to '/home/pidog/pidog-ros2/build/vision/install.log'
[4.332s] Invoked command in '/home/pidog/pidog-ros2/src/vision' returned '0': PYTHONPATH=/home/pidog/pidog-ros2/build/vision/prefix_override:/home/pidog/pidog-ros2/install/vision/lib/python3.10/site-packages:${PYTHONPATH} /usr/bin/python3 setup.py egg_info --egg-base ../../build/vision build --build-base /home/pidog/pidog-ros2/build/vision/build install --record /home/pidog/pidog-ros2/build/vision/install.log --single-version-externally-managed
