[4.723s] Invoking command in '/home/pidog/pidog-ros2/src/vision': PYTHONPATH=/home/pidog/pidog-ros2/build/vision/prefix_override:/home/pidog/pidog-ros2/install/vision/lib/python3.10/site-packages:${PYTHONPATH} /usr/bin/python3 setup.py egg_info --egg-base ../../build/vision build --build-base /home/pidog/pidog-ros2/build/vision/build install --record /home/pidog/pidog-ros2/build/vision/install.log --single-version-externally-managed
[6.114s] running egg_info
[6.115s] writing ../../build/vision/vision.egg-info/PKG-INFO
[6.117s] writing dependency_links to ../../build/vision/vision.egg-info/dependency_links.txt
[6.119s] writing entry points to ../../build/vision/vision.egg-info/entry_points.txt
[6.120s] writing requirements to ../../build/vision/vision.egg-info/requires.txt
[6.121s] writing top-level names to ../../build/vision/vision.egg-info/top_level.txt
[6.124s] reading manifest file '../../build/vision/vision.egg-info/SOURCES.txt'
[6.126s] writing manifest file '../../build/vision/vision.egg-info/SOURCES.txt'
[6.127s] running build
[6.127s] running build_py
[6.131s] running install
[6.131s] running install_lib
[6.131s] /usr/lib/python3/dist-packages/setuptools/command/install.py:34: SetuptoolsDeprecationWarning: setup.py install is deprecated. Use build and pip and other standards-based tools.
[6.131s]   warnings.warn(
[6.132s] running install_data
[6.133s] running install_egg_info
[6.140s] removing '/home/pidog/pidog-ros2/install/vision/lib/python3.10/site-packages/vision-0.0.1-py3.10.egg-info' (and everything under it)
[6.140s] Copying ../../build/vision/vision.egg-info to /home/pidog/pidog-ros2/install/vision/lib/python3.10/site-packages/vision-0.0.1-py3.10.egg-info
[6.140s] running install_scripts
[6.183s] Installing vision script to /home/pidog/pidog-ros2/install/vision/lib/vision
[6.184s] writing list of installed files to '/home/pidog/pidog-ros2/build/vision/install.log'
[6.233s] Invoked command in '/home/pidog/pidog-ros2/src/vision' returned '0': PYTHONPATH=/home/pidog/pidog-ros2/build/vision/prefix_override:/home/pidog/pidog-ros2/install/vision/lib/python3.10/site-packages:${PYTHONPATH} /usr/bin/python3 setup.py egg_info --egg-base ../../build/vision build --build-base /home/pidog/pidog-ros2/build/vision/build install --record /home/pidog/pidog-ros2/build/vision/install.log --single-version-externally-managed
