[3.826s] Invoking command in '/home/pidog/pidog-ros2/src/vision': PYTHONPATH=/home/pidog/pidog-ros2/build/vision/prefix_override:/home/pidog/pidog-ros2/install/vision/lib/python3.10/site-packages:${PYTHONPATH} /usr/bin/python3 setup.py egg_info --egg-base ../../build/vision build --build-base /home/pidog/pidog-ros2/build/vision/build install --record /home/pidog/pidog-ros2/build/vision/install.log --single-version-externally-managed
[4.558s] running egg_info
[4.560s] writing ../../build/vision/vision.egg-info/PKG-INFO
[4.564s] writing dependency_links to ../../build/vision/vision.egg-info/dependency_links.txt
[4.565s] writing entry points to ../../build/vision/vision.egg-info/entry_points.txt
[4.567s] writing requirements to ../../build/vision/vision.egg-info/requires.txt
[4.568s] writing top-level names to ../../build/vision/vision.egg-info/top_level.txt
[4.580s] reading manifest file '../../build/vision/vision.egg-info/SOURCES.txt'
[4.590s] writing manifest file '../../build/vision/vision.egg-info/SOURCES.txt'
[4.590s] running build
[4.591s] running build_py
[4.601s] running install
[4.602s] running install_lib
[4.602s] /usr/lib/python3/dist-packages/setuptools/command/install.py:34: SetuptoolsDeprecationWarning: setup.py install is deprecated. Use build and pip and other standards-based tools.
[4.602s]   warnings.warn(
[4.604s] running install_data
[4.614s] running install_egg_info
[4.616s] removing '/home/pidog/pidog-ros2/install/vision/lib/python3.10/site-packages/vision-0.0.1-py3.10.egg-info' (and everything under it)
[4.620s] Copying ../../build/vision/vision.egg-info to /home/pidog/pidog-ros2/install/vision/lib/python3.10/site-packages/vision-0.0.1-py3.10.egg-info
[4.625s] running install_scripts
[4.679s] Installing vision script to /home/pidog/pidog-ros2/install/vision/lib/vision
[4.682s] writing list of installed files to '/home/pidog/pidog-ros2/build/vision/install.log'
[4.781s] Invoked command in '/home/pidog/pidog-ros2/src/vision' returned '0': PYTHONPATH=/home/pidog/pidog-ros2/build/vision/prefix_override:/home/pidog/pidog-ros2/install/vision/lib/python3.10/site-packages:${PYTHONPATH} /usr/bin/python3 setup.py egg_info --egg-base ../../build/vision build --build-base /home/pidog/pidog-ros2/build/vision/build install --record /home/pidog/pidog-ros2/build/vision/install.log --single-version-externally-managed
