running egg_info
creating ../../build/vision/vision.egg-info
writing ../../build/vision/vision.egg-info/PKG-INFO
writing dependency_links to ../../build/vision/vision.egg-info/dependency_links.txt
writing entry points to ../../build/vision/vision.egg-info/entry_points.txt
writing requirements to ../../build/vision/vision.egg-info/requires.txt
writing top-level names to ../../build/vision/vision.egg-info/top_level.txt
writing manifest file '../../build/vision/vision.egg-info/SOURCES.txt'
reading manifest file '../../build/vision/vision.egg-info/SOURCES.txt'
writing manifest file '../../build/vision/vision.egg-info/SOURCES.txt'
running build
running build_py
creating /home/pidog/pidog-ros2/build/vision/build
creating /home/pidog/pidog-ros2/build/vision/build/lib
creating /home/pidog/pidog-ros2/build/vision/build/lib/vision
copying vision/vision_node.py -> /home/pidog/pidog-ros2/build/vision/build/lib/vision
copying vision/__init__.py -> /home/pidog/pidog-ros2/build/vision/build/lib/vision
/usr/lib/python3/dist-packages/setuptools/command/install.py:34: SetuptoolsDeprecationWarning: setup.py install is deprecated. Use build and pip and other standards-based tools.
  warnings.warn(
running install
running install_lib
creating /home/pidog/pidog-ros2/install/vision/lib/python3.10/site-packages/vision
copying /home/pidog/pidog-ros2/build/vision/build/lib/vision/vision_node.py -> /home/pidog/pidog-ros2/install/vision/lib/python3.10/site-packages/vision
copying /home/pidog/pidog-ros2/build/vision/build/lib/vision/__init__.py -> /home/pidog/pidog-ros2/install/vision/lib/python3.10/site-packages/vision
byte-compiling /home/pidog/pidog-ros2/install/vision/lib/python3.10/site-packages/vision/vision_node.py to vision_node.cpython-310.pyc
byte-compiling /home/pidog/pidog-ros2/install/vision/lib/python3.10/site-packages/vision/__init__.py to __init__.cpython-310.pyc
running install_data
creating /home/pidog/pidog-ros2/install/vision/share/ament_index
creating /home/pidog/pidog-ros2/install/vision/share/ament_index/resource_index
creating /home/pidog/pidog-ros2/install/vision/share/ament_index/resource_index/packages
copying resource/vision -> /home/pidog/pidog-ros2/install/vision/share/ament_index/resource_index/packages
copying package.xml -> /home/pidog/pidog-ros2/install/vision/share/vision
running install_egg_info
Copying ../../build/vision/vision.egg-info to /home/pidog/pidog-ros2/install/vision/lib/python3.10/site-packages/vision-0.0.1-py3.10.egg-info
running install_scripts
Installing vision script to /home/pidog/pidog-ros2/install/vision/lib/vision
writing list of installed files to '/home/pidog/pidog-ros2/build/vision/install.log'
