[2.999s] Invoking command in '/home/pidog/pidog-ros2/src/vision': PYTHONPATH=/home/pidog/pidog-ros2/build/vision/prefix_override:/home/pidog/pidog-ros2/install/vision/lib/python3.10/site-packages:${PYTHONPATH} /usr/bin/python3 setup.py egg_info --egg-base ../../build/vision build --build-base /home/pidog/pidog-ros2/build/vision/build install --record /home/pidog/pidog-ros2/build/vision/install.log --single-version-externally-managed
[3.762s] running egg_info
[3.763s] creating ../../build/vision/vision.egg-info
[3.763s] writing ../../build/vision/vision.egg-info/PKG-INFO
[3.763s] writing dependency_links to ../../build/vision/vision.egg-info/dependency_links.txt
[3.763s] writing entry points to ../../build/vision/vision.egg-info/entry_points.txt
[3.764s] writing requirements to ../../build/vision/vision.egg-info/requires.txt
[3.764s] writing top-level names to ../../build/vision/vision.egg-info/top_level.txt
[3.764s] writing manifest file '../../build/vision/vision.egg-info/SOURCES.txt'
[3.768s] reading manifest file '../../build/vision/vision.egg-info/SOURCES.txt'
[3.773s] writing manifest file '../../build/vision/vision.egg-info/SOURCES.txt'
[3.775s] running build
[3.775s] running build_py
[3.775s] creating /home/pidog/pidog-ros2/build/vision/build
[3.775s] creating /home/pidog/pidog-ros2/build/vision/build/lib
[3.776s] creating /home/pidog/pidog-ros2/build/vision/build/lib/vision
[3.776s] copying vision/vision_node.py -> /home/pidog/pidog-ros2/build/vision/build/lib/vision
[3.778s] copying vision/__init__.py -> /home/pidog/pidog-ros2/build/vision/build/lib/vision
[3.784s] /usr/lib/python3/dist-packages/setuptools/command/install.py:34: SetuptoolsDeprecationWarning: setup.py install is deprecated. Use build and pip and other standards-based tools.
[3.785s]   warnings.warn(
[3.785s] running install
[3.786s] running install_lib
[3.787s] creating /home/pidog/pidog-ros2/install/vision/lib/python3.10/site-packages/vision
[3.787s] copying /home/pidog/pidog-ros2/build/vision/build/lib/vision/vision_node.py -> /home/pidog/pidog-ros2/install/vision/lib/python3.10/site-packages/vision
[3.791s] copying /home/pidog/pidog-ros2/build/vision/build/lib/vision/__init__.py -> /home/pidog/pidog-ros2/install/vision/lib/python3.10/site-packages/vision
[3.794s] byte-compiling /home/pidog/pidog-ros2/install/vision/lib/python3.10/site-packages/vision/vision_node.py to vision_node.cpython-310.pyc
[3.796s] byte-compiling /home/pidog/pidog-ros2/install/vision/lib/python3.10/site-packages/vision/__init__.py to __init__.cpython-310.pyc
[3.797s] running install_data
[3.800s] creating /home/pidog/pidog-ros2/install/vision/share/ament_index
[3.805s] creating /home/pidog/pidog-ros2/install/vision/share/ament_index/resource_index
[3.805s] creating /home/pidog/pidog-ros2/install/vision/share/ament_index/resource_index/packages
[3.809s] copying resource/vision -> /home/pidog/pidog-ros2/install/vision/share/ament_index/resource_index/packages
[3.809s] copying package.xml -> /home/pidog/pidog-ros2/install/vision/share/vision
[3.809s] running install_egg_info
[3.809s] Copying ../../build/vision/vision.egg-info to /home/pidog/pidog-ros2/install/vision/lib/python3.10/site-packages/vision-0.0.1-py3.10.egg-info
[3.810s] running install_scripts
[3.876s] Installing vision script to /home/pidog/pidog-ros2/install/vision/lib/vision
[3.878s] writing list of installed files to '/home/pidog/pidog-ros2/build/vision/install.log'
[3.979s] Invoked command in '/home/pidog/pidog-ros2/src/vision' returned '0': PYTHONPATH=/home/pidog/pidog-ros2/build/vision/prefix_override:/home/pidog/pidog-ros2/install/vision/lib/python3.10/site-packages:${PYTHONPATH} /usr/bin/python3 setup.py egg_info --egg-base ../../build/vision build --build-base /home/pidog/pidog-ros2/build/vision/build install --record /home/pidog/pidog-ros2/build/vision/install.log --single-version-externally-managed
