-- The C compiler identification is GNU 11.3.0
-- The CXX compiler identification is GNU 11.3.0
-- Detecting C compiler ABI info
-- Detecting C compiler ABI info - done
-- Check for working C compiler: /usr/bin/cc - skipped
-- Detecting C compile features
-- Detecting C compile features - done
-- Detecting CXX compiler ABI info
-- Detecting CXX compiler ABI info - done
-- Check for working CXX compiler: /usr/bin/c++ - skipped
-- Detecting CXX compile features
-- Detecting CXX compile features - done
-- Found ament_cmake: 1.3.3 (/opt/ros/humble/share/ament_cmake/cmake)
-- Found Python3: /usr/bin/python3.10 (found version "3.10.6") found components: Interpreter 
-- Found ament_lint_auto: 0.12.5 (/opt/ros/humble/share/ament_lint_auto/cmake)
-- Added test 'lint_cmake' to check CMake code style
-- Added test 'xmllint' to check XML markup files
-- Configuring done
-- Generating done
-- Build files have been written to: /home/pidog/pidog_ws/build/interfaces
-- Install configuration: ""
-- Installing: /home/pidog/pidog_ws/install/interfaces/share/ament_index/resource_index/package_run_dependencies/interfaces
-- Installing: /home/pidog/pidog_ws/install/interfaces/share/ament_index/resource_index/parent_prefix_path/interfaces
-- Installing: /home/pidog/pidog_ws/install/interfaces/share/interfaces/environment/ament_prefix_path.sh
-- Installing: /home/pidog/pidog_ws/install/interfaces/share/interfaces/environment/ament_prefix_path.dsv
-- Installing: /home/pidog/pidog_ws/install/interfaces/share/interfaces/environment/path.sh
-- Installing: /home/pidog/pidog_ws/install/interfaces/share/interfaces/environment/path.dsv
-- Installing: /home/pidog/pidog_ws/install/interfaces/share/interfaces/local_setup.bash
-- Installing: /home/pidog/pidog_ws/install/interfaces/share/interfaces/local_setup.sh
-- Installing: /home/pidog/pidog_ws/install/interfaces/share/interfaces/local_setup.zsh
-- Installing: /home/pidog/pidog_ws/install/interfaces/share/interfaces/local_setup.dsv
-- Installing: /home/pidog/pidog_ws/install/interfaces/share/interfaces/package.dsv
-- Installing: /home/pidog/pidog_ws/install/interfaces/share/ament_index/resource_index/packages/interfaces
-- Installing: /home/pidog/pidog_ws/install/interfaces/share/interfaces/cmake/interfacesConfig.cmake
-- Installing: /home/pidog/pidog_ws/install/interfaces/share/interfaces/cmake/interfacesConfig-version.cmake
-- Installing: /home/pidog/pidog_ws/install/interfaces/share/interfaces/package.xml
