[0.071s] Invoking command in '/home/pidog/pidog_ws/build/interfaces': CMAKE_PREFIX_PATH=/opt/ros/humble /usr/bin/cmake /home/pidog/pidog_ws/src/interfaces -DCMAKE_INSTALL_PREFIX=/home/pidog/pidog_ws/install/interfaces
[0.858s] -- The C compiler identification is GNU 11.3.0
[1.348s] -- The CXX compiler identification is GNU 11.3.0
[1.411s] -- Detecting C compiler ABI info
[1.600s] -- Detecting C compiler ABI info - done
[1.615s] -- Check for working C compiler: /usr/bin/cc - skipped
[1.618s] -- Detecting C compile features
[1.623s] -- Detecting C compile features - done
[1.636s] -- Detecting CXX compiler ABI info
[1.800s] -- Detecting CXX compiler ABI info - done
[1.813s] -- Check for working CXX compiler: /usr/bin/c++ - skipped
[1.814s] -- Detecting CXX compile features
[1.815s] -- Detecting CXX compile features - done
[1.856s] -- Found ament_cmake: 1.3.3 (/opt/ros/humble/share/ament_cmake/cmake)
[2.213s] -- Found Python3: /usr/bin/python3.10 (found version "3.10.6") found components: Interpreter 
[2.604s] -- Found ament_lint_auto: 0.12.5 (/opt/ros/humble/share/ament_lint_auto/cmake)
[2.815s] -- Added test 'lint_cmake' to check CMake code style
[2.823s] -- Added test 'xmllint' to check XML markup files
[2.831s] -- Configuring done
[2.836s] -- Generating done
[2.837s] -- Build files have been written to: /home/pidog/pidog_ws/build/interfaces
[2.848s] Invoked command in '/home/pidog/pidog_ws/build/interfaces' returned '0': CMAKE_PREFIX_PATH=/opt/ros/humble /usr/bin/cmake /home/pidog/pidog_ws/src/interfaces -DCMAKE_INSTALL_PREFIX=/home/pidog/pidog_ws/install/interfaces
[2.850s] Invoking command in '/home/pidog/pidog_ws/build/interfaces': CMAKE_PREFIX_PATH=/opt/ros/humble /usr/bin/cmake --build /home/pidog/pidog_ws/build/interfaces -- -j4 -l4
[2.910s] Invoked command in '/home/pidog/pidog_ws/build/interfaces' returned '0': CMAKE_PREFIX_PATH=/opt/ros/humble /usr/bin/cmake --build /home/pidog/pidog_ws/build/interfaces -- -j4 -l4
[2.981s] Invoking command in '/home/pidog/pidog_ws/build/interfaces': CMAKE_PREFIX_PATH=/opt/ros/humble /usr/bin/cmake --install /home/pidog/pidog_ws/build/interfaces
[2.990s] -- Install configuration: ""
[2.991s] -- Installing: /home/pidog/pidog_ws/install/interfaces/share/ament_index/resource_index/package_run_dependencies/interfaces
[2.991s] -- Installing: /home/pidog/pidog_ws/install/interfaces/share/ament_index/resource_index/parent_prefix_path/interfaces
[2.992s] -- Installing: /home/pidog/pidog_ws/install/interfaces/share/interfaces/environment/ament_prefix_path.sh
[2.992s] -- Installing: /home/pidog/pidog_ws/install/interfaces/share/interfaces/environment/ament_prefix_path.dsv
[2.992s] -- Installing: /home/pidog/pidog_ws/install/interfaces/share/interfaces/environment/path.sh
[2.993s] -- Installing: /home/pidog/pidog_ws/install/interfaces/share/interfaces/environment/path.dsv
[2.993s] -- Installing: /home/pidog/pidog_ws/install/interfaces/share/interfaces/local_setup.bash
[2.993s] -- Installing: /home/pidog/pidog_ws/install/interfaces/share/interfaces/local_setup.sh
[2.993s] -- Installing: /home/pidog/pidog_ws/install/interfaces/share/interfaces/local_setup.zsh
[2.994s] -- Installing: /home/pidog/pidog_ws/install/interfaces/share/interfaces/local_setup.dsv
[2.994s] -- Installing: /home/pidog/pidog_ws/install/interfaces/share/interfaces/package.dsv
[2.994s] -- Installing: /home/pidog/pidog_ws/install/interfaces/share/ament_index/resource_index/packages/interfaces
[2.995s] -- Installing: /home/pidog/pidog_ws/install/interfaces/share/interfaces/cmake/interfacesConfig.cmake
[2.995s] -- Installing: /home/pidog/pidog_ws/install/interfaces/share/interfaces/cmake/interfacesConfig-version.cmake
[2.995s] -- Installing: /home/pidog/pidog_ws/install/interfaces/share/interfaces/package.xml
[3.002s] Invoked command in '/home/pidog/pidog_ws/build/interfaces' returned '0': CMAKE_PREFIX_PATH=/opt/ros/humble /usr/bin/cmake --install /home/pidog/pidog_ws/build/interfaces
