[4.294s] Invoking command in '/home/pidog/pidog-ros2/src/legs': PYTHONPATH=/home/pidog/pidog-ros2/build/legs/prefix_override:/home/pidog/pidog-ros2/install/legs/lib/python3.10/site-packages:${PYTHONPATH} /usr/bin/python3 setup.py egg_info --egg-base ../../build/legs build --build-base /home/pidog/pidog-ros2/build/legs/build install --record /home/pidog/pidog-ros2/build/legs/install.log --single-version-externally-managed
[5.768s] running egg_info
[5.771s] writing ../../build/legs/legs.egg-info/PKG-INFO
[5.772s] writing dependency_links to ../../build/legs/legs.egg-info/dependency_links.txt
[5.774s] writing entry points to ../../build/legs/legs.egg-info/entry_points.txt
[5.786s] writing requirements to ../../build/legs/legs.egg-info/requires.txt
[5.786s] writing top-level names to ../../build/legs/legs.egg-info/top_level.txt
[5.786s] reading manifest file '../../build/legs/legs.egg-info/SOURCES.txt'
[5.803s] writing manifest file '../../build/legs/legs.egg-info/SOURCES.txt'
[5.804s] running build
[5.809s] running build_py
[5.809s] running install
[5.810s] /usr/lib/python3/dist-packages/setuptools/command/install.py:34: SetuptoolsDeprecationWarning: setup.py install is deprecated. Use build and pip and other standards-based tools.
[5.810s]   warnings.warn(
[5.812s] running install_lib
[5.822s] running install_data
[5.825s] running install_egg_info
[5.828s] Copying ../../build/legs/legs.egg-info to /home/pidog/pidog-ros2/install/legs/lib/python3.10/site-packages/legs-0.0.1-py3.10.egg-info
[5.850s] running install_scripts
[5.961s] Installing legs script to /home/pidog/pidog-ros2/install/legs/lib/legs
[5.964s] writing list of installed files to '/home/pidog/pidog-ros2/build/legs/install.log'
[6.059s] Invoked command in '/home/pidog/pidog-ros2/src/legs' returned '0': PYTHONPATH=/home/pidog/pidog-ros2/build/legs/prefix_override:/home/pidog/pidog-ros2/install/legs/lib/python3.10/site-packages:${PYTHONPATH} /usr/bin/python3 setup.py egg_info --egg-base ../../build/legs build --build-base /home/pidog/pidog-ros2/build/legs/build install --record /home/pidog/pidog-ros2/build/legs/install.log --single-version-externally-managed
