[3.287s] Invoking command in '/home/pidog/pidog-ros2/src/vision': PYTHONPATH=/home/pidog/pidog-ros2/build/vision/prefix_override:/home/pidog/pidog-ros2/install/vision/lib/python3.10/site-packages:${PYTHONPATH} /usr/bin/python3 setup.py egg_info --egg-base ../../build/vision build --build-base /home/pidog/pidog-ros2/build/vision/build install --record /home/pidog/pidog-ros2/build/vision/install.log --single-version-externally-managed
[3.972s] running egg_info
[3.979s] writing ../../build/vision/vision.egg-info/PKG-INFO
[3.982s] writing dependency_links to ../../build/vision/vision.egg-info/dependency_links.txt
[3.985s] writing entry points to ../../build/vision/vision.egg-info/entry_points.txt
[3.986s] writing requirements to ../../build/vision/vision.egg-info/requires.txt
[3.998s] writing top-level names to ../../build/vision/vision.egg-info/top_level.txt
[4.003s] reading manifest file '../../build/vision/vision.egg-info/SOURCES.txt'
[4.008s] writing manifest file '../../build/vision/vision.egg-info/SOURCES.txt'
[4.009s] running build
[4.016s] running build_py
[4.019s] running install
[4.021s] /usr/lib/python3/dist-packages/setuptools/command/install.py:34: SetuptoolsDeprecationWarning: setup.py install is deprecated. Use build and pip and other standards-based tools.
[4.022s]   warnings.warn(
[4.023s] running install_lib
[4.026s] running install_data
[4.027s] running install_egg_info
[4.035s] removing '/home/pidog/pidog-ros2/install/vision/lib/python3.10/site-packages/vision-0.0.1-py3.10.egg-info' (and everything under it)
[4.037s] Copying ../../build/vision/vision.egg-info to /home/pidog/pidog-ros2/install/vision/lib/python3.10/site-packages/vision-0.0.1-py3.10.egg-info
[4.039s] running install_scripts
[4.116s] Installing vision script to /home/pidog/pidog-ros2/install/vision/lib/vision
[4.118s] writing list of installed files to '/home/pidog/pidog-ros2/build/vision/install.log'
[4.257s] Invoked command in '/home/pidog/pidog-ros2/src/vision' returned '0': PYTHONPATH=/home/pidog/pidog-ros2/build/vision/prefix_override:/home/pidog/pidog-ros2/install/vision/lib/python3.10/site-packages:${PYTHONPATH} /usr/bin/python3 setup.py egg_info --egg-base ../../build/vision build --build-base /home/pidog/pidog-ros2/build/vision/build install --record /home/pidog/pidog-ros2/build/vision/install.log --single-version-externally-managed
