[2.751s] Invoking command in '/home/pidog/pidog-ros2/src/vision': PYTHONPATH=/home/pidog/pidog-ros2/build/vision/prefix_override:/home/pidog/pidog-ros2/install/vision/lib/python3.10/site-packages:${PYTHONPATH} /usr/bin/python3 setup.py egg_info --egg-base ../../build/vision build --build-base /home/pidog/pidog-ros2/build/vision/build install --record /home/pidog/pidog-ros2/build/vision/install.log --single-version-externally-managed
[3.511s] running egg_info
[3.519s] writing ../../build/vision/vision.egg-info/PKG-INFO
[3.522s] writing dependency_links to ../../build/vision/vision.egg-info/dependency_links.txt
[3.523s] writing entry points to ../../build/vision/vision.egg-info/entry_points.txt
[3.523s] writing requirements to ../../build/vision/vision.egg-info/requires.txt
[3.523s] writing top-level names to ../../build/vision/vision.egg-info/top_level.txt
[3.523s] reading manifest file '../../build/vision/vision.egg-info/SOURCES.txt'
[3.524s] writing manifest file '../../build/vision/vision.egg-info/SOURCES.txt'
[3.524s] running build
[3.525s] running build_py
[3.525s] running install
[3.525s] /usr/lib/python3/dist-packages/setuptools/command/install.py:34: SetuptoolsDeprecationWarning: setup.py install is deprecated. Use build and pip and other standards-based tools.
[3.526s]   warnings.warn(
[3.530s] running install_lib
[3.536s] running install_data
[3.537s] running install_egg_info
[3.540s] removing '/home/pidog/pidog-ros2/install/vision/lib/python3.10/site-packages/vision-0.0.1-py3.10.egg-info' (and everything under it)
[3.542s] Copying ../../build/vision/vision.egg-info to /home/pidog/pidog-ros2/install/vision/lib/python3.10/site-packages/vision-0.0.1-py3.10.egg-info
[3.543s] running install_scripts
[3.595s] Installing vision script to /home/pidog/pidog-ros2/install/vision/lib/vision
[3.595s] writing list of installed files to '/home/pidog/pidog-ros2/build/vision/install.log'
[3.673s] Invoked command in '/home/pidog/pidog-ros2/src/vision' returned '0': PYTHONPATH=/home/pidog/pidog-ros2/build/vision/prefix_override:/home/pidog/pidog-ros2/install/vision/lib/python3.10/site-packages:${PYTHONPATH} /usr/bin/python3 setup.py egg_info --egg-base ../../build/vision build --build-base /home/pidog/pidog-ros2/build/vision/build install --record /home/pidog/pidog-ros2/build/vision/install.log --single-version-externally-managed
