[4.467s] Invoking command in '/home/pidog/pidog-ros2/src/brain': PYTHONPATH=/home/pidog/pidog-ros2/build/brain/prefix_override:/home/pidog/pidog-ros2/install/brain/lib/python3.10/site-packages:${PYTHONPATH} /usr/bin/python3 setup.py egg_info --egg-base ../../build/brain build --build-base /home/pidog/pidog-ros2/build/brain/build install --record /home/pidog/pidog-ros2/build/brain/install.log --single-version-externally-managed
[6.125s] running egg_info
[6.128s] writing ../../build/brain/brain.egg-info/PKG-INFO
[6.129s] writing dependency_links to ../../build/brain/brain.egg-info/dependency_links.txt
[6.133s] writing entry points to ../../build/brain/brain.egg-info/entry_points.txt
[6.161s] writing requirements to ../../build/brain/brain.egg-info/requires.txt
[6.161s] writing top-level names to ../../build/brain/brain.egg-info/top_level.txt
[6.161s] reading manifest file '../../build/brain/brain.egg-info/SOURCES.txt'
[6.161s] writing manifest file '../../build/brain/brain.egg-info/SOURCES.txt'
[6.162s] running build
[6.164s] running build_py
[6.165s] running install
[6.165s] running install_lib
[6.177s] /usr/lib/python3/dist-packages/setuptools/command/install.py:34: SetuptoolsDeprecationWarning: setup.py install is deprecated. Use build and pip and other standards-based tools.
[6.178s]   warnings.warn(
[6.179s] running install_data
[6.180s] running install_egg_info
[6.180s] removing '/home/pidog/pidog-ros2/install/brain/lib/python3.10/site-packages/brain-0.0.0-py3.10.egg-info' (and everything under it)
[6.181s] Copying ../../build/brain/brain.egg-info to /home/pidog/pidog-ros2/install/brain/lib/python3.10/site-packages/brain-0.0.0-py3.10.egg-info
[6.181s] running install_scripts
[6.246s] Installing brain script to /home/pidog/pidog-ros2/install/brain/lib/brain
[6.246s] writing list of installed files to '/home/pidog/pidog-ros2/build/brain/install.log'
[6.284s] Invoked command in '/home/pidog/pidog-ros2/src/brain' returned '0': PYTHONPATH=/home/pidog/pidog-ros2/build/brain/prefix_override:/home/pidog/pidog-ros2/install/brain/lib/python3.10/site-packages:${PYTHONPATH} /usr/bin/python3 setup.py egg_info --egg-base ../../build/brain build --build-base /home/pidog/pidog-ros2/build/brain/build install --record /home/pidog/pidog-ros2/build/brain/install.log --single-version-externally-managed
