[3.019s] Invoking command in '/home/pidog/pidog-ros2/src/brain': PYTHONPATH=/home/pidog/pidog-ros2/build/brain/prefix_override:/home/pidog/pidog-ros2/install/brain/lib/python3.10/site-packages:${PYTHONPATH} /usr/bin/python3 setup.py egg_info --egg-base ../../build/brain build --build-base /home/pidog/pidog-ros2/build/brain/build install --record /home/pidog/pidog-ros2/build/brain/install.log --single-version-externally-managed
[3.934s] running egg_info
[3.936s] creating ../../build/brain/brain.egg-info
[3.936s] writing ../../build/brain/brain.egg-info/PKG-INFO
[3.948s] writing dependency_links to ../../build/brain/brain.egg-info/dependency_links.txt
[3.949s] writing entry points to ../../build/brain/brain.egg-info/entry_points.txt
[3.950s] writing requirements to ../../build/brain/brain.egg-info/requires.txt
[3.950s] writing top-level names to ../../build/brain/brain.egg-info/top_level.txt
[3.951s] writing manifest file '../../build/brain/brain.egg-info/SOURCES.txt'
[3.955s] reading manifest file '../../build/brain/brain.egg-info/SOURCES.txt'
[3.961s] writing manifest file '../../build/brain/brain.egg-info/SOURCES.txt'
[3.962s] running build
[3.963s] running build_py
[3.963s] creating /home/pidog/pidog-ros2/build/brain/build
[3.964s] creating /home/pidog/pidog-ros2/build/brain/build/lib
[3.964s] creating /home/pidog/pidog-ros2/build/brain/build/lib/brain
[3.965s] copying brain/brain_node.py -> /home/pidog/pidog-ros2/build/brain/build/lib/brain
[3.965s] copying brain/__init__.py -> /home/pidog/pidog-ros2/build/brain/build/lib/brain
[3.966s] running install
[3.967s] running install_lib
[3.967s] creating /home/pidog/pidog-ros2/install/brain/lib/python3.10/site-packages/brain
[3.969s] /usr/lib/python3/dist-packages/setuptools/command/install.py:34: SetuptoolsDeprecationWarning: setup.py install is deprecated. Use build and pip and other standards-based tools.
[3.970s]   warnings.warn(
[3.970s] copying /home/pidog/pidog-ros2/build/brain/build/lib/brain/brain_node.py -> /home/pidog/pidog-ros2/install/brain/lib/python3.10/site-packages/brain
[3.970s] copying /home/pidog/pidog-ros2/build/brain/build/lib/brain/__init__.py -> /home/pidog/pidog-ros2/install/brain/lib/python3.10/site-packages/brain
[3.970s] byte-compiling /home/pidog/pidog-ros2/install/brain/lib/python3.10/site-packages/brain/brain_node.py to brain_node.cpython-310.pyc
[3.972s] byte-compiling /home/pidog/pidog-ros2/install/brain/lib/python3.10/site-packages/brain/__init__.py to __init__.cpython-310.pyc
[3.975s] running install_data
[3.976s] creating /home/pidog/pidog-ros2/install/brain/share/ament_index
[3.976s] creating /home/pidog/pidog-ros2/install/brain/share/ament_index/resource_index
[3.977s] creating /home/pidog/pidog-ros2/install/brain/share/ament_index/resource_index/packages
[3.977s] copying resource/brain -> /home/pidog/pidog-ros2/install/brain/share/ament_index/resource_index/packages
[3.978s] copying package.xml -> /home/pidog/pidog-ros2/install/brain/share/brain
[3.978s] running install_egg_info
[3.981s] Copying ../../build/brain/brain.egg-info to /home/pidog/pidog-ros2/install/brain/lib/python3.10/site-packages/brain-0.0.0-py3.10.egg-info
[3.987s] running install_scripts
[4.052s] Installing brain script to /home/pidog/pidog-ros2/install/brain/lib/brain
[4.055s] writing list of installed files to '/home/pidog/pidog-ros2/build/brain/install.log'
[4.136s] Invoked command in '/home/pidog/pidog-ros2/src/brain' returned '0': PYTHONPATH=/home/pidog/pidog-ros2/build/brain/prefix_override:/home/pidog/pidog-ros2/install/brain/lib/python3.10/site-packages:${PYTHONPATH} /usr/bin/python3 setup.py egg_info --egg-base ../../build/brain build --build-base /home/pidog/pidog-ros2/build/brain/build install --record /home/pidog/pidog-ros2/build/brain/install.log --single-version-externally-managed
