[2.912s] Invoking command in '/home/pidog/pidog-ros2/src/legs': PYTHONPATH=/home/pidog/pidog-ros2/build/legs/prefix_override:/home/pidog/pidog-ros2/install/legs/lib/python3.10/site-packages:${PYTHONPATH} /usr/bin/python3 setup.py egg_info --egg-base ../../build/legs build --build-base /home/pidog/pidog-ros2/build/legs/build install --record /home/pidog/pidog-ros2/build/legs/install.log --single-version-externally-managed
[3.714s] running egg_info
[3.715s] creating ../../build/legs/legs.egg-info
[3.716s] writing ../../build/legs/legs.egg-info/PKG-INFO
[3.717s] writing dependency_links to ../../build/legs/legs.egg-info/dependency_links.txt
[3.717s] writing entry points to ../../build/legs/legs.egg-info/entry_points.txt
[3.718s] writing requirements to ../../build/legs/legs.egg-info/requires.txt
[3.718s] writing top-level names to ../../build/legs/legs.egg-info/top_level.txt
[3.719s] writing manifest file '../../build/legs/legs.egg-info/SOURCES.txt'
[3.724s] reading manifest file '../../build/legs/legs.egg-info/SOURCES.txt'
[3.727s] writing manifest file '../../build/legs/legs.egg-info/SOURCES.txt'
[3.728s] running build
[3.728s] running build_py
[3.729s] creating /home/pidog/pidog-ros2/build/legs/build
[3.730s] creating /home/pidog/pidog-ros2/build/legs/build/lib
[3.731s] creating /home/pidog/pidog-ros2/build/legs/build/lib/legs
[3.731s] copying legs/__init__.py -> /home/pidog/pidog-ros2/build/legs/build/lib/legs
[3.732s] copying legs/legs_node.py -> /home/pidog/pidog-ros2/build/legs/build/lib/legs
[3.732s] running install
[3.733s] /usr/lib/python3/dist-packages/setuptools/command/install.py:34: SetuptoolsDeprecationWarning: setup.py install is deprecated. Use build and pip and other standards-based tools.
[3.733s]   warnings.warn(
[3.733s] running install_lib
[3.735s] creating /home/pidog/pidog-ros2/install/legs/lib/python3.10/site-packages/legs
[3.736s] copying /home/pidog/pidog-ros2/build/legs/build/lib/legs/__init__.py -> /home/pidog/pidog-ros2/install/legs/lib/python3.10/site-packages/legs
[3.736s] copying /home/pidog/pidog-ros2/build/legs/build/lib/legs/legs_node.py -> /home/pidog/pidog-ros2/install/legs/lib/python3.10/site-packages/legs
[3.741s] byte-compiling /home/pidog/pidog-ros2/install/legs/lib/python3.10/site-packages/legs/__init__.py to __init__.cpython-310.pyc
[3.741s] byte-compiling /home/pidog/pidog-ros2/install/legs/lib/python3.10/site-packages/legs/legs_node.py to legs_node.cpython-310.pyc
[3.742s] running install_data
[3.744s] creating /home/pidog/pidog-ros2/install/legs/share/ament_index
[3.744s] creating /home/pidog/pidog-ros2/install/legs/share/ament_index/resource_index
[3.745s] creating /home/pidog/pidog-ros2/install/legs/share/ament_index/resource_index/packages
[3.745s] copying resource/legs -> /home/pidog/pidog-ros2/install/legs/share/ament_index/resource_index/packages
[3.746s] copying package.xml -> /home/pidog/pidog-ros2/install/legs/share/legs
[3.746s] running install_egg_info
[3.752s] Copying ../../build/legs/legs.egg-info to /home/pidog/pidog-ros2/install/legs/lib/python3.10/site-packages/legs-0.0.1-py3.10.egg-info
[3.753s] running install_scripts
[3.819s] Installing legs script to /home/pidog/pidog-ros2/install/legs/lib/legs
[3.821s] writing list of installed files to '/home/pidog/pidog-ros2/build/legs/install.log'
[3.885s] Invoked command in '/home/pidog/pidog-ros2/src/legs' returned '0': PYTHONPATH=/home/pidog/pidog-ros2/build/legs/prefix_override:/home/pidog/pidog-ros2/install/legs/lib/python3.10/site-packages:${PYTHONPATH} /usr/bin/python3 setup.py egg_info --egg-base ../../build/legs build --build-base /home/pidog/pidog-ros2/build/legs/build install --record /home/pidog/pidog-ros2/build/legs/install.log --single-version-externally-managed
