[1.338s] Invoking command in '/home/pidog/pidog-ros2/pidog_ws/src/vision': PYTHONPATH=/home/pidog/pidog-ros2/build/vision/prefix_override:/home/pidog/pidog-ros2/install/vision/lib/python3.10/site-packages:${PYTHONPATH} /usr/bin/python3 setup.py egg_info --egg-base ../../../build/vision build --build-base /home/pidog/pidog-ros2/build/vision/build install --record /home/pidog/pidog-ros2/build/vision/install.log --single-version-externally-managed
[1.825s] running egg_info
[1.826s] creating ../../../build/vision/vision.egg-info
[1.827s] writing ../../../build/vision/vision.egg-info/PKG-INFO
[1.827s] writing dependency_links to ../../../build/vision/vision.egg-info/dependency_links.txt
[1.828s] writing entry points to ../../../build/vision/vision.egg-info/entry_points.txt
[1.828s] writing requirements to ../../../build/vision/vision.egg-info/requires.txt
[1.829s] writing top-level names to ../../../build/vision/vision.egg-info/top_level.txt
[1.829s] writing manifest file '../../../build/vision/vision.egg-info/SOURCES.txt'
[1.831s] reading manifest file '../../../build/vision/vision.egg-info/SOURCES.txt'
[1.833s] writing manifest file '../../../build/vision/vision.egg-info/SOURCES.txt'
[1.834s] running build
[1.834s] running build_py
[1.834s] creating /home/pidog/pidog-ros2/build/vision/build
[1.835s] creating /home/pidog/pidog-ros2/build/vision/build/lib
[1.835s] creating /home/pidog/pidog-ros2/build/vision/build/lib/vision
[1.835s] copying vision/vision_node.py -> /home/pidog/pidog-ros2/build/vision/build/lib/vision
[1.835s] copying vision/__init__.py -> /home/pidog/pidog-ros2/build/vision/build/lib/vision
[1.835s] running install
[1.838s] /usr/lib/python3/dist-packages/setuptools/command/install.py:34: SetuptoolsDeprecationWarning: setup.py install is deprecated. Use build and pip and other standards-based tools.
[1.839s]   warnings.warn(
[1.840s] running install_lib
[1.842s] creating /home/pidog/pidog-ros2/install/vision/lib/python3.10/site-packages/vision
[1.842s] copying /home/pidog/pidog-ros2/build/vision/build/lib/vision/vision_node.py -> /home/pidog/pidog-ros2/install/vision/lib/python3.10/site-packages/vision
[1.842s] copying /home/pidog/pidog-ros2/build/vision/build/lib/vision/__init__.py -> /home/pidog/pidog-ros2/install/vision/lib/python3.10/site-packages/vision
[1.843s] byte-compiling /home/pidog/pidog-ros2/install/vision/lib/python3.10/site-packages/vision/vision_node.py to vision_node.cpython-310.pyc
[1.844s]   File "/home/pidog/pidog-ros2/install/vision/lib/python3.10/site-packages/vision/vision_node.py", line 16
[1.844s]     self.objectDetectionPublisher = self.create_publisher(String, 'object_detection' 10)
[1.844s]                                                                   ^^^^^^^^^^^^^^^^^^^^^
[1.844s] SyntaxError: invalid syntax. Perhaps you forgot a comma?
[1.844s] 
[1.845s] byte-compiling /home/pidog/pidog-ros2/install/vision/lib/python3.10/site-packages/vision/__init__.py to __init__.cpython-310.pyc
[1.845s] running install_data
[1.846s] creating /home/pidog/pidog-ros2/install/vision/share/ament_index
[1.846s] creating /home/pidog/pidog-ros2/install/vision/share/ament_index/resource_index
[1.846s] creating /home/pidog/pidog-ros2/install/vision/share/ament_index/resource_index/packages
[1.847s] copying resource/vision -> /home/pidog/pidog-ros2/install/vision/share/ament_index/resource_index/packages
[1.847s] copying package.xml -> /home/pidog/pidog-ros2/install/vision/share/vision
[1.847s] running install_egg_info
[1.849s] Copying ../../../build/vision/vision.egg-info to /home/pidog/pidog-ros2/install/vision/lib/python3.10/site-packages/vision-0.0.0-py3.10.egg-info
[1.851s] running install_scripts
[1.879s] Installing vision script to /home/pidog/pidog-ros2/install/vision/lib/vision
[1.880s] writing list of installed files to '/home/pidog/pidog-ros2/build/vision/install.log'
[1.926s] Invoked command in '/home/pidog/pidog-ros2/pidog_ws/src/vision' returned '0': PYTHONPATH=/home/pidog/pidog-ros2/build/vision/prefix_override:/home/pidog/pidog-ros2/install/vision/lib/python3.10/site-packages:${PYTHONPATH} /usr/bin/python3 setup.py egg_info --egg-base ../../../build/vision build --build-base /home/pidog/pidog-ros2/build/vision/build install --record /home/pidog/pidog-ros2/build/vision/install.log --single-version-externally-managed
