[1.042s] Invoking command in '/home/pidog/pidog-ros2/src/brain': PYTHONPATH=/home/pidog/pidog-ros2/build/brain/prefix_override:/home/pidog/pidog-ros2/install/brain/lib/python3.10/site-packages:${PYTHONPATH} /usr/bin/python3 setup.py egg_info --egg-base ../../build/brain build --build-base /home/pidog/pidog-ros2/build/brain/build install --record /home/pidog/pidog-ros2/build/brain/install.log --single-version-externally-managed
[1.456s] running egg_info
[1.457s] writing ../../build/brain/brain.egg-info/PKG-INFO
[1.458s] writing dependency_links to ../../build/brain/brain.egg-info/dependency_links.txt
[1.460s] writing entry points to ../../build/brain/brain.egg-info/entry_points.txt
[1.460s] writing requirements to ../../build/brain/brain.egg-info/requires.txt
[1.460s] writing top-level names to ../../build/brain/brain.egg-info/top_level.txt
[1.463s] reading manifest file '../../build/brain/brain.egg-info/SOURCES.txt'
[1.465s] writing manifest file '../../build/brain/brain.egg-info/SOURCES.txt'
[1.465s] running build
[1.466s] running build_py
[1.466s] running install
[1.467s] /usr/lib/python3/dist-packages/setuptools/command/install.py:34: SetuptoolsDeprecationWarning: setup.py install is deprecated. Use build and pip and other standards-based tools.
[1.467s]   warnings.warn(
[1.467s] running install_lib
[1.469s] running install_data
[1.470s] running install_egg_info
[1.472s] removing '/home/pidog/pidog-ros2/install/brain/lib/python3.10/site-packages/brain-0.0.0-py3.10.egg-info' (and everything under it)
[1.472s] Copying ../../build/brain/brain.egg-info to /home/pidog/pidog-ros2/install/brain/lib/python3.10/site-packages/brain-0.0.0-py3.10.egg-info
[1.474s] running install_scripts
[1.516s] Installing brain script to /home/pidog/pidog-ros2/install/brain/lib/brain
[1.517s] writing list of installed files to '/home/pidog/pidog-ros2/build/brain/install.log'
[1.552s] Invoked command in '/home/pidog/pidog-ros2/src/brain' returned '0': PYTHONPATH=/home/pidog/pidog-ros2/build/brain/prefix_override:/home/pidog/pidog-ros2/install/brain/lib/python3.10/site-packages:${PYTHONPATH} /usr/bin/python3 setup.py egg_info --egg-base ../../build/brain build --build-base /home/pidog/pidog-ros2/build/brain/build install --record /home/pidog/pidog-ros2/build/brain/install.log --single-version-externally-managed
