[1.061s] Invoking command in '/home/pidog/pidog-ros2/src/legs': PYTHONPATH=/home/pidog/pidog-ros2/build/legs/prefix_override:/home/pidog/pidog-ros2/install/legs/lib/python3.10/site-packages:${PYTHONPATH} /usr/bin/python3 setup.py egg_info --egg-base ../../build/legs build --build-base /home/pidog/pidog-ros2/build/legs/build install --record /home/pidog/pidog-ros2/build/legs/install.log --single-version-externally-managed
[1.453s] running egg_info
[1.454s] writing ../../build/legs/legs.egg-info/PKG-INFO
[1.455s] writing dependency_links to ../../build/legs/legs.egg-info/dependency_links.txt
[1.456s] writing entry points to ../../build/legs/legs.egg-info/entry_points.txt
[1.456s] writing requirements to ../../build/legs/legs.egg-info/requires.txt
[1.457s] writing top-level names to ../../build/legs/legs.egg-info/top_level.txt
[1.463s] reading manifest file '../../build/legs/legs.egg-info/SOURCES.txt'
[1.465s] writing manifest file '../../build/legs/legs.egg-info/SOURCES.txt'
[1.465s] running build
[1.465s] running build_py
[1.466s] running install
[1.466s] /usr/lib/python3/dist-packages/setuptools/command/install.py:34: SetuptoolsDeprecationWarning: setup.py install is deprecated. Use build and pip and other standards-based tools.
[1.466s]   warnings.warn(
[1.467s] running install_lib
[1.469s] running install_data
[1.469s] running install_egg_info
[1.472s] removing '/home/pidog/pidog-ros2/install/legs/lib/python3.10/site-packages/legs-0.0.1-py3.10.egg-info' (and everything under it)
[1.472s] Copying ../../build/legs/legs.egg-info to /home/pidog/pidog-ros2/install/legs/lib/python3.10/site-packages/legs-0.0.1-py3.10.egg-info
[1.474s] running install_scripts
[1.504s] Installing legs script to /home/pidog/pidog-ros2/install/legs/lib/legs
[1.504s] writing list of installed files to '/home/pidog/pidog-ros2/build/legs/install.log'
[1.552s] Invoked command in '/home/pidog/pidog-ros2/src/legs' returned '0': PYTHONPATH=/home/pidog/pidog-ros2/build/legs/prefix_override:/home/pidog/pidog-ros2/install/legs/lib/python3.10/site-packages:${PYTHONPATH} /usr/bin/python3 setup.py egg_info --egg-base ../../build/legs build --build-base /home/pidog/pidog-ros2/build/legs/build install --record /home/pidog/pidog-ros2/build/legs/install.log --single-version-externally-managed
