[0.570s] DEBUG:colcon:Command line arguments: ['/usr/bin/colcon', 'build']
[0.570s] DEBUG:colcon:Parsed command line arguments: Namespace(log_base=None, log_level=None, verb_name='build', build_base='build', install_base='install', merge_install=False, symlink_install=False, test_result_base=None, continue_on_error=False, executor='parallel', parallel_workers=4, event_handlers=None, ignore_user_meta=False, metas=['./colcon.meta'], base_paths=['.'], packages_ignore=None, packages_ignore_regex=None, paths=None, packages_up_to=None, packages_up_to_regex=None, packages_above=None, packages_above_and_dependencies=None, packages_above_depth=None, packages_select_by_dep=None, packages_skip_by_dep=None, packages_skip_up_to=None, packages_select_build_failed=False, packages_skip_build_finished=False, packages_select_test_failures=False, packages_skip_test_passed=False, packages_select=None, packages_skip=None, packages_select_regex=None, packages_skip_regex=None, packages_start=None, packages_end=None, allow_overriding=[], cmake_args=None, cmake_target=None, cmake_target_skip_unavailable=False, cmake_clean_cache=False, cmake_clean_first=False, cmake_force_configure=False, ament_cmake_args=None, catkin_cmake_args=None, catkin_skip_building_tests=False, verb_parser=<colcon_defaults.argument_parser.defaults.DefaultArgumentsDecorator object at 0x7f7c71b58c10>, verb_extension=<colcon_core.verb.build.BuildVerb object at 0x7f7c71a829b0>, main=<bound method BuildVerb.main of <colcon_core.verb.build.BuildVerb object at 0x7f7c71a829b0>>)
[0.622s] Level 1:colcon.colcon_core.package_discovery:discover_packages(colcon_meta) check parameters
[0.622s] Level 1:colcon.colcon_core.package_discovery:discover_packages(recursive) check parameters
[0.622s] Level 1:colcon.colcon_core.package_discovery:discover_packages(ignore) check parameters
[0.622s] Level 1:colcon.colcon_core.package_discovery:discover_packages(path) check parameters
[0.622s] Level 1:colcon.colcon_core.package_discovery:discover_packages(colcon_meta) discover
[0.622s] Level 1:colcon.colcon_core.package_discovery:discover_packages(recursive) discover
[0.623s] INFO:colcon.colcon_core.package_discovery:Crawling recursively for packages in '/home/pidog/pidog-ros2'
[0.623s] Level 1:colcon.colcon_core.package_identification:_identify(.) by extensions ['ignore', 'ignore_ament_install']
[0.623s] Level 1:colcon.colcon_core.package_identification:_identify(.) by extension 'ignore'
[0.623s] Level 1:colcon.colcon_core.package_identification:_identify(.) by extension 'ignore_ament_install'
[0.623s] Level 1:colcon.colcon_core.package_identification:_identify(.) by extensions ['colcon_pkg']
[0.623s] Level 1:colcon.colcon_core.package_identification:_identify(.) by extension 'colcon_pkg'
[0.623s] Level 1:colcon.colcon_core.package_identification:_identify(.) by extensions ['colcon_meta']
[0.623s] Level 1:colcon.colcon_core.package_identification:_identify(.) by extension 'colcon_meta'
[0.623s] Level 1:colcon.colcon_core.package_identification:_identify(.) by extensions ['ros']
[0.623s] Level 1:colcon.colcon_core.package_identification:_identify(.) by extension 'ros'
[0.644s] Level 1:colcon.colcon_core.package_identification:_identify(.) by extensions ['cmake', 'python']
[0.644s] Level 1:colcon.colcon_core.package_identification:_identify(.) by extension 'cmake'
[0.644s] Level 1:colcon.colcon_core.package_identification:_identify(.) by extension 'python'
[0.644s] Level 1:colcon.colcon_core.package_identification:_identify(.) by extensions ['python_setup_py']
[0.644s] Level 1:colcon.colcon_core.package_identification:_identify(.) by extension 'python_setup_py'
[0.644s] Level 1:colcon.colcon_core.package_identification:_identify(build) by extensions ['ignore', 'ignore_ament_install']
[0.644s] Level 1:colcon.colcon_core.package_identification:_identify(build) by extension 'ignore'
[0.644s] Level 1:colcon.colcon_core.package_identification:_identify(build) ignored
[0.645s] Level 1:colcon.colcon_core.package_identification:_identify(install) by extensions ['ignore', 'ignore_ament_install']
[0.645s] Level 1:colcon.colcon_core.package_identification:_identify(install) by extension 'ignore'
[0.645s] Level 1:colcon.colcon_core.package_identification:_identify(install) ignored
[0.645s] Level 1:colcon.colcon_core.package_identification:_identify(log) by extensions ['ignore', 'ignore_ament_install']
[0.645s] Level 1:colcon.colcon_core.package_identification:_identify(log) by extension 'ignore'
[0.645s] Level 1:colcon.colcon_core.package_identification:_identify(log) ignored
[0.645s] Level 1:colcon.colcon_core.package_identification:_identify(pidog_ws) by extensions ['ignore', 'ignore_ament_install']
[0.645s] Level 1:colcon.colcon_core.package_identification:_identify(pidog_ws) by extension 'ignore'
[0.645s] Level 1:colcon.colcon_core.package_identification:_identify(pidog_ws) by extension 'ignore_ament_install'
[0.645s] Level 1:colcon.colcon_core.package_identification:_identify(pidog_ws) by extensions ['colcon_pkg']
[0.645s] Level 1:colcon.colcon_core.package_identification:_identify(pidog_ws) by extension 'colcon_pkg'
[0.645s] Level 1:colcon.colcon_core.package_identification:_identify(pidog_ws) by extensions ['colcon_meta']
[0.645s] Level 1:colcon.colcon_core.package_identification:_identify(pidog_ws) by extension 'colcon_meta'
[0.646s] Level 1:colcon.colcon_core.package_identification:_identify(pidog_ws) by extensions ['ros']
[0.646s] Level 1:colcon.colcon_core.package_identification:_identify(pidog_ws) by extension 'ros'
[0.646s] Level 1:colcon.colcon_core.package_identification:_identify(pidog_ws) by extensions ['cmake', 'python']
[0.646s] Level 1:colcon.colcon_core.package_identification:_identify(pidog_ws) by extension 'cmake'
[0.646s] Level 1:colcon.colcon_core.package_identification:_identify(pidog_ws) by extension 'python'
[0.646s] Level 1:colcon.colcon_core.package_identification:_identify(pidog_ws) by extensions ['python_setup_py']
[0.646s] Level 1:colcon.colcon_core.package_identification:_identify(pidog_ws) by extension 'python_setup_py'
[0.646s] Level 1:colcon.colcon_core.package_identification:_identify(pidog_ws/build) by extensions ['ignore', 'ignore_ament_install']
[0.646s] Level 1:colcon.colcon_core.package_identification:_identify(pidog_ws/build) by extension 'ignore'
[0.646s] Level 1:colcon.colcon_core.package_identification:_identify(pidog_ws/build) ignored
[0.646s] Level 1:colcon.colcon_core.package_identification:_identify(pidog_ws/install) by extensions ['ignore', 'ignore_ament_install']
[0.647s] Level 1:colcon.colcon_core.package_identification:_identify(pidog_ws/install) by extension 'ignore'
[0.647s] Level 1:colcon.colcon_core.package_identification:_identify(pidog_ws/install) ignored
[0.647s] Level 1:colcon.colcon_core.package_identification:_identify(pidog_ws/log) by extensions ['ignore', 'ignore_ament_install']
[0.647s] Level 1:colcon.colcon_core.package_identification:_identify(pidog_ws/log) by extension 'ignore'
[0.647s] Level 1:colcon.colcon_core.package_identification:_identify(pidog_ws/log) ignored
[0.647s] Level 1:colcon.colcon_core.package_identification:_identify(pidog_ws/src) by extensions ['ignore', 'ignore_ament_install']
[0.647s] Level 1:colcon.colcon_core.package_identification:_identify(pidog_ws/src) by extension 'ignore'
[0.647s] Level 1:colcon.colcon_core.package_identification:_identify(pidog_ws/src) by extension 'ignore_ament_install'
[0.647s] Level 1:colcon.colcon_core.package_identification:_identify(pidog_ws/src) by extensions ['colcon_pkg']
[0.647s] Level 1:colcon.colcon_core.package_identification:_identify(pidog_ws/src) by extension 'colcon_pkg'
[0.648s] Level 1:colcon.colcon_core.package_identification:_identify(pidog_ws/src) by extensions ['colcon_meta']
[0.648s] Level 1:colcon.colcon_core.package_identification:_identify(pidog_ws/src) by extension 'colcon_meta'
[0.648s] Level 1:colcon.colcon_core.package_identification:_identify(pidog_ws/src) by extensions ['ros']
[0.648s] Level 1:colcon.colcon_core.package_identification:_identify(pidog_ws/src) by extension 'ros'
[0.648s] Level 1:colcon.colcon_core.package_identification:_identify(pidog_ws/src) by extensions ['cmake', 'python']
[0.648s] Level 1:colcon.colcon_core.package_identification:_identify(pidog_ws/src) by extension 'cmake'
[0.648s] Level 1:colcon.colcon_core.package_identification:_identify(pidog_ws/src) by extension 'python'
[0.648s] Level 1:colcon.colcon_core.package_identification:_identify(pidog_ws/src) by extensions ['python_setup_py']
[0.648s] Level 1:colcon.colcon_core.package_identification:_identify(pidog_ws/src) by extension 'python_setup_py'
[0.648s] Level 1:colcon.colcon_core.package_identification:_identify(pidog_ws/src/interfaces) by extensions ['ignore', 'ignore_ament_install']
[0.648s] Level 1:colcon.colcon_core.package_identification:_identify(pidog_ws/src/interfaces) by extension 'ignore'
[0.648s] Level 1:colcon.colcon_core.package_identification:_identify(pidog_ws/src/interfaces) by extension 'ignore_ament_install'
[0.649s] Level 1:colcon.colcon_core.package_identification:_identify(pidog_ws/src/interfaces) by extensions ['colcon_pkg']
[0.649s] Level 1:colcon.colcon_core.package_identification:_identify(pidog_ws/src/interfaces) by extension 'colcon_pkg'
[0.649s] Level 1:colcon.colcon_core.package_identification:_identify(pidog_ws/src/interfaces) by extensions ['colcon_meta']
[0.649s] Level 1:colcon.colcon_core.package_identification:_identify(pidog_ws/src/interfaces) by extension 'colcon_meta'
[0.649s] Level 1:colcon.colcon_core.package_identification:_identify(pidog_ws/src/interfaces) by extensions ['ros']
[0.649s] Level 1:colcon.colcon_core.package_identification:_identify(pidog_ws/src/interfaces) by extension 'ros'
[0.652s] DEBUG:colcon.colcon_core.package_identification:Package 'pidog_ws/src/interfaces' with type 'ros.ament_cmake' and name 'interfaces'
[0.653s] Level 1:colcon.colcon_core.package_identification:_identify(pidog_ws/src/vision) by extensions ['ignore', 'ignore_ament_install']
[0.653s] Level 1:colcon.colcon_core.package_identification:_identify(pidog_ws/src/vision) by extension 'ignore'
[0.653s] Level 1:colcon.colcon_core.package_identification:_identify(pidog_ws/src/vision) by extension 'ignore_ament_install'
[0.653s] Level 1:colcon.colcon_core.package_identification:_identify(pidog_ws/src/vision) by extensions ['colcon_pkg']
[0.653s] Level 1:colcon.colcon_core.package_identification:_identify(pidog_ws/src/vision) by extension 'colcon_pkg'
[0.653s] Level 1:colcon.colcon_core.package_identification:_identify(pidog_ws/src/vision) by extensions ['colcon_meta']
[0.653s] Level 1:colcon.colcon_core.package_identification:_identify(pidog_ws/src/vision) by extension 'colcon_meta'
[0.653s] Level 1:colcon.colcon_core.package_identification:_identify(pidog_ws/src/vision) by extensions ['ros']
[0.653s] Level 1:colcon.colcon_core.package_identification:_identify(pidog_ws/src/vision) by extension 'ros'
[0.654s] DEBUG:colcon.colcon_core.package_identification:Package 'pidog_ws/src/vision' with type 'ros.ament_python' and name 'vision'
[0.655s] Level 1:colcon.colcon_core.package_discovery:discover_packages(recursive) using defaults
[0.655s] Level 1:colcon.colcon_core.package_discovery:discover_packages(ignore) discover
[0.655s] Level 1:colcon.colcon_core.package_discovery:discover_packages(ignore) using defaults
[0.655s] Level 1:colcon.colcon_core.package_discovery:discover_packages(path) discover
[0.655s] Level 1:colcon.colcon_core.package_discovery:discover_packages(path) using defaults
[0.694s] Level 1:colcon.colcon_core.package_discovery:discover_packages(prefix_path) check parameters
[0.694s] Level 1:colcon.colcon_core.package_discovery:discover_packages(prefix_path) discover
[0.699s] DEBUG:colcon.colcon_installed_package_information.package_discovery:Found 288 installed packages in /opt/ros/humble
[0.702s] Level 1:colcon.colcon_core.package_discovery:discover_packages(prefix_path) using defaults
[0.823s] Level 5:colcon.colcon_core.verb:set package 'interfaces' build argument 'cmake_args' from command line to 'None'
[0.823s] Level 5:colcon.colcon_core.verb:set package 'interfaces' build argument 'cmake_target' from command line to 'None'
[0.823s] Level 5:colcon.colcon_core.verb:set package 'interfaces' build argument 'cmake_target_skip_unavailable' from command line to 'False'
[0.823s] Level 5:colcon.colcon_core.verb:set package 'interfaces' build argument 'cmake_clean_cache' from command line to 'False'
[0.823s] Level 5:colcon.colcon_core.verb:set package 'interfaces' build argument 'cmake_clean_first' from command line to 'False'
[0.823s] Level 5:colcon.colcon_core.verb:set package 'interfaces' build argument 'cmake_force_configure' from command line to 'False'
[0.823s] Level 5:colcon.colcon_core.verb:set package 'interfaces' build argument 'ament_cmake_args' from command line to 'None'
[0.823s] Level 5:colcon.colcon_core.verb:set package 'interfaces' build argument 'catkin_cmake_args' from command line to 'None'
[0.823s] Level 5:colcon.colcon_core.verb:set package 'interfaces' build argument 'catkin_skip_building_tests' from command line to 'False'
[0.823s] DEBUG:colcon.colcon_core.verb:Building package 'interfaces' with the following arguments: {'ament_cmake_args': None, 'build_base': '/home/pidog/pidog-ros2/build/interfaces', 'catkin_cmake_args': None, 'catkin_skip_building_tests': False, 'cmake_args': None, 'cmake_clean_cache': False, 'cmake_clean_first': False, 'cmake_force_configure': False, 'cmake_target': None, 'cmake_target_skip_unavailable': False, 'install_base': '/home/pidog/pidog-ros2/install/interfaces', 'merge_install': False, 'path': '/home/pidog/pidog-ros2/pidog_ws/src/interfaces', 'symlink_install': False, 'test_result_base': None}
[0.825s] Level 5:colcon.colcon_core.verb:set package 'vision' build argument 'cmake_args' from command line to 'None'
[0.825s] Level 5:colcon.colcon_core.verb:set package 'vision' build argument 'cmake_target' from command line to 'None'
[0.825s] Level 5:colcon.colcon_core.verb:set package 'vision' build argument 'cmake_target_skip_unavailable' from command line to 'False'
[0.825s] Level 5:colcon.colcon_core.verb:set package 'vision' build argument 'cmake_clean_cache' from command line to 'False'
[0.825s] Level 5:colcon.colcon_core.verb:set package 'vision' build argument 'cmake_clean_first' from command line to 'False'
[0.825s] Level 5:colcon.colcon_core.verb:set package 'vision' build argument 'cmake_force_configure' from command line to 'False'
[0.825s] Level 5:colcon.colcon_core.verb:set package 'vision' build argument 'ament_cmake_args' from command line to 'None'
[0.825s] Level 5:colcon.colcon_core.verb:set package 'vision' build argument 'catkin_cmake_args' from command line to 'None'
[0.825s] Level 5:colcon.colcon_core.verb:set package 'vision' build argument 'catkin_skip_building_tests' from command line to 'False'
[0.825s] DEBUG:colcon.colcon_core.verb:Building package 'vision' with the following arguments: {'ament_cmake_args': None, 'build_base': '/home/pidog/pidog-ros2/build/vision', 'catkin_cmake_args': None, 'catkin_skip_building_tests': False, 'cmake_args': None, 'cmake_clean_cache': False, 'cmake_clean_first': False, 'cmake_force_configure': False, 'cmake_target': None, 'cmake_target_skip_unavailable': False, 'install_base': '/home/pidog/pidog-ros2/install/vision', 'merge_install': False, 'path': '/home/pidog/pidog-ros2/pidog_ws/src/vision', 'symlink_install': False, 'test_result_base': None}
[0.826s] INFO:colcon.colcon_core.executor:Executing jobs using 'parallel' executor
[0.832s] DEBUG:colcon.colcon_parallel_executor.executor.parallel:run_until_complete
[0.833s] INFO:colcon.colcon_ros.task.ament_cmake.build:Building ROS package in '/home/pidog/pidog-ros2/pidog_ws/src/interfaces' with build type 'ament_cmake'
[0.833s] INFO:colcon.colcon_cmake.task.cmake.build:Building CMake package in '/home/pidog/pidog-ros2/pidog_ws/src/interfaces'
[0.843s] INFO:colcon.colcon_core.plugin_system:Skipping extension 'colcon_core.shell.bat': Not used on non-Windows systems
[0.844s] INFO:colcon.colcon_core.shell:Skip shell extension 'powershell' for command environment: Not usable outside of PowerShell
[0.844s] DEBUG:colcon.colcon_core.shell:Skip shell extension 'dsv' for command environment
[0.851s] INFO:colcon.colcon_ros.task.ament_python.build:Building ROS package in '/home/pidog/pidog-ros2/pidog_ws/src/vision' with build type 'ament_python'
[0.851s] Level 1:colcon.colcon_core.shell:create_environment_hook('vision', 'ament_prefix_path')
[0.856s] INFO:colcon.colcon_core.shell:Creating environment hook '/home/pidog/pidog-ros2/install/vision/share/vision/hook/ament_prefix_path.ps1'
[0.858s] INFO:colcon.colcon_core.shell:Creating environment descriptor '/home/pidog/pidog-ros2/install/vision/share/vision/hook/ament_prefix_path.dsv'
[0.859s] INFO:colcon.colcon_core.shell:Creating environment hook '/home/pidog/pidog-ros2/install/vision/share/vision/hook/ament_prefix_path.sh'
[0.862s] INFO:colcon.colcon_core.shell:Skip shell extension 'powershell' for command environment: Not usable outside of PowerShell
[0.862s] DEBUG:colcon.colcon_core.shell:Skip shell extension 'dsv' for command environment
[0.892s] DEBUG:colcon.colcon_core.event_handler.log_command:Invoking command in '/home/pidog/pidog-ros2/build/interfaces': CMAKE_PREFIX_PATH=/opt/ros/humble /usr/bin/cmake --build /home/pidog/pidog-ros2/build/interfaces -- -j4 -l4
[1.422s] INFO:colcon.colcon_core.task.python.build:Building Python package in '/home/pidog/pidog-ros2/pidog_ws/src/vision'
[1.424s] INFO:colcon.colcon_core.shell:Skip shell extension 'powershell' for command environment: Not usable outside of PowerShell
[1.425s] DEBUG:colcon.colcon_core.shell:Skip shell extension 'dsv' for command environment
[1.437s] DEBUG:colcon.colcon_core.event_handler.log_command:Invoked command in '/home/pidog/pidog-ros2/build/interfaces' returned '0': CMAKE_PREFIX_PATH=/opt/ros/humble /usr/bin/cmake --build /home/pidog/pidog-ros2/build/interfaces -- -j4 -l4
[1.523s] DEBUG:colcon.colcon_core.event_handler.log_command:Invoking command in '/home/pidog/pidog-ros2/build/interfaces': CMAKE_PREFIX_PATH=/opt/ros/humble /usr/bin/cmake --install /home/pidog/pidog-ros2/build/interfaces
[1.548s] Level 1:colcon.colcon_core.environment:create_environment_scripts_only(interfaces)
[1.549s] DEBUG:colcon.colcon_core.event_handler.log_command:Invoked command in '/home/pidog/pidog-ros2/build/interfaces' returned '0': CMAKE_PREFIX_PATH=/opt/ros/humble /usr/bin/cmake --install /home/pidog/pidog-ros2/build/interfaces
[1.560s] Level 1:colcon.colcon_core.environment:checking '/home/pidog/pidog-ros2/install/interfaces' for CMake module files
[1.561s] Level 1:colcon.colcon_core.environment:checking '/home/pidog/pidog-ros2/install/interfaces' for CMake config files
[1.561s] Level 1:colcon.colcon_core.shell:create_environment_hook('interfaces', 'cmake_prefix_path')
[1.564s] INFO:colcon.colcon_core.shell:Creating environment hook '/home/pidog/pidog-ros2/install/interfaces/share/interfaces/hook/cmake_prefix_path.ps1'
[1.565s] INFO:colcon.colcon_core.shell:Creating environment descriptor '/home/pidog/pidog-ros2/install/interfaces/share/interfaces/hook/cmake_prefix_path.dsv'
[1.566s] INFO:colcon.colcon_core.shell:Creating environment hook '/home/pidog/pidog-ros2/install/interfaces/share/interfaces/hook/cmake_prefix_path.sh'
[1.570s] Level 1:colcon.colcon_core.environment:checking '/home/pidog/pidog-ros2/install/interfaces/bin'
[1.570s] Level 1:colcon.colcon_core.environment:checking '/home/pidog/pidog-ros2/install/interfaces/lib/pkgconfig/interfaces.pc'
[1.570s] Level 1:colcon.colcon_core.environment:checking '/home/pidog/pidog-ros2/install/interfaces/lib/python3.10/site-packages'
[1.571s] Level 1:colcon.colcon_core.environment:checking '/home/pidog/pidog-ros2/install/interfaces/bin'
[1.573s] INFO:colcon.colcon_core.shell:Creating package script '/home/pidog/pidog-ros2/install/interfaces/share/interfaces/package.ps1'
[1.575s] INFO:colcon.colcon_core.shell:Creating package descriptor '/home/pidog/pidog-ros2/install/interfaces/share/interfaces/package.dsv'
[1.576s] INFO:colcon.colcon_core.shell:Creating package script '/home/pidog/pidog-ros2/install/interfaces/share/interfaces/package.sh'
[1.578s] INFO:colcon.colcon_core.shell:Creating package script '/home/pidog/pidog-ros2/install/interfaces/share/interfaces/package.bash'
[1.579s] INFO:colcon.colcon_core.shell:Creating package script '/home/pidog/pidog-ros2/install/interfaces/share/interfaces/package.zsh'
[1.581s] Level 1:colcon.colcon_core.environment:create_file_with_runtime_dependencies(/home/pidog/pidog-ros2/install/interfaces/share/colcon-core/packages/interfaces)
[1.648s] Level 1:colcon.colcon_core.environment:create_environment_scripts_only(interfaces)
[1.652s] Level 1:colcon.colcon_core.environment:checking '/home/pidog/pidog-ros2/install/interfaces' for CMake module files
[1.653s] Level 1:colcon.colcon_core.environment:checking '/home/pidog/pidog-ros2/install/interfaces' for CMake config files
[1.654s] Level 1:colcon.colcon_core.shell:create_environment_hook('interfaces', 'cmake_prefix_path')
[1.656s] INFO:colcon.colcon_core.shell:Creating environment hook '/home/pidog/pidog-ros2/install/interfaces/share/interfaces/hook/cmake_prefix_path.ps1'
[1.657s] INFO:colcon.colcon_core.shell:Creating environment descriptor '/home/pidog/pidog-ros2/install/interfaces/share/interfaces/hook/cmake_prefix_path.dsv'
[1.660s] INFO:colcon.colcon_core.shell:Creating environment hook '/home/pidog/pidog-ros2/install/interfaces/share/interfaces/hook/cmake_prefix_path.sh'
[1.661s] Level 1:colcon.colcon_core.environment:checking '/home/pidog/pidog-ros2/install/interfaces/bin'
[1.661s] Level 1:colcon.colcon_core.environment:checking '/home/pidog/pidog-ros2/install/interfaces/lib/pkgconfig/interfaces.pc'
[1.661s] Level 1:colcon.colcon_core.environment:checking '/home/pidog/pidog-ros2/install/interfaces/lib/python3.10/site-packages'
[1.662s] Level 1:colcon.colcon_core.environment:checking '/home/pidog/pidog-ros2/install/interfaces/bin'
[1.664s] INFO:colcon.colcon_core.shell:Creating package script '/home/pidog/pidog-ros2/install/interfaces/share/interfaces/package.ps1'
[1.666s] INFO:colcon.colcon_core.shell:Creating package descriptor '/home/pidog/pidog-ros2/install/interfaces/share/interfaces/package.dsv'
[1.667s] INFO:colcon.colcon_core.shell:Creating package script '/home/pidog/pidog-ros2/install/interfaces/share/interfaces/package.sh'
[1.668s] INFO:colcon.colcon_core.shell:Creating package script '/home/pidog/pidog-ros2/install/interfaces/share/interfaces/package.bash'
[1.670s] INFO:colcon.colcon_core.shell:Creating package script '/home/pidog/pidog-ros2/install/interfaces/share/interfaces/package.zsh'
[1.672s] Level 1:colcon.colcon_core.environment:create_file_with_runtime_dependencies(/home/pidog/pidog-ros2/install/interfaces/share/colcon-core/packages/interfaces)
[2.147s] DEBUG:colcon.colcon_core.event_handler.log_command:Invoking command in '/home/pidog/pidog-ros2/pidog_ws/src/vision': PYTHONPATH=/home/pidog/pidog-ros2/build/vision/prefix_override:/home/pidog/pidog-ros2/install/vision/lib/python3.10/site-packages:${PYTHONPATH} /usr/bin/python3 setup.py egg_info --egg-base ../../../build/vision build --build-base /home/pidog/pidog-ros2/build/vision/build install --record /home/pidog/pidog-ros2/build/vision/install.log --single-version-externally-managed
[2.734s] Level 1:colcon.colcon_core.environment:checking '/home/pidog/pidog-ros2/install/vision' for CMake module files
[2.735s] DEBUG:colcon.colcon_core.event_handler.log_command:Invoked command in '/home/pidog/pidog-ros2/pidog_ws/src/vision' returned '0': PYTHONPATH=/home/pidog/pidog-ros2/build/vision/prefix_override:/home/pidog/pidog-ros2/install/vision/lib/python3.10/site-packages:${PYTHONPATH} /usr/bin/python3 setup.py egg_info --egg-base ../../../build/vision build --build-base /home/pidog/pidog-ros2/build/vision/build install --record /home/pidog/pidog-ros2/build/vision/install.log --single-version-externally-managed
[2.738s] Level 1:colcon.colcon_core.environment:checking '/home/pidog/pidog-ros2/install/vision' for CMake config files
[2.739s] Level 1:colcon.colcon_core.environment:checking '/home/pidog/pidog-ros2/install/vision/lib'
[2.739s] Level 1:colcon.colcon_core.environment:checking '/home/pidog/pidog-ros2/install/vision/bin'
[2.740s] Level 1:colcon.colcon_core.environment:checking '/home/pidog/pidog-ros2/install/vision/lib/pkgconfig/vision.pc'
[2.740s] Level 1:colcon.colcon_core.environment:checking '/home/pidog/pidog-ros2/install/vision/lib/python3.10/site-packages'
[2.740s] Level 1:colcon.colcon_core.shell:create_environment_hook('vision', 'pythonpath')
[2.743s] INFO:colcon.colcon_core.shell:Creating environment hook '/home/pidog/pidog-ros2/install/vision/share/vision/hook/pythonpath.ps1'
[2.745s] INFO:colcon.colcon_core.shell:Creating environment descriptor '/home/pidog/pidog-ros2/install/vision/share/vision/hook/pythonpath.dsv'
[2.748s] INFO:colcon.colcon_core.shell:Creating environment hook '/home/pidog/pidog-ros2/install/vision/share/vision/hook/pythonpath.sh'
[2.750s] Level 1:colcon.colcon_core.environment:checking '/home/pidog/pidog-ros2/install/vision/bin'
[2.750s] Level 1:colcon.colcon_core.environment:create_environment_scripts_only(vision)
[2.754s] INFO:colcon.colcon_core.shell:Creating package script '/home/pidog/pidog-ros2/install/vision/share/vision/package.ps1'
[2.756s] INFO:colcon.colcon_core.shell:Creating package descriptor '/home/pidog/pidog-ros2/install/vision/share/vision/package.dsv'
[2.757s] INFO:colcon.colcon_core.shell:Creating package script '/home/pidog/pidog-ros2/install/vision/share/vision/package.sh'
[2.759s] INFO:colcon.colcon_core.shell:Creating package script '/home/pidog/pidog-ros2/install/vision/share/vision/package.bash'
[2.760s] INFO:colcon.colcon_core.shell:Creating package script '/home/pidog/pidog-ros2/install/vision/share/vision/package.zsh'
[2.761s] Level 1:colcon.colcon_core.environment:create_file_with_runtime_dependencies(/home/pidog/pidog-ros2/install/vision/share/colcon-core/packages/vision)
[2.762s] DEBUG:colcon.colcon_parallel_executor.executor.parallel:closing loop
[2.763s] DEBUG:colcon.colcon_parallel_executor.executor.parallel:loop closed
[2.764s] DEBUG:colcon.colcon_parallel_executor.executor.parallel:run_until_complete finished with '0'
[2.764s] DEBUG:colcon.colcon_core.event_reactor:joining thread
[2.782s] INFO:colcon.colcon_core.plugin_system:Skipping extension 'colcon_notification.desktop_notification.terminal_notifier': Not used on non-Darwin systems
[2.782s] INFO:colcon.colcon_core.plugin_system:Skipping extension 'colcon_notification.desktop_notification.win32': Not used on non-Windows systems
[2.782s] INFO:colcon.colcon_notification.desktop_notification:Sending desktop notification using 'notify2'
[2.806s] DEBUG:colcon.colcon_core.event_reactor:joined thread
[2.809s] INFO:colcon.colcon_core.shell:Creating prefix script '/home/pidog/pidog-ros2/install/local_setup.ps1'
[2.811s] INFO:colcon.colcon_core.shell:Creating prefix util module '/home/pidog/pidog-ros2/install/_local_setup_util_ps1.py'
[2.813s] INFO:colcon.colcon_core.shell:Creating prefix chain script '/home/pidog/pidog-ros2/install/setup.ps1'
[2.816s] INFO:colcon.colcon_core.shell:Creating prefix script '/home/pidog/pidog-ros2/install/local_setup.sh'
[2.818s] INFO:colcon.colcon_core.shell:Creating prefix util module '/home/pidog/pidog-ros2/install/_local_setup_util_sh.py'
[2.819s] INFO:colcon.colcon_core.shell:Creating prefix chain script '/home/pidog/pidog-ros2/install/setup.sh'
[2.822s] INFO:colcon.colcon_core.shell:Creating prefix script '/home/pidog/pidog-ros2/install/local_setup.bash'
[2.824s] INFO:colcon.colcon_core.shell:Creating prefix chain script '/home/pidog/pidog-ros2/install/setup.bash'
[2.827s] INFO:colcon.colcon_core.shell:Creating prefix script '/home/pidog/pidog-ros2/install/local_setup.zsh'
[2.829s] INFO:colcon.colcon_core.shell:Creating prefix chain script '/home/pidog/pidog-ros2/install/setup.zsh'
