[3.418s] Invoking command in '/home/pidog/pidog-ros2/src/brain': PYTHONPATH=/home/pidog/pidog-ros2/build/brain/prefix_override:/home/pidog/pidog-ros2/install/brain/lib/python3.10/site-packages:${PYTHONPATH} /usr/bin/python3 setup.py egg_info --egg-base ../../build/brain build --build-base /home/pidog/pidog-ros2/build/brain/build install --record /home/pidog/pidog-ros2/build/brain/install.log --single-version-externally-managed
[4.145s] running egg_info
[4.146s] writing ../../build/brain/brain.egg-info/PKG-INFO
[4.148s] writing dependency_links to ../../build/brain/brain.egg-info/dependency_links.txt
[4.149s] writing entry points to ../../build/brain/brain.egg-info/entry_points.txt
[4.155s] writing requirements to ../../build/brain/brain.egg-info/requires.txt
[4.155s] writing top-level names to ../../build/brain/brain.egg-info/top_level.txt
[4.155s] reading manifest file '../../build/brain/brain.egg-info/SOURCES.txt'
[4.157s] writing manifest file '../../build/brain/brain.egg-info/SOURCES.txt'
[4.159s] running build
[4.160s] running build_py
[4.160s] running install
[4.161s] /usr/lib/python3/dist-packages/setuptools/command/install.py:34: SetuptoolsDeprecationWarning: setup.py install is deprecated. Use build and pip and other standards-based tools.
[4.161s]   warnings.warn(
[4.161s] running install_lib
[4.164s] running install_data
[4.169s] running install_egg_info
[4.175s] removing '/home/pidog/pidog-ros2/install/brain/lib/python3.10/site-packages/brain-0.0.0-py3.10.egg-info' (and everything under it)
[4.176s] Copying ../../build/brain/brain.egg-info to /home/pidog/pidog-ros2/install/brain/lib/python3.10/site-packages/brain-0.0.0-py3.10.egg-info
[4.177s] running install_scripts
[4.253s] Installing brain script to /home/pidog/pidog-ros2/install/brain/lib/brain
[4.254s] writing list of installed files to '/home/pidog/pidog-ros2/build/brain/install.log'
