[0.514s] Invoking command in '/home/pidog/pidog-ros2/build/interfaces': CMAKE_PREFIX_PATH=${CMAKE_PREFIX_PATH}:/home/pidog/pidog-ros2/install/vision:/home/pidog/pidog-ros2/install/legs:/home/pidog/pidog-ros2/install/brain:/opt/ros/humble /usr/bin/cmake --build /home/pidog/pidog-ros2/build/interfaces -- -j4 -l4
[1.326s] [35m[1mConsolidate compiler generated dependencies of target interfaces__rosidl_generator_c[0m
[1.326s] [  2%] Built target interfaces__cpp
[1.327s] [ 12%] Built target interfaces__rosidl_generator_c
[1.327s] [ 12%] Built target ament_cmake_python_copy_interfaces
[1.327s] [35m[1mConsolidate compiler generated dependencies of target interfaces__rosidl_typesupport_fastrtps_cpp[0m
[1.328s] [35m[1mConsolidate compiler generated dependencies of target interfaces__rosidl_typesupport_cpp[0m
[1.328s] [35m[1mConsolidate compiler generated dependencies of target interfaces__rosidl_typesupport_introspection_cpp[0m
[1.328s] [ 23%] Built target interfaces__rosidl_typesupport_fastrtps_cpp
[1.330s] [35m[1mConsolidate compiler generated dependencies of target interfaces__rosidl_typesupport_fastrtps_c[0m
[1.331s] [ 33%] Built target interfaces__rosidl_typesupport_cpp
[1.331s] [ 43%] Built target interfaces__rosidl_typesupport_introspection_cpp
[1.331s] [35m[1mConsolidate compiler generated dependencies of target interfaces__rosidl_typesupport_introspection_c[0m
[1.332s] [35m[1mConsolidate compiler generated dependencies of target interfaces__rosidl_typesupport_c[0m
[1.332s] [ 53%] Built target interfaces__rosidl_typesupport_fastrtps_c
[1.332s] [ 64%] Built target interfaces__rosidl_typesupport_introspection_c
[1.333s] [ 74%] Built target interfaces__rosidl_typesupport_c
[1.333s] [ 74%] Built target interfaces
[1.334s] [ 76%] Built target interfaces__py
[1.334s] [35m[1mConsolidate compiler generated dependencies of target interfaces__rosidl_generator_py[0m
[1.335s] [ 84%] Built target interfaces__rosidl_generator_py
[1.335s] [35m[1mConsolidate compiler generated dependencies of target interfaces__rosidl_typesupport_fastrtps_c__pyext[0m
[1.336s] [35m[1mConsolidate compiler generated dependencies of target interfaces__rosidl_typesupport_c__pyext[0m
[1.337s] [ 89%] Built target interfaces__rosidl_typesupport_fastrtps_c__pyext
[1.338s] [35m[1mConsolidate compiler generated dependencies of target interfaces__rosidl_typesupport_introspection_c__pyext[0m
[1.340s] [ 94%] Built target interfaces__rosidl_typesupport_c__pyext
[1.340s] [100%] Built target interfaces__rosidl_typesupport_introspection_c__pyext
[1.560s] running egg_info
[1.562s] writing interfaces.egg-info/PKG-INFO
[1.564s] writing dependency_links to interfaces.egg-info/dependency_links.txt
[1.565s] writing top-level names to interfaces.egg-info/top_level.txt
[1.569s] reading manifest file 'interfaces.egg-info/SOURCES.txt'
[1.571s] writing manifest file 'interfaces.egg-info/SOURCES.txt'
[1.623s] [100%] Built target ament_cmake_python_build_interfaces_egg
[1.925s] Invoked command in '/home/pidog/pidog-ros2/build/interfaces' returned '0': CMAKE_PREFIX_PATH=${CMAKE_PREFIX_PATH}:/home/pidog/pidog-ros2/install/vision:/home/pidog/pidog-ros2/install/legs:/home/pidog/pidog-ros2/install/brain:/opt/ros/humble /usr/bin/cmake --build /home/pidog/pidog-ros2/build/interfaces -- -j4 -l4
[2.410s] Invoking command in '/home/pidog/pidog-ros2/build/interfaces': CMAKE_PREFIX_PATH=${CMAKE_PREFIX_PATH}:/home/pidog/pidog-ros2/install/vision:/home/pidog/pidog-ros2/install/legs:/home/pidog/pidog-ros2/install/brain:/opt/ros/humble /usr/bin/cmake --install /home/pidog/pidog-ros2/build/interfaces
[2.430s] -- Install configuration: ""
[2.432s] -- Up-to-date: /home/pidog/pidog-ros2/install/interfaces/share/ament_index/resource_index/rosidl_interfaces/interfaces
[2.433s] -- Up-to-date: /home/pidog/pidog-ros2/install/interfaces/include/interfaces/interfaces
[2.433s] -- Up-to-date: /home/pidog/pidog-ros2/install/interfaces/include/interfaces/interfaces/msg
[2.434s] -- Up-to-date: /home/pidog/pidog-ros2/install/interfaces/include/interfaces/interfaces/msg/rosidl_generator_c__visibility_control.h
[2.435s] -- Up-to-date: /home/pidog/pidog-ros2/install/interfaces/include/interfaces/interfaces/srv
[2.436s] -- Up-to-date: /home/pidog/pidog-ros2/install/interfaces/include/interfaces/interfaces/srv/component_status.h
[2.436s] -- Up-to-date: /home/pidog/pidog-ros2/install/interfaces/include/interfaces/interfaces/srv/detail
[2.438s] -- Up-to-date: /home/pidog/pidog-ros2/install/interfaces/include/interfaces/interfaces/srv/detail/component_status__functions.h
[2.439s] -- Up-to-date: /home/pidog/pidog-ros2/install/interfaces/include/interfaces/interfaces/srv/detail/component_status__type_support.h
[2.439s] -- Up-to-date: /home/pidog/pidog-ros2/install/interfaces/include/interfaces/interfaces/srv/detail/component_status__struct.h
[2.440s] -- Up-to-date: /home/pidog/pidog-ros2/install/interfaces/include/interfaces/interfaces/srv/detail/component_status__functions.c
[2.441s] -- Up-to-date: /home/pidog/pidog-ros2/install/interfaces/include/interfaces/interfaces/action
[2.442s] -- Up-to-date: /home/pidog/pidog-ros2/install/interfaces/include/interfaces/interfaces/action/detail
[2.443s] -- Up-to-date: /home/pidog/pidog-ros2/install/interfaces/include/interfaces/interfaces/action/detail/movement__type_support.h
[2.446s] -- Up-to-date: /home/pidog/pidog-ros2/install/interfaces/include/interfaces/interfaces/action/detail/movement__functions.c
[2.447s] -- Up-to-date: /home/pidog/pidog-ros2/install/interfaces/include/interfaces/interfaces/action/detail/movement__functions.h
[2.448s] -- Up-to-date: /home/pidog/pidog-ros2/install/interfaces/include/interfaces/interfaces/action/detail/movement__struct.h
[2.449s] -- Up-to-date: /home/pidog/pidog-ros2/install/interfaces/include/interfaces/interfaces/action/movement.h
[2.456s] -- Up-to-date: /home/pidog/pidog-ros2/install/interfaces/share/interfaces/environment/library_path.sh
[2.456s] -- Up-to-date: /home/pidog/pidog-ros2/install/interfaces/share/interfaces/environment/library_path.dsv
[2.457s] -- Up-to-date: /home/pidog/pidog-ros2/install/interfaces/lib/libinterfaces__rosidl_generator_c.so
[2.457s] -- Up-to-date: /home/pidog/pidog-ros2/install/interfaces/include/interfaces/interfaces
[2.457s] -- Up-to-date: /home/pidog/pidog-ros2/install/interfaces/include/interfaces/interfaces/msg
[2.457s] -- Up-to-date: /home/pidog/pidog-ros2/install/interfaces/include/interfaces/interfaces/msg/rosidl_typesupport_fastrtps_c__visibility_control.h
[2.457s] -- Up-to-date: /home/pidog/pidog-ros2/install/interfaces/include/interfaces/interfaces/srv
[2.457s] -- Up-to-date: /home/pidog/pidog-ros2/install/interfaces/include/interfaces/interfaces/srv/detail
[2.458s] -- Up-to-date: /home/pidog/pidog-ros2/install/interfaces/include/interfaces/interfaces/srv/detail/component_status__rosidl_typesupport_fastrtps_c.h
[2.458s] -- Up-to-date: /home/pidog/pidog-ros2/install/interfaces/include/interfaces/interfaces/action
[2.458s] -- Up-to-date: /home/pidog/pidog-ros2/install/interfaces/include/interfaces/interfaces/action/detail
[2.458s] -- Up-to-date: /home/pidog/pidog-ros2/install/interfaces/include/interfaces/interfaces/action/detail/movement__rosidl_typesupport_fastrtps_c.h
[2.458s] -- Up-to-date: /home/pidog/pidog-ros2/install/interfaces/lib/libinterfaces__rosidl_typesupport_fastrtps_c.so
[2.458s] -- Up-to-date: /home/pidog/pidog-ros2/install/interfaces/include/interfaces/interfaces
[2.459s] -- Up-to-date: /home/pidog/pidog-ros2/install/interfaces/include/interfaces/interfaces/msg
[2.459s] -- Up-to-date: /home/pidog/pidog-ros2/install/interfaces/include/interfaces/interfaces/msg/rosidl_typesupport_introspection_c__visibility_control.h
[2.459s] -- Up-to-date: /home/pidog/pidog-ros2/install/interfaces/include/interfaces/interfaces/srv
[2.459s] -- Up-to-date: /home/pidog/pidog-ros2/install/interfaces/include/interfaces/interfaces/srv/detail
[2.459s] -- Up-to-date: /home/pidog/pidog-ros2/install/interfaces/include/interfaces/interfaces/srv/detail/component_status__rosidl_typesupport_introspection_c.h
[2.460s] -- Up-to-date: /home/pidog/pidog-ros2/install/interfaces/include/interfaces/interfaces/srv/detail/component_status__type_support.c
[2.460s] -- Up-to-date: /home/pidog/pidog-ros2/install/interfaces/include/interfaces/interfaces/action
[2.460s] -- Up-to-date: /home/pidog/pidog-ros2/install/interfaces/include/interfaces/interfaces/action/detail
[2.460s] -- Up-to-date: /home/pidog/pidog-ros2/install/interfaces/include/interfaces/interfaces/action/detail/movement__rosidl_typesupport_introspection_c.h
[2.460s] -- Up-to-date: /home/pidog/pidog-ros2/install/interfaces/include/interfaces/interfaces/action/detail/movement__type_support.c
[2.460s] -- Up-to-date: /home/pidog/pidog-ros2/install/interfaces/lib/libinterfaces__rosidl_typesupport_introspection_c.so
[2.461s] -- Up-to-date: /home/pidog/pidog-ros2/install/interfaces/lib/libinterfaces__rosidl_typesupport_c.so
[2.461s] -- Up-to-date: /home/pidog/pidog-ros2/install/interfaces/include/interfaces/interfaces
[2.461s] -- Up-to-date: /home/pidog/pidog-ros2/install/interfaces/include/interfaces/interfaces/srv
[2.461s] -- Up-to-date: /home/pidog/pidog-ros2/install/interfaces/include/interfaces/interfaces/srv/component_status.hpp
[2.461s] -- Up-to-date: /home/pidog/pidog-ros2/install/interfaces/include/interfaces/interfaces/srv/detail
[2.461s] -- Up-to-date: /home/pidog/pidog-ros2/install/interfaces/include/interfaces/interfaces/srv/detail/component_status__builder.hpp
[2.462s] -- Up-to-date: /home/pidog/pidog-ros2/install/interfaces/include/interfaces/interfaces/srv/detail/component_status__struct.hpp
[2.462s] -- Up-to-date: /home/pidog/pidog-ros2/install/interfaces/include/interfaces/interfaces/srv/detail/component_status__traits.hpp
[2.462s] -- Up-to-date: /home/pidog/pidog-ros2/install/interfaces/include/interfaces/interfaces/action
[2.462s] -- Up-to-date: /home/pidog/pidog-ros2/install/interfaces/include/interfaces/interfaces/action/movement.hpp
[2.462s] -- Up-to-date: /home/pidog/pidog-ros2/install/interfaces/include/interfaces/interfaces/action/detail
[2.463s] -- Up-to-date: /home/pidog/pidog-ros2/install/interfaces/include/interfaces/interfaces/action/detail/movement__builder.hpp
[2.463s] -- Up-to-date: /home/pidog/pidog-ros2/install/interfaces/include/interfaces/interfaces/action/detail/movement__traits.hpp
[2.463s] -- Up-to-date: /home/pidog/pidog-ros2/install/interfaces/include/interfaces/interfaces/action/detail/movement__struct.hpp
[2.463s] -- Up-to-date: /home/pidog/pidog-ros2/install/interfaces/include/interfaces/interfaces
[2.463s] -- Up-to-date: /home/pidog/pidog-ros2/install/interfaces/include/interfaces/interfaces/msg
[2.463s] -- Up-to-date: /home/pidog/pidog-ros2/install/interfaces/include/interfaces/interfaces/msg/rosidl_typesupport_fastrtps_cpp__visibility_control.h
[2.470s] -- Up-to-date: /home/pidog/pidog-ros2/install/interfaces/include/interfaces/interfaces/srv
[2.470s] -- Up-to-date: /home/pidog/pidog-ros2/install/interfaces/include/interfaces/interfaces/srv/detail
[2.471s] -- Up-to-date: /home/pidog/pidog-ros2/install/interfaces/include/interfaces/interfaces/srv/detail/dds_fastrtps
[2.471s] -- Up-to-date: /home/pidog/pidog-ros2/install/interfaces/include/interfaces/interfaces/srv/detail/component_status__rosidl_typesupport_fastrtps_cpp.hpp
[2.471s] -- Up-to-date: /home/pidog/pidog-ros2/install/interfaces/include/interfaces/interfaces/action
[2.472s] -- Up-to-date: /home/pidog/pidog-ros2/install/interfaces/include/interfaces/interfaces/action/detail
[2.472s] -- Up-to-date: /home/pidog/pidog-ros2/install/interfaces/include/interfaces/interfaces/action/detail/dds_fastrtps
[2.472s] -- Up-to-date: /home/pidog/pidog-ros2/install/interfaces/include/interfaces/interfaces/action/detail/movement__rosidl_typesupport_fastrtps_cpp.hpp
[2.473s] -- Up-to-date: /home/pidog/pidog-ros2/install/interfaces/lib/libinterfaces__rosidl_typesupport_fastrtps_cpp.so
[2.473s] -- Up-to-date: /home/pidog/pidog-ros2/install/interfaces/include/interfaces/interfaces
[2.473s] -- Up-to-date: /home/pidog/pidog-ros2/install/interfaces/include/interfaces/interfaces/srv
[2.473s] -- Up-to-date: /home/pidog/pidog-ros2/install/interfaces/include/interfaces/interfaces/srv/detail
[2.473s] -- Up-to-date: /home/pidog/pidog-ros2/install/interfaces/include/interfaces/interfaces/srv/detail/component_status__type_support.cpp
[2.484s] -- Up-to-date: /home/pidog/pidog-ros2/install/interfaces/include/interfaces/interfaces/srv/detail/component_status__rosidl_typesupport_introspection_cpp.hpp
[2.500s] -- Up-to-date: /home/pidog/pidog-ros2/install/interfaces/include/interfaces/interfaces/action
[2.501s] -- Up-to-date: /home/pidog/pidog-ros2/install/interfaces/include/interfaces/interfaces/action/detail
[2.501s] -- Up-to-date: /home/pidog/pidog-ros2/install/interfaces/include/interfaces/interfaces/action/detail/movement__type_support.cpp
[2.501s] -- Up-to-date: /home/pidog/pidog-ros2/install/interfaces/include/interfaces/interfaces/action/detail/movement__rosidl_typesupport_introspection_cpp.hpp
[2.502s] -- Up-to-date: /home/pidog/pidog-ros2/install/interfaces/lib/libinterfaces__rosidl_typesupport_introspection_cpp.so
[2.502s] -- Up-to-date: /home/pidog/pidog-ros2/install/interfaces/lib/libinterfaces__rosidl_typesupport_cpp.so
[2.502s] -- Up-to-date: /home/pidog/pidog-ros2/install/interfaces/share/interfaces/environment/pythonpath.sh
[2.502s] -- Up-to-date: /home/pidog/pidog-ros2/install/interfaces/share/interfaces/environment/pythonpath.dsv
[2.502s] -- Up-to-date: /home/pidog/pidog-ros2/install/interfaces/local/lib/python3.10/dist-packages/interfaces-0.0.0-py3.10.egg-info
[2.503s] -- Installing: /home/pidog/pidog-ros2/install/interfaces/local/lib/python3.10/dist-packages/interfaces-0.0.0-py3.10.egg-info/top_level.txt
[2.503s] -- Installing: /home/pidog/pidog-ros2/install/interfaces/local/lib/python3.10/dist-packages/interfaces-0.0.0-py3.10.egg-info/SOURCES.txt
[2.503s] -- Installing: /home/pidog/pidog-ros2/install/interfaces/local/lib/python3.10/dist-packages/interfaces-0.0.0-py3.10.egg-info/dependency_links.txt
[2.503s] -- Installing: /home/pidog/pidog-ros2/install/interfaces/local/lib/python3.10/dist-packages/interfaces-0.0.0-py3.10.egg-info/PKG-INFO
[2.503s] -- Up-to-date: /home/pidog/pidog-ros2/install/interfaces/local/lib/python3.10/dist-packages/interfaces
[2.503s] -- Up-to-date: /home/pidog/pidog-ros2/install/interfaces/local/lib/python3.10/dist-packages/interfaces/__init__.py
[2.504s] -- Up-to-date: /home/pidog/pidog-ros2/install/interfaces/local/lib/python3.10/dist-packages/interfaces/_interfaces_s.ep.rosidl_typesupport_fastrtps_c.c
[2.504s] -- Up-to-date: /home/pidog/pidog-ros2/install/interfaces/local/lib/python3.10/dist-packages/interfaces/interfaces_s__rosidl_typesupport_fastrtps_c.cpython-310-x86_64-linux-gnu.so
[2.504s] -- Up-to-date: /home/pidog/pidog-ros2/install/interfaces/local/lib/python3.10/dist-packages/interfaces/_interfaces_s.ep.rosidl_typesupport_c.c
[2.504s] -- Up-to-date: /home/pidog/pidog-ros2/install/interfaces/local/lib/python3.10/dist-packages/interfaces/interfaces_s__rosidl_typesupport_c.cpython-310-x86_64-linux-gnu.so
[2.504s] -- Up-to-date: /home/pidog/pidog-ros2/install/interfaces/local/lib/python3.10/dist-packages/interfaces/srv
[2.505s] -- Up-to-date: /home/pidog/pidog-ros2/install/interfaces/local/lib/python3.10/dist-packages/interfaces/srv/_component_status_s.c
[2.505s] -- Up-to-date: /home/pidog/pidog-ros2/install/interfaces/local/lib/python3.10/dist-packages/interfaces/srv/__init__.py
[2.505s] -- Up-to-date: /home/pidog/pidog-ros2/install/interfaces/local/lib/python3.10/dist-packages/interfaces/srv/_component_status.py
[2.505s] -- Up-to-date: /home/pidog/pidog-ros2/install/interfaces/local/lib/python3.10/dist-packages/interfaces/_interfaces_s.ep.rosidl_typesupport_introspection_c.c
[2.505s] -- Up-to-date: /home/pidog/pidog-ros2/install/interfaces/local/lib/python3.10/dist-packages/interfaces/interfaces_s__rosidl_typesupport_introspection_c.cpython-310-x86_64-linux-gnu.so
[2.505s] -- Up-to-date: /home/pidog/pidog-ros2/install/interfaces/local/lib/python3.10/dist-packages/interfaces/action
[2.506s] -- Up-to-date: /home/pidog/pidog-ros2/install/interfaces/local/lib/python3.10/dist-packages/interfaces/action/__init__.py
[2.506s] -- Up-to-date: /home/pidog/pidog-ros2/install/interfaces/local/lib/python3.10/dist-packages/interfaces/action/_movement_s.c
[2.508s] -- Up-to-date: /home/pidog/pidog-ros2/install/interfaces/local/lib/python3.10/dist-packages/interfaces/action/_movement.py
[2.509s] -- Up-to-date: /home/pidog/pidog-ros2/install/interfaces/local/lib/python3.10/dist-packages/interfaces/libinterfaces__rosidl_generator_py.so
[2.565s] Listing '/home/pidog/pidog-ros2/install/interfaces/local/lib/python3.10/dist-packages/interfaces'...
[2.565s] Listing '/home/pidog/pidog-ros2/install/interfaces/local/lib/python3.10/dist-packages/interfaces/action'...
[2.566s] Listing '/home/pidog/pidog-ros2/install/interfaces/local/lib/python3.10/dist-packages/interfaces/srv'...
[2.587s] -- Up-to-date: /home/pidog/pidog-ros2/install/interfaces/local/lib/python3.10/dist-packages/interfaces/interfaces_s__rosidl_typesupport_fastrtps_c.cpython-310-x86_64-linux-gnu.so
[2.587s] -- Up-to-date: /home/pidog/pidog-ros2/install/interfaces/local/lib/python3.10/dist-packages/interfaces/interfaces_s__rosidl_typesupport_introspection_c.cpython-310-x86_64-linux-gnu.so
[2.590s] -- Up-to-date: /home/pidog/pidog-ros2/install/interfaces/local/lib/python3.10/dist-packages/interfaces/interfaces_s__rosidl_typesupport_c.cpython-310-x86_64-linux-gnu.so
[2.601s] -- Up-to-date: /home/pidog/pidog-ros2/install/interfaces/lib/libinterfaces__rosidl_generator_py.so
[2.601s] -- Up-to-date: /home/pidog/pidog-ros2/install/interfaces/share/interfaces/action/Movement.idl
[2.601s] -- Up-to-date: /home/pidog/pidog-ros2/install/interfaces/share/interfaces/srv/ComponentStatus.idl
[2.601s] -- Up-to-date: /home/pidog/pidog-ros2/install/interfaces/share/interfaces/action/Movement.action
[2.602s] -- Up-to-date: /home/pidog/pidog-ros2/install/interfaces/share/interfaces/srv/ComponentStatus.srv
[2.602s] -- Up-to-date: /home/pidog/pidog-ros2/install/interfaces/share/interfaces/srv/ComponentStatus_Request.msg
[2.602s] -- Up-to-date: /home/pidog/pidog-ros2/install/interfaces/share/interfaces/srv/ComponentStatus_Response.msg
[2.602s] -- Up-to-date: /home/pidog/pidog-ros2/install/interfaces/share/ament_index/resource_index/package_run_dependencies/interfaces
[2.602s] -- Up-to-date: /home/pidog/pidog-ros2/install/interfaces/share/ament_index/resource_index/parent_prefix_path/interfaces
[2.603s] -- Up-to-date: /home/pidog/pidog-ros2/install/interfaces/share/interfaces/environment/ament_prefix_path.sh
[2.603s] -- Up-to-date: /home/pidog/pidog-ros2/install/interfaces/share/interfaces/environment/ament_prefix_path.dsv
[2.603s] -- Up-to-date: /home/pidog/pidog-ros2/install/interfaces/share/interfaces/environment/path.sh
[2.604s] -- Up-to-date: /home/pidog/pidog-ros2/install/interfaces/share/interfaces/environment/path.dsv
[2.604s] -- Up-to-date: /home/pidog/pidog-ros2/install/interfaces/share/interfaces/local_setup.bash
[2.604s] -- Up-to-date: /home/pidog/pidog-ros2/install/interfaces/share/interfaces/local_setup.sh
[2.605s] -- Up-to-date: /home/pidog/pidog-ros2/install/interfaces/share/interfaces/local_setup.zsh
[2.605s] -- Up-to-date: /home/pidog/pidog-ros2/install/interfaces/share/interfaces/local_setup.dsv
[2.605s] -- Installing: /home/pidog/pidog-ros2/install/interfaces/share/interfaces/package.dsv
[2.605s] -- Up-to-date: /home/pidog/pidog-ros2/install/interfaces/share/ament_index/resource_index/packages/interfaces
[2.606s] -- Up-to-date: /home/pidog/pidog-ros2/install/interfaces/share/interfaces/cmake/export_interfaces__rosidl_generator_cExport.cmake
[2.606s] -- Up-to-date: /home/pidog/pidog-ros2/install/interfaces/share/interfaces/cmake/export_interfaces__rosidl_generator_cExport-noconfig.cmake
[2.607s] -- Up-to-date: /home/pidog/pidog-ros2/install/interfaces/share/interfaces/cmake/export_interfaces__rosidl_typesupport_fastrtps_cExport.cmake
[2.609s] -- Up-to-date: /home/pidog/pidog-ros2/install/interfaces/share/interfaces/cmake/export_interfaces__rosidl_typesupport_fastrtps_cExport-noconfig.cmake
[2.611s] -- Up-to-date: /home/pidog/pidog-ros2/install/interfaces/share/interfaces/cmake/interfaces__rosidl_typesupport_introspection_cExport.cmake
[2.612s] -- Up-to-date: /home/pidog/pidog-ros2/install/interfaces/share/interfaces/cmake/interfaces__rosidl_typesupport_introspection_cExport-noconfig.cmake
[2.612s] -- Up-to-date: /home/pidog/pidog-ros2/install/interfaces/share/interfaces/cmake/interfaces__rosidl_typesupport_cExport.cmake
[2.613s] -- Up-to-date: /home/pidog/pidog-ros2/install/interfaces/share/interfaces/cmake/interfaces__rosidl_typesupport_cExport-noconfig.cmake
[2.613s] -- Up-to-date: /home/pidog/pidog-ros2/install/interfaces/share/interfaces/cmake/export_interfaces__rosidl_generator_cppExport.cmake
[2.613s] -- Up-to-date: /home/pidog/pidog-ros2/install/interfaces/share/interfaces/cmake/export_interfaces__rosidl_typesupport_fastrtps_cppExport.cmake
[2.614s] -- Up-to-date: /home/pidog/pidog-ros2/install/interfaces/share/interfaces/cmake/export_interfaces__rosidl_typesupport_fastrtps_cppExport-noconfig.cmake
[2.614s] -- Up-to-date: /home/pidog/pidog-ros2/install/interfaces/share/interfaces/cmake/interfaces__rosidl_typesupport_introspection_cppExport.cmake
[2.615s] -- Up-to-date: /home/pidog/pidog-ros2/install/interfaces/share/interfaces/cmake/interfaces__rosidl_typesupport_introspection_cppExport-noconfig.cmake
[2.615s] -- Up-to-date: /home/pidog/pidog-ros2/install/interfaces/share/interfaces/cmake/interfaces__rosidl_typesupport_cppExport.cmake
[2.615s] -- Up-to-date: /home/pidog/pidog-ros2/install/interfaces/share/interfaces/cmake/interfaces__rosidl_typesupport_cppExport-noconfig.cmake
[2.616s] -- Up-to-date: /home/pidog/pidog-ros2/install/interfaces/share/interfaces/cmake/export_interfaces__rosidl_generator_pyExport.cmake
[2.616s] -- Up-to-date: /home/pidog/pidog-ros2/install/interfaces/share/interfaces/cmake/export_interfaces__rosidl_generator_pyExport-noconfig.cmake
[2.616s] -- Up-to-date: /home/pidog/pidog-ros2/install/interfaces/share/interfaces/cmake/rosidl_cmake-extras.cmake
[2.617s] -- Up-to-date: /home/pidog/pidog-ros2/install/interfaces/share/interfaces/cmake/ament_cmake_export_dependencies-extras.cmake
[2.617s] -- Up-to-date: /home/pidog/pidog-ros2/install/interfaces/share/interfaces/cmake/ament_cmake_export_include_directories-extras.cmake
[2.629s] -- Up-to-date: /home/pidog/pidog-ros2/install/interfaces/share/interfaces/cmake/ament_cmake_export_libraries-extras.cmake
[2.631s] -- Up-to-date: /home/pidog/pidog-ros2/install/interfaces/share/interfaces/cmake/ament_cmake_export_targets-extras.cmake
[2.631s] -- Up-to-date: /home/pidog/pidog-ros2/install/interfaces/share/interfaces/cmake/rosidl_cmake_export_typesupport_targets-extras.cmake
[2.631s] -- Up-to-date: /home/pidog/pidog-ros2/install/interfaces/share/interfaces/cmake/rosidl_cmake_export_typesupport_libraries-extras.cmake
[2.631s] -- Up-to-date: /home/pidog/pidog-ros2/install/interfaces/share/interfaces/cmake/interfacesConfig.cmake
[2.631s] -- Up-to-date: /home/pidog/pidog-ros2/install/interfaces/share/interfaces/cmake/interfacesConfig-version.cmake
[2.632s] -- Up-to-date: /home/pidog/pidog-ros2/install/interfaces/share/interfaces/package.xml
[2.632s] Invoked command in '/home/pidog/pidog-ros2/build/interfaces' returned '0': CMAKE_PREFIX_PATH=${CMAKE_PREFIX_PATH}:/home/pidog/pidog-ros2/install/vision:/home/pidog/pidog-ros2/install/legs:/home/pidog/pidog-ros2/install/brain:/opt/ros/humble /usr/bin/cmake --install /home/pidog/pidog-ros2/build/interfaces
