[0.083s] Invoking command in '/home/pidog/pidog-ros2/build/interfaces': CMAKE_PREFIX_PATH=/opt/ros/humble /usr/bin/cmake --build /home/pidog/pidog-ros2/build/interfaces -- -j4 -l4
[0.851s] [  2%] Built target interfaces__cpp
[0.851s] [ 12%] Built target interfaces__rosidl_generator_c
[0.851s] [ 12%] Built target ament_cmake_python_copy_interfaces
[0.852s] [ 23%] Built target interfaces__rosidl_typesupport_fastrtps_cpp
[0.852s] [ 33%] Built target interfaces__rosidl_typesupport_introspection_cpp
[0.852s] [ 43%] Built target interfaces__rosidl_typesupport_cpp
[0.852s] [ 53%] Built target interfaces__rosidl_typesupport_fastrtps_c
[0.852s] [ 64%] Built target interfaces__rosidl_typesupport_introspection_c
[0.852s] [ 74%] Built target interfaces__rosidl_typesupport_c
[0.853s] [ 74%] Built target interfaces
[0.853s] [ 76%] Built target interfaces__py
[0.853s] [ 84%] Built target interfaces__rosidl_generator_py
[0.853s] [ 89%] Built target interfaces__rosidl_typesupport_fastrtps_c__pyext
[0.853s] [ 94%] Built target interfaces__rosidl_typesupport_c__pyext
[0.853s] [100%] Built target interfaces__rosidl_typesupport_introspection_c__pyext
[0.935s] running egg_info
[0.937s] writing interfaces.egg-info/PKG-INFO
[0.939s] writing dependency_links to interfaces.egg-info/dependency_links.txt
[0.939s] writing top-level names to interfaces.egg-info/top_level.txt
[0.942s] reading manifest file 'interfaces.egg-info/SOURCES.txt'
[0.944s] writing manifest file 'interfaces.egg-info/SOURCES.txt'
[0.989s] [100%] Built target ament_cmake_python_build_interfaces_egg
[1.340s] Invoked command in '/home/pidog/pidog-ros2/build/interfaces' returned '0': CMAKE_PREFIX_PATH=/opt/ros/humble /usr/bin/cmake --build /home/pidog/pidog-ros2/build/interfaces -- -j4 -l4
[1.814s] Invoking command in '/home/pidog/pidog-ros2/build/interfaces': CMAKE_PREFIX_PATH=/opt/ros/humble /usr/bin/cmake --install /home/pidog/pidog-ros2/build/interfaces
[1.833s] -- Install configuration: ""
[1.835s] -- Up-to-date: /home/pidog/pidog-ros2/install/interfaces/share/ament_index/resource_index/rosidl_interfaces/interfaces
[1.835s] -- Up-to-date: /home/pidog/pidog-ros2/install/interfaces/include/interfaces/interfaces
[1.836s] -- Up-to-date: /home/pidog/pidog-ros2/install/interfaces/include/interfaces/interfaces/msg
[1.836s] -- Up-to-date: /home/pidog/pidog-ros2/install/interfaces/include/interfaces/interfaces/msg/rosidl_generator_c__visibility_control.h
[1.837s] -- Up-to-date: /home/pidog/pidog-ros2/install/interfaces/include/interfaces/interfaces/srv
[1.837s] -- Up-to-date: /home/pidog/pidog-ros2/install/interfaces/include/interfaces/interfaces/srv/component_status.h
[1.838s] -- Up-to-date: /home/pidog/pidog-ros2/install/interfaces/include/interfaces/interfaces/srv/detail
[1.838s] -- Up-to-date: /home/pidog/pidog-ros2/install/interfaces/include/interfaces/interfaces/srv/detail/component_status__functions.h
[1.839s] -- Up-to-date: /home/pidog/pidog-ros2/install/interfaces/include/interfaces/interfaces/srv/detail/component_status__type_support.h
[1.839s] -- Up-to-date: /home/pidog/pidog-ros2/install/interfaces/include/interfaces/interfaces/srv/detail/component_status__struct.h
[1.840s] -- Up-to-date: /home/pidog/pidog-ros2/install/interfaces/include/interfaces/interfaces/srv/detail/component_status__functions.c
[1.840s] -- Up-to-date: /home/pidog/pidog-ros2/install/interfaces/include/interfaces/interfaces/action
[1.841s] -- Up-to-date: /home/pidog/pidog-ros2/install/interfaces/include/interfaces/interfaces/action/detail
[1.841s] -- Up-to-date: /home/pidog/pidog-ros2/install/interfaces/include/interfaces/interfaces/action/detail/movement__type_support.h
[1.842s] -- Up-to-date: /home/pidog/pidog-ros2/install/interfaces/include/interfaces/interfaces/action/detail/movement__functions.c
[1.842s] -- Up-to-date: /home/pidog/pidog-ros2/install/interfaces/include/interfaces/interfaces/action/detail/movement__functions.h
[1.843s] -- Up-to-date: /home/pidog/pidog-ros2/install/interfaces/include/interfaces/interfaces/action/detail/movement__struct.h
[1.843s] -- Up-to-date: /home/pidog/pidog-ros2/install/interfaces/include/interfaces/interfaces/action/movement.h
[1.846s] -- Up-to-date: /home/pidog/pidog-ros2/install/interfaces/share/interfaces/environment/library_path.sh
[1.846s] -- Up-to-date: /home/pidog/pidog-ros2/install/interfaces/share/interfaces/environment/library_path.dsv
[1.847s] -- Up-to-date: /home/pidog/pidog-ros2/install/interfaces/lib/libinterfaces__rosidl_generator_c.so
[1.847s] -- Up-to-date: /home/pidog/pidog-ros2/install/interfaces/include/interfaces/interfaces
[1.848s] -- Up-to-date: /home/pidog/pidog-ros2/install/interfaces/include/interfaces/interfaces/msg
[1.848s] -- Up-to-date: /home/pidog/pidog-ros2/install/interfaces/include/interfaces/interfaces/msg/rosidl_typesupport_fastrtps_c__visibility_control.h
[1.849s] -- Up-to-date: /home/pidog/pidog-ros2/install/interfaces/include/interfaces/interfaces/srv
[1.849s] -- Up-to-date: /home/pidog/pidog-ros2/install/interfaces/include/interfaces/interfaces/srv/detail
[1.850s] -- Up-to-date: /home/pidog/pidog-ros2/install/interfaces/include/interfaces/interfaces/srv/detail/component_status__rosidl_typesupport_fastrtps_c.h
[1.851s] -- Up-to-date: /home/pidog/pidog-ros2/install/interfaces/include/interfaces/interfaces/action
[1.851s] -- Up-to-date: /home/pidog/pidog-ros2/install/interfaces/include/interfaces/interfaces/action/detail
[1.852s] -- Up-to-date: /home/pidog/pidog-ros2/install/interfaces/include/interfaces/interfaces/action/detail/movement__rosidl_typesupport_fastrtps_c.h
[1.852s] -- Up-to-date: /home/pidog/pidog-ros2/install/interfaces/lib/libinterfaces__rosidl_typesupport_fastrtps_c.so
[1.853s] -- Up-to-date: /home/pidog/pidog-ros2/install/interfaces/include/interfaces/interfaces
[1.853s] -- Up-to-date: /home/pidog/pidog-ros2/install/interfaces/include/interfaces/interfaces/msg
[1.853s] -- Up-to-date: /home/pidog/pidog-ros2/install/interfaces/include/interfaces/interfaces/msg/rosidl_typesupport_introspection_c__visibility_control.h
[1.854s] -- Up-to-date: /home/pidog/pidog-ros2/install/interfaces/include/interfaces/interfaces/srv
[1.855s] -- Up-to-date: /home/pidog/pidog-ros2/install/interfaces/include/interfaces/interfaces/srv/detail
[1.855s] -- Up-to-date: /home/pidog/pidog-ros2/install/interfaces/include/interfaces/interfaces/srv/detail/component_status__rosidl_typesupport_introspection_c.h
[1.855s] -- Up-to-date: /home/pidog/pidog-ros2/install/interfaces/include/interfaces/interfaces/srv/detail/component_status__type_support.c
[1.856s] -- Up-to-date: /home/pidog/pidog-ros2/install/interfaces/include/interfaces/interfaces/action
[1.857s] -- Up-to-date: /home/pidog/pidog-ros2/install/interfaces/include/interfaces/interfaces/action/detail
[1.857s] -- Up-to-date: /home/pidog/pidog-ros2/install/interfaces/include/interfaces/interfaces/action/detail/movement__rosidl_typesupport_introspection_c.h
[1.858s] -- Up-to-date: /home/pidog/pidog-ros2/install/interfaces/include/interfaces/interfaces/action/detail/movement__type_support.c
[1.858s] -- Up-to-date: /home/pidog/pidog-ros2/install/interfaces/lib/libinterfaces__rosidl_typesupport_introspection_c.so
[1.859s] -- Up-to-date: /home/pidog/pidog-ros2/install/interfaces/lib/libinterfaces__rosidl_typesupport_c.so
[1.859s] -- Up-to-date: /home/pidog/pidog-ros2/install/interfaces/include/interfaces/interfaces
[1.859s] -- Up-to-date: /home/pidog/pidog-ros2/install/interfaces/include/interfaces/interfaces/srv
[1.859s] -- Up-to-date: /home/pidog/pidog-ros2/install/interfaces/include/interfaces/interfaces/srv/component_status.hpp
[1.859s] -- Up-to-date: /home/pidog/pidog-ros2/install/interfaces/include/interfaces/interfaces/srv/detail
[1.859s] -- Up-to-date: /home/pidog/pidog-ros2/install/interfaces/include/interfaces/interfaces/srv/detail/component_status__builder.hpp
[1.860s] -- Up-to-date: /home/pidog/pidog-ros2/install/interfaces/include/interfaces/interfaces/srv/detail/component_status__struct.hpp
[1.860s] -- Up-to-date: /home/pidog/pidog-ros2/install/interfaces/include/interfaces/interfaces/srv/detail/component_status__traits.hpp
[1.860s] -- Up-to-date: /home/pidog/pidog-ros2/install/interfaces/include/interfaces/interfaces/action
[1.860s] -- Up-to-date: /home/pidog/pidog-ros2/install/interfaces/include/interfaces/interfaces/action/movement.hpp
[1.860s] -- Up-to-date: /home/pidog/pidog-ros2/install/interfaces/include/interfaces/interfaces/action/detail
[1.860s] -- Up-to-date: /home/pidog/pidog-ros2/install/interfaces/include/interfaces/interfaces/action/detail/movement__builder.hpp
[1.861s] -- Up-to-date: /home/pidog/pidog-ros2/install/interfaces/include/interfaces/interfaces/action/detail/movement__traits.hpp
[1.861s] -- Up-to-date: /home/pidog/pidog-ros2/install/interfaces/include/interfaces/interfaces/action/detail/movement__struct.hpp
[1.861s] -- Up-to-date: /home/pidog/pidog-ros2/install/interfaces/include/interfaces/interfaces
[1.861s] -- Up-to-date: /home/pidog/pidog-ros2/install/interfaces/include/interfaces/interfaces/msg
[1.861s] -- Up-to-date: /home/pidog/pidog-ros2/install/interfaces/include/interfaces/interfaces/msg/rosidl_typesupport_fastrtps_cpp__visibility_control.h
[1.861s] -- Up-to-date: /home/pidog/pidog-ros2/install/interfaces/include/interfaces/interfaces/srv
[1.862s] -- Up-to-date: /home/pidog/pidog-ros2/install/interfaces/include/interfaces/interfaces/srv/detail
[1.862s] -- Up-to-date: /home/pidog/pidog-ros2/install/interfaces/include/interfaces/interfaces/srv/detail/dds_fastrtps
[1.862s] -- Up-to-date: /home/pidog/pidog-ros2/install/interfaces/include/interfaces/interfaces/srv/detail/component_status__rosidl_typesupport_fastrtps_cpp.hpp
[1.862s] -- Up-to-date: /home/pidog/pidog-ros2/install/interfaces/include/interfaces/interfaces/action
[1.862s] -- Up-to-date: /home/pidog/pidog-ros2/install/interfaces/include/interfaces/interfaces/action/detail
[1.863s] -- Up-to-date: /home/pidog/pidog-ros2/install/interfaces/include/interfaces/interfaces/action/detail/dds_fastrtps
[1.863s] -- Up-to-date: /home/pidog/pidog-ros2/install/interfaces/include/interfaces/interfaces/action/detail/movement__rosidl_typesupport_fastrtps_cpp.hpp
[1.867s] -- Up-to-date: /home/pidog/pidog-ros2/install/interfaces/lib/libinterfaces__rosidl_typesupport_fastrtps_cpp.so
[1.869s] -- Up-to-date: /home/pidog/pidog-ros2/install/interfaces/include/interfaces/interfaces
[1.870s] -- Up-to-date: /home/pidog/pidog-ros2/install/interfaces/include/interfaces/interfaces/srv
[1.870s] -- Up-to-date: /home/pidog/pidog-ros2/install/interfaces/include/interfaces/interfaces/srv/detail
[1.879s] -- Up-to-date: /home/pidog/pidog-ros2/install/interfaces/include/interfaces/interfaces/srv/detail/component_status__type_support.cpp
[1.880s] -- Up-to-date: /home/pidog/pidog-ros2/install/interfaces/include/interfaces/interfaces/srv/detail/component_status__rosidl_typesupport_introspection_cpp.hpp
[1.880s] -- Up-to-date: /home/pidog/pidog-ros2/install/interfaces/include/interfaces/interfaces/action
[1.880s] -- Up-to-date: /home/pidog/pidog-ros2/install/interfaces/include/interfaces/interfaces/action/detail
[1.881s] -- Up-to-date: /home/pidog/pidog-ros2/install/interfaces/include/interfaces/interfaces/action/detail/movement__type_support.cpp
[1.881s] -- Up-to-date: /home/pidog/pidog-ros2/install/interfaces/include/interfaces/interfaces/action/detail/movement__rosidl_typesupport_introspection_cpp.hpp
[1.881s] -- Up-to-date: /home/pidog/pidog-ros2/install/interfaces/lib/libinterfaces__rosidl_typesupport_introspection_cpp.so
[1.881s] -- Up-to-date: /home/pidog/pidog-ros2/install/interfaces/lib/libinterfaces__rosidl_typesupport_cpp.so
[1.882s] -- Up-to-date: /home/pidog/pidog-ros2/install/interfaces/share/interfaces/environment/pythonpath.sh
[1.882s] -- Up-to-date: /home/pidog/pidog-ros2/install/interfaces/share/interfaces/environment/pythonpath.dsv
[1.882s] -- Up-to-date: /home/pidog/pidog-ros2/install/interfaces/local/lib/python3.10/dist-packages/interfaces-0.0.0-py3.10.egg-info
[1.882s] -- Installing: /home/pidog/pidog-ros2/install/interfaces/local/lib/python3.10/dist-packages/interfaces-0.0.0-py3.10.egg-info/top_level.txt
[1.882s] -- Installing: /home/pidog/pidog-ros2/install/interfaces/local/lib/python3.10/dist-packages/interfaces-0.0.0-py3.10.egg-info/SOURCES.txt
[1.883s] -- Installing: /home/pidog/pidog-ros2/install/interfaces/local/lib/python3.10/dist-packages/interfaces-0.0.0-py3.10.egg-info/dependency_links.txt
[1.883s] -- Installing: /home/pidog/pidog-ros2/install/interfaces/local/lib/python3.10/dist-packages/interfaces-0.0.0-py3.10.egg-info/PKG-INFO
[1.883s] -- Up-to-date: /home/pidog/pidog-ros2/install/interfaces/local/lib/python3.10/dist-packages/interfaces
[1.884s] -- Up-to-date: /home/pidog/pidog-ros2/install/interfaces/local/lib/python3.10/dist-packages/interfaces/__init__.py
[1.884s] -- Up-to-date: /home/pidog/pidog-ros2/install/interfaces/local/lib/python3.10/dist-packages/interfaces/_interfaces_s.ep.rosidl_typesupport_fastrtps_c.c
[1.884s] -- Up-to-date: /home/pidog/pidog-ros2/install/interfaces/local/lib/python3.10/dist-packages/interfaces/interfaces_s__rosidl_typesupport_fastrtps_c.cpython-310-x86_64-linux-gnu.so
[1.884s] -- Up-to-date: /home/pidog/pidog-ros2/install/interfaces/local/lib/python3.10/dist-packages/interfaces/_interfaces_s.ep.rosidl_typesupport_c.c
[1.885s] -- Up-to-date: /home/pidog/pidog-ros2/install/interfaces/local/lib/python3.10/dist-packages/interfaces/interfaces_s__rosidl_typesupport_c.cpython-310-x86_64-linux-gnu.so
[1.885s] -- Up-to-date: /home/pidog/pidog-ros2/install/interfaces/local/lib/python3.10/dist-packages/interfaces/srv
[1.885s] -- Up-to-date: /home/pidog/pidog-ros2/install/interfaces/local/lib/python3.10/dist-packages/interfaces/srv/_component_status_s.c
[1.885s] -- Up-to-date: /home/pidog/pidog-ros2/install/interfaces/local/lib/python3.10/dist-packages/interfaces/srv/__init__.py
[1.886s] -- Up-to-date: /home/pidog/pidog-ros2/install/interfaces/local/lib/python3.10/dist-packages/interfaces/srv/_component_status.py
[1.886s] -- Up-to-date: /home/pidog/pidog-ros2/install/interfaces/local/lib/python3.10/dist-packages/interfaces/_interfaces_s.ep.rosidl_typesupport_introspection_c.c
[1.886s] -- Up-to-date: /home/pidog/pidog-ros2/install/interfaces/local/lib/python3.10/dist-packages/interfaces/interfaces_s__rosidl_typesupport_introspection_c.cpython-310-x86_64-linux-gnu.so
[1.886s] -- Up-to-date: /home/pidog/pidog-ros2/install/interfaces/local/lib/python3.10/dist-packages/interfaces/action
[1.887s] -- Up-to-date: /home/pidog/pidog-ros2/install/interfaces/local/lib/python3.10/dist-packages/interfaces/action/__init__.py
[1.887s] -- Up-to-date: /home/pidog/pidog-ros2/install/interfaces/local/lib/python3.10/dist-packages/interfaces/action/_movement_s.c
[1.887s] -- Up-to-date: /home/pidog/pidog-ros2/install/interfaces/local/lib/python3.10/dist-packages/interfaces/action/_movement.py
[1.888s] -- Up-to-date: /home/pidog/pidog-ros2/install/interfaces/local/lib/python3.10/dist-packages/interfaces/libinterfaces__rosidl_generator_py.so
[1.952s] Listing '/home/pidog/pidog-ros2/install/interfaces/local/lib/python3.10/dist-packages/interfaces'...
[1.953s] Listing '/home/pidog/pidog-ros2/install/interfaces/local/lib/python3.10/dist-packages/interfaces/action'...
[1.953s] Listing '/home/pidog/pidog-ros2/install/interfaces/local/lib/python3.10/dist-packages/interfaces/srv'...
[1.961s] -- Up-to-date: /home/pidog/pidog-ros2/install/interfaces/local/lib/python3.10/dist-packages/interfaces/interfaces_s__rosidl_typesupport_fastrtps_c.cpython-310-x86_64-linux-gnu.so
[1.961s] -- Up-to-date: /home/pidog/pidog-ros2/install/interfaces/local/lib/python3.10/dist-packages/interfaces/interfaces_s__rosidl_typesupport_introspection_c.cpython-310-x86_64-linux-gnu.so
[1.962s] -- Up-to-date: /home/pidog/pidog-ros2/install/interfaces/local/lib/python3.10/dist-packages/interfaces/interfaces_s__rosidl_typesupport_c.cpython-310-x86_64-linux-gnu.so
[1.963s] -- Up-to-date: /home/pidog/pidog-ros2/install/interfaces/lib/libinterfaces__rosidl_generator_py.so
[1.965s] -- Up-to-date: /home/pidog/pidog-ros2/install/interfaces/share/interfaces/action/Movement.idl
[1.965s] -- Up-to-date: /home/pidog/pidog-ros2/install/interfaces/share/interfaces/srv/ComponentStatus.idl
[1.966s] -- Up-to-date: /home/pidog/pidog-ros2/install/interfaces/share/interfaces/action/Movement.action
[1.966s] -- Up-to-date: /home/pidog/pidog-ros2/install/interfaces/share/interfaces/srv/ComponentStatus.srv
[1.967s] -- Up-to-date: /home/pidog/pidog-ros2/install/interfaces/share/interfaces/srv/ComponentStatus_Request.msg
[1.967s] -- Up-to-date: /home/pidog/pidog-ros2/install/interfaces/share/interfaces/srv/ComponentStatus_Response.msg
[1.968s] -- Up-to-date: /home/pidog/pidog-ros2/install/interfaces/share/ament_index/resource_index/package_run_dependencies/interfaces
[1.968s] -- Up-to-date: /home/pidog/pidog-ros2/install/interfaces/share/ament_index/resource_index/parent_prefix_path/interfaces
[1.969s] -- Up-to-date: /home/pidog/pidog-ros2/install/interfaces/share/interfaces/environment/ament_prefix_path.sh
[1.969s] -- Up-to-date: /home/pidog/pidog-ros2/install/interfaces/share/interfaces/environment/ament_prefix_path.dsv
[1.969s] -- Up-to-date: /home/pidog/pidog-ros2/install/interfaces/share/interfaces/environment/path.sh
[1.970s] -- Up-to-date: /home/pidog/pidog-ros2/install/interfaces/share/interfaces/environment/path.dsv
[1.970s] -- Up-to-date: /home/pidog/pidog-ros2/install/interfaces/share/interfaces/local_setup.bash
[1.971s] -- Up-to-date: /home/pidog/pidog-ros2/install/interfaces/share/interfaces/local_setup.sh
[1.971s] -- Up-to-date: /home/pidog/pidog-ros2/install/interfaces/share/interfaces/local_setup.zsh
[1.972s] -- Up-to-date: /home/pidog/pidog-ros2/install/interfaces/share/interfaces/local_setup.dsv
[1.972s] -- Installing: /home/pidog/pidog-ros2/install/interfaces/share/interfaces/package.dsv
[1.972s] -- Up-to-date: /home/pidog/pidog-ros2/install/interfaces/share/ament_index/resource_index/packages/interfaces
[1.972s] -- Up-to-date: /home/pidog/pidog-ros2/install/interfaces/share/interfaces/cmake/export_interfaces__rosidl_generator_cExport.cmake
[1.973s] -- Up-to-date: /home/pidog/pidog-ros2/install/interfaces/share/interfaces/cmake/export_interfaces__rosidl_generator_cExport-noconfig.cmake
[1.973s] -- Up-to-date: /home/pidog/pidog-ros2/install/interfaces/share/interfaces/cmake/export_interfaces__rosidl_typesupport_fastrtps_cExport.cmake
[1.973s] -- Up-to-date: /home/pidog/pidog-ros2/install/interfaces/share/interfaces/cmake/export_interfaces__rosidl_typesupport_fastrtps_cExport-noconfig.cmake
[1.974s] -- Up-to-date: /home/pidog/pidog-ros2/install/interfaces/share/interfaces/cmake/interfaces__rosidl_typesupport_introspection_cExport.cmake
[1.974s] -- Up-to-date: /home/pidog/pidog-ros2/install/interfaces/share/interfaces/cmake/interfaces__rosidl_typesupport_introspection_cExport-noconfig.cmake
[1.974s] -- Up-to-date: /home/pidog/pidog-ros2/install/interfaces/share/interfaces/cmake/interfaces__rosidl_typesupport_cExport.cmake
[1.974s] -- Up-to-date: /home/pidog/pidog-ros2/install/interfaces/share/interfaces/cmake/interfaces__rosidl_typesupport_cExport-noconfig.cmake
[1.974s] -- Up-to-date: /home/pidog/pidog-ros2/install/interfaces/share/interfaces/cmake/export_interfaces__rosidl_generator_cppExport.cmake
[1.974s] -- Up-to-date: /home/pidog/pidog-ros2/install/interfaces/share/interfaces/cmake/export_interfaces__rosidl_typesupport_fastrtps_cppExport.cmake
[1.974s] -- Up-to-date: /home/pidog/pidog-ros2/install/interfaces/share/interfaces/cmake/export_interfaces__rosidl_typesupport_fastrtps_cppExport-noconfig.cmake
[1.975s] -- Up-to-date: /home/pidog/pidog-ros2/install/interfaces/share/interfaces/cmake/interfaces__rosidl_typesupport_introspection_cppExport.cmake
[1.977s] -- Up-to-date: /home/pidog/pidog-ros2/install/interfaces/share/interfaces/cmake/interfaces__rosidl_typesupport_introspection_cppExport-noconfig.cmake
[1.978s] -- Up-to-date: /home/pidog/pidog-ros2/install/interfaces/share/interfaces/cmake/interfaces__rosidl_typesupport_cppExport.cmake
[1.979s] -- Up-to-date: /home/pidog/pidog-ros2/install/interfaces/share/interfaces/cmake/interfaces__rosidl_typesupport_cppExport-noconfig.cmake
[1.989s] -- Up-to-date: /home/pidog/pidog-ros2/install/interfaces/share/interfaces/cmake/export_interfaces__rosidl_generator_pyExport.cmake
[2.021s] -- Up-to-date: /home/pidog/pidog-ros2/install/interfaces/share/interfaces/cmake/export_interfaces__rosidl_generator_pyExport-noconfig.cmake
[2.021s] -- Up-to-date: /home/pidog/pidog-ros2/install/interfaces/share/interfaces/cmake/rosidl_cmake-extras.cmake
[2.022s] -- Up-to-date: /home/pidog/pidog-ros2/install/interfaces/share/interfaces/cmake/ament_cmake_export_dependencies-extras.cmake
[2.022s] -- Up-to-date: /home/pidog/pidog-ros2/install/interfaces/share/interfaces/cmake/ament_cmake_export_include_directories-extras.cmake
[2.022s] -- Up-to-date: /home/pidog/pidog-ros2/install/interfaces/share/interfaces/cmake/ament_cmake_export_libraries-extras.cmake
[2.022s] -- Up-to-date: /home/pidog/pidog-ros2/install/interfaces/share/interfaces/cmake/ament_cmake_export_targets-extras.cmake
[2.022s] -- Up-to-date: /home/pidog/pidog-ros2/install/interfaces/share/interfaces/cmake/rosidl_cmake_export_typesupport_targets-extras.cmake
[2.022s] -- Up-to-date: /home/pidog/pidog-ros2/install/interfaces/share/interfaces/cmake/rosidl_cmake_export_typesupport_libraries-extras.cmake
[2.022s] -- Up-to-date: /home/pidog/pidog-ros2/install/interfaces/share/interfaces/cmake/interfacesConfig.cmake
[2.022s] -- Up-to-date: /home/pidog/pidog-ros2/install/interfaces/share/interfaces/cmake/interfacesConfig-version.cmake
[2.023s] -- Up-to-date: /home/pidog/pidog-ros2/install/interfaces/share/interfaces/package.xml
[2.023s] Invoked command in '/home/pidog/pidog-ros2/build/interfaces' returned '0': CMAKE_PREFIX_PATH=/opt/ros/humble /usr/bin/cmake --install /home/pidog/pidog-ros2/build/interfaces
