[0.062s] Invoking command in '/home/pidog/pidog-ros2/build/interfaces': CMAKE_PREFIX_PATH=${CMAKE_PREFIX_PATH}:/home/pidog/pidog-ros2/install/vision:/home/pidog/ros2_ws/install/py_srvcli:/home/pidog/ros2_ws/install/py_pubsub:/home/pidog/ros2_ws/install/python_parameters:/home/pidog/ros2_ws/install/my_package:/home/pidog/ros2_ws/install/launch_testing_examples:/home/pidog/ros2_ws/install/examples_rclpy_pointcloud_publisher:/home/pidog/ros2_ws/install/examples_rclpy_minimal_subscriber:/home/pidog/ros2_ws/install/examples_rclpy_minimal_service:/home/pidog/ros2_ws/install/examples_rclpy_minimal_publisher:/home/pidog/ros2_ws/install/examples_rclpy_minimal_client:/home/pidog/ros2_ws/install/examples_rclpy_minimal_action_server:/home/pidog/ros2_ws/install/examples_rclpy_minimal_action_client:/home/pidog/ros2_ws/install/examples_rclpy_guard_conditions:/home/pidog/ros2_ws/install/examples_rclpy_executors:/opt/ros/humble /usr/bin/cmake /home/pidog/pidog-ros2/src/interfaces -DCMAKE_INSTALL_PREFIX=/home/pidog/pidog-ros2/install/interfaces
[0.087s] -- Found ament_cmake: 1.3.3 (/opt/ros/humble/share/ament_cmake/cmake)
[0.421s] -- Found rosidl_default_generators: 1.2.0 (/opt/ros/humble/share/rosidl_default_generators/cmake)
[0.432s] -- Using all available rosidl_typesupport_c: rosidl_typesupport_fastrtps_c;rosidl_typesupport_introspection_c
[0.437s] -- Found rosidl_adapter: 3.1.4 (/opt/ros/humble/share/rosidl_adapter/cmake)
[0.502s] -- Using all available rosidl_typesupport_cpp: rosidl_typesupport_fastrtps_cpp;rosidl_typesupport_introspection_cpp
[1.246s] -- Found ament_cmake_ros: 0.10.0 (/opt/ros/humble/share/ament_cmake_ros/cmake)
[1.761s] -- Using all available rosidl_typesupport_c: rosidl_typesupport_fastrtps_c;rosidl_typesupport_introspection_c
[2.301s] -- Using all available rosidl_typesupport_cpp: rosidl_typesupport_fastrtps_cpp;rosidl_typesupport_introspection_cpp
[2.360s] -- Found PythonInterp: /usr/bin/python3 (found suitable version "3.10.6", minimum required is "3.6") 
[2.373s] -- Found python_cmake_module: 0.10.0 (/opt/ros/humble/share/python_cmake_module/cmake)
[2.467s] -- Found PythonLibs: /usr/lib/x86_64-linux-gnu/libpython3.10.so (found suitable version "3.10.6", minimum required is "3.5") 
[2.467s] -- Using PYTHON_EXECUTABLE: /usr/bin/python3
[2.467s] -- Using PYTHON_INCLUDE_DIRS: /usr/include/python3.10
[2.467s] -- Using PYTHON_LIBRARIES: /usr/lib/x86_64-linux-gnu/libpython3.10.so
[2.507s] -- Found PythonExtra: .so  
[2.629s] -- Found ament_lint_auto: 0.12.5 (/opt/ros/humble/share/ament_lint_auto/cmake)
[2.715s] -- Added test 'lint_cmake' to check CMake code style
[2.720s] -- Added test 'xmllint' to check XML markup files
[2.729s] -- Configuring done
[2.786s] -- Generating done
[2.791s] -- Build files have been written to: /home/pidog/pidog-ros2/build/interfaces
[2.798s] Invoked command in '/home/pidog/pidog-ros2/build/interfaces' returned '0': CMAKE_PREFIX_PATH=${CMAKE_PREFIX_PATH}:/home/pidog/pidog-ros2/install/vision:/home/pidog/ros2_ws/install/py_srvcli:/home/pidog/ros2_ws/install/py_pubsub:/home/pidog/ros2_ws/install/python_parameters:/home/pidog/ros2_ws/install/my_package:/home/pidog/ros2_ws/install/launch_testing_examples:/home/pidog/ros2_ws/install/examples_rclpy_pointcloud_publisher:/home/pidog/ros2_ws/install/examples_rclpy_minimal_subscriber:/home/pidog/ros2_ws/install/examples_rclpy_minimal_service:/home/pidog/ros2_ws/install/examples_rclpy_minimal_publisher:/home/pidog/ros2_ws/install/examples_rclpy_minimal_client:/home/pidog/ros2_ws/install/examples_rclpy_minimal_action_server:/home/pidog/ros2_ws/install/examples_rclpy_minimal_action_client:/home/pidog/ros2_ws/install/examples_rclpy_guard_conditions:/home/pidog/ros2_ws/install/examples_rclpy_executors:/opt/ros/humble /usr/bin/cmake /home/pidog/pidog-ros2/src/interfaces -DCMAKE_INSTALL_PREFIX=/home/pidog/pidog-ros2/install/interfaces
[2.802s] Invoking command in '/home/pidog/pidog-ros2/build/interfaces': CMAKE_PREFIX_PATH=${CMAKE_PREFIX_PATH}:/home/pidog/pidog-ros2/install/vision:/home/pidog/ros2_ws/install/py_srvcli:/home/pidog/ros2_ws/install/py_pubsub:/home/pidog/ros2_ws/install/python_parameters:/home/pidog/ros2_ws/install/my_package:/home/pidog/ros2_ws/install/launch_testing_examples:/home/pidog/ros2_ws/install/examples_rclpy_pointcloud_publisher:/home/pidog/ros2_ws/install/examples_rclpy_minimal_subscriber:/home/pidog/ros2_ws/install/examples_rclpy_minimal_service:/home/pidog/ros2_ws/install/examples_rclpy_minimal_publisher:/home/pidog/ros2_ws/install/examples_rclpy_minimal_client:/home/pidog/ros2_ws/install/examples_rclpy_minimal_action_server:/home/pidog/ros2_ws/install/examples_rclpy_minimal_action_client:/home/pidog/ros2_ws/install/examples_rclpy_guard_conditions:/home/pidog/ros2_ws/install/examples_rclpy_executors:/opt/ros/humble /usr/bin/cmake --build /home/pidog/pidog-ros2/build/interfaces -- -j4 -l4
[2.883s] [  3%] [34m[1mGenerating C code for ROS interfaces[0m
[2.909s] [  6%] [34m[1mGenerating C++ code for ROS interfaces[0m
[2.931s] [  6%] Built target ament_cmake_python_copy_interfaces
[3.640s] running egg_info
[3.643s] creating interfaces.egg-info
[3.644s] writing interfaces.egg-info/PKG-INFO
[3.644s] writing dependency_links to interfaces.egg-info/dependency_links.txt
[3.645s] writing top-level names to interfaces.egg-info/top_level.txt
[3.645s] writing manifest file 'interfaces.egg-info/SOURCES.txt'
[3.653s] reading manifest file 'interfaces.egg-info/SOURCES.txt'
[3.654s] writing manifest file 'interfaces.egg-info/SOURCES.txt'
[3.735s] [  6%] Built target ament_cmake_python_build_interfaces_egg
[3.768s] [  6%] Built target interfaces__cpp
[3.801s] [  9%] [34m[1mGenerating C++ type support dispatch for ROS interfaces[0m
[3.805s] [ 12%] [34m[1mGenerating C++ type support for eProsima Fast-RTPS[0m
[3.806s] [ 16%] [34m[1mGenerating C++ introspection for ROS interfaces[0m
[3.818s] [ 19%] [32mBuilding C object CMakeFiles/interfaces__rosidl_generator_c.dir/rosidl_generator_c/interfaces/srv/detail/component_status__functions.c.o[0m
[4.386s] [ 22%] [32m[1mLinking C shared library libinterfaces__rosidl_generator_c.so[0m
[4.516s] [ 22%] Built target interfaces__rosidl_generator_c
[4.573s] [ 25%] [34m[1mGenerating C type support for eProsima Fast-RTPS[0m
[4.586s] [ 29%] [32mBuilding CXX object CMakeFiles/interfaces__rosidl_typesupport_cpp.dir/rosidl_typesupport_cpp/interfaces/srv/component_status__type_support.cpp.o[0m
[4.762s] [ 32%] [32mBuilding CXX object CMakeFiles/interfaces__rosidl_typesupport_fastrtps_cpp.dir/rosidl_typesupport_fastrtps_cpp/interfaces/srv/detail/dds_fastrtps/component_status__type_support.cpp.o[0m
[4.816s] [ 35%] [32mBuilding CXX object CMakeFiles/interfaces__rosidl_typesupport_introspection_cpp.dir/rosidl_typesupport_introspection_cpp/interfaces/srv/detail/component_status__type_support.cpp.o[0m
[5.565s] [ 38%] [32mBuilding CXX object CMakeFiles/interfaces__rosidl_typesupport_fastrtps_c.dir/rosidl_typesupport_fastrtps_c/interfaces/srv/detail/component_status__type_support_c.cpp.o[0m
[6.007s] [ 41%] [32m[1mLinking CXX shared library libinterfaces__rosidl_typesupport_cpp.so[0m
[6.150s] [ 41%] Built target interfaces__rosidl_typesupport_cpp
[6.181s] [ 45%] [34m[1mGenerating C introspection for ROS interfaces[0m
[6.506s] [ 48%] [32m[1mLinking CXX shared library libinterfaces__rosidl_typesupport_introspection_cpp.so[0m
[6.705s] [ 48%] Built target interfaces__rosidl_typesupport_introspection_cpp
[6.731s] [ 51%] [32m[1mLinking CXX shared library libinterfaces__rosidl_typesupport_fastrtps_cpp.so[0m
[6.732s] [ 54%] [34m[1mGenerating C type support dispatch for ROS interfaces[0m
[6.896s] [ 58%] [32m[1mLinking CXX shared library libinterfaces__rosidl_typesupport_fastrtps_c.so[0m
[7.055s] [ 58%] Built target interfaces__rosidl_typesupport_fastrtps_cpp
[7.134s] [ 58%] Built target interfaces__rosidl_typesupport_fastrtps_c
[7.357s] [ 61%] [32mBuilding C object CMakeFiles/interfaces__rosidl_typesupport_introspection_c.dir/rosidl_typesupport_introspection_c/interfaces/srv/detail/component_status__type_support.c.o[0m
[7.446s] [ 64%] [32m[1mLinking C shared library libinterfaces__rosidl_typesupport_introspection_c.so[0m
[7.518s] [ 64%] Built target interfaces__rosidl_typesupport_introspection_c
[7.557s] [ 67%] [32mBuilding CXX object CMakeFiles/interfaces__rosidl_typesupport_c.dir/rosidl_typesupport_c/interfaces/srv/component_status__type_support.cpp.o[0m
[7.624s] [ 70%] [32m[1mLinking CXX shared library libinterfaces__rosidl_typesupport_c.so[0m
[7.702s] [ 70%] Built target interfaces__rosidl_typesupport_c
[7.739s] [ 70%] Built target interfaces
[7.774s] [ 74%] [34m[1mGenerating Python code for ROS interfaces[0m
[8.488s] [ 74%] Built target interfaces__py
[8.534s] [ 77%] [32mBuilding C object CMakeFiles/interfaces__rosidl_generator_py.dir/rosidl_generator_py/interfaces/srv/_component_status_s.c.o[0m
[9.078s] [ 80%] [32m[1mLinking C shared library rosidl_generator_py/interfaces/libinterfaces__rosidl_generator_py.so[0m
[9.155s] [ 80%] Built target interfaces__rosidl_generator_py
[9.201s] [ 83%] [32mBuilding C object CMakeFiles/interfaces__rosidl_typesupport_introspection_c__pyext.dir/rosidl_generator_py/interfaces/_interfaces_s.ep.rosidl_typesupport_introspection_c.c.o[0m
[9.201s] [ 87%] [32mBuilding C object CMakeFiles/interfaces__rosidl_typesupport_c__pyext.dir/rosidl_generator_py/interfaces/_interfaces_s.ep.rosidl_typesupport_c.c.o[0m
[9.206s] [ 90%] [32mBuilding C object CMakeFiles/interfaces__rosidl_typesupport_fastrtps_c__pyext.dir/rosidl_generator_py/interfaces/_interfaces_s.ep.rosidl_typesupport_fastrtps_c.c.o[0m
[9.451s] [ 93%] [32m[1mLinking C shared library rosidl_generator_py/interfaces/interfaces_s__rosidl_typesupport_c.cpython-310-x86_64-linux-gnu.so[0m
[9.462s] [ 96%] [32m[1mLinking C shared library rosidl_generator_py/interfaces/interfaces_s__rosidl_typesupport_introspection_c.cpython-310-x86_64-linux-gnu.so[0m
[9.472s] [100%] [32m[1mLinking C shared library rosidl_generator_py/interfaces/interfaces_s__rosidl_typesupport_fastrtps_c.cpython-310-x86_64-linux-gnu.so[0m
[9.533s] [100%] Built target interfaces__rosidl_typesupport_c__pyext
[9.550s] [100%] Built target interfaces__rosidl_typesupport_introspection_c__pyext
[9.560s] [100%] Built target interfaces__rosidl_typesupport_fastrtps_c__pyext
[9.580s] Invoked command in '/home/pidog/pidog-ros2/build/interfaces' returned '0': CMAKE_PREFIX_PATH=${CMAKE_PREFIX_PATH}:/home/pidog/pidog-ros2/install/vision:/home/pidog/ros2_ws/install/py_srvcli:/home/pidog/ros2_ws/install/py_pubsub:/home/pidog/ros2_ws/install/python_parameters:/home/pidog/ros2_ws/install/my_package:/home/pidog/ros2_ws/install/launch_testing_examples:/home/pidog/ros2_ws/install/examples_rclpy_pointcloud_publisher:/home/pidog/ros2_ws/install/examples_rclpy_minimal_subscriber:/home/pidog/ros2_ws/install/examples_rclpy_minimal_service:/home/pidog/ros2_ws/install/examples_rclpy_minimal_publisher:/home/pidog/ros2_ws/install/examples_rclpy_minimal_client:/home/pidog/ros2_ws/install/examples_rclpy_minimal_action_server:/home/pidog/ros2_ws/install/examples_rclpy_minimal_action_client:/home/pidog/ros2_ws/install/examples_rclpy_guard_conditions:/home/pidog/ros2_ws/install/examples_rclpy_executors:/opt/ros/humble /usr/bin/cmake --build /home/pidog/pidog-ros2/build/interfaces -- -j4 -l4
[9.803s] Invoking command in '/home/pidog/pidog-ros2/build/interfaces': CMAKE_PREFIX_PATH=${CMAKE_PREFIX_PATH}:/home/pidog/pidog-ros2/install/vision:/home/pidog/ros2_ws/install/py_srvcli:/home/pidog/ros2_ws/install/py_pubsub:/home/pidog/ros2_ws/install/python_parameters:/home/pidog/ros2_ws/install/my_package:/home/pidog/ros2_ws/install/launch_testing_examples:/home/pidog/ros2_ws/install/examples_rclpy_pointcloud_publisher:/home/pidog/ros2_ws/install/examples_rclpy_minimal_subscriber:/home/pidog/ros2_ws/install/examples_rclpy_minimal_service:/home/pidog/ros2_ws/install/examples_rclpy_minimal_publisher:/home/pidog/ros2_ws/install/examples_rclpy_minimal_client:/home/pidog/ros2_ws/install/examples_rclpy_minimal_action_server:/home/pidog/ros2_ws/install/examples_rclpy_minimal_action_client:/home/pidog/ros2_ws/install/examples_rclpy_guard_conditions:/home/pidog/ros2_ws/install/examples_rclpy_executors:/opt/ros/humble /usr/bin/cmake --install /home/pidog/pidog-ros2/build/interfaces
[9.814s] -- Install configuration: ""
[9.815s] -- Installing: /home/pidog/pidog-ros2/install/interfaces/share/ament_index/resource_index/rosidl_interfaces/interfaces
[9.816s] -- Installing: /home/pidog/pidog-ros2/install/interfaces/include/interfaces/interfaces
[9.816s] -- Installing: /home/pidog/pidog-ros2/install/interfaces/include/interfaces/interfaces/msg
[9.817s] -- Installing: /home/pidog/pidog-ros2/install/interfaces/include/interfaces/interfaces/msg/rosidl_generator_c__visibility_control.h
[9.817s] -- Installing: /home/pidog/pidog-ros2/install/interfaces/include/interfaces/interfaces/srv
[9.818s] -- Installing: /home/pidog/pidog-ros2/install/interfaces/include/interfaces/interfaces/srv/component_status.h
[9.818s] -- Installing: /home/pidog/pidog-ros2/install/interfaces/include/interfaces/interfaces/srv/detail
[9.818s] -- Installing: /home/pidog/pidog-ros2/install/interfaces/include/interfaces/interfaces/srv/detail/component_status__functions.h
[9.819s] -- Installing: /home/pidog/pidog-ros2/install/interfaces/include/interfaces/interfaces/srv/detail/component_status__type_support.h
[9.819s] -- Installing: /home/pidog/pidog-ros2/install/interfaces/include/interfaces/interfaces/srv/detail/component_status__struct.h
[9.820s] -- Installing: /home/pidog/pidog-ros2/install/interfaces/include/interfaces/interfaces/srv/detail/component_status__functions.c
[9.820s] -- Installing: /home/pidog/pidog-ros2/install/interfaces/share/interfaces/environment/library_path.sh
[9.821s] -- Installing: /home/pidog/pidog-ros2/install/interfaces/share/interfaces/environment/library_path.dsv
[9.821s] -- Installing: /home/pidog/pidog-ros2/install/interfaces/lib/libinterfaces__rosidl_generator_c.so
[9.821s] -- Set runtime path of "/home/pidog/pidog-ros2/install/interfaces/lib/libinterfaces__rosidl_generator_c.so" to ""
[9.821s] -- Up-to-date: /home/pidog/pidog-ros2/install/interfaces/include/interfaces/interfaces
[9.822s] -- Up-to-date: /home/pidog/pidog-ros2/install/interfaces/include/interfaces/interfaces/msg
[9.823s] -- Installing: /home/pidog/pidog-ros2/install/interfaces/include/interfaces/interfaces/msg/rosidl_typesupport_fastrtps_c__visibility_control.h
[9.823s] -- Up-to-date: /home/pidog/pidog-ros2/install/interfaces/include/interfaces/interfaces/srv
[9.824s] -- Up-to-date: /home/pidog/pidog-ros2/install/interfaces/include/interfaces/interfaces/srv/detail
[9.824s] -- Installing: /home/pidog/pidog-ros2/install/interfaces/include/interfaces/interfaces/srv/detail/component_status__rosidl_typesupport_fastrtps_c.h
[9.824s] -- Installing: /home/pidog/pidog-ros2/install/interfaces/lib/libinterfaces__rosidl_typesupport_fastrtps_c.so
[9.824s] -- Set runtime path of "/home/pidog/pidog-ros2/install/interfaces/lib/libinterfaces__rosidl_typesupport_fastrtps_c.so" to ""
[9.824s] -- Up-to-date: /home/pidog/pidog-ros2/install/interfaces/include/interfaces/interfaces
[9.825s] -- Up-to-date: /home/pidog/pidog-ros2/install/interfaces/include/interfaces/interfaces/msg
[9.825s] -- Installing: /home/pidog/pidog-ros2/install/interfaces/include/interfaces/interfaces/msg/rosidl_typesupport_introspection_c__visibility_control.h
[9.825s] -- Up-to-date: /home/pidog/pidog-ros2/install/interfaces/include/interfaces/interfaces/srv
[9.826s] -- Up-to-date: /home/pidog/pidog-ros2/install/interfaces/include/interfaces/interfaces/srv/detail
[9.826s] -- Installing: /home/pidog/pidog-ros2/install/interfaces/include/interfaces/interfaces/srv/detail/component_status__rosidl_typesupport_introspection_c.h
[9.826s] -- Installing: /home/pidog/pidog-ros2/install/interfaces/include/interfaces/interfaces/srv/detail/component_status__type_support.c
[9.827s] -- Installing: /home/pidog/pidog-ros2/install/interfaces/lib/libinterfaces__rosidl_typesupport_introspection_c.so
[9.827s] -- Set runtime path of "/home/pidog/pidog-ros2/install/interfaces/lib/libinterfaces__rosidl_typesupport_introspection_c.so" to ""
[9.828s] -- Installing: /home/pidog/pidog-ros2/install/interfaces/lib/libinterfaces__rosidl_typesupport_c.so
[9.829s] -- Set runtime path of "/home/pidog/pidog-ros2/install/interfaces/lib/libinterfaces__rosidl_typesupport_c.so" to ""
[9.829s] -- Up-to-date: /home/pidog/pidog-ros2/install/interfaces/include/interfaces/interfaces
[9.829s] -- Up-to-date: /home/pidog/pidog-ros2/install/interfaces/include/interfaces/interfaces/srv
[9.829s] -- Installing: /home/pidog/pidog-ros2/install/interfaces/include/interfaces/interfaces/srv/component_status.hpp
[9.830s] -- Up-to-date: /home/pidog/pidog-ros2/install/interfaces/include/interfaces/interfaces/srv/detail
[9.830s] -- Installing: /home/pidog/pidog-ros2/install/interfaces/include/interfaces/interfaces/srv/detail/component_status__builder.hpp
[9.830s] -- Installing: /home/pidog/pidog-ros2/install/interfaces/include/interfaces/interfaces/srv/detail/component_status__struct.hpp
[9.830s] -- Installing: /home/pidog/pidog-ros2/install/interfaces/include/interfaces/interfaces/srv/detail/component_status__traits.hpp
[9.830s] -- Up-to-date: /home/pidog/pidog-ros2/install/interfaces/include/interfaces/interfaces
[9.830s] -- Up-to-date: /home/pidog/pidog-ros2/install/interfaces/include/interfaces/interfaces/msg
[9.830s] -- Installing: /home/pidog/pidog-ros2/install/interfaces/include/interfaces/interfaces/msg/rosidl_typesupport_fastrtps_cpp__visibility_control.h
[9.830s] -- Up-to-date: /home/pidog/pidog-ros2/install/interfaces/include/interfaces/interfaces/srv
[9.831s] -- Up-to-date: /home/pidog/pidog-ros2/install/interfaces/include/interfaces/interfaces/srv/detail
[9.831s] -- Installing: /home/pidog/pidog-ros2/install/interfaces/include/interfaces/interfaces/srv/detail/dds_fastrtps
[9.831s] -- Installing: /home/pidog/pidog-ros2/install/interfaces/include/interfaces/interfaces/srv/detail/component_status__rosidl_typesupport_fastrtps_cpp.hpp
[9.831s] -- Installing: /home/pidog/pidog-ros2/install/interfaces/lib/libinterfaces__rosidl_typesupport_fastrtps_cpp.so
[9.834s] -- Set runtime path of "/home/pidog/pidog-ros2/install/interfaces/lib/libinterfaces__rosidl_typesupport_fastrtps_cpp.so" to ""
[9.835s] -- Up-to-date: /home/pidog/pidog-ros2/install/interfaces/include/interfaces/interfaces
[9.836s] -- Up-to-date: /home/pidog/pidog-ros2/install/interfaces/include/interfaces/interfaces/srv
[9.836s] -- Up-to-date: /home/pidog/pidog-ros2/install/interfaces/include/interfaces/interfaces/srv/detail
[9.837s] -- Installing: /home/pidog/pidog-ros2/install/interfaces/include/interfaces/interfaces/srv/detail/component_status__type_support.cpp
[9.839s] -- Installing: /home/pidog/pidog-ros2/install/interfaces/include/interfaces/interfaces/srv/detail/component_status__rosidl_typesupport_introspection_cpp.hpp
[9.843s] -- Installing: /home/pidog/pidog-ros2/install/interfaces/lib/libinterfaces__rosidl_typesupport_introspection_cpp.so
[9.843s] -- Set runtime path of "/home/pidog/pidog-ros2/install/interfaces/lib/libinterfaces__rosidl_typesupport_introspection_cpp.so" to ""
[9.843s] -- Installing: /home/pidog/pidog-ros2/install/interfaces/lib/libinterfaces__rosidl_typesupport_cpp.so
[9.843s] -- Set runtime path of "/home/pidog/pidog-ros2/install/interfaces/lib/libinterfaces__rosidl_typesupport_cpp.so" to ""
[9.844s] -- Installing: /home/pidog/pidog-ros2/install/interfaces/share/interfaces/environment/pythonpath.sh
[9.844s] -- Installing: /home/pidog/pidog-ros2/install/interfaces/share/interfaces/environment/pythonpath.dsv
[9.844s] -- Installing: /home/pidog/pidog-ros2/install/interfaces/local/lib/python3.10/dist-packages/interfaces-0.0.0-py3.10.egg-info
[9.844s] -- Installing: /home/pidog/pidog-ros2/install/interfaces/local/lib/python3.10/dist-packages/interfaces-0.0.0-py3.10.egg-info/top_level.txt
[9.844s] -- Installing: /home/pidog/pidog-ros2/install/interfaces/local/lib/python3.10/dist-packages/interfaces-0.0.0-py3.10.egg-info/SOURCES.txt
[9.844s] -- Installing: /home/pidog/pidog-ros2/install/interfaces/local/lib/python3.10/dist-packages/interfaces-0.0.0-py3.10.egg-info/dependency_links.txt
[9.844s] -- Installing: /home/pidog/pidog-ros2/install/interfaces/local/lib/python3.10/dist-packages/interfaces-0.0.0-py3.10.egg-info/PKG-INFO
[9.845s] -- Installing: /home/pidog/pidog-ros2/install/interfaces/local/lib/python3.10/dist-packages/interfaces
[9.845s] -- Installing: /home/pidog/pidog-ros2/install/interfaces/local/lib/python3.10/dist-packages/interfaces/__init__.py
[9.845s] -- Installing: /home/pidog/pidog-ros2/install/interfaces/local/lib/python3.10/dist-packages/interfaces/_interfaces_s.ep.rosidl_typesupport_fastrtps_c.c
[9.845s] -- Installing: /home/pidog/pidog-ros2/install/interfaces/local/lib/python3.10/dist-packages/interfaces/interfaces_s__rosidl_typesupport_fastrtps_c.cpython-310-x86_64-linux-gnu.so
[9.845s] -- Installing: /home/pidog/pidog-ros2/install/interfaces/local/lib/python3.10/dist-packages/interfaces/_interfaces_s.ep.rosidl_typesupport_c.c
[9.845s] -- Installing: /home/pidog/pidog-ros2/install/interfaces/local/lib/python3.10/dist-packages/interfaces/interfaces_s__rosidl_typesupport_c.cpython-310-x86_64-linux-gnu.so
[9.846s] -- Installing: /home/pidog/pidog-ros2/install/interfaces/local/lib/python3.10/dist-packages/interfaces/srv
[9.847s] -- Installing: /home/pidog/pidog-ros2/install/interfaces/local/lib/python3.10/dist-packages/interfaces/srv/_component_status_s.c
[9.848s] -- Installing: /home/pidog/pidog-ros2/install/interfaces/local/lib/python3.10/dist-packages/interfaces/srv/__init__.py
[9.850s] -- Installing: /home/pidog/pidog-ros2/install/interfaces/local/lib/python3.10/dist-packages/interfaces/srv/_component_status.py
[9.851s] -- Installing: /home/pidog/pidog-ros2/install/interfaces/local/lib/python3.10/dist-packages/interfaces/_interfaces_s.ep.rosidl_typesupport_introspection_c.c
[9.851s] -- Installing: /home/pidog/pidog-ros2/install/interfaces/local/lib/python3.10/dist-packages/interfaces/interfaces_s__rosidl_typesupport_introspection_c.cpython-310-x86_64-linux-gnu.so
[9.851s] -- Installing: /home/pidog/pidog-ros2/install/interfaces/local/lib/python3.10/dist-packages/interfaces/libinterfaces__rosidl_generator_py.so
[9.926s] Listing '/home/pidog/pidog-ros2/install/interfaces/local/lib/python3.10/dist-packages/interfaces'...
[9.926s] Compiling '/home/pidog/pidog-ros2/install/interfaces/local/lib/python3.10/dist-packages/interfaces/__init__.py'...
[9.926s] Listing '/home/pidog/pidog-ros2/install/interfaces/local/lib/python3.10/dist-packages/interfaces/srv'...
[9.926s] Compiling '/home/pidog/pidog-ros2/install/interfaces/local/lib/python3.10/dist-packages/interfaces/srv/__init__.py'...
[9.926s] Compiling '/home/pidog/pidog-ros2/install/interfaces/local/lib/python3.10/dist-packages/interfaces/srv/_component_status.py'...
[9.937s] -- Installing: /home/pidog/pidog-ros2/install/interfaces/local/lib/python3.10/dist-packages/interfaces/interfaces_s__rosidl_typesupport_fastrtps_c.cpython-310-x86_64-linux-gnu.so
[9.937s] -- Set runtime path of "/home/pidog/pidog-ros2/install/interfaces/local/lib/python3.10/dist-packages/interfaces/interfaces_s__rosidl_typesupport_fastrtps_c.cpython-310-x86_64-linux-gnu.so" to ""
[9.937s] -- Installing: /home/pidog/pidog-ros2/install/interfaces/local/lib/python3.10/dist-packages/interfaces/interfaces_s__rosidl_typesupport_introspection_c.cpython-310-x86_64-linux-gnu.so
[9.938s] -- Set runtime path of "/home/pidog/pidog-ros2/install/interfaces/local/lib/python3.10/dist-packages/interfaces/interfaces_s__rosidl_typesupport_introspection_c.cpython-310-x86_64-linux-gnu.so" to ""
[9.939s] -- Installing: /home/pidog/pidog-ros2/install/interfaces/local/lib/python3.10/dist-packages/interfaces/interfaces_s__rosidl_typesupport_c.cpython-310-x86_64-linux-gnu.so
[9.940s] -- Set runtime path of "/home/pidog/pidog-ros2/install/interfaces/local/lib/python3.10/dist-packages/interfaces/interfaces_s__rosidl_typesupport_c.cpython-310-x86_64-linux-gnu.so" to ""
[9.940s] -- Installing: /home/pidog/pidog-ros2/install/interfaces/lib/libinterfaces__rosidl_generator_py.so
[9.941s] -- Set runtime path of "/home/pidog/pidog-ros2/install/interfaces/lib/libinterfaces__rosidl_generator_py.so" to ""
[9.942s] -- Installing: /home/pidog/pidog-ros2/install/interfaces/share/interfaces/srv/ComponentStatus.idl
[9.942s] -- Installing: /home/pidog/pidog-ros2/install/interfaces/share/interfaces/srv/ComponentStatus.srv
[9.943s] -- Installing: /home/pidog/pidog-ros2/install/interfaces/share/interfaces/srv/ComponentStatus_Request.msg
[9.944s] -- Installing: /home/pidog/pidog-ros2/install/interfaces/share/interfaces/srv/ComponentStatus_Response.msg
[9.945s] -- Installing: /home/pidog/pidog-ros2/install/interfaces/share/ament_index/resource_index/package_run_dependencies/interfaces
[9.946s] -- Installing: /home/pidog/pidog-ros2/install/interfaces/share/ament_index/resource_index/parent_prefix_path/interfaces
[9.948s] -- Installing: /home/pidog/pidog-ros2/install/interfaces/share/interfaces/environment/ament_prefix_path.sh
[9.950s] -- Installing: /home/pidog/pidog-ros2/install/interfaces/share/interfaces/environment/ament_prefix_path.dsv
[9.951s] -- Installing: /home/pidog/pidog-ros2/install/interfaces/share/interfaces/environment/path.sh
[9.951s] -- Installing: /home/pidog/pidog-ros2/install/interfaces/share/interfaces/environment/path.dsv
[9.952s] -- Installing: /home/pidog/pidog-ros2/install/interfaces/share/interfaces/local_setup.bash
[9.953s] -- Installing: /home/pidog/pidog-ros2/install/interfaces/share/interfaces/local_setup.sh
[9.953s] -- Installing: /home/pidog/pidog-ros2/install/interfaces/share/interfaces/local_setup.zsh
[9.954s] -- Installing: /home/pidog/pidog-ros2/install/interfaces/share/interfaces/local_setup.dsv
[9.954s] -- Installing: /home/pidog/pidog-ros2/install/interfaces/share/interfaces/package.dsv
[9.955s] -- Installing: /home/pidog/pidog-ros2/install/interfaces/share/ament_index/resource_index/packages/interfaces
[9.956s] -- Installing: /home/pidog/pidog-ros2/install/interfaces/share/interfaces/cmake/export_interfaces__rosidl_generator_cExport.cmake
[9.957s] -- Installing: /home/pidog/pidog-ros2/install/interfaces/share/interfaces/cmake/export_interfaces__rosidl_generator_cExport-noconfig.cmake
[9.957s] -- Installing: /home/pidog/pidog-ros2/install/interfaces/share/interfaces/cmake/export_interfaces__rosidl_typesupport_fastrtps_cExport.cmake
[9.958s] -- Installing: /home/pidog/pidog-ros2/install/interfaces/share/interfaces/cmake/export_interfaces__rosidl_typesupport_fastrtps_cExport-noconfig.cmake
[9.959s] -- Installing: /home/pidog/pidog-ros2/install/interfaces/share/interfaces/cmake/interfaces__rosidl_typesupport_introspection_cExport.cmake
[9.960s] -- Installing: /home/pidog/pidog-ros2/install/interfaces/share/interfaces/cmake/interfaces__rosidl_typesupport_introspection_cExport-noconfig.cmake
[9.961s] -- Installing: /home/pidog/pidog-ros2/install/interfaces/share/interfaces/cmake/interfaces__rosidl_typesupport_cExport.cmake
[9.962s] -- Installing: /home/pidog/pidog-ros2/install/interfaces/share/interfaces/cmake/interfaces__rosidl_typesupport_cExport-noconfig.cmake
[9.962s] -- Installing: /home/pidog/pidog-ros2/install/interfaces/share/interfaces/cmake/export_interfaces__rosidl_generator_cppExport.cmake
[9.963s] -- Installing: /home/pidog/pidog-ros2/install/interfaces/share/interfaces/cmake/export_interfaces__rosidl_typesupport_fastrtps_cppExport.cmake
[9.963s] -- Installing: /home/pidog/pidog-ros2/install/interfaces/share/interfaces/cmake/export_interfaces__rosidl_typesupport_fastrtps_cppExport-noconfig.cmake
[9.964s] -- Installing: /home/pidog/pidog-ros2/install/interfaces/share/interfaces/cmake/interfaces__rosidl_typesupport_introspection_cppExport.cmake
[9.964s] -- Installing: /home/pidog/pidog-ros2/install/interfaces/share/interfaces/cmake/interfaces__rosidl_typesupport_introspection_cppExport-noconfig.cmake
[9.965s] -- Installing: /home/pidog/pidog-ros2/install/interfaces/share/interfaces/cmake/interfaces__rosidl_typesupport_cppExport.cmake
[9.966s] -- Installing: /home/pidog/pidog-ros2/install/interfaces/share/interfaces/cmake/interfaces__rosidl_typesupport_cppExport-noconfig.cmake
[9.966s] -- Installing: /home/pidog/pidog-ros2/install/interfaces/share/interfaces/cmake/export_interfaces__rosidl_generator_pyExport.cmake
[9.967s] -- Installing: /home/pidog/pidog-ros2/install/interfaces/share/interfaces/cmake/export_interfaces__rosidl_generator_pyExport-noconfig.cmake
[9.968s] -- Installing: /home/pidog/pidog-ros2/install/interfaces/share/interfaces/cmake/rosidl_cmake-extras.cmake
[9.968s] -- Installing: /home/pidog/pidog-ros2/install/interfaces/share/interfaces/cmake/ament_cmake_export_include_directories-extras.cmake
[9.968s] -- Installing: /home/pidog/pidog-ros2/install/interfaces/share/interfaces/cmake/ament_cmake_export_libraries-extras.cmake
[9.969s] -- Installing: /home/pidog/pidog-ros2/install/interfaces/share/interfaces/cmake/ament_cmake_export_targets-extras.cmake
[9.969s] -- Installing: /home/pidog/pidog-ros2/install/interfaces/share/interfaces/cmake/rosidl_cmake_export_typesupport_targets-extras.cmake
[9.969s] -- Installing: /home/pidog/pidog-ros2/install/interfaces/share/interfaces/cmake/ament_cmake_export_dependencies-extras.cmake
[9.969s] -- Installing: /home/pidog/pidog-ros2/install/interfaces/share/interfaces/cmake/rosidl_cmake_export_typesupport_libraries-extras.cmake
[9.969s] -- Installing: /home/pidog/pidog-ros2/install/interfaces/share/interfaces/cmake/interfacesConfig.cmake
[9.969s] -- Installing: /home/pidog/pidog-ros2/install/interfaces/share/interfaces/cmake/interfacesConfig-version.cmake
[9.970s] -- Installing: /home/pidog/pidog-ros2/install/interfaces/share/interfaces/package.xml
[9.976s] Invoked command in '/home/pidog/pidog-ros2/build/interfaces' returned '0': CMAKE_PREFIX_PATH=${CMAKE_PREFIX_PATH}:/home/pidog/pidog-ros2/install/vision:/home/pidog/ros2_ws/install/py_srvcli:/home/pidog/ros2_ws/install/py_pubsub:/home/pidog/ros2_ws/install/python_parameters:/home/pidog/ros2_ws/install/my_package:/home/pidog/ros2_ws/install/launch_testing_examples:/home/pidog/ros2_ws/install/examples_rclpy_pointcloud_publisher:/home/pidog/ros2_ws/install/examples_rclpy_minimal_subscriber:/home/pidog/ros2_ws/install/examples_rclpy_minimal_service:/home/pidog/ros2_ws/install/examples_rclpy_minimal_publisher:/home/pidog/ros2_ws/install/examples_rclpy_minimal_client:/home/pidog/ros2_ws/install/examples_rclpy_minimal_action_server:/home/pidog/ros2_ws/install/examples_rclpy_minimal_action_client:/home/pidog/ros2_ws/install/examples_rclpy_guard_conditions:/home/pidog/ros2_ws/install/examples_rclpy_executors:/opt/ros/humble /usr/bin/cmake --install /home/pidog/pidog-ros2/build/interfaces
