[1.149s] DEBUG:colcon:Command line arguments: ['/usr/bin/colcon', 'build']
[1.149s] DEBUG:colcon:Parsed command line arguments: Namespace(log_base=None, log_level=None, verb_name='build', build_base='build', install_base='install', merge_install=False, symlink_install=False, test_result_base=None, continue_on_error=False, executor='parallel', parallel_workers=4, event_handlers=None, ignore_user_meta=False, metas=['./colcon.meta'], base_paths=['.'], packages_ignore=None, packages_ignore_regex=None, paths=None, packages_up_to=None, packages_up_to_regex=None, packages_above=None, packages_above_and_dependencies=None, packages_above_depth=None, packages_select_by_dep=None, packages_skip_by_dep=None, packages_skip_up_to=None, packages_select_build_failed=False, packages_skip_build_finished=False, packages_select_test_failures=False, packages_skip_test_passed=False, packages_select=None, packages_skip=None, packages_select_regex=None, packages_skip_regex=None, packages_start=None, packages_end=None, allow_overriding=[], cmake_args=None, cmake_target=None, cmake_target_skip_unavailable=False, cmake_clean_cache=False, cmake_clean_first=False, cmake_force_configure=False, ament_cmake_args=None, catkin_cmake_args=None, catkin_skip_building_tests=False, verb_parser=<colcon_defaults.argument_parser.defaults.DefaultArgumentsDecorator object at 0x7ff6206b8b80>, verb_extension=<colcon_core.verb.build.BuildVerb object at 0x7ff6205e2950>, main=<bound method BuildVerb.main of <colcon_core.verb.build.BuildVerb object at 0x7ff6205e2950>>)
[1.268s] Level 1:colcon.colcon_core.package_discovery:discover_packages(colcon_meta) check parameters
[1.268s] Level 1:colcon.colcon_core.package_discovery:discover_packages(recursive) check parameters
[1.269s] Level 1:colcon.colcon_core.package_discovery:discover_packages(ignore) check parameters
[1.269s] Level 1:colcon.colcon_core.package_discovery:discover_packages(path) check parameters
[1.269s] Level 1:colcon.colcon_core.package_discovery:discover_packages(colcon_meta) discover
[1.269s] Level 1:colcon.colcon_core.package_discovery:discover_packages(recursive) discover
[1.269s] INFO:colcon.colcon_core.package_discovery:Crawling recursively for packages in '/home/pidog/pidog-ros2'
[1.270s] Level 1:colcon.colcon_core.package_identification:_identify(.) by extensions ['ignore', 'ignore_ament_install']
[1.270s] Level 1:colcon.colcon_core.package_identification:_identify(.) by extension 'ignore'
[1.270s] Level 1:colcon.colcon_core.package_identification:_identify(.) by extension 'ignore_ament_install'
[1.270s] Level 1:colcon.colcon_core.package_identification:_identify(.) by extensions ['colcon_pkg']
[1.270s] Level 1:colcon.colcon_core.package_identification:_identify(.) by extension 'colcon_pkg'
[1.270s] Level 1:colcon.colcon_core.package_identification:_identify(.) by extensions ['colcon_meta']
[1.271s] Level 1:colcon.colcon_core.package_identification:_identify(.) by extension 'colcon_meta'
[1.271s] Level 1:colcon.colcon_core.package_identification:_identify(.) by extensions ['ros']
[1.271s] Level 1:colcon.colcon_core.package_identification:_identify(.) by extension 'ros'
[1.320s] Level 1:colcon.colcon_core.package_identification:_identify(.) by extensions ['cmake', 'python']
[1.321s] Level 1:colcon.colcon_core.package_identification:_identify(.) by extension 'cmake'
[1.321s] Level 1:colcon.colcon_core.package_identification:_identify(.) by extension 'python'
[1.321s] Level 1:colcon.colcon_core.package_identification:_identify(.) by extensions ['python_setup_py']
[1.321s] Level 1:colcon.colcon_core.package_identification:_identify(.) by extension 'python_setup_py'
[1.321s] Level 1:colcon.colcon_core.package_identification:_identify(build) by extensions ['ignore', 'ignore_ament_install']
[1.321s] Level 1:colcon.colcon_core.package_identification:_identify(build) by extension 'ignore'
[1.322s] Level 1:colcon.colcon_core.package_identification:_identify(build) ignored
[1.326s] Level 1:colcon.colcon_core.package_identification:_identify(install) by extensions ['ignore', 'ignore_ament_install']
[1.327s] Level 1:colcon.colcon_core.package_identification:_identify(install) by extension 'ignore'
[1.327s] Level 1:colcon.colcon_core.package_identification:_identify(install) ignored
[1.328s] Level 1:colcon.colcon_core.package_identification:_identify(log) by extensions ['ignore', 'ignore_ament_install']
[1.329s] Level 1:colcon.colcon_core.package_identification:_identify(log) by extension 'ignore'
[1.329s] Level 1:colcon.colcon_core.package_identification:_identify(log) ignored
[1.329s] Level 1:colcon.colcon_core.package_identification:_identify(src) by extensions ['ignore', 'ignore_ament_install']
[1.329s] Level 1:colcon.colcon_core.package_identification:_identify(src) by extension 'ignore'
[1.329s] Level 1:colcon.colcon_core.package_identification:_identify(src) by extension 'ignore_ament_install'
[1.329s] Level 1:colcon.colcon_core.package_identification:_identify(src) by extensions ['colcon_pkg']
[1.329s] Level 1:colcon.colcon_core.package_identification:_identify(src) by extension 'colcon_pkg'
[1.329s] Level 1:colcon.colcon_core.package_identification:_identify(src) by extensions ['colcon_meta']
[1.329s] Level 1:colcon.colcon_core.package_identification:_identify(src) by extension 'colcon_meta'
[1.329s] Level 1:colcon.colcon_core.package_identification:_identify(src) by extensions ['ros']
[1.329s] Level 1:colcon.colcon_core.package_identification:_identify(src) by extension 'ros'
[1.330s] Level 1:colcon.colcon_core.package_identification:_identify(src) by extensions ['cmake', 'python']
[1.330s] Level 1:colcon.colcon_core.package_identification:_identify(src) by extension 'cmake'
[1.330s] Level 1:colcon.colcon_core.package_identification:_identify(src) by extension 'python'
[1.330s] Level 1:colcon.colcon_core.package_identification:_identify(src) by extensions ['python_setup_py']
[1.330s] Level 1:colcon.colcon_core.package_identification:_identify(src) by extension 'python_setup_py'
[1.330s] Level 1:colcon.colcon_core.package_identification:_identify(src/brain) by extensions ['ignore', 'ignore_ament_install']
[1.331s] Level 1:colcon.colcon_core.package_identification:_identify(src/brain) by extension 'ignore'
[1.331s] Level 1:colcon.colcon_core.package_identification:_identify(src/brain) by extension 'ignore_ament_install'
[1.331s] Level 1:colcon.colcon_core.package_identification:_identify(src/brain) by extensions ['colcon_pkg']
[1.331s] Level 1:colcon.colcon_core.package_identification:_identify(src/brain) by extension 'colcon_pkg'
[1.332s] Level 1:colcon.colcon_core.package_identification:_identify(src/brain) by extensions ['colcon_meta']
[1.332s] Level 1:colcon.colcon_core.package_identification:_identify(src/brain) by extension 'colcon_meta'
[1.332s] Level 1:colcon.colcon_core.package_identification:_identify(src/brain) by extensions ['ros']
[1.332s] Level 1:colcon.colcon_core.package_identification:_identify(src/brain) by extension 'ros'
[1.341s] DEBUG:colcon.colcon_core.package_identification:Package 'src/brain' with type 'ros.ament_python' and name 'brain'
[1.343s] Level 1:colcon.colcon_core.package_identification:_identify(src/interfaces) by extensions ['ignore', 'ignore_ament_install']
[1.344s] Level 1:colcon.colcon_core.package_identification:_identify(src/interfaces) by extension 'ignore'
[1.345s] Level 1:colcon.colcon_core.package_identification:_identify(src/interfaces) by extension 'ignore_ament_install'
[1.345s] Level 1:colcon.colcon_core.package_identification:_identify(src/interfaces) by extensions ['colcon_pkg']
[1.345s] Level 1:colcon.colcon_core.package_identification:_identify(src/interfaces) by extension 'colcon_pkg'
[1.345s] Level 1:colcon.colcon_core.package_identification:_identify(src/interfaces) by extensions ['colcon_meta']
[1.345s] Level 1:colcon.colcon_core.package_identification:_identify(src/interfaces) by extension 'colcon_meta'
[1.345s] Level 1:colcon.colcon_core.package_identification:_identify(src/interfaces) by extensions ['ros']
[1.346s] Level 1:colcon.colcon_core.package_identification:_identify(src/interfaces) by extension 'ros'
[1.348s] DEBUG:colcon.colcon_core.package_identification:Package 'src/interfaces' with type 'ros.ament_cmake' and name 'interfaces'
[1.349s] Level 1:colcon.colcon_core.package_identification:_identify(src/legs) by extensions ['ignore', 'ignore_ament_install']
[1.349s] Level 1:colcon.colcon_core.package_identification:_identify(src/legs) by extension 'ignore'
[1.349s] Level 1:colcon.colcon_core.package_identification:_identify(src/legs) by extension 'ignore_ament_install'
[1.349s] Level 1:colcon.colcon_core.package_identification:_identify(src/legs) by extensions ['colcon_pkg']
[1.349s] Level 1:colcon.colcon_core.package_identification:_identify(src/legs) by extension 'colcon_pkg'
[1.349s] Level 1:colcon.colcon_core.package_identification:_identify(src/legs) by extensions ['colcon_meta']
[1.349s] Level 1:colcon.colcon_core.package_identification:_identify(src/legs) by extension 'colcon_meta'
[1.350s] Level 1:colcon.colcon_core.package_identification:_identify(src/legs) by extensions ['ros']
[1.350s] Level 1:colcon.colcon_core.package_identification:_identify(src/legs) by extension 'ros'
[1.351s] DEBUG:colcon.colcon_core.package_identification:Package 'src/legs' with type 'ros.ament_python' and name 'legs'
[1.351s] Level 1:colcon.colcon_core.package_identification:_identify(src/vision) by extensions ['ignore', 'ignore_ament_install']
[1.351s] Level 1:colcon.colcon_core.package_identification:_identify(src/vision) by extension 'ignore'
[1.351s] Level 1:colcon.colcon_core.package_identification:_identify(src/vision) by extension 'ignore_ament_install'
[1.351s] Level 1:colcon.colcon_core.package_identification:_identify(src/vision) by extensions ['colcon_pkg']
[1.351s] Level 1:colcon.colcon_core.package_identification:_identify(src/vision) by extension 'colcon_pkg'
[1.351s] Level 1:colcon.colcon_core.package_identification:_identify(src/vision) by extensions ['colcon_meta']
[1.351s] Level 1:colcon.colcon_core.package_identification:_identify(src/vision) by extension 'colcon_meta'
[1.351s] Level 1:colcon.colcon_core.package_identification:_identify(src/vision) by extensions ['ros']
[1.352s] Level 1:colcon.colcon_core.package_identification:_identify(src/vision) by extension 'ros'
[1.353s] DEBUG:colcon.colcon_core.package_identification:Package 'src/vision' with type 'ros.ament_python' and name 'vision'
[1.353s] Level 1:colcon.colcon_core.package_discovery:discover_packages(recursive) using defaults
[1.353s] Level 1:colcon.colcon_core.package_discovery:discover_packages(ignore) discover
[1.353s] Level 1:colcon.colcon_core.package_discovery:discover_packages(ignore) using defaults
[1.353s] Level 1:colcon.colcon_core.package_discovery:discover_packages(path) discover
[1.353s] Level 1:colcon.colcon_core.package_discovery:discover_packages(path) using defaults
[1.433s] Level 1:colcon.colcon_core.package_discovery:discover_packages(prefix_path) check parameters
[1.433s] Level 1:colcon.colcon_core.package_discovery:discover_packages(prefix_path) discover
[1.448s] DEBUG:colcon.colcon_installed_package_information.package_discovery:Found 288 installed packages in /opt/ros/humble
[1.451s] Level 1:colcon.colcon_core.package_discovery:discover_packages(prefix_path) using defaults
[1.754s] Level 5:colcon.colcon_core.verb:set package 'brain' build argument 'cmake_args' from command line to 'None'
[1.754s] Level 5:colcon.colcon_core.verb:set package 'brain' build argument 'cmake_target' from command line to 'None'
[1.755s] Level 5:colcon.colcon_core.verb:set package 'brain' build argument 'cmake_target_skip_unavailable' from command line to 'False'
[1.755s] Level 5:colcon.colcon_core.verb:set package 'brain' build argument 'cmake_clean_cache' from command line to 'False'
[1.755s] Level 5:colcon.colcon_core.verb:set package 'brain' build argument 'cmake_clean_first' from command line to 'False'
[1.755s] Level 5:colcon.colcon_core.verb:set package 'brain' build argument 'cmake_force_configure' from command line to 'False'
[1.757s] Level 5:colcon.colcon_core.verb:set package 'brain' build argument 'ament_cmake_args' from command line to 'None'
[1.758s] Level 5:colcon.colcon_core.verb:set package 'brain' build argument 'catkin_cmake_args' from command line to 'None'
[1.758s] Level 5:colcon.colcon_core.verb:set package 'brain' build argument 'catkin_skip_building_tests' from command line to 'False'
[1.759s] DEBUG:colcon.colcon_core.verb:Building package 'brain' with the following arguments: {'ament_cmake_args': None, 'build_base': '/home/pidog/pidog-ros2/build/brain', 'catkin_cmake_args': None, 'catkin_skip_building_tests': False, 'cmake_args': None, 'cmake_clean_cache': False, 'cmake_clean_first': False, 'cmake_force_configure': False, 'cmake_target': None, 'cmake_target_skip_unavailable': False, 'install_base': '/home/pidog/pidog-ros2/install/brain', 'merge_install': False, 'path': '/home/pidog/pidog-ros2/src/brain', 'symlink_install': False, 'test_result_base': None}
[1.761s] Level 5:colcon.colcon_core.verb:set package 'interfaces' build argument 'cmake_args' from command line to 'None'
[1.762s] Level 5:colcon.colcon_core.verb:set package 'interfaces' build argument 'cmake_target' from command line to 'None'
[1.762s] Level 5:colcon.colcon_core.verb:set package 'interfaces' build argument 'cmake_target_skip_unavailable' from command line to 'False'
[1.762s] Level 5:colcon.colcon_core.verb:set package 'interfaces' build argument 'cmake_clean_cache' from command line to 'False'
[1.762s] Level 5:colcon.colcon_core.verb:set package 'interfaces' build argument 'cmake_clean_first' from command line to 'False'
[1.762s] Level 5:colcon.colcon_core.verb:set package 'interfaces' build argument 'cmake_force_configure' from command line to 'False'
[1.762s] Level 5:colcon.colcon_core.verb:set package 'interfaces' build argument 'ament_cmake_args' from command line to 'None'
[1.762s] Level 5:colcon.colcon_core.verb:set package 'interfaces' build argument 'catkin_cmake_args' from command line to 'None'
[1.762s] Level 5:colcon.colcon_core.verb:set package 'interfaces' build argument 'catkin_skip_building_tests' from command line to 'False'
[1.762s] DEBUG:colcon.colcon_core.verb:Building package 'interfaces' with the following arguments: {'ament_cmake_args': None, 'build_base': '/home/pidog/pidog-ros2/build/interfaces', 'catkin_cmake_args': None, 'catkin_skip_building_tests': False, 'cmake_args': None, 'cmake_clean_cache': False, 'cmake_clean_first': False, 'cmake_force_configure': False, 'cmake_target': None, 'cmake_target_skip_unavailable': False, 'install_base': '/home/pidog/pidog-ros2/install/interfaces', 'merge_install': False, 'path': '/home/pidog/pidog-ros2/src/interfaces', 'symlink_install': False, 'test_result_base': None}
[1.765s] Level 5:colcon.colcon_core.verb:set package 'vision' build argument 'cmake_args' from command line to 'None'
[1.766s] Level 5:colcon.colcon_core.verb:set package 'vision' build argument 'cmake_target' from command line to 'None'
[1.766s] Level 5:colcon.colcon_core.verb:set package 'vision' build argument 'cmake_target_skip_unavailable' from command line to 'False'
[1.766s] Level 5:colcon.colcon_core.verb:set package 'vision' build argument 'cmake_clean_cache' from command line to 'False'
[1.766s] Level 5:colcon.colcon_core.verb:set package 'vision' build argument 'cmake_clean_first' from command line to 'False'
[1.766s] Level 5:colcon.colcon_core.verb:set package 'vision' build argument 'cmake_force_configure' from command line to 'False'
[1.766s] Level 5:colcon.colcon_core.verb:set package 'vision' build argument 'ament_cmake_args' from command line to 'None'
[1.766s] Level 5:colcon.colcon_core.verb:set package 'vision' build argument 'catkin_cmake_args' from command line to 'None'
[1.766s] Level 5:colcon.colcon_core.verb:set package 'vision' build argument 'catkin_skip_building_tests' from command line to 'False'
[1.766s] DEBUG:colcon.colcon_core.verb:Building package 'vision' with the following arguments: {'ament_cmake_args': None, 'build_base': '/home/pidog/pidog-ros2/build/vision', 'catkin_cmake_args': None, 'catkin_skip_building_tests': False, 'cmake_args': None, 'cmake_clean_cache': False, 'cmake_clean_first': False, 'cmake_force_configure': False, 'cmake_target': None, 'cmake_target_skip_unavailable': False, 'install_base': '/home/pidog/pidog-ros2/install/vision', 'merge_install': False, 'path': '/home/pidog/pidog-ros2/src/vision', 'symlink_install': False, 'test_result_base': None}
[1.768s] Level 5:colcon.colcon_core.verb:set package 'legs' build argument 'cmake_args' from command line to 'None'
[1.768s] Level 5:colcon.colcon_core.verb:set package 'legs' build argument 'cmake_target' from command line to 'None'
[1.768s] Level 5:colcon.colcon_core.verb:set package 'legs' build argument 'cmake_target_skip_unavailable' from command line to 'False'
[1.768s] Level 5:colcon.colcon_core.verb:set package 'legs' build argument 'cmake_clean_cache' from command line to 'False'
[1.768s] Level 5:colcon.colcon_core.verb:set package 'legs' build argument 'cmake_clean_first' from command line to 'False'
[1.768s] Level 5:colcon.colcon_core.verb:set package 'legs' build argument 'cmake_force_configure' from command line to 'False'
[1.768s] Level 5:colcon.colcon_core.verb:set package 'legs' build argument 'ament_cmake_args' from command line to 'None'
[1.768s] Level 5:colcon.colcon_core.verb:set package 'legs' build argument 'catkin_cmake_args' from command line to 'None'
[1.768s] Level 5:colcon.colcon_core.verb:set package 'legs' build argument 'catkin_skip_building_tests' from command line to 'False'
[1.768s] DEBUG:colcon.colcon_core.verb:Building package 'legs' with the following arguments: {'ament_cmake_args': None, 'build_base': '/home/pidog/pidog-ros2/build/legs', 'catkin_cmake_args': None, 'catkin_skip_building_tests': False, 'cmake_args': None, 'cmake_clean_cache': False, 'cmake_clean_first': False, 'cmake_force_configure': False, 'cmake_target': None, 'cmake_target_skip_unavailable': False, 'install_base': '/home/pidog/pidog-ros2/install/legs', 'merge_install': False, 'path': '/home/pidog/pidog-ros2/src/legs', 'symlink_install': False, 'test_result_base': None}
[1.770s] INFO:colcon.colcon_core.executor:Executing jobs using 'parallel' executor
[1.782s] DEBUG:colcon.colcon_parallel_executor.executor.parallel:run_until_complete
[1.783s] INFO:colcon.colcon_ros.task.ament_cmake.build:Building ROS package in '/home/pidog/pidog-ros2/src/interfaces' with build type 'ament_cmake'
[1.783s] INFO:colcon.colcon_cmake.task.cmake.build:Building CMake package in '/home/pidog/pidog-ros2/src/interfaces'
[1.805s] INFO:colcon.colcon_core.plugin_system:Skipping extension 'colcon_core.shell.bat': Not used on non-Windows systems
[1.807s] INFO:colcon.colcon_core.shell:Skip shell extension 'powershell' for command environment: Not usable outside of PowerShell
[1.808s] DEBUG:colcon.colcon_core.shell:Skip shell extension 'dsv' for command environment
[1.833s] INFO:colcon.colcon_ros.task.ament_python.build:Building ROS package in '/home/pidog/pidog-ros2/src/brain' with build type 'ament_python'
[1.835s] Level 1:colcon.colcon_core.shell:create_environment_hook('brain', 'ament_prefix_path')
[1.841s] INFO:colcon.colcon_core.shell:Creating environment hook '/home/pidog/pidog-ros2/install/brain/share/brain/hook/ament_prefix_path.ps1'
[1.847s] INFO:colcon.colcon_core.shell:Creating environment descriptor '/home/pidog/pidog-ros2/install/brain/share/brain/hook/ament_prefix_path.dsv'
[1.850s] INFO:colcon.colcon_core.shell:Creating environment hook '/home/pidog/pidog-ros2/install/brain/share/brain/hook/ament_prefix_path.sh'
[1.860s] INFO:colcon.colcon_core.shell:Skip shell extension 'powershell' for command environment: Not usable outside of PowerShell
[1.860s] DEBUG:colcon.colcon_core.shell:Skip shell extension 'dsv' for command environment
[1.872s] INFO:colcon.colcon_ros.task.ament_python.build:Building ROS package in '/home/pidog/pidog-ros2/src/vision' with build type 'ament_python'
[1.873s] Level 1:colcon.colcon_core.shell:create_environment_hook('vision', 'ament_prefix_path')
[1.877s] INFO:colcon.colcon_core.shell:Creating environment hook '/home/pidog/pidog-ros2/install/vision/share/vision/hook/ament_prefix_path.ps1'
[1.884s] INFO:colcon.colcon_core.shell:Creating environment descriptor '/home/pidog/pidog-ros2/install/vision/share/vision/hook/ament_prefix_path.dsv'
[1.885s] INFO:colcon.colcon_core.shell:Creating environment hook '/home/pidog/pidog-ros2/install/vision/share/vision/hook/ament_prefix_path.sh'
[1.899s] INFO:colcon.colcon_core.shell:Skip shell extension 'powershell' for command environment: Not usable outside of PowerShell
[1.899s] DEBUG:colcon.colcon_core.shell:Skip shell extension 'dsv' for command environment
[1.943s] DEBUG:colcon.colcon_core.event_handler.log_command:Invoking command in '/home/pidog/pidog-ros2/build/interfaces': CMAKE_PREFIX_PATH=/opt/ros/humble /usr/bin/cmake --build /home/pidog/pidog-ros2/build/interfaces -- -j4 -l4
[3.301s] INFO:colcon.colcon_core.task.python.build:Building Python package in '/home/pidog/pidog-ros2/src/brain'
[3.311s] INFO:colcon.colcon_core.shell:Skip shell extension 'powershell' for command environment: Not usable outside of PowerShell
[3.311s] DEBUG:colcon.colcon_core.shell:Skip shell extension 'dsv' for command environment
[4.316s] INFO:colcon.colcon_core.task.python.build:Building Python package in '/home/pidog/pidog-ros2/src/vision'
[4.318s] INFO:colcon.colcon_core.shell:Skip shell extension 'powershell' for command environment: Not usable outside of PowerShell
[4.318s] DEBUG:colcon.colcon_core.shell:Skip shell extension 'dsv' for command environment
[4.368s] DEBUG:colcon.colcon_core.event_handler.log_command:Invoked command in '/home/pidog/pidog-ros2/build/interfaces' returned '0': CMAKE_PREFIX_PATH=/opt/ros/humble /usr/bin/cmake --build /home/pidog/pidog-ros2/build/interfaces -- -j4 -l4
[5.095s] DEBUG:colcon.colcon_core.event_handler.log_command:Invoking command in '/home/pidog/pidog-ros2/build/interfaces': CMAKE_PREFIX_PATH=/opt/ros/humble /usr/bin/cmake --install /home/pidog/pidog-ros2/build/interfaces
[5.384s] Level 1:colcon.colcon_core.environment:create_environment_scripts_only(interfaces)
[5.387s] DEBUG:colcon.colcon_core.event_handler.log_command:Invoked command in '/home/pidog/pidog-ros2/build/interfaces' returned '0': CMAKE_PREFIX_PATH=/opt/ros/humble /usr/bin/cmake --install /home/pidog/pidog-ros2/build/interfaces
[5.451s] Level 1:colcon.colcon_core.environment:checking '/home/pidog/pidog-ros2/install/interfaces' for CMake module files
[5.452s] Level 1:colcon.colcon_core.environment:checking '/home/pidog/pidog-ros2/install/interfaces' for CMake config files
[5.463s] Level 1:colcon.colcon_core.shell:create_environment_hook('interfaces', 'cmake_prefix_path')
[5.469s] INFO:colcon.colcon_core.shell:Creating environment hook '/home/pidog/pidog-ros2/install/interfaces/share/interfaces/hook/cmake_prefix_path.ps1'
[5.470s] INFO:colcon.colcon_core.shell:Creating environment descriptor '/home/pidog/pidog-ros2/install/interfaces/share/interfaces/hook/cmake_prefix_path.dsv'
[5.473s] INFO:colcon.colcon_core.shell:Creating environment hook '/home/pidog/pidog-ros2/install/interfaces/share/interfaces/hook/cmake_prefix_path.sh'
[5.475s] Level 1:colcon.colcon_core.environment:checking '/home/pidog/pidog-ros2/install/interfaces/lib'
[5.475s] Level 1:colcon.colcon_core.shell:create_environment_hook('interfaces', 'ld_library_path_lib')
[5.482s] INFO:colcon.colcon_core.shell:Creating environment hook '/home/pidog/pidog-ros2/install/interfaces/share/interfaces/hook/ld_library_path_lib.ps1'
[5.484s] INFO:colcon.colcon_core.shell:Creating environment descriptor '/home/pidog/pidog-ros2/install/interfaces/share/interfaces/hook/ld_library_path_lib.dsv'
[5.485s] INFO:colcon.colcon_core.shell:Creating environment hook '/home/pidog/pidog-ros2/install/interfaces/share/interfaces/hook/ld_library_path_lib.sh'
[5.492s] Level 1:colcon.colcon_core.environment:checking '/home/pidog/pidog-ros2/install/interfaces/bin'
[5.492s] Level 1:colcon.colcon_core.environment:checking '/home/pidog/pidog-ros2/install/interfaces/lib/pkgconfig/interfaces.pc'
[5.493s] Level 1:colcon.colcon_core.environment:checking '/home/pidog/pidog-ros2/install/interfaces/lib/python3.10/site-packages'
[5.495s] Level 1:colcon.colcon_core.environment:checking '/home/pidog/pidog-ros2/install/interfaces/bin'
[5.500s] INFO:colcon.colcon_core.shell:Creating package script '/home/pidog/pidog-ros2/install/interfaces/share/interfaces/package.ps1'
[5.503s] INFO:colcon.colcon_core.shell:Creating package descriptor '/home/pidog/pidog-ros2/install/interfaces/share/interfaces/package.dsv'
[5.512s] INFO:colcon.colcon_core.shell:Creating package script '/home/pidog/pidog-ros2/install/interfaces/share/interfaces/package.sh'
[5.517s] INFO:colcon.colcon_core.shell:Creating package script '/home/pidog/pidog-ros2/install/interfaces/share/interfaces/package.bash'
[5.520s] INFO:colcon.colcon_core.shell:Creating package script '/home/pidog/pidog-ros2/install/interfaces/share/interfaces/package.zsh'
[5.523s] Level 1:colcon.colcon_core.environment:create_file_with_runtime_dependencies(/home/pidog/pidog-ros2/install/interfaces/share/colcon-core/packages/interfaces)
[5.911s] DEBUG:colcon.colcon_core.event_handler.log_command:Invoking command in '/home/pidog/pidog-ros2/src/brain': PYTHONPATH=/home/pidog/pidog-ros2/build/brain/prefix_override:/home/pidog/pidog-ros2/install/brain/lib/python3.10/site-packages:${PYTHONPATH} /usr/bin/python3 setup.py egg_info --egg-base ../../build/brain build --build-base /home/pidog/pidog-ros2/build/brain/build install --record /home/pidog/pidog-ros2/build/brain/install.log --single-version-externally-managed
[5.914s] DEBUG:colcon.colcon_core.event_handler.log_command:Invoking command in '/home/pidog/pidog-ros2/src/vision': PYTHONPATH=/home/pidog/pidog-ros2/build/vision/prefix_override:/home/pidog/pidog-ros2/install/vision/lib/python3.10/site-packages:${PYTHONPATH} /usr/bin/python3 setup.py egg_info --egg-base ../../build/vision build --build-base /home/pidog/pidog-ros2/build/vision/build install --record /home/pidog/pidog-ros2/build/vision/install.log --single-version-externally-managed
[6.254s] Level 1:colcon.colcon_core.environment:create_environment_scripts_only(interfaces)
[6.267s] Level 1:colcon.colcon_core.environment:checking '/home/pidog/pidog-ros2/install/interfaces' for CMake module files
[6.269s] Level 1:colcon.colcon_core.environment:checking '/home/pidog/pidog-ros2/install/interfaces' for CMake config files
[6.270s] Level 1:colcon.colcon_core.shell:create_environment_hook('interfaces', 'cmake_prefix_path')
[6.297s] INFO:colcon.colcon_core.shell:Creating environment hook '/home/pidog/pidog-ros2/install/interfaces/share/interfaces/hook/cmake_prefix_path.ps1'
[6.312s] INFO:colcon.colcon_core.shell:Creating environment descriptor '/home/pidog/pidog-ros2/install/interfaces/share/interfaces/hook/cmake_prefix_path.dsv'
[6.315s] INFO:colcon.colcon_core.shell:Creating environment hook '/home/pidog/pidog-ros2/install/interfaces/share/interfaces/hook/cmake_prefix_path.sh'
[6.319s] Level 1:colcon.colcon_core.environment:checking '/home/pidog/pidog-ros2/install/interfaces/lib'
[6.319s] Level 1:colcon.colcon_core.shell:create_environment_hook('interfaces', 'ld_library_path_lib')
[6.324s] INFO:colcon.colcon_core.shell:Creating environment hook '/home/pidog/pidog-ros2/install/interfaces/share/interfaces/hook/ld_library_path_lib.ps1'
[6.326s] INFO:colcon.colcon_core.shell:Creating environment descriptor '/home/pidog/pidog-ros2/install/interfaces/share/interfaces/hook/ld_library_path_lib.dsv'
[6.333s] INFO:colcon.colcon_core.shell:Creating environment hook '/home/pidog/pidog-ros2/install/interfaces/share/interfaces/hook/ld_library_path_lib.sh'
[6.334s] Level 1:colcon.colcon_core.environment:checking '/home/pidog/pidog-ros2/install/interfaces/bin'
[6.335s] Level 1:colcon.colcon_core.environment:checking '/home/pidog/pidog-ros2/install/interfaces/lib/pkgconfig/interfaces.pc'
[6.336s] Level 1:colcon.colcon_core.environment:checking '/home/pidog/pidog-ros2/install/interfaces/lib/python3.10/site-packages'
[6.337s] Level 1:colcon.colcon_core.environment:checking '/home/pidog/pidog-ros2/install/interfaces/bin'
[6.356s] INFO:colcon.colcon_core.shell:Creating package script '/home/pidog/pidog-ros2/install/interfaces/share/interfaces/package.ps1'
[6.369s] INFO:colcon.colcon_core.shell:Creating package descriptor '/home/pidog/pidog-ros2/install/interfaces/share/interfaces/package.dsv'
[6.372s] INFO:colcon.colcon_core.shell:Creating package script '/home/pidog/pidog-ros2/install/interfaces/share/interfaces/package.sh'
[6.378s] INFO:colcon.colcon_core.shell:Creating package script '/home/pidog/pidog-ros2/install/interfaces/share/interfaces/package.bash'
[6.381s] INFO:colcon.colcon_core.shell:Creating package script '/home/pidog/pidog-ros2/install/interfaces/share/interfaces/package.zsh'
[6.383s] Level 1:colcon.colcon_core.environment:create_file_with_runtime_dependencies(/home/pidog/pidog-ros2/install/interfaces/share/colcon-core/packages/interfaces)
[6.385s] INFO:colcon.colcon_ros.task.ament_python.build:Building ROS package in '/home/pidog/pidog-ros2/src/legs' with build type 'ament_python'
[6.386s] Level 1:colcon.colcon_core.shell:create_environment_hook('legs', 'ament_prefix_path')
[6.389s] INFO:colcon.colcon_core.shell:Creating environment hook '/home/pidog/pidog-ros2/install/legs/share/legs/hook/ament_prefix_path.ps1'
[6.397s] INFO:colcon.colcon_core.shell:Creating environment descriptor '/home/pidog/pidog-ros2/install/legs/share/legs/hook/ament_prefix_path.dsv'
[6.398s] INFO:colcon.colcon_core.shell:Creating environment hook '/home/pidog/pidog-ros2/install/legs/share/legs/hook/ament_prefix_path.sh'
[6.405s] INFO:colcon.colcon_core.shell:Skip shell extension 'powershell' for command environment: Not usable outside of PowerShell
[6.406s] DEBUG:colcon.colcon_core.shell:Skip shell extension 'dsv' for command environment
[7.737s] INFO:colcon.colcon_core.task.python.build:Building Python package in '/home/pidog/pidog-ros2/src/legs'
[7.745s] INFO:colcon.colcon_core.shell:Skip shell extension 'powershell' for command environment: Not usable outside of PowerShell
[7.746s] DEBUG:colcon.colcon_core.shell:Skip shell extension 'dsv' for command environment
[7.772s] Level 1:colcon.colcon_core.environment:checking '/home/pidog/pidog-ros2/install/vision' for CMake module files
[7.781s] Level 1:colcon.colcon_core.environment:checking '/home/pidog/pidog-ros2/install/vision' for CMake config files
[7.782s] DEBUG:colcon.colcon_core.event_handler.log_command:Invoked command in '/home/pidog/pidog-ros2/src/vision' returned '0': PYTHONPATH=/home/pidog/pidog-ros2/build/vision/prefix_override:/home/pidog/pidog-ros2/install/vision/lib/python3.10/site-packages:${PYTHONPATH} /usr/bin/python3 setup.py egg_info --egg-base ../../build/vision build --build-base /home/pidog/pidog-ros2/build/vision/build install --record /home/pidog/pidog-ros2/build/vision/install.log --single-version-externally-managed
[7.785s] Level 1:colcon.colcon_core.environment:checking '/home/pidog/pidog-ros2/install/vision/lib'
[7.785s] Level 1:colcon.colcon_core.environment:checking '/home/pidog/pidog-ros2/install/vision/bin'
[7.785s] Level 1:colcon.colcon_core.environment:checking '/home/pidog/pidog-ros2/install/vision/lib/pkgconfig/vision.pc'
[7.786s] Level 1:colcon.colcon_core.environment:checking '/home/pidog/pidog-ros2/install/vision/lib/python3.10/site-packages'
[7.787s] Level 1:colcon.colcon_core.shell:create_environment_hook('vision', 'pythonpath')
[7.794s] INFO:colcon.colcon_core.shell:Creating environment hook '/home/pidog/pidog-ros2/install/vision/share/vision/hook/pythonpath.ps1'
[7.796s] INFO:colcon.colcon_core.shell:Creating environment descriptor '/home/pidog/pidog-ros2/install/vision/share/vision/hook/pythonpath.dsv'
[7.801s] INFO:colcon.colcon_core.shell:Creating environment hook '/home/pidog/pidog-ros2/install/vision/share/vision/hook/pythonpath.sh'
[7.803s] Level 1:colcon.colcon_core.environment:checking '/home/pidog/pidog-ros2/install/vision/bin'
[7.804s] Level 1:colcon.colcon_core.environment:create_environment_scripts_only(vision)
[7.809s] INFO:colcon.colcon_core.shell:Creating package script '/home/pidog/pidog-ros2/install/vision/share/vision/package.ps1'
[7.812s] INFO:colcon.colcon_core.shell:Creating package descriptor '/home/pidog/pidog-ros2/install/vision/share/vision/package.dsv'
[7.814s] INFO:colcon.colcon_core.shell:Creating package script '/home/pidog/pidog-ros2/install/vision/share/vision/package.sh'
[7.817s] INFO:colcon.colcon_core.shell:Creating package script '/home/pidog/pidog-ros2/install/vision/share/vision/package.bash'
[7.819s] INFO:colcon.colcon_core.shell:Creating package script '/home/pidog/pidog-ros2/install/vision/share/vision/package.zsh'
[7.821s] Level 1:colcon.colcon_core.environment:create_file_with_runtime_dependencies(/home/pidog/pidog-ros2/install/vision/share/colcon-core/packages/vision)
[7.833s] Level 1:colcon.colcon_core.environment:checking '/home/pidog/pidog-ros2/install/brain' for CMake module files
[7.837s] DEBUG:colcon.colcon_core.event_handler.log_command:Invoked command in '/home/pidog/pidog-ros2/src/brain' returned '0': PYTHONPATH=/home/pidog/pidog-ros2/build/brain/prefix_override:/home/pidog/pidog-ros2/install/brain/lib/python3.10/site-packages:${PYTHONPATH} /usr/bin/python3 setup.py egg_info --egg-base ../../build/brain build --build-base /home/pidog/pidog-ros2/build/brain/build install --record /home/pidog/pidog-ros2/build/brain/install.log --single-version-externally-managed
[7.838s] Level 1:colcon.colcon_core.environment:checking '/home/pidog/pidog-ros2/install/brain' for CMake config files
[7.841s] Level 1:colcon.colcon_core.environment:checking '/home/pidog/pidog-ros2/install/brain/lib'
[7.841s] Level 1:colcon.colcon_core.environment:checking '/home/pidog/pidog-ros2/install/brain/bin'
[7.841s] Level 1:colcon.colcon_core.environment:checking '/home/pidog/pidog-ros2/install/brain/lib/pkgconfig/brain.pc'
[7.842s] Level 1:colcon.colcon_core.environment:checking '/home/pidog/pidog-ros2/install/brain/lib/python3.10/site-packages'
[7.842s] Level 1:colcon.colcon_core.shell:create_environment_hook('brain', 'pythonpath')
[7.847s] INFO:colcon.colcon_core.shell:Creating environment hook '/home/pidog/pidog-ros2/install/brain/share/brain/hook/pythonpath.ps1'
[7.849s] INFO:colcon.colcon_core.shell:Creating environment descriptor '/home/pidog/pidog-ros2/install/brain/share/brain/hook/pythonpath.dsv'
[7.851s] INFO:colcon.colcon_core.shell:Creating environment hook '/home/pidog/pidog-ros2/install/brain/share/brain/hook/pythonpath.sh'
[7.854s] Level 1:colcon.colcon_core.environment:checking '/home/pidog/pidog-ros2/install/brain/bin'
[7.855s] Level 1:colcon.colcon_core.environment:create_environment_scripts_only(brain)
[7.860s] INFO:colcon.colcon_core.shell:Creating package script '/home/pidog/pidog-ros2/install/brain/share/brain/package.ps1'
[7.863s] INFO:colcon.colcon_core.shell:Creating package descriptor '/home/pidog/pidog-ros2/install/brain/share/brain/package.dsv'
[7.865s] INFO:colcon.colcon_core.shell:Creating package script '/home/pidog/pidog-ros2/install/brain/share/brain/package.sh'
[7.868s] INFO:colcon.colcon_core.shell:Creating package script '/home/pidog/pidog-ros2/install/brain/share/brain/package.bash'
[7.869s] INFO:colcon.colcon_core.shell:Creating package script '/home/pidog/pidog-ros2/install/brain/share/brain/package.zsh'
[7.870s] Level 1:colcon.colcon_core.environment:create_file_with_runtime_dependencies(/home/pidog/pidog-ros2/install/brain/share/colcon-core/packages/brain)
[9.115s] DEBUG:colcon.colcon_core.event_handler.log_command:Invoking command in '/home/pidog/pidog-ros2/src/legs': AMENT_PREFIX_PATH=/home/pidog/pidog-ros2/install/interfaces:${AMENT_PREFIX_PATH} CMAKE_PREFIX_PATH=/home/pidog/pidog-ros2/install/interfaces LD_LIBRARY_PATH=/home/pidog/pidog-ros2/install/interfaces/lib:${LD_LIBRARY_PATH} PYTHONPATH=/home/pidog/pidog-ros2/build/legs/prefix_override:/home/pidog/pidog-ros2/install/legs/lib/python3.10/site-packages:/home/pidog/pidog-ros2/install/interfaces/local/lib/python3.10/dist-packages:${PYTHONPATH} /usr/bin/python3 setup.py egg_info --egg-base ../../build/legs build --build-base /home/pidog/pidog-ros2/build/legs/build install --record /home/pidog/pidog-ros2/build/legs/install.log --single-version-externally-managed
[10.316s] Level 1:colcon.colcon_core.environment:checking '/home/pidog/pidog-ros2/install/legs' for CMake module files
[10.318s] DEBUG:colcon.colcon_core.event_handler.log_command:Invoked command in '/home/pidog/pidog-ros2/src/legs' returned '0': AMENT_PREFIX_PATH=/home/pidog/pidog-ros2/install/interfaces:${AMENT_PREFIX_PATH} CMAKE_PREFIX_PATH=/home/pidog/pidog-ros2/install/interfaces LD_LIBRARY_PATH=/home/pidog/pidog-ros2/install/interfaces/lib:${LD_LIBRARY_PATH} PYTHONPATH=/home/pidog/pidog-ros2/build/legs/prefix_override:/home/pidog/pidog-ros2/install/legs/lib/python3.10/site-packages:/home/pidog/pidog-ros2/install/interfaces/local/lib/python3.10/dist-packages:${PYTHONPATH} /usr/bin/python3 setup.py egg_info --egg-base ../../build/legs build --build-base /home/pidog/pidog-ros2/build/legs/build install --record /home/pidog/pidog-ros2/build/legs/install.log --single-version-externally-managed
[10.319s] Level 1:colcon.colcon_core.environment:checking '/home/pidog/pidog-ros2/install/legs' for CMake config files
[10.320s] Level 1:colcon.colcon_core.environment:checking '/home/pidog/pidog-ros2/install/legs/lib'
[10.320s] Level 1:colcon.colcon_core.environment:checking '/home/pidog/pidog-ros2/install/legs/bin'
[10.321s] Level 1:colcon.colcon_core.environment:checking '/home/pidog/pidog-ros2/install/legs/lib/pkgconfig/legs.pc'
[10.322s] Level 1:colcon.colcon_core.environment:checking '/home/pidog/pidog-ros2/install/legs/lib/python3.10/site-packages'
[10.322s] Level 1:colcon.colcon_core.shell:create_environment_hook('legs', 'pythonpath')
[10.329s] INFO:colcon.colcon_core.shell:Creating environment hook '/home/pidog/pidog-ros2/install/legs/share/legs/hook/pythonpath.ps1'
[10.331s] INFO:colcon.colcon_core.shell:Creating environment descriptor '/home/pidog/pidog-ros2/install/legs/share/legs/hook/pythonpath.dsv'
[10.331s] INFO:colcon.colcon_core.shell:Creating environment hook '/home/pidog/pidog-ros2/install/legs/share/legs/hook/pythonpath.sh'
[10.333s] Level 1:colcon.colcon_core.environment:checking '/home/pidog/pidog-ros2/install/legs/bin'
[10.333s] Level 1:colcon.colcon_core.environment:create_environment_scripts_only(legs)
[10.335s] INFO:colcon.colcon_core.shell:Creating package script '/home/pidog/pidog-ros2/install/legs/share/legs/package.ps1'
[10.336s] INFO:colcon.colcon_core.shell:Creating package descriptor '/home/pidog/pidog-ros2/install/legs/share/legs/package.dsv'
[10.339s] INFO:colcon.colcon_core.shell:Creating package script '/home/pidog/pidog-ros2/install/legs/share/legs/package.sh'
[10.343s] INFO:colcon.colcon_core.shell:Creating package script '/home/pidog/pidog-ros2/install/legs/share/legs/package.bash'
[10.345s] INFO:colcon.colcon_core.shell:Creating package script '/home/pidog/pidog-ros2/install/legs/share/legs/package.zsh'
[10.349s] Level 1:colcon.colcon_core.environment:create_file_with_runtime_dependencies(/home/pidog/pidog-ros2/install/legs/share/colcon-core/packages/legs)
[10.351s] DEBUG:colcon.colcon_parallel_executor.executor.parallel:closing loop
[10.351s] DEBUG:colcon.colcon_parallel_executor.executor.parallel:loop closed
[10.351s] DEBUG:colcon.colcon_parallel_executor.executor.parallel:run_until_complete finished with '0'
[10.352s] DEBUG:colcon.colcon_core.event_reactor:joining thread
[10.373s] INFO:colcon.colcon_core.plugin_system:Skipping extension 'colcon_notification.desktop_notification.terminal_notifier': Not used on non-Darwin systems
[10.374s] INFO:colcon.colcon_core.plugin_system:Skipping extension 'colcon_notification.desktop_notification.win32': Not used on non-Windows systems
[10.374s] INFO:colcon.colcon_notification.desktop_notification:Sending desktop notification using 'notify2'
[10.527s] DEBUG:colcon.colcon_core.event_reactor:joined thread
[10.529s] INFO:colcon.colcon_core.shell:Creating prefix script '/home/pidog/pidog-ros2/install/local_setup.ps1'
[10.532s] INFO:colcon.colcon_core.shell:Creating prefix util module '/home/pidog/pidog-ros2/install/_local_setup_util_ps1.py'
[10.535s] INFO:colcon.colcon_core.shell:Creating prefix chain script '/home/pidog/pidog-ros2/install/setup.ps1'
[10.539s] INFO:colcon.colcon_core.shell:Creating prefix script '/home/pidog/pidog-ros2/install/local_setup.sh'
[10.540s] INFO:colcon.colcon_core.shell:Creating prefix util module '/home/pidog/pidog-ros2/install/_local_setup_util_sh.py'
[10.542s] INFO:colcon.colcon_core.shell:Creating prefix chain script '/home/pidog/pidog-ros2/install/setup.sh'
[10.545s] INFO:colcon.colcon_core.shell:Creating prefix script '/home/pidog/pidog-ros2/install/local_setup.bash'
[10.550s] INFO:colcon.colcon_core.shell:Creating prefix chain script '/home/pidog/pidog-ros2/install/setup.bash'
[10.556s] INFO:colcon.colcon_core.shell:Creating prefix script '/home/pidog/pidog-ros2/install/local_setup.zsh'
[10.559s] INFO:colcon.colcon_core.shell:Creating prefix chain script '/home/pidog/pidog-ros2/install/setup.zsh'
