[0.583s] Invoking command in '/home/pidog/pidog-ros2/build/interfaces': CMAKE_PREFIX_PATH=${CMAKE_PREFIX_PATH}:/home/pidog/pidog-ros2/install/vision:/home/pidog/pidog-ros2/install/brain:/opt/ros/humble /usr/bin/cmake --build /home/pidog/pidog-ros2/build/interfaces -- -j4 -l4
[1.408s] [  2%] Built target interfaces__cpp
[1.408s] [ 12%] Built target interfaces__rosidl_generator_c
[1.408s] [ 12%] Built target ament_cmake_python_copy_interfaces
[1.408s] [ 23%] Built target interfaces__rosidl_typesupport_fastrtps_cpp
[1.409s] [ 33%] Built target interfaces__rosidl_typesupport_introspection_cpp
[1.409s] [ 43%] Built target interfaces__rosidl_typesupport_cpp
[1.409s] [ 53%] Built target interfaces__rosidl_typesupport_fastrtps_c
[1.410s] [ 74%] Built target interfaces__rosidl_typesupport_introspection_c
[1.410s] [ 74%] Built target interfaces__rosidl_typesupport_c
[1.410s] [ 74%] Built target interfaces
[1.410s] [ 76%] Built target interfaces__py
[1.410s] [ 84%] Built target interfaces__rosidl_generator_py
[1.410s] [ 89%] Built target interfaces__rosidl_typesupport_fastrtps_c__pyext
[1.410s] [100%] Built target interfaces__rosidl_typesupport_c__pyext
[1.410s] [100%] Built target interfaces__rosidl_typesupport_introspection_c__pyext
[1.530s] running egg_info
[1.532s] writing interfaces.egg-info/PKG-INFO
[1.535s] writing dependency_links to interfaces.egg-info/dependency_links.txt
[1.538s] writing top-level names to interfaces.egg-info/top_level.txt
[1.546s] reading manifest file 'interfaces.egg-info/SOURCES.txt'
[1.548s] writing manifest file 'interfaces.egg-info/SOURCES.txt'
[1.620s] [100%] Built target ament_cmake_python_build_interfaces_egg
[1.964s] Invoked command in '/home/pidog/pidog-ros2/build/interfaces' returned '0': CMAKE_PREFIX_PATH=${CMAKE_PREFIX_PATH}:/home/pidog/pidog-ros2/install/vision:/home/pidog/pidog-ros2/install/brain:/opt/ros/humble /usr/bin/cmake --build /home/pidog/pidog-ros2/build/interfaces -- -j4 -l4
[2.393s] Invoking command in '/home/pidog/pidog-ros2/build/interfaces': CMAKE_PREFIX_PATH=${CMAKE_PREFIX_PATH}:/home/pidog/pidog-ros2/install/vision:/home/pidog/pidog-ros2/install/brain:/opt/ros/humble /usr/bin/cmake --install /home/pidog/pidog-ros2/build/interfaces
[2.444s] -- Install configuration: ""
[2.445s] -- Up-to-date: /home/pidog/pidog-ros2/install/interfaces/share/ament_index/resource_index/rosidl_interfaces/interfaces
[2.446s] -- Up-to-date: /home/pidog/pidog-ros2/install/interfaces/include/interfaces/interfaces
[2.446s] -- Up-to-date: /home/pidog/pidog-ros2/install/interfaces/include/interfaces/interfaces/msg
[2.447s] -- Up-to-date: /home/pidog/pidog-ros2/install/interfaces/include/interfaces/interfaces/msg/rosidl_generator_c__visibility_control.h
[2.447s] -- Up-to-date: /home/pidog/pidog-ros2/install/interfaces/include/interfaces/interfaces/srv
[2.447s] -- Up-to-date: /home/pidog/pidog-ros2/install/interfaces/include/interfaces/interfaces/srv/component_status.h
[2.447s] -- Up-to-date: /home/pidog/pidog-ros2/install/interfaces/include/interfaces/interfaces/srv/detail
[2.448s] -- Up-to-date: /home/pidog/pidog-ros2/install/interfaces/include/interfaces/interfaces/srv/detail/component_status__functions.h
[2.448s] -- Up-to-date: /home/pidog/pidog-ros2/install/interfaces/include/interfaces/interfaces/srv/detail/component_status__type_support.h
[2.448s] -- Up-to-date: /home/pidog/pidog-ros2/install/interfaces/include/interfaces/interfaces/srv/detail/component_status__struct.h
[2.448s] -- Up-to-date: /home/pidog/pidog-ros2/install/interfaces/include/interfaces/interfaces/srv/detail/component_status__functions.c
[2.448s] -- Up-to-date: /home/pidog/pidog-ros2/install/interfaces/include/interfaces/interfaces/action
[2.450s] -- Up-to-date: /home/pidog/pidog-ros2/install/interfaces/include/interfaces/interfaces/action/detail
[2.451s] -- Up-to-date: /home/pidog/pidog-ros2/install/interfaces/include/interfaces/interfaces/action/detail/movement__type_support.h
[2.453s] -- Up-to-date: /home/pidog/pidog-ros2/install/interfaces/include/interfaces/interfaces/action/detail/movement__functions.c
[2.454s] -- Up-to-date: /home/pidog/pidog-ros2/install/interfaces/include/interfaces/interfaces/action/detail/movement__functions.h
[2.465s] -- Up-to-date: /home/pidog/pidog-ros2/install/interfaces/include/interfaces/interfaces/action/detail/movement__struct.h
[2.466s] -- Up-to-date: /home/pidog/pidog-ros2/install/interfaces/include/interfaces/interfaces/action/movement.h
[2.466s] -- Up-to-date: /home/pidog/pidog-ros2/install/interfaces/share/interfaces/environment/library_path.sh
[2.466s] -- Up-to-date: /home/pidog/pidog-ros2/install/interfaces/share/interfaces/environment/library_path.dsv
[2.467s] -- Up-to-date: /home/pidog/pidog-ros2/install/interfaces/lib/libinterfaces__rosidl_generator_c.so
[2.467s] -- Up-to-date: /home/pidog/pidog-ros2/install/interfaces/include/interfaces/interfaces
[2.467s] -- Up-to-date: /home/pidog/pidog-ros2/install/interfaces/include/interfaces/interfaces/msg
[2.468s] -- Up-to-date: /home/pidog/pidog-ros2/install/interfaces/include/interfaces/interfaces/msg/rosidl_typesupport_fastrtps_c__visibility_control.h
[2.468s] -- Up-to-date: /home/pidog/pidog-ros2/install/interfaces/include/interfaces/interfaces/srv
[2.468s] -- Up-to-date: /home/pidog/pidog-ros2/install/interfaces/include/interfaces/interfaces/srv/detail
[2.468s] -- Up-to-date: /home/pidog/pidog-ros2/install/interfaces/include/interfaces/interfaces/srv/detail/component_status__rosidl_typesupport_fastrtps_c.h
[2.468s] -- Up-to-date: /home/pidog/pidog-ros2/install/interfaces/include/interfaces/interfaces/action
[2.469s] -- Up-to-date: /home/pidog/pidog-ros2/install/interfaces/include/interfaces/interfaces/action/detail
[2.469s] -- Up-to-date: /home/pidog/pidog-ros2/install/interfaces/include/interfaces/interfaces/action/detail/movement__rosidl_typesupport_fastrtps_c.h
[2.469s] -- Up-to-date: /home/pidog/pidog-ros2/install/interfaces/lib/libinterfaces__rosidl_typesupport_fastrtps_c.so
[2.469s] -- Up-to-date: /home/pidog/pidog-ros2/install/interfaces/include/interfaces/interfaces
[2.469s] -- Up-to-date: /home/pidog/pidog-ros2/install/interfaces/include/interfaces/interfaces/msg
[2.469s] -- Up-to-date: /home/pidog/pidog-ros2/install/interfaces/include/interfaces/interfaces/msg/rosidl_typesupport_introspection_c__visibility_control.h
[2.470s] -- Up-to-date: /home/pidog/pidog-ros2/install/interfaces/include/interfaces/interfaces/srv
[2.470s] -- Up-to-date: /home/pidog/pidog-ros2/install/interfaces/include/interfaces/interfaces/srv/detail
[2.470s] -- Up-to-date: /home/pidog/pidog-ros2/install/interfaces/include/interfaces/interfaces/srv/detail/component_status__rosidl_typesupport_introspection_c.h
[2.470s] -- Up-to-date: /home/pidog/pidog-ros2/install/interfaces/include/interfaces/interfaces/srv/detail/component_status__type_support.c
[2.470s] -- Up-to-date: /home/pidog/pidog-ros2/install/interfaces/include/interfaces/interfaces/action
[2.471s] -- Up-to-date: /home/pidog/pidog-ros2/install/interfaces/include/interfaces/interfaces/action/detail
[2.471s] -- Up-to-date: /home/pidog/pidog-ros2/install/interfaces/include/interfaces/interfaces/action/detail/movement__rosidl_typesupport_introspection_c.h
[2.471s] -- Up-to-date: /home/pidog/pidog-ros2/install/interfaces/include/interfaces/interfaces/action/detail/movement__type_support.c
[2.471s] -- Up-to-date: /home/pidog/pidog-ros2/install/interfaces/lib/libinterfaces__rosidl_typesupport_introspection_c.so
[2.488s] -- Up-to-date: /home/pidog/pidog-ros2/install/interfaces/lib/libinterfaces__rosidl_typesupport_c.so
[2.488s] -- Up-to-date: /home/pidog/pidog-ros2/install/interfaces/include/interfaces/interfaces
[2.489s] -- Up-to-date: /home/pidog/pidog-ros2/install/interfaces/include/interfaces/interfaces/srv
[2.490s] -- Up-to-date: /home/pidog/pidog-ros2/install/interfaces/include/interfaces/interfaces/srv/component_status.hpp
[2.490s] -- Up-to-date: /home/pidog/pidog-ros2/install/interfaces/include/interfaces/interfaces/srv/detail
[2.490s] -- Up-to-date: /home/pidog/pidog-ros2/install/interfaces/include/interfaces/interfaces/srv/detail/component_status__builder.hpp
[2.491s] -- Up-to-date: /home/pidog/pidog-ros2/install/interfaces/include/interfaces/interfaces/srv/detail/component_status__struct.hpp
[2.492s] -- Up-to-date: /home/pidog/pidog-ros2/install/interfaces/include/interfaces/interfaces/srv/detail/component_status__traits.hpp
[2.492s] -- Up-to-date: /home/pidog/pidog-ros2/install/interfaces/include/interfaces/interfaces/action
[2.494s] -- Up-to-date: /home/pidog/pidog-ros2/install/interfaces/include/interfaces/interfaces/action/movement.hpp
[2.504s] -- Up-to-date: /home/pidog/pidog-ros2/install/interfaces/include/interfaces/interfaces/action/detail
[2.505s] -- Up-to-date: /home/pidog/pidog-ros2/install/interfaces/include/interfaces/interfaces/action/detail/movement__builder.hpp
[2.505s] -- Up-to-date: /home/pidog/pidog-ros2/install/interfaces/include/interfaces/interfaces/action/detail/movement__traits.hpp
[2.506s] -- Up-to-date: /home/pidog/pidog-ros2/install/interfaces/include/interfaces/interfaces/action/detail/movement__struct.hpp
[2.506s] -- Up-to-date: /home/pidog/pidog-ros2/install/interfaces/include/interfaces/interfaces
[2.506s] -- Up-to-date: /home/pidog/pidog-ros2/install/interfaces/include/interfaces/interfaces/msg
[2.519s] -- Up-to-date: /home/pidog/pidog-ros2/install/interfaces/include/interfaces/interfaces/msg/rosidl_typesupport_fastrtps_cpp__visibility_control.h
[2.519s] -- Up-to-date: /home/pidog/pidog-ros2/install/interfaces/include/interfaces/interfaces/srv
[2.519s] -- Up-to-date: /home/pidog/pidog-ros2/install/interfaces/include/interfaces/interfaces/srv/detail
[2.520s] -- Up-to-date: /home/pidog/pidog-ros2/install/interfaces/include/interfaces/interfaces/srv/detail/dds_fastrtps
[2.520s] -- Up-to-date: /home/pidog/pidog-ros2/install/interfaces/include/interfaces/interfaces/srv/detail/component_status__rosidl_typesupport_fastrtps_cpp.hpp
[2.520s] -- Up-to-date: /home/pidog/pidog-ros2/install/interfaces/include/interfaces/interfaces/action
[2.520s] -- Up-to-date: /home/pidog/pidog-ros2/install/interfaces/include/interfaces/interfaces/action/detail
[2.520s] -- Up-to-date: /home/pidog/pidog-ros2/install/interfaces/include/interfaces/interfaces/action/detail/dds_fastrtps
[2.520s] -- Up-to-date: /home/pidog/pidog-ros2/install/interfaces/include/interfaces/interfaces/action/detail/movement__rosidl_typesupport_fastrtps_cpp.hpp
[2.521s] -- Up-to-date: /home/pidog/pidog-ros2/install/interfaces/lib/libinterfaces__rosidl_typesupport_fastrtps_cpp.so
[2.521s] -- Up-to-date: /home/pidog/pidog-ros2/install/interfaces/include/interfaces/interfaces
[2.521s] -- Up-to-date: /home/pidog/pidog-ros2/install/interfaces/include/interfaces/interfaces/srv
[2.521s] -- Up-to-date: /home/pidog/pidog-ros2/install/interfaces/include/interfaces/interfaces/srv/detail
[2.521s] -- Up-to-date: /home/pidog/pidog-ros2/install/interfaces/include/interfaces/interfaces/srv/detail/component_status__type_support.cpp
[2.521s] -- Up-to-date: /home/pidog/pidog-ros2/install/interfaces/include/interfaces/interfaces/srv/detail/component_status__rosidl_typesupport_introspection_cpp.hpp
[2.522s] -- Up-to-date: /home/pidog/pidog-ros2/install/interfaces/include/interfaces/interfaces/action
[2.522s] -- Up-to-date: /home/pidog/pidog-ros2/install/interfaces/include/interfaces/interfaces/action/detail
[2.522s] -- Up-to-date: /home/pidog/pidog-ros2/install/interfaces/include/interfaces/interfaces/action/detail/movement__type_support.cpp
[2.522s] -- Up-to-date: /home/pidog/pidog-ros2/install/interfaces/include/interfaces/interfaces/action/detail/movement__rosidl_typesupport_introspection_cpp.hpp
[2.522s] -- Up-to-date: /home/pidog/pidog-ros2/install/interfaces/lib/libinterfaces__rosidl_typesupport_introspection_cpp.so
[2.522s] -- Up-to-date: /home/pidog/pidog-ros2/install/interfaces/lib/libinterfaces__rosidl_typesupport_cpp.so
[2.523s] -- Up-to-date: /home/pidog/pidog-ros2/install/interfaces/share/interfaces/environment/pythonpath.sh
[2.523s] -- Up-to-date: /home/pidog/pidog-ros2/install/interfaces/share/interfaces/environment/pythonpath.dsv
[2.523s] -- Up-to-date: /home/pidog/pidog-ros2/install/interfaces/local/lib/python3.10/dist-packages/interfaces-0.0.0-py3.10.egg-info
[2.523s] -- Installing: /home/pidog/pidog-ros2/install/interfaces/local/lib/python3.10/dist-packages/interfaces-0.0.0-py3.10.egg-info/top_level.txt
[2.523s] -- Installing: /home/pidog/pidog-ros2/install/interfaces/local/lib/python3.10/dist-packages/interfaces-0.0.0-py3.10.egg-info/SOURCES.txt
[2.523s] -- Installing: /home/pidog/pidog-ros2/install/interfaces/local/lib/python3.10/dist-packages/interfaces-0.0.0-py3.10.egg-info/dependency_links.txt
[2.524s] -- Installing: /home/pidog/pidog-ros2/install/interfaces/local/lib/python3.10/dist-packages/interfaces-0.0.0-py3.10.egg-info/PKG-INFO
[2.524s] -- Up-to-date: /home/pidog/pidog-ros2/install/interfaces/local/lib/python3.10/dist-packages/interfaces
[2.556s] -- Up-to-date: /home/pidog/pidog-ros2/install/interfaces/local/lib/python3.10/dist-packages/interfaces/__init__.py
[2.556s] -- Up-to-date: /home/pidog/pidog-ros2/install/interfaces/local/lib/python3.10/dist-packages/interfaces/_interfaces_s.ep.rosidl_typesupport_fastrtps_c.c
[2.557s] -- Up-to-date: /home/pidog/pidog-ros2/install/interfaces/local/lib/python3.10/dist-packages/interfaces/interfaces_s__rosidl_typesupport_fastrtps_c.cpython-310-x86_64-linux-gnu.so
[2.557s] -- Up-to-date: /home/pidog/pidog-ros2/install/interfaces/local/lib/python3.10/dist-packages/interfaces/_interfaces_s.ep.rosidl_typesupport_c.c
[2.557s] -- Up-to-date: /home/pidog/pidog-ros2/install/interfaces/local/lib/python3.10/dist-packages/interfaces/interfaces_s__rosidl_typesupport_c.cpython-310-x86_64-linux-gnu.so
[2.557s] -- Up-to-date: /home/pidog/pidog-ros2/install/interfaces/local/lib/python3.10/dist-packages/interfaces/srv
[2.557s] -- Up-to-date: /home/pidog/pidog-ros2/install/interfaces/local/lib/python3.10/dist-packages/interfaces/srv/_component_status_s.c
[2.558s] -- Up-to-date: /home/pidog/pidog-ros2/install/interfaces/local/lib/python3.10/dist-packages/interfaces/srv/__init__.py
[2.558s] -- Up-to-date: /home/pidog/pidog-ros2/install/interfaces/local/lib/python3.10/dist-packages/interfaces/srv/_component_status.py
[2.558s] -- Up-to-date: /home/pidog/pidog-ros2/install/interfaces/local/lib/python3.10/dist-packages/interfaces/_interfaces_s.ep.rosidl_typesupport_introspection_c.c
[2.558s] -- Up-to-date: /home/pidog/pidog-ros2/install/interfaces/local/lib/python3.10/dist-packages/interfaces/interfaces_s__rosidl_typesupport_introspection_c.cpython-310-x86_64-linux-gnu.so
[2.558s] -- Up-to-date: /home/pidog/pidog-ros2/install/interfaces/local/lib/python3.10/dist-packages/interfaces/action
[2.559s] -- Up-to-date: /home/pidog/pidog-ros2/install/interfaces/local/lib/python3.10/dist-packages/interfaces/action/__init__.py
[2.559s] -- Up-to-date: /home/pidog/pidog-ros2/install/interfaces/local/lib/python3.10/dist-packages/interfaces/action/_movement_s.c
[2.560s] -- Up-to-date: /home/pidog/pidog-ros2/install/interfaces/local/lib/python3.10/dist-packages/interfaces/action/_movement.py
[2.560s] -- Up-to-date: /home/pidog/pidog-ros2/install/interfaces/local/lib/python3.10/dist-packages/interfaces/libinterfaces__rosidl_generator_py.so
[2.620s] Listing '/home/pidog/pidog-ros2/install/interfaces/local/lib/python3.10/dist-packages/interfaces'...
[2.620s] Listing '/home/pidog/pidog-ros2/install/interfaces/local/lib/python3.10/dist-packages/interfaces/action'...
[2.620s] Listing '/home/pidog/pidog-ros2/install/interfaces/local/lib/python3.10/dist-packages/interfaces/srv'...
[2.634s] -- Up-to-date: /home/pidog/pidog-ros2/install/interfaces/local/lib/python3.10/dist-packages/interfaces/interfaces_s__rosidl_typesupport_fastrtps_c.cpython-310-x86_64-linux-gnu.so
[2.636s] -- Up-to-date: /home/pidog/pidog-ros2/install/interfaces/local/lib/python3.10/dist-packages/interfaces/interfaces_s__rosidl_typesupport_introspection_c.cpython-310-x86_64-linux-gnu.so
[2.637s] -- Up-to-date: /home/pidog/pidog-ros2/install/interfaces/local/lib/python3.10/dist-packages/interfaces/interfaces_s__rosidl_typesupport_c.cpython-310-x86_64-linux-gnu.so
[2.638s] -- Up-to-date: /home/pidog/pidog-ros2/install/interfaces/lib/libinterfaces__rosidl_generator_py.so
[2.639s] -- Up-to-date: /home/pidog/pidog-ros2/install/interfaces/share/interfaces/action/Movement.idl
[2.640s] -- Up-to-date: /home/pidog/pidog-ros2/install/interfaces/share/interfaces/srv/ComponentStatus.idl
[2.640s] -- Up-to-date: /home/pidog/pidog-ros2/install/interfaces/share/interfaces/action/Movement.action
[2.641s] -- Up-to-date: /home/pidog/pidog-ros2/install/interfaces/share/interfaces/srv/ComponentStatus.srv
[2.641s] -- Up-to-date: /home/pidog/pidog-ros2/install/interfaces/share/interfaces/srv/ComponentStatus_Request.msg
[2.642s] -- Up-to-date: /home/pidog/pidog-ros2/install/interfaces/share/interfaces/srv/ComponentStatus_Response.msg
[2.642s] -- Up-to-date: /home/pidog/pidog-ros2/install/interfaces/share/ament_index/resource_index/package_run_dependencies/interfaces
[2.643s] -- Up-to-date: /home/pidog/pidog-ros2/install/interfaces/share/ament_index/resource_index/parent_prefix_path/interfaces
[2.643s] -- Up-to-date: /home/pidog/pidog-ros2/install/interfaces/share/interfaces/environment/ament_prefix_path.sh
[2.644s] -- Up-to-date: /home/pidog/pidog-ros2/install/interfaces/share/interfaces/environment/ament_prefix_path.dsv
[2.645s] -- Up-to-date: /home/pidog/pidog-ros2/install/interfaces/share/interfaces/environment/path.sh
[2.645s] -- Up-to-date: /home/pidog/pidog-ros2/install/interfaces/share/interfaces/environment/path.dsv
[2.646s] -- Up-to-date: /home/pidog/pidog-ros2/install/interfaces/share/interfaces/local_setup.bash
[2.647s] -- Up-to-date: /home/pidog/pidog-ros2/install/interfaces/share/interfaces/local_setup.sh
[2.647s] -- Up-to-date: /home/pidog/pidog-ros2/install/interfaces/share/interfaces/local_setup.zsh
[2.648s] -- Up-to-date: /home/pidog/pidog-ros2/install/interfaces/share/interfaces/local_setup.dsv
[2.648s] -- Installing: /home/pidog/pidog-ros2/install/interfaces/share/interfaces/package.dsv
[2.649s] -- Up-to-date: /home/pidog/pidog-ros2/install/interfaces/share/ament_index/resource_index/packages/interfaces
[2.650s] -- Up-to-date: /home/pidog/pidog-ros2/install/interfaces/share/interfaces/cmake/export_interfaces__rosidl_generator_cExport.cmake
[2.651s] -- Up-to-date: /home/pidog/pidog-ros2/install/interfaces/share/interfaces/cmake/export_interfaces__rosidl_generator_cExport-noconfig.cmake
[2.652s] -- Up-to-date: /home/pidog/pidog-ros2/install/interfaces/share/interfaces/cmake/export_interfaces__rosidl_typesupport_fastrtps_cExport.cmake
[2.652s] -- Up-to-date: /home/pidog/pidog-ros2/install/interfaces/share/interfaces/cmake/export_interfaces__rosidl_typesupport_fastrtps_cExport-noconfig.cmake
[2.653s] -- Up-to-date: /home/pidog/pidog-ros2/install/interfaces/share/interfaces/cmake/interfaces__rosidl_typesupport_introspection_cExport.cmake
[2.654s] -- Up-to-date: /home/pidog/pidog-ros2/install/interfaces/share/interfaces/cmake/interfaces__rosidl_typesupport_introspection_cExport-noconfig.cmake
[2.655s] -- Up-to-date: /home/pidog/pidog-ros2/install/interfaces/share/interfaces/cmake/interfaces__rosidl_typesupport_cExport.cmake
[2.658s] -- Up-to-date: /home/pidog/pidog-ros2/install/interfaces/share/interfaces/cmake/interfaces__rosidl_typesupport_cExport-noconfig.cmake
[2.659s] -- Up-to-date: /home/pidog/pidog-ros2/install/interfaces/share/interfaces/cmake/export_interfaces__rosidl_generator_cppExport.cmake
[2.660s] -- Up-to-date: /home/pidog/pidog-ros2/install/interfaces/share/interfaces/cmake/export_interfaces__rosidl_typesupport_fastrtps_cppExport.cmake
[2.660s] -- Up-to-date: /home/pidog/pidog-ros2/install/interfaces/share/interfaces/cmake/export_interfaces__rosidl_typesupport_fastrtps_cppExport-noconfig.cmake
[2.661s] -- Up-to-date: /home/pidog/pidog-ros2/install/interfaces/share/interfaces/cmake/interfaces__rosidl_typesupport_introspection_cppExport.cmake
[2.662s] -- Up-to-date: /home/pidog/pidog-ros2/install/interfaces/share/interfaces/cmake/interfaces__rosidl_typesupport_introspection_cppExport-noconfig.cmake
[2.662s] -- Up-to-date: /home/pidog/pidog-ros2/install/interfaces/share/interfaces/cmake/interfaces__rosidl_typesupport_cppExport.cmake
[2.663s] -- Up-to-date: /home/pidog/pidog-ros2/install/interfaces/share/interfaces/cmake/interfaces__rosidl_typesupport_cppExport-noconfig.cmake
[2.664s] -- Up-to-date: /home/pidog/pidog-ros2/install/interfaces/share/interfaces/cmake/export_interfaces__rosidl_generator_pyExport.cmake
[2.664s] -- Up-to-date: /home/pidog/pidog-ros2/install/interfaces/share/interfaces/cmake/export_interfaces__rosidl_generator_pyExport-noconfig.cmake
[2.665s] -- Up-to-date: /home/pidog/pidog-ros2/install/interfaces/share/interfaces/cmake/rosidl_cmake-extras.cmake
[2.665s] -- Up-to-date: /home/pidog/pidog-ros2/install/interfaces/share/interfaces/cmake/ament_cmake_export_dependencies-extras.cmake
[2.666s] -- Up-to-date: /home/pidog/pidog-ros2/install/interfaces/share/interfaces/cmake/ament_cmake_export_include_directories-extras.cmake
[2.666s] -- Up-to-date: /home/pidog/pidog-ros2/install/interfaces/share/interfaces/cmake/ament_cmake_export_libraries-extras.cmake
[2.667s] -- Up-to-date: /home/pidog/pidog-ros2/install/interfaces/share/interfaces/cmake/ament_cmake_export_targets-extras.cmake
[2.668s] -- Up-to-date: /home/pidog/pidog-ros2/install/interfaces/share/interfaces/cmake/rosidl_cmake_export_typesupport_targets-extras.cmake
[2.668s] -- Up-to-date: /home/pidog/pidog-ros2/install/interfaces/share/interfaces/cmake/rosidl_cmake_export_typesupport_libraries-extras.cmake
[2.669s] -- Up-to-date: /home/pidog/pidog-ros2/install/interfaces/share/interfaces/cmake/interfacesConfig.cmake
[2.669s] -- Up-to-date: /home/pidog/pidog-ros2/install/interfaces/share/interfaces/cmake/interfacesConfig-version.cmake
[2.670s] -- Up-to-date: /home/pidog/pidog-ros2/install/interfaces/share/interfaces/package.xml
[2.680s] Invoked command in '/home/pidog/pidog-ros2/build/interfaces' returned '0': CMAKE_PREFIX_PATH=${CMAKE_PREFIX_PATH}:/home/pidog/pidog-ros2/install/vision:/home/pidog/pidog-ros2/install/brain:/opt/ros/humble /usr/bin/cmake --install /home/pidog/pidog-ros2/build/interfaces
