[4.031s] Invoking command in '/home/pidog/pidog-ros2/src/vision': PYTHONPATH=/home/pidog/pidog-ros2/build/vision/prefix_override:/home/pidog/pidog-ros2/install/vision/lib/python3.10/site-packages:${PYTHONPATH} /usr/bin/python3 setup.py egg_info --egg-base ../../build/vision build --build-base /home/pidog/pidog-ros2/build/vision/build install --record /home/pidog/pidog-ros2/build/vision/install.log --single-version-externally-managed
[5.160s] running egg_info
[5.160s] writing ../../build/vision/vision.egg-info/PKG-INFO
[5.161s] writing dependency_links to ../../build/vision/vision.egg-info/dependency_links.txt
[5.180s] writing entry points to ../../build/vision/vision.egg-info/entry_points.txt
[5.181s] writing requirements to ../../build/vision/vision.egg-info/requires.txt
[5.181s] writing top-level names to ../../build/vision/vision.egg-info/top_level.txt
[5.197s] reading manifest file '../../build/vision/vision.egg-info/SOURCES.txt'
[5.205s] writing manifest file '../../build/vision/vision.egg-info/SOURCES.txt'
[5.208s] /usr/lib/python3/dist-packages/setuptools/command/install.py:34: SetuptoolsDeprecationWarning: setup.py install is deprecated. Use build and pip and other standards-based tools.
[5.209s]   warnings.warn(
[5.220s] running build
[5.220s] running build_py
[5.221s] running install
[5.221s] running install_lib
[5.223s] running install_data
[5.224s] running install_egg_info
[5.224s] removing '/home/pidog/pidog-ros2/install/vision/lib/python3.10/site-packages/vision-0.0.1-py3.10.egg-info' (and everything under it)
[5.226s] Copying ../../build/vision/vision.egg-info to /home/pidog/pidog-ros2/install/vision/lib/python3.10/site-packages/vision-0.0.1-py3.10.egg-info
[5.246s] running install_scripts
[5.368s] Installing vision script to /home/pidog/pidog-ros2/install/vision/lib/vision
[5.372s] writing list of installed files to '/home/pidog/pidog-ros2/build/vision/install.log'
[5.900s] Invoked command in '/home/pidog/pidog-ros2/src/vision' returned '0': PYTHONPATH=/home/pidog/pidog-ros2/build/vision/prefix_override:/home/pidog/pidog-ros2/install/vision/lib/python3.10/site-packages:${PYTHONPATH} /usr/bin/python3 setup.py egg_info --egg-base ../../build/vision build --build-base /home/pidog/pidog-ros2/build/vision/build install --record /home/pidog/pidog-ros2/build/vision/install.log --single-version-externally-managed
