[3.841s] Invoking command in '/home/pidog/pidog-ros2/src/legs': PYTHONPATH=/home/pidog/pidog-ros2/build/legs/prefix_override:/home/pidog/pidog-ros2/install/legs/lib/python3.10/site-packages:${PYTHONPATH} /usr/bin/python3 setup.py egg_info --egg-base ../../build/legs build --build-base /home/pidog/pidog-ros2/build/legs/build install --record /home/pidog/pidog-ros2/build/legs/install.log --single-version-externally-managed
[4.553s] running egg_info
[4.559s] writing ../../build/legs/legs.egg-info/PKG-INFO
[4.560s] writing dependency_links to ../../build/legs/legs.egg-info/dependency_links.txt
[4.570s] writing entry points to ../../build/legs/legs.egg-info/entry_points.txt
[4.570s] writing requirements to ../../build/legs/legs.egg-info/requires.txt
[4.572s] writing top-level names to ../../build/legs/legs.egg-info/top_level.txt
[4.586s] reading manifest file '../../build/legs/legs.egg-info/SOURCES.txt'
[4.587s] writing manifest file '../../build/legs/legs.egg-info/SOURCES.txt'
[4.587s] running build
[4.588s] running build_py
[4.592s] running install
[4.597s] /usr/lib/python3/dist-packages/setuptools/command/install.py:34: SetuptoolsDeprecationWarning: setup.py install is deprecated. Use build and pip and other standards-based tools.
[4.597s]   warnings.warn(
[4.599s] running install_lib
[4.601s] running install_data
[4.611s] running install_egg_info
[4.615s] removing '/home/pidog/pidog-ros2/install/legs/lib/python3.10/site-packages/legs-0.0.1-py3.10.egg-info' (and everything under it)
[4.615s] Copying ../../build/legs/legs.egg-info to /home/pidog/pidog-ros2/install/legs/lib/python3.10/site-packages/legs-0.0.1-py3.10.egg-info
[4.622s] running install_scripts
[4.688s] Installing legs script to /home/pidog/pidog-ros2/install/legs/lib/legs
[4.691s] writing list of installed files to '/home/pidog/pidog-ros2/build/legs/install.log'
[4.752s] Invoked command in '/home/pidog/pidog-ros2/src/legs' returned '0': PYTHONPATH=/home/pidog/pidog-ros2/build/legs/prefix_override:/home/pidog/pidog-ros2/install/legs/lib/python3.10/site-packages:${PYTHONPATH} /usr/bin/python3 setup.py egg_info --egg-base ../../build/legs build --build-base /home/pidog/pidog-ros2/build/legs/build install --record /home/pidog/pidog-ros2/build/legs/install.log --single-version-externally-managed
