[0.487s] DEBUG:colcon:Command line arguments: ['/usr/bin/colcon', 'build']
[0.487s] DEBUG:colcon:Parsed command line arguments: Namespace(log_base=None, log_level=None, verb_name='build', build_base='build', install_base='install', merge_install=False, symlink_install=False, test_result_base=None, continue_on_error=False, executor='parallel', parallel_workers=4, event_handlers=None, ignore_user_meta=False, metas=['./colcon.meta'], base_paths=['.'], packages_ignore=None, packages_ignore_regex=None, paths=None, packages_up_to=None, packages_up_to_regex=None, packages_above=None, packages_above_and_dependencies=None, packages_above_depth=None, packages_select_by_dep=None, packages_skip_by_dep=None, packages_skip_up_to=None, packages_select_build_failed=False, packages_skip_build_finished=False, packages_select_test_failures=False, packages_skip_test_passed=False, packages_select=None, packages_skip=None, packages_select_regex=None, packages_skip_regex=None, packages_start=None, packages_end=None, allow_overriding=[], cmake_args=None, cmake_target=None, cmake_target_skip_unavailable=False, cmake_clean_cache=False, cmake_clean_first=False, cmake_force_configure=False, ament_cmake_args=None, catkin_cmake_args=None, catkin_skip_building_tests=False, verb_parser=<colcon_defaults.argument_parser.defaults.DefaultArgumentsDecorator object at 0x7fab06ed8b50>, verb_extension=<colcon_core.verb.build.BuildVerb object at 0x7fab06e028f0>, main=<bound method BuildVerb.main of <colcon_core.verb.build.BuildVerb object at 0x7fab06e028f0>>)
[0.541s] Level 1:colcon.colcon_core.package_discovery:discover_packages(colcon_meta) check parameters
[0.541s] Level 1:colcon.colcon_core.package_discovery:discover_packages(recursive) check parameters
[0.541s] Level 1:colcon.colcon_core.package_discovery:discover_packages(ignore) check parameters
[0.541s] Level 1:colcon.colcon_core.package_discovery:discover_packages(path) check parameters
[0.541s] Level 1:colcon.colcon_core.package_discovery:discover_packages(colcon_meta) discover
[0.541s] Level 1:colcon.colcon_core.package_discovery:discover_packages(recursive) discover
[0.541s] INFO:colcon.colcon_core.package_discovery:Crawling recursively for packages in '/home/pidog/pidog-ros2'
[0.541s] Level 1:colcon.colcon_core.package_identification:_identify(.) by extensions ['ignore', 'ignore_ament_install']
[0.541s] Level 1:colcon.colcon_core.package_identification:_identify(.) by extension 'ignore'
[0.542s] Level 1:colcon.colcon_core.package_identification:_identify(.) by extension 'ignore_ament_install'
[0.542s] Level 1:colcon.colcon_core.package_identification:_identify(.) by extensions ['colcon_pkg']
[0.542s] Level 1:colcon.colcon_core.package_identification:_identify(.) by extension 'colcon_pkg'
[0.542s] Level 1:colcon.colcon_core.package_identification:_identify(.) by extensions ['colcon_meta']
[0.542s] Level 1:colcon.colcon_core.package_identification:_identify(.) by extension 'colcon_meta'
[0.542s] Level 1:colcon.colcon_core.package_identification:_identify(.) by extensions ['ros']
[0.542s] Level 1:colcon.colcon_core.package_identification:_identify(.) by extension 'ros'
[0.558s] Level 1:colcon.colcon_core.package_identification:_identify(.) by extensions ['cmake', 'python']
[0.558s] Level 1:colcon.colcon_core.package_identification:_identify(.) by extension 'cmake'
[0.558s] Level 1:colcon.colcon_core.package_identification:_identify(.) by extension 'python'
[0.558s] Level 1:colcon.colcon_core.package_identification:_identify(.) by extensions ['python_setup_py']
[0.558s] Level 1:colcon.colcon_core.package_identification:_identify(.) by extension 'python_setup_py'
[0.558s] Level 1:colcon.colcon_core.package_identification:_identify(build) by extensions ['ignore', 'ignore_ament_install']
[0.559s] Level 1:colcon.colcon_core.package_identification:_identify(build) by extension 'ignore'
[0.559s] Level 1:colcon.colcon_core.package_identification:_identify(build) ignored
[0.559s] Level 1:colcon.colcon_core.package_identification:_identify(install) by extensions ['ignore', 'ignore_ament_install']
[0.559s] Level 1:colcon.colcon_core.package_identification:_identify(install) by extension 'ignore'
[0.559s] Level 1:colcon.colcon_core.package_identification:_identify(install) ignored
[0.559s] Level 1:colcon.colcon_core.package_identification:_identify(log) by extensions ['ignore', 'ignore_ament_install']
[0.559s] Level 1:colcon.colcon_core.package_identification:_identify(log) by extension 'ignore'
[0.559s] Level 1:colcon.colcon_core.package_identification:_identify(log) ignored
[0.560s] Level 1:colcon.colcon_core.package_identification:_identify(src) by extensions ['ignore', 'ignore_ament_install']
[0.560s] Level 1:colcon.colcon_core.package_identification:_identify(src) by extension 'ignore'
[0.560s] Level 1:colcon.colcon_core.package_identification:_identify(src) by extension 'ignore_ament_install'
[0.560s] Level 1:colcon.colcon_core.package_identification:_identify(src) by extensions ['colcon_pkg']
[0.560s] Level 1:colcon.colcon_core.package_identification:_identify(src) by extension 'colcon_pkg'
[0.560s] Level 1:colcon.colcon_core.package_identification:_identify(src) by extensions ['colcon_meta']
[0.560s] Level 1:colcon.colcon_core.package_identification:_identify(src) by extension 'colcon_meta'
[0.560s] Level 1:colcon.colcon_core.package_identification:_identify(src) by extensions ['ros']
[0.560s] Level 1:colcon.colcon_core.package_identification:_identify(src) by extension 'ros'
[0.560s] Level 1:colcon.colcon_core.package_identification:_identify(src) by extensions ['cmake', 'python']
[0.560s] Level 1:colcon.colcon_core.package_identification:_identify(src) by extension 'cmake'
[0.560s] Level 1:colcon.colcon_core.package_identification:_identify(src) by extension 'python'
[0.560s] Level 1:colcon.colcon_core.package_identification:_identify(src) by extensions ['python_setup_py']
[0.560s] Level 1:colcon.colcon_core.package_identification:_identify(src) by extension 'python_setup_py'
[0.561s] Level 1:colcon.colcon_core.package_identification:_identify(src/brain) by extensions ['ignore', 'ignore_ament_install']
[0.561s] Level 1:colcon.colcon_core.package_identification:_identify(src/brain) by extension 'ignore'
[0.561s] Level 1:colcon.colcon_core.package_identification:_identify(src/brain) by extension 'ignore_ament_install'
[0.561s] Level 1:colcon.colcon_core.package_identification:_identify(src/brain) by extensions ['colcon_pkg']
[0.561s] Level 1:colcon.colcon_core.package_identification:_identify(src/brain) by extension 'colcon_pkg'
[0.561s] Level 1:colcon.colcon_core.package_identification:_identify(src/brain) by extensions ['colcon_meta']
[0.561s] Level 1:colcon.colcon_core.package_identification:_identify(src/brain) by extension 'colcon_meta'
[0.561s] Level 1:colcon.colcon_core.package_identification:_identify(src/brain) by extensions ['ros']
[0.561s] Level 1:colcon.colcon_core.package_identification:_identify(src/brain) by extension 'ros'
[0.564s] DEBUG:colcon.colcon_core.package_identification:Package 'src/brain' with type 'ros.ament_python' and name 'brain'
[0.565s] Level 1:colcon.colcon_core.package_identification:_identify(src/interfaces) by extensions ['ignore', 'ignore_ament_install']
[0.565s] Level 1:colcon.colcon_core.package_identification:_identify(src/interfaces) by extension 'ignore'
[0.565s] Level 1:colcon.colcon_core.package_identification:_identify(src/interfaces) by extension 'ignore_ament_install'
[0.565s] Level 1:colcon.colcon_core.package_identification:_identify(src/interfaces) by extensions ['colcon_pkg']
[0.565s] Level 1:colcon.colcon_core.package_identification:_identify(src/interfaces) by extension 'colcon_pkg'
[0.565s] Level 1:colcon.colcon_core.package_identification:_identify(src/interfaces) by extensions ['colcon_meta']
[0.565s] Level 1:colcon.colcon_core.package_identification:_identify(src/interfaces) by extension 'colcon_meta'
[0.565s] Level 1:colcon.colcon_core.package_identification:_identify(src/interfaces) by extensions ['ros']
[0.565s] Level 1:colcon.colcon_core.package_identification:_identify(src/interfaces) by extension 'ros'
[0.566s] DEBUG:colcon.colcon_core.package_identification:Package 'src/interfaces' with type 'ros.ament_cmake' and name 'interfaces'
[0.566s] Level 1:colcon.colcon_core.package_identification:_identify(src/legs) by extensions ['ignore', 'ignore_ament_install']
[0.567s] Level 1:colcon.colcon_core.package_identification:_identify(src/legs) by extension 'ignore'
[0.567s] Level 1:colcon.colcon_core.package_identification:_identify(src/legs) by extension 'ignore_ament_install'
[0.567s] Level 1:colcon.colcon_core.package_identification:_identify(src/legs) by extensions ['colcon_pkg']
[0.567s] Level 1:colcon.colcon_core.package_identification:_identify(src/legs) by extension 'colcon_pkg'
[0.567s] Level 1:colcon.colcon_core.package_identification:_identify(src/legs) by extensions ['colcon_meta']
[0.567s] Level 1:colcon.colcon_core.package_identification:_identify(src/legs) by extension 'colcon_meta'
[0.567s] Level 1:colcon.colcon_core.package_identification:_identify(src/legs) by extensions ['ros']
[0.567s] Level 1:colcon.colcon_core.package_identification:_identify(src/legs) by extension 'ros'
[0.568s] DEBUG:colcon.colcon_core.package_identification:Package 'src/legs' with type 'ros.ament_python' and name 'legs'
[0.568s] Level 1:colcon.colcon_core.package_identification:_identify(src/vision) by extensions ['ignore', 'ignore_ament_install']
[0.568s] Level 1:colcon.colcon_core.package_identification:_identify(src/vision) by extension 'ignore'
[0.568s] Level 1:colcon.colcon_core.package_identification:_identify(src/vision) by extension 'ignore_ament_install'
[0.568s] Level 1:colcon.colcon_core.package_identification:_identify(src/vision) by extensions ['colcon_pkg']
[0.568s] Level 1:colcon.colcon_core.package_identification:_identify(src/vision) by extension 'colcon_pkg'
[0.568s] Level 1:colcon.colcon_core.package_identification:_identify(src/vision) by extensions ['colcon_meta']
[0.568s] Level 1:colcon.colcon_core.package_identification:_identify(src/vision) by extension 'colcon_meta'
[0.569s] Level 1:colcon.colcon_core.package_identification:_identify(src/vision) by extensions ['ros']
[0.569s] Level 1:colcon.colcon_core.package_identification:_identify(src/vision) by extension 'ros'
[0.569s] DEBUG:colcon.colcon_core.package_identification:Package 'src/vision' with type 'ros.ament_python' and name 'vision'
[0.569s] Level 1:colcon.colcon_core.package_discovery:discover_packages(recursive) using defaults
[0.569s] Level 1:colcon.colcon_core.package_discovery:discover_packages(ignore) discover
[0.569s] Level 1:colcon.colcon_core.package_discovery:discover_packages(ignore) using defaults
[0.569s] Level 1:colcon.colcon_core.package_discovery:discover_packages(path) discover
[0.569s] Level 1:colcon.colcon_core.package_discovery:discover_packages(path) using defaults
[0.604s] Level 1:colcon.colcon_core.package_discovery:discover_packages(prefix_path) check parameters
[0.604s] Level 1:colcon.colcon_core.package_discovery:discover_packages(prefix_path) discover
[0.611s] DEBUG:colcon.colcon_installed_package_information.package_discovery:Found 288 installed packages in /opt/ros/humble
[0.613s] Level 1:colcon.colcon_core.package_discovery:discover_packages(prefix_path) using defaults
[0.722s] Level 5:colcon.colcon_core.verb:set package 'brain' build argument 'cmake_args' from command line to 'None'
[0.722s] Level 5:colcon.colcon_core.verb:set package 'brain' build argument 'cmake_target' from command line to 'None'
[0.722s] Level 5:colcon.colcon_core.verb:set package 'brain' build argument 'cmake_target_skip_unavailable' from command line to 'False'
[0.722s] Level 5:colcon.colcon_core.verb:set package 'brain' build argument 'cmake_clean_cache' from command line to 'False'
[0.722s] Level 5:colcon.colcon_core.verb:set package 'brain' build argument 'cmake_clean_first' from command line to 'False'
[0.722s] Level 5:colcon.colcon_core.verb:set package 'brain' build argument 'cmake_force_configure' from command line to 'False'
[0.723s] Level 5:colcon.colcon_core.verb:set package 'brain' build argument 'ament_cmake_args' from command line to 'None'
[0.723s] Level 5:colcon.colcon_core.verb:set package 'brain' build argument 'catkin_cmake_args' from command line to 'None'
[0.723s] Level 5:colcon.colcon_core.verb:set package 'brain' build argument 'catkin_skip_building_tests' from command line to 'False'
[0.723s] DEBUG:colcon.colcon_core.verb:Building package 'brain' with the following arguments: {'ament_cmake_args': None, 'build_base': '/home/pidog/pidog-ros2/build/brain', 'catkin_cmake_args': None, 'catkin_skip_building_tests': False, 'cmake_args': None, 'cmake_clean_cache': False, 'cmake_clean_first': False, 'cmake_force_configure': False, 'cmake_target': None, 'cmake_target_skip_unavailable': False, 'install_base': '/home/pidog/pidog-ros2/install/brain', 'merge_install': False, 'path': '/home/pidog/pidog-ros2/src/brain', 'symlink_install': False, 'test_result_base': None}
[0.725s] Level 5:colcon.colcon_core.verb:set package 'interfaces' build argument 'cmake_args' from command line to 'None'
[0.726s] Level 5:colcon.colcon_core.verb:set package 'interfaces' build argument 'cmake_target' from command line to 'None'
[0.726s] Level 5:colcon.colcon_core.verb:set package 'interfaces' build argument 'cmake_target_skip_unavailable' from command line to 'False'
[0.726s] Level 5:colcon.colcon_core.verb:set package 'interfaces' build argument 'cmake_clean_cache' from command line to 'False'
[0.726s] Level 5:colcon.colcon_core.verb:set package 'interfaces' build argument 'cmake_clean_first' from command line to 'False'
[0.726s] Level 5:colcon.colcon_core.verb:set package 'interfaces' build argument 'cmake_force_configure' from command line to 'False'
[0.726s] Level 5:colcon.colcon_core.verb:set package 'interfaces' build argument 'ament_cmake_args' from command line to 'None'
[0.726s] Level 5:colcon.colcon_core.verb:set package 'interfaces' build argument 'catkin_cmake_args' from command line to 'None'
[0.726s] Level 5:colcon.colcon_core.verb:set package 'interfaces' build argument 'catkin_skip_building_tests' from command line to 'False'
[0.726s] DEBUG:colcon.colcon_core.verb:Building package 'interfaces' with the following arguments: {'ament_cmake_args': None, 'build_base': '/home/pidog/pidog-ros2/build/interfaces', 'catkin_cmake_args': None, 'catkin_skip_building_tests': False, 'cmake_args': None, 'cmake_clean_cache': False, 'cmake_clean_first': False, 'cmake_force_configure': False, 'cmake_target': None, 'cmake_target_skip_unavailable': False, 'install_base': '/home/pidog/pidog-ros2/install/interfaces', 'merge_install': False, 'path': '/home/pidog/pidog-ros2/src/interfaces', 'symlink_install': False, 'test_result_base': None}
[0.728s] Level 5:colcon.colcon_core.verb:set package 'vision' build argument 'cmake_args' from command line to 'None'
[0.729s] Level 5:colcon.colcon_core.verb:set package 'vision' build argument 'cmake_target' from command line to 'None'
[0.729s] Level 5:colcon.colcon_core.verb:set package 'vision' build argument 'cmake_target_skip_unavailable' from command line to 'False'
[0.729s] Level 5:colcon.colcon_core.verb:set package 'vision' build argument 'cmake_clean_cache' from command line to 'False'
[0.729s] Level 5:colcon.colcon_core.verb:set package 'vision' build argument 'cmake_clean_first' from command line to 'False'
[0.729s] Level 5:colcon.colcon_core.verb:set package 'vision' build argument 'cmake_force_configure' from command line to 'False'
[0.729s] Level 5:colcon.colcon_core.verb:set package 'vision' build argument 'ament_cmake_args' from command line to 'None'
[0.729s] Level 5:colcon.colcon_core.verb:set package 'vision' build argument 'catkin_cmake_args' from command line to 'None'
[0.729s] Level 5:colcon.colcon_core.verb:set package 'vision' build argument 'catkin_skip_building_tests' from command line to 'False'
[0.729s] DEBUG:colcon.colcon_core.verb:Building package 'vision' with the following arguments: {'ament_cmake_args': None, 'build_base': '/home/pidog/pidog-ros2/build/vision', 'catkin_cmake_args': None, 'catkin_skip_building_tests': False, 'cmake_args': None, 'cmake_clean_cache': False, 'cmake_clean_first': False, 'cmake_force_configure': False, 'cmake_target': None, 'cmake_target_skip_unavailable': False, 'install_base': '/home/pidog/pidog-ros2/install/vision', 'merge_install': False, 'path': '/home/pidog/pidog-ros2/src/vision', 'symlink_install': False, 'test_result_base': None}
[0.731s] Level 5:colcon.colcon_core.verb:set package 'legs' build argument 'cmake_args' from command line to 'None'
[0.731s] Level 5:colcon.colcon_core.verb:set package 'legs' build argument 'cmake_target' from command line to 'None'
[0.731s] Level 5:colcon.colcon_core.verb:set package 'legs' build argument 'cmake_target_skip_unavailable' from command line to 'False'
[0.731s] Level 5:colcon.colcon_core.verb:set package 'legs' build argument 'cmake_clean_cache' from command line to 'False'
[0.731s] Level 5:colcon.colcon_core.verb:set package 'legs' build argument 'cmake_clean_first' from command line to 'False'
[0.731s] Level 5:colcon.colcon_core.verb:set package 'legs' build argument 'cmake_force_configure' from command line to 'False'
[0.731s] Level 5:colcon.colcon_core.verb:set package 'legs' build argument 'ament_cmake_args' from command line to 'None'
[0.732s] Level 5:colcon.colcon_core.verb:set package 'legs' build argument 'catkin_cmake_args' from command line to 'None'
[0.732s] Level 5:colcon.colcon_core.verb:set package 'legs' build argument 'catkin_skip_building_tests' from command line to 'False'
[0.732s] DEBUG:colcon.colcon_core.verb:Building package 'legs' with the following arguments: {'ament_cmake_args': None, 'build_base': '/home/pidog/pidog-ros2/build/legs', 'catkin_cmake_args': None, 'catkin_skip_building_tests': False, 'cmake_args': None, 'cmake_clean_cache': False, 'cmake_clean_first': False, 'cmake_force_configure': False, 'cmake_target': None, 'cmake_target_skip_unavailable': False, 'install_base': '/home/pidog/pidog-ros2/install/legs', 'merge_install': False, 'path': '/home/pidog/pidog-ros2/src/legs', 'symlink_install': False, 'test_result_base': None}
[0.733s] INFO:colcon.colcon_core.executor:Executing jobs using 'parallel' executor
[0.741s] DEBUG:colcon.colcon_parallel_executor.executor.parallel:run_until_complete
[0.742s] INFO:colcon.colcon_ros.task.ament_cmake.build:Building ROS package in '/home/pidog/pidog-ros2/src/interfaces' with build type 'ament_cmake'
[0.742s] INFO:colcon.colcon_cmake.task.cmake.build:Building CMake package in '/home/pidog/pidog-ros2/src/interfaces'
[0.754s] INFO:colcon.colcon_core.plugin_system:Skipping extension 'colcon_core.shell.bat': Not used on non-Windows systems
[0.754s] INFO:colcon.colcon_core.shell:Skip shell extension 'powershell' for command environment: Not usable outside of PowerShell
[0.754s] DEBUG:colcon.colcon_core.shell:Skip shell extension 'dsv' for command environment
[0.761s] INFO:colcon.colcon_ros.task.ament_python.build:Building ROS package in '/home/pidog/pidog-ros2/src/brain' with build type 'ament_python'
[0.762s] Level 1:colcon.colcon_core.shell:create_environment_hook('brain', 'ament_prefix_path')
[0.765s] INFO:colcon.colcon_core.shell:Creating environment hook '/home/pidog/pidog-ros2/install/brain/share/brain/hook/ament_prefix_path.ps1'
[0.767s] INFO:colcon.colcon_core.shell:Creating environment descriptor '/home/pidog/pidog-ros2/install/brain/share/brain/hook/ament_prefix_path.dsv'
[0.768s] INFO:colcon.colcon_core.shell:Creating environment hook '/home/pidog/pidog-ros2/install/brain/share/brain/hook/ament_prefix_path.sh'
[0.772s] INFO:colcon.colcon_core.shell:Skip shell extension 'powershell' for command environment: Not usable outside of PowerShell
[0.772s] DEBUG:colcon.colcon_core.shell:Skip shell extension 'dsv' for command environment
[0.799s] INFO:colcon.colcon_ros.task.ament_python.build:Building ROS package in '/home/pidog/pidog-ros2/src/vision' with build type 'ament_python'
[0.799s] Level 1:colcon.colcon_core.shell:create_environment_hook('vision', 'ament_prefix_path')
[0.805s] INFO:colcon.colcon_core.shell:Creating environment hook '/home/pidog/pidog-ros2/install/vision/share/vision/hook/ament_prefix_path.ps1'
[0.806s] INFO:colcon.colcon_core.shell:Creating environment descriptor '/home/pidog/pidog-ros2/install/vision/share/vision/hook/ament_prefix_path.dsv'
[0.806s] INFO:colcon.colcon_core.shell:Creating environment hook '/home/pidog/pidog-ros2/install/vision/share/vision/hook/ament_prefix_path.sh'
[0.811s] INFO:colcon.colcon_core.shell:Skip shell extension 'powershell' for command environment: Not usable outside of PowerShell
[0.812s] DEBUG:colcon.colcon_core.shell:Skip shell extension 'dsv' for command environment
[0.869s] DEBUG:colcon.colcon_core.event_handler.log_command:Invoking command in '/home/pidog/pidog-ros2/build/interfaces': CMAKE_PREFIX_PATH=/opt/ros/humble /usr/bin/cmake --build /home/pidog/pidog-ros2/build/interfaces -- -j4 -l4
[1.774s] INFO:colcon.colcon_core.task.python.build:Building Python package in '/home/pidog/pidog-ros2/src/brain'
[1.776s] INFO:colcon.colcon_core.shell:Skip shell extension 'powershell' for command environment: Not usable outside of PowerShell
[1.777s] DEBUG:colcon.colcon_core.shell:Skip shell extension 'dsv' for command environment
[2.375s] INFO:colcon.colcon_core.task.python.build:Building Python package in '/home/pidog/pidog-ros2/src/vision'
[2.377s] INFO:colcon.colcon_core.shell:Skip shell extension 'powershell' for command environment: Not usable outside of PowerShell
[2.377s] DEBUG:colcon.colcon_core.shell:Skip shell extension 'dsv' for command environment
[2.412s] DEBUG:colcon.colcon_core.event_handler.log_command:Invoked command in '/home/pidog/pidog-ros2/build/interfaces' returned '0': CMAKE_PREFIX_PATH=/opt/ros/humble /usr/bin/cmake --build /home/pidog/pidog-ros2/build/interfaces -- -j4 -l4
[2.808s] DEBUG:colcon.colcon_core.event_handler.log_command:Invoking command in '/home/pidog/pidog-ros2/build/interfaces': CMAKE_PREFIX_PATH=/opt/ros/humble /usr/bin/cmake --install /home/pidog/pidog-ros2/build/interfaces
[3.068s] Level 1:colcon.colcon_core.environment:create_environment_scripts_only(interfaces)
[3.081s] Level 1:colcon.colcon_core.environment:checking '/home/pidog/pidog-ros2/install/interfaces' for CMake module files
[3.084s] Level 1:colcon.colcon_core.environment:checking '/home/pidog/pidog-ros2/install/interfaces' for CMake config files
[3.085s] Level 1:colcon.colcon_core.shell:create_environment_hook('interfaces', 'cmake_prefix_path')
[3.089s] INFO:colcon.colcon_core.shell:Creating environment hook '/home/pidog/pidog-ros2/install/interfaces/share/interfaces/hook/cmake_prefix_path.ps1'
[3.096s] DEBUG:colcon.colcon_core.event_handler.log_command:Invoked command in '/home/pidog/pidog-ros2/build/interfaces' returned '0': CMAKE_PREFIX_PATH=/opt/ros/humble /usr/bin/cmake --install /home/pidog/pidog-ros2/build/interfaces
[3.097s] INFO:colcon.colcon_core.shell:Creating environment descriptor '/home/pidog/pidog-ros2/install/interfaces/share/interfaces/hook/cmake_prefix_path.dsv'
[3.099s] INFO:colcon.colcon_core.shell:Creating environment hook '/home/pidog/pidog-ros2/install/interfaces/share/interfaces/hook/cmake_prefix_path.sh'
[3.105s] Level 1:colcon.colcon_core.environment:checking '/home/pidog/pidog-ros2/install/interfaces/lib'
[3.106s] Level 1:colcon.colcon_core.shell:create_environment_hook('interfaces', 'ld_library_path_lib')
[3.109s] INFO:colcon.colcon_core.shell:Creating environment hook '/home/pidog/pidog-ros2/install/interfaces/share/interfaces/hook/ld_library_path_lib.ps1'
[3.110s] INFO:colcon.colcon_core.shell:Creating environment descriptor '/home/pidog/pidog-ros2/install/interfaces/share/interfaces/hook/ld_library_path_lib.dsv'
[3.111s] INFO:colcon.colcon_core.shell:Creating environment hook '/home/pidog/pidog-ros2/install/interfaces/share/interfaces/hook/ld_library_path_lib.sh'
[3.115s] Level 1:colcon.colcon_core.environment:checking '/home/pidog/pidog-ros2/install/interfaces/bin'
[3.115s] Level 1:colcon.colcon_core.environment:checking '/home/pidog/pidog-ros2/install/interfaces/lib/pkgconfig/interfaces.pc'
[3.116s] Level 1:colcon.colcon_core.environment:checking '/home/pidog/pidog-ros2/install/interfaces/lib/python3.10/site-packages'
[3.117s] Level 1:colcon.colcon_core.environment:checking '/home/pidog/pidog-ros2/install/interfaces/bin'
[3.120s] INFO:colcon.colcon_core.shell:Creating package script '/home/pidog/pidog-ros2/install/interfaces/share/interfaces/package.ps1'
[3.122s] INFO:colcon.colcon_core.shell:Creating package descriptor '/home/pidog/pidog-ros2/install/interfaces/share/interfaces/package.dsv'
[3.125s] INFO:colcon.colcon_core.shell:Creating package script '/home/pidog/pidog-ros2/install/interfaces/share/interfaces/package.sh'
[3.129s] INFO:colcon.colcon_core.shell:Creating package script '/home/pidog/pidog-ros2/install/interfaces/share/interfaces/package.bash'
[3.132s] INFO:colcon.colcon_core.shell:Creating package script '/home/pidog/pidog-ros2/install/interfaces/share/interfaces/package.zsh'
[3.134s] Level 1:colcon.colcon_core.environment:create_file_with_runtime_dependencies(/home/pidog/pidog-ros2/install/interfaces/share/colcon-core/packages/interfaces)
[3.498s] DEBUG:colcon.colcon_core.event_handler.log_command:Invoking command in '/home/pidog/pidog-ros2/src/brain': PYTHONPATH=/home/pidog/pidog-ros2/build/brain/prefix_override:/home/pidog/pidog-ros2/install/brain/lib/python3.10/site-packages:${PYTHONPATH} /usr/bin/python3 setup.py egg_info --egg-base ../../build/brain build --build-base /home/pidog/pidog-ros2/build/brain/build install --record /home/pidog/pidog-ros2/build/brain/install.log --single-version-externally-managed
[3.596s] Level 1:colcon.colcon_core.environment:create_environment_scripts_only(interfaces)
[3.603s] Level 1:colcon.colcon_core.environment:checking '/home/pidog/pidog-ros2/install/interfaces' for CMake module files
[3.606s] Level 1:colcon.colcon_core.environment:checking '/home/pidog/pidog-ros2/install/interfaces' for CMake config files
[3.608s] Level 1:colcon.colcon_core.shell:create_environment_hook('interfaces', 'cmake_prefix_path')
[3.612s] INFO:colcon.colcon_core.shell:Creating environment hook '/home/pidog/pidog-ros2/install/interfaces/share/interfaces/hook/cmake_prefix_path.ps1'
[3.613s] INFO:colcon.colcon_core.shell:Creating environment descriptor '/home/pidog/pidog-ros2/install/interfaces/share/interfaces/hook/cmake_prefix_path.dsv'
[3.616s] INFO:colcon.colcon_core.shell:Creating environment hook '/home/pidog/pidog-ros2/install/interfaces/share/interfaces/hook/cmake_prefix_path.sh'
[3.621s] Level 1:colcon.colcon_core.environment:checking '/home/pidog/pidog-ros2/install/interfaces/lib'
[3.622s] Level 1:colcon.colcon_core.shell:create_environment_hook('interfaces', 'ld_library_path_lib')
[3.624s] INFO:colcon.colcon_core.shell:Creating environment hook '/home/pidog/pidog-ros2/install/interfaces/share/interfaces/hook/ld_library_path_lib.ps1'
[3.625s] INFO:colcon.colcon_core.shell:Creating environment descriptor '/home/pidog/pidog-ros2/install/interfaces/share/interfaces/hook/ld_library_path_lib.dsv'
[3.626s] INFO:colcon.colcon_core.shell:Creating environment hook '/home/pidog/pidog-ros2/install/interfaces/share/interfaces/hook/ld_library_path_lib.sh'
[3.627s] Level 1:colcon.colcon_core.environment:checking '/home/pidog/pidog-ros2/install/interfaces/bin'
[3.628s] Level 1:colcon.colcon_core.environment:checking '/home/pidog/pidog-ros2/install/interfaces/lib/pkgconfig/interfaces.pc'
[3.628s] Level 1:colcon.colcon_core.environment:checking '/home/pidog/pidog-ros2/install/interfaces/lib/python3.10/site-packages'
[3.628s] Level 1:colcon.colcon_core.environment:checking '/home/pidog/pidog-ros2/install/interfaces/bin'
[3.631s] INFO:colcon.colcon_core.shell:Creating package script '/home/pidog/pidog-ros2/install/interfaces/share/interfaces/package.ps1'
[3.631s] INFO:colcon.colcon_core.shell:Creating package descriptor '/home/pidog/pidog-ros2/install/interfaces/share/interfaces/package.dsv'
[3.633s] INFO:colcon.colcon_core.shell:Creating package script '/home/pidog/pidog-ros2/install/interfaces/share/interfaces/package.sh'
[3.634s] INFO:colcon.colcon_core.shell:Creating package script '/home/pidog/pidog-ros2/install/interfaces/share/interfaces/package.bash'
[3.635s] INFO:colcon.colcon_core.shell:Creating package script '/home/pidog/pidog-ros2/install/interfaces/share/interfaces/package.zsh'
[3.637s] Level 1:colcon.colcon_core.environment:create_file_with_runtime_dependencies(/home/pidog/pidog-ros2/install/interfaces/share/colcon-core/packages/interfaces)
[3.640s] INFO:colcon.colcon_ros.task.ament_python.build:Building ROS package in '/home/pidog/pidog-ros2/src/legs' with build type 'ament_python'
[3.641s] Level 1:colcon.colcon_core.shell:create_environment_hook('legs', 'ament_prefix_path')
[3.643s] INFO:colcon.colcon_core.shell:Creating environment hook '/home/pidog/pidog-ros2/install/legs/share/legs/hook/ament_prefix_path.ps1'
[3.644s] INFO:colcon.colcon_core.shell:Creating environment descriptor '/home/pidog/pidog-ros2/install/legs/share/legs/hook/ament_prefix_path.dsv'
[3.645s] INFO:colcon.colcon_core.shell:Creating environment hook '/home/pidog/pidog-ros2/install/legs/share/legs/hook/ament_prefix_path.sh'
[3.648s] INFO:colcon.colcon_core.shell:Skip shell extension 'powershell' for command environment: Not usable outside of PowerShell
[3.648s] DEBUG:colcon.colcon_core.shell:Skip shell extension 'dsv' for command environment
[3.661s] DEBUG:colcon.colcon_core.event_handler.log_command:Invoking command in '/home/pidog/pidog-ros2/src/vision': PYTHONPATH=/home/pidog/pidog-ros2/build/vision/prefix_override:/home/pidog/pidog-ros2/install/vision/lib/python3.10/site-packages:${PYTHONPATH} /usr/bin/python3 setup.py egg_info --egg-base ../../build/vision build --build-base /home/pidog/pidog-ros2/build/vision/build install --record /home/pidog/pidog-ros2/build/vision/install.log --single-version-externally-managed
[4.393s] INFO:colcon.colcon_core.task.python.build:Building Python package in '/home/pidog/pidog-ros2/src/legs'
[4.396s] INFO:colcon.colcon_core.shell:Skip shell extension 'powershell' for command environment: Not usable outside of PowerShell
[4.396s] DEBUG:colcon.colcon_core.shell:Skip shell extension 'dsv' for command environment
[4.418s] Level 1:colcon.colcon_core.environment:checking '/home/pidog/pidog-ros2/install/brain' for CMake module files
[4.418s] DEBUG:colcon.colcon_core.event_handler.log_command:Invoked command in '/home/pidog/pidog-ros2/src/brain' returned '0': PYTHONPATH=/home/pidog/pidog-ros2/build/brain/prefix_override:/home/pidog/pidog-ros2/install/brain/lib/python3.10/site-packages:${PYTHONPATH} /usr/bin/python3 setup.py egg_info --egg-base ../../build/brain build --build-base /home/pidog/pidog-ros2/build/brain/build install --record /home/pidog/pidog-ros2/build/brain/install.log --single-version-externally-managed
[4.419s] Level 1:colcon.colcon_core.environment:checking '/home/pidog/pidog-ros2/install/brain' for CMake config files
[4.420s] Level 1:colcon.colcon_core.environment:checking '/home/pidog/pidog-ros2/install/brain/lib'
[4.420s] Level 1:colcon.colcon_core.environment:checking '/home/pidog/pidog-ros2/install/brain/bin'
[4.420s] Level 1:colcon.colcon_core.environment:checking '/home/pidog/pidog-ros2/install/brain/lib/pkgconfig/brain.pc'
[4.421s] Level 1:colcon.colcon_core.environment:checking '/home/pidog/pidog-ros2/install/brain/lib/python3.10/site-packages'
[4.421s] Level 1:colcon.colcon_core.shell:create_environment_hook('brain', 'pythonpath')
[4.423s] INFO:colcon.colcon_core.shell:Creating environment hook '/home/pidog/pidog-ros2/install/brain/share/brain/hook/pythonpath.ps1'
[4.424s] INFO:colcon.colcon_core.shell:Creating environment descriptor '/home/pidog/pidog-ros2/install/brain/share/brain/hook/pythonpath.dsv'
[4.426s] INFO:colcon.colcon_core.shell:Creating environment hook '/home/pidog/pidog-ros2/install/brain/share/brain/hook/pythonpath.sh'
[4.429s] Level 1:colcon.colcon_core.environment:checking '/home/pidog/pidog-ros2/install/brain/bin'
[4.430s] Level 1:colcon.colcon_core.environment:create_environment_scripts_only(brain)
[4.432s] INFO:colcon.colcon_core.shell:Creating package script '/home/pidog/pidog-ros2/install/brain/share/brain/package.ps1'
[4.436s] INFO:colcon.colcon_core.shell:Creating package descriptor '/home/pidog/pidog-ros2/install/brain/share/brain/package.dsv'
[4.440s] INFO:colcon.colcon_core.shell:Creating package script '/home/pidog/pidog-ros2/install/brain/share/brain/package.sh'
[4.441s] INFO:colcon.colcon_core.shell:Creating package script '/home/pidog/pidog-ros2/install/brain/share/brain/package.bash'
[4.442s] INFO:colcon.colcon_core.shell:Creating package script '/home/pidog/pidog-ros2/install/brain/share/brain/package.zsh'
[4.443s] Level 1:colcon.colcon_core.environment:create_file_with_runtime_dependencies(/home/pidog/pidog-ros2/install/brain/share/colcon-core/packages/brain)
[4.451s] Level 1:colcon.colcon_core.environment:checking '/home/pidog/pidog-ros2/install/vision' for CMake module files
[4.454s] DEBUG:colcon.colcon_core.event_handler.log_command:Invoked command in '/home/pidog/pidog-ros2/src/vision' returned '0': PYTHONPATH=/home/pidog/pidog-ros2/build/vision/prefix_override:/home/pidog/pidog-ros2/install/vision/lib/python3.10/site-packages:${PYTHONPATH} /usr/bin/python3 setup.py egg_info --egg-base ../../build/vision build --build-base /home/pidog/pidog-ros2/build/vision/build install --record /home/pidog/pidog-ros2/build/vision/install.log --single-version-externally-managed
[4.454s] Level 1:colcon.colcon_core.environment:checking '/home/pidog/pidog-ros2/install/vision' for CMake config files
[4.455s] Level 1:colcon.colcon_core.environment:checking '/home/pidog/pidog-ros2/install/vision/lib'
[4.455s] Level 1:colcon.colcon_core.environment:checking '/home/pidog/pidog-ros2/install/vision/bin'
[4.455s] Level 1:colcon.colcon_core.environment:checking '/home/pidog/pidog-ros2/install/vision/lib/pkgconfig/vision.pc'
[4.455s] Level 1:colcon.colcon_core.environment:checking '/home/pidog/pidog-ros2/install/vision/lib/python3.10/site-packages'
[4.456s] Level 1:colcon.colcon_core.shell:create_environment_hook('vision', 'pythonpath')
[4.457s] INFO:colcon.colcon_core.shell:Creating environment hook '/home/pidog/pidog-ros2/install/vision/share/vision/hook/pythonpath.ps1'
[4.458s] INFO:colcon.colcon_core.shell:Creating environment descriptor '/home/pidog/pidog-ros2/install/vision/share/vision/hook/pythonpath.dsv'
[4.459s] INFO:colcon.colcon_core.shell:Creating environment hook '/home/pidog/pidog-ros2/install/vision/share/vision/hook/pythonpath.sh'
[4.460s] Level 1:colcon.colcon_core.environment:checking '/home/pidog/pidog-ros2/install/vision/bin'
[4.460s] Level 1:colcon.colcon_core.environment:create_environment_scripts_only(vision)
[4.462s] INFO:colcon.colcon_core.shell:Creating package script '/home/pidog/pidog-ros2/install/vision/share/vision/package.ps1'
[4.463s] INFO:colcon.colcon_core.shell:Creating package descriptor '/home/pidog/pidog-ros2/install/vision/share/vision/package.dsv'
[4.464s] INFO:colcon.colcon_core.shell:Creating package script '/home/pidog/pidog-ros2/install/vision/share/vision/package.sh'
[4.465s] INFO:colcon.colcon_core.shell:Creating package script '/home/pidog/pidog-ros2/install/vision/share/vision/package.bash'
[4.466s] INFO:colcon.colcon_core.shell:Creating package script '/home/pidog/pidog-ros2/install/vision/share/vision/package.zsh'
[4.468s] Level 1:colcon.colcon_core.environment:create_file_with_runtime_dependencies(/home/pidog/pidog-ros2/install/vision/share/colcon-core/packages/vision)
[5.044s] DEBUG:colcon.colcon_core.event_handler.log_command:Invoking command in '/home/pidog/pidog-ros2/src/legs': AMENT_PREFIX_PATH=/home/pidog/pidog-ros2/install/interfaces:${AMENT_PREFIX_PATH} CMAKE_PREFIX_PATH=/home/pidog/pidog-ros2/install/interfaces LD_LIBRARY_PATH=/home/pidog/pidog-ros2/install/interfaces/lib:${LD_LIBRARY_PATH} PYTHONPATH=/home/pidog/pidog-ros2/build/legs/prefix_override:/home/pidog/pidog-ros2/install/legs/lib/python3.10/site-packages:/home/pidog/pidog-ros2/install/interfaces/local/lib/python3.10/dist-packages:${PYTHONPATH} /usr/bin/python3 setup.py egg_info --egg-base ../../build/legs build --build-base /home/pidog/pidog-ros2/build/legs/build install --record /home/pidog/pidog-ros2/build/legs/install.log --single-version-externally-managed
[5.599s] Level 1:colcon.colcon_core.environment:checking '/home/pidog/pidog-ros2/install/legs' for CMake module files
[5.603s] Level 1:colcon.colcon_core.environment:checking '/home/pidog/pidog-ros2/install/legs' for CMake config files
[5.606s] Level 1:colcon.colcon_core.environment:checking '/home/pidog/pidog-ros2/install/legs/lib'
[5.607s] Level 1:colcon.colcon_core.environment:checking '/home/pidog/pidog-ros2/install/legs/bin'
[5.607s] Level 1:colcon.colcon_core.environment:checking '/home/pidog/pidog-ros2/install/legs/lib/pkgconfig/legs.pc'
[5.607s] Level 1:colcon.colcon_core.environment:checking '/home/pidog/pidog-ros2/install/legs/lib/python3.10/site-packages'
[5.607s] Level 1:colcon.colcon_core.shell:create_environment_hook('legs', 'pythonpath')
[5.611s] INFO:colcon.colcon_core.shell:Creating environment hook '/home/pidog/pidog-ros2/install/legs/share/legs/hook/pythonpath.ps1'
[5.615s] DEBUG:colcon.colcon_core.event_handler.log_command:Invoked command in '/home/pidog/pidog-ros2/src/legs' returned '0': AMENT_PREFIX_PATH=/home/pidog/pidog-ros2/install/interfaces:${AMENT_PREFIX_PATH} CMAKE_PREFIX_PATH=/home/pidog/pidog-ros2/install/interfaces LD_LIBRARY_PATH=/home/pidog/pidog-ros2/install/interfaces/lib:${LD_LIBRARY_PATH} PYTHONPATH=/home/pidog/pidog-ros2/build/legs/prefix_override:/home/pidog/pidog-ros2/install/legs/lib/python3.10/site-packages:/home/pidog/pidog-ros2/install/interfaces/local/lib/python3.10/dist-packages:${PYTHONPATH} /usr/bin/python3 setup.py egg_info --egg-base ../../build/legs build --build-base /home/pidog/pidog-ros2/build/legs/build install --record /home/pidog/pidog-ros2/build/legs/install.log --single-version-externally-managed
[5.617s] INFO:colcon.colcon_core.shell:Creating environment descriptor '/home/pidog/pidog-ros2/install/legs/share/legs/hook/pythonpath.dsv'
[5.623s] INFO:colcon.colcon_core.shell:Creating environment hook '/home/pidog/pidog-ros2/install/legs/share/legs/hook/pythonpath.sh'
[5.625s] Level 1:colcon.colcon_core.environment:checking '/home/pidog/pidog-ros2/install/legs/bin'
[5.625s] Level 1:colcon.colcon_core.environment:create_environment_scripts_only(legs)
[5.630s] INFO:colcon.colcon_core.shell:Creating package script '/home/pidog/pidog-ros2/install/legs/share/legs/package.ps1'
[5.632s] INFO:colcon.colcon_core.shell:Creating package descriptor '/home/pidog/pidog-ros2/install/legs/share/legs/package.dsv'
[5.633s] INFO:colcon.colcon_core.shell:Creating package script '/home/pidog/pidog-ros2/install/legs/share/legs/package.sh'
[5.634s] INFO:colcon.colcon_core.shell:Creating package script '/home/pidog/pidog-ros2/install/legs/share/legs/package.bash'
[5.636s] INFO:colcon.colcon_core.shell:Creating package script '/home/pidog/pidog-ros2/install/legs/share/legs/package.zsh'
[5.638s] Level 1:colcon.colcon_core.environment:create_file_with_runtime_dependencies(/home/pidog/pidog-ros2/install/legs/share/colcon-core/packages/legs)
[5.640s] DEBUG:colcon.colcon_parallel_executor.executor.parallel:closing loop
[5.642s] DEBUG:colcon.colcon_parallel_executor.executor.parallel:loop closed
[5.642s] DEBUG:colcon.colcon_parallel_executor.executor.parallel:run_until_complete finished with '0'
[5.642s] DEBUG:colcon.colcon_core.event_reactor:joining thread
[5.652s] INFO:colcon.colcon_core.plugin_system:Skipping extension 'colcon_notification.desktop_notification.terminal_notifier': Not used on non-Darwin systems
[5.653s] INFO:colcon.colcon_core.plugin_system:Skipping extension 'colcon_notification.desktop_notification.win32': Not used on non-Windows systems
[5.653s] INFO:colcon.colcon_notification.desktop_notification:Sending desktop notification using 'notify2'
[5.685s] DEBUG:colcon.colcon_core.event_reactor:joined thread
[5.687s] INFO:colcon.colcon_core.shell:Creating prefix script '/home/pidog/pidog-ros2/install/local_setup.ps1'
[5.690s] INFO:colcon.colcon_core.shell:Creating prefix util module '/home/pidog/pidog-ros2/install/_local_setup_util_ps1.py'
[5.695s] INFO:colcon.colcon_core.shell:Creating prefix chain script '/home/pidog/pidog-ros2/install/setup.ps1'
[5.700s] INFO:colcon.colcon_core.shell:Creating prefix script '/home/pidog/pidog-ros2/install/local_setup.sh'
[5.702s] INFO:colcon.colcon_core.shell:Creating prefix util module '/home/pidog/pidog-ros2/install/_local_setup_util_sh.py'
[5.704s] INFO:colcon.colcon_core.shell:Creating prefix chain script '/home/pidog/pidog-ros2/install/setup.sh'
[5.710s] INFO:colcon.colcon_core.shell:Creating prefix script '/home/pidog/pidog-ros2/install/local_setup.bash'
[5.712s] INFO:colcon.colcon_core.shell:Creating prefix chain script '/home/pidog/pidog-ros2/install/setup.bash'
[5.720s] INFO:colcon.colcon_core.shell:Creating prefix script '/home/pidog/pidog-ros2/install/local_setup.zsh'
[5.725s] INFO:colcon.colcon_core.shell:Creating prefix chain script '/home/pidog/pidog-ros2/install/setup.zsh'
