[0.585s] Invoking command in '/home/pidog/pidog-ros2/build/interfaces': CMAKE_PREFIX_PATH=${CMAKE_PREFIX_PATH}:/home/pidog/pidog-ros2/install/vision:/home/pidog/pidog-ros2/install/legs:/home/pidog/pidog-ros2/install/brain:/opt/ros/humble /usr/bin/cmake --build /home/pidog/pidog-ros2/build/interfaces -- -j4 -l4
[1.446s] [  2%] Built target interfaces__cpp
[1.447s] [ 12%] Built target interfaces__rosidl_generator_c
[1.447s] [ 12%] Built target ament_cmake_python_copy_interfaces
[1.447s] [ 23%] Built target interfaces__rosidl_typesupport_cpp
[1.448s] [ 33%] Built target interfaces__rosidl_typesupport_fastrtps_cpp
[1.449s] [ 43%] Built target interfaces__rosidl_typesupport_introspection_cpp
[1.450s] [ 53%] Built target interfaces__rosidl_typesupport_fastrtps_c
[1.451s] [ 66%] Built target interfaces__rosidl_typesupport_c
[1.451s] [ 74%] Built target interfaces__rosidl_typesupport_introspection_c
[1.452s] [ 74%] Built target interfaces
[1.454s] [ 76%] Built target interfaces__py
[1.455s] [ 84%] Built target interfaces__rosidl_generator_py
[1.455s] [ 89%] Built target interfaces__rosidl_typesupport_fastrtps_c__pyext
[1.455s] [ 94%] Built target interfaces__rosidl_typesupport_introspection_c__pyext
[1.456s] [100%] Built target interfaces__rosidl_typesupport_c__pyext
[1.556s] running egg_info
[1.561s] writing interfaces.egg-info/PKG-INFO
[1.563s] writing dependency_links to interfaces.egg-info/dependency_links.txt
[1.565s] writing top-level names to interfaces.egg-info/top_level.txt
[1.573s] reading manifest file 'interfaces.egg-info/SOURCES.txt'
[1.575s] writing manifest file 'interfaces.egg-info/SOURCES.txt'
[1.638s] [100%] Built target ament_cmake_python_build_interfaces_egg
[2.018s] Invoked command in '/home/pidog/pidog-ros2/build/interfaces' returned '0': CMAKE_PREFIX_PATH=${CMAKE_PREFIX_PATH}:/home/pidog/pidog-ros2/install/vision:/home/pidog/pidog-ros2/install/legs:/home/pidog/pidog-ros2/install/brain:/opt/ros/humble /usr/bin/cmake --build /home/pidog/pidog-ros2/build/interfaces -- -j4 -l4
[2.466s] Invoking command in '/home/pidog/pidog-ros2/build/interfaces': CMAKE_PREFIX_PATH=${CMAKE_PREFIX_PATH}:/home/pidog/pidog-ros2/install/vision:/home/pidog/pidog-ros2/install/legs:/home/pidog/pidog-ros2/install/brain:/opt/ros/humble /usr/bin/cmake --install /home/pidog/pidog-ros2/build/interfaces
[2.485s] -- Install configuration: ""
[2.486s] -- Up-to-date: /home/pidog/pidog-ros2/install/interfaces/share/ament_index/resource_index/rosidl_interfaces/interfaces
[2.488s] -- Up-to-date: /home/pidog/pidog-ros2/install/interfaces/include/interfaces/interfaces
[2.488s] -- Up-to-date: /home/pidog/pidog-ros2/install/interfaces/include/interfaces/interfaces/msg
[2.489s] -- Up-to-date: /home/pidog/pidog-ros2/install/interfaces/include/interfaces/interfaces/msg/rosidl_generator_c__visibility_control.h
[2.530s] -- Up-to-date: /home/pidog/pidog-ros2/install/interfaces/include/interfaces/interfaces/srv
[2.531s] -- Up-to-date: /home/pidog/pidog-ros2/install/interfaces/include/interfaces/interfaces/srv/component_status.h
[2.531s] -- Up-to-date: /home/pidog/pidog-ros2/install/interfaces/include/interfaces/interfaces/srv/detail
[2.531s] -- Up-to-date: /home/pidog/pidog-ros2/install/interfaces/include/interfaces/interfaces/srv/detail/component_status__functions.h
[2.532s] -- Up-to-date: /home/pidog/pidog-ros2/install/interfaces/include/interfaces/interfaces/srv/detail/component_status__type_support.h
[2.532s] -- Up-to-date: /home/pidog/pidog-ros2/install/interfaces/include/interfaces/interfaces/srv/detail/component_status__struct.h
[2.532s] -- Up-to-date: /home/pidog/pidog-ros2/install/interfaces/include/interfaces/interfaces/srv/detail/component_status__functions.c
[2.532s] -- Up-to-date: /home/pidog/pidog-ros2/install/interfaces/include/interfaces/interfaces/action
[2.533s] -- Up-to-date: /home/pidog/pidog-ros2/install/interfaces/include/interfaces/interfaces/action/detail
[2.533s] -- Up-to-date: /home/pidog/pidog-ros2/install/interfaces/include/interfaces/interfaces/action/detail/movement__type_support.h
[2.533s] -- Up-to-date: /home/pidog/pidog-ros2/install/interfaces/include/interfaces/interfaces/action/detail/movement__functions.c
[2.533s] -- Up-to-date: /home/pidog/pidog-ros2/install/interfaces/include/interfaces/interfaces/action/detail/movement__functions.h
[2.533s] -- Up-to-date: /home/pidog/pidog-ros2/install/interfaces/include/interfaces/interfaces/action/detail/movement__struct.h
[2.534s] -- Up-to-date: /home/pidog/pidog-ros2/install/interfaces/include/interfaces/interfaces/action/movement.h
[2.534s] -- Up-to-date: /home/pidog/pidog-ros2/install/interfaces/share/interfaces/environment/library_path.sh
[2.534s] -- Up-to-date: /home/pidog/pidog-ros2/install/interfaces/share/interfaces/environment/library_path.dsv
[2.534s] -- Up-to-date: /home/pidog/pidog-ros2/install/interfaces/lib/libinterfaces__rosidl_generator_c.so
[2.534s] -- Up-to-date: /home/pidog/pidog-ros2/install/interfaces/include/interfaces/interfaces
[2.534s] -- Up-to-date: /home/pidog/pidog-ros2/install/interfaces/include/interfaces/interfaces/msg
[2.535s] -- Up-to-date: /home/pidog/pidog-ros2/install/interfaces/include/interfaces/interfaces/msg/rosidl_typesupport_fastrtps_c__visibility_control.h
[2.535s] -- Up-to-date: /home/pidog/pidog-ros2/install/interfaces/include/interfaces/interfaces/srv
[2.535s] -- Up-to-date: /home/pidog/pidog-ros2/install/interfaces/include/interfaces/interfaces/srv/detail
[2.535s] -- Up-to-date: /home/pidog/pidog-ros2/install/interfaces/include/interfaces/interfaces/srv/detail/component_status__rosidl_typesupport_fastrtps_c.h
[2.535s] -- Up-to-date: /home/pidog/pidog-ros2/install/interfaces/include/interfaces/interfaces/action
[2.536s] -- Up-to-date: /home/pidog/pidog-ros2/install/interfaces/include/interfaces/interfaces/action/detail
[2.536s] -- Up-to-date: /home/pidog/pidog-ros2/install/interfaces/include/interfaces/interfaces/action/detail/movement__rosidl_typesupport_fastrtps_c.h
[2.536s] -- Up-to-date: /home/pidog/pidog-ros2/install/interfaces/lib/libinterfaces__rosidl_typesupport_fastrtps_c.so
[2.536s] -- Up-to-date: /home/pidog/pidog-ros2/install/interfaces/include/interfaces/interfaces
[2.536s] -- Up-to-date: /home/pidog/pidog-ros2/install/interfaces/include/interfaces/interfaces/msg
[2.536s] -- Up-to-date: /home/pidog/pidog-ros2/install/interfaces/include/interfaces/interfaces/msg/rosidl_typesupport_introspection_c__visibility_control.h
[2.537s] -- Up-to-date: /home/pidog/pidog-ros2/install/interfaces/include/interfaces/interfaces/srv
[2.537s] -- Up-to-date: /home/pidog/pidog-ros2/install/interfaces/include/interfaces/interfaces/srv/detail
[2.537s] -- Up-to-date: /home/pidog/pidog-ros2/install/interfaces/include/interfaces/interfaces/srv/detail/component_status__rosidl_typesupport_introspection_c.h
[2.537s] -- Up-to-date: /home/pidog/pidog-ros2/install/interfaces/include/interfaces/interfaces/srv/detail/component_status__type_support.c
[2.537s] -- Up-to-date: /home/pidog/pidog-ros2/install/interfaces/include/interfaces/interfaces/action
[2.538s] -- Up-to-date: /home/pidog/pidog-ros2/install/interfaces/include/interfaces/interfaces/action/detail
[2.538s] -- Up-to-date: /home/pidog/pidog-ros2/install/interfaces/include/interfaces/interfaces/action/detail/movement__rosidl_typesupport_introspection_c.h
[2.538s] -- Up-to-date: /home/pidog/pidog-ros2/install/interfaces/include/interfaces/interfaces/action/detail/movement__type_support.c
[2.539s] -- Up-to-date: /home/pidog/pidog-ros2/install/interfaces/lib/libinterfaces__rosidl_typesupport_introspection_c.so
[2.539s] -- Up-to-date: /home/pidog/pidog-ros2/install/interfaces/lib/libinterfaces__rosidl_typesupport_c.so
[2.539s] -- Up-to-date: /home/pidog/pidog-ros2/install/interfaces/include/interfaces/interfaces
[2.539s] -- Up-to-date: /home/pidog/pidog-ros2/install/interfaces/include/interfaces/interfaces/srv
[2.539s] -- Up-to-date: /home/pidog/pidog-ros2/install/interfaces/include/interfaces/interfaces/srv/component_status.hpp
[2.539s] -- Up-to-date: /home/pidog/pidog-ros2/install/interfaces/include/interfaces/interfaces/srv/detail
[2.539s] -- Up-to-date: /home/pidog/pidog-ros2/install/interfaces/include/interfaces/interfaces/srv/detail/component_status__builder.hpp
[2.540s] -- Up-to-date: /home/pidog/pidog-ros2/install/interfaces/include/interfaces/interfaces/srv/detail/component_status__struct.hpp
[2.540s] -- Up-to-date: /home/pidog/pidog-ros2/install/interfaces/include/interfaces/interfaces/srv/detail/component_status__traits.hpp
[2.540s] -- Up-to-date: /home/pidog/pidog-ros2/install/interfaces/include/interfaces/interfaces/action
[2.540s] -- Up-to-date: /home/pidog/pidog-ros2/install/interfaces/include/interfaces/interfaces/action/movement.hpp
[2.540s] -- Up-to-date: /home/pidog/pidog-ros2/install/interfaces/include/interfaces/interfaces/action/detail
[2.540s] -- Up-to-date: /home/pidog/pidog-ros2/install/interfaces/include/interfaces/interfaces/action/detail/movement__builder.hpp
[2.540s] -- Up-to-date: /home/pidog/pidog-ros2/install/interfaces/include/interfaces/interfaces/action/detail/movement__traits.hpp
[2.541s] -- Up-to-date: /home/pidog/pidog-ros2/install/interfaces/include/interfaces/interfaces/action/detail/movement__struct.hpp
[2.541s] -- Up-to-date: /home/pidog/pidog-ros2/install/interfaces/include/interfaces/interfaces
[2.541s] -- Up-to-date: /home/pidog/pidog-ros2/install/interfaces/include/interfaces/interfaces/msg
[2.541s] -- Up-to-date: /home/pidog/pidog-ros2/install/interfaces/include/interfaces/interfaces/msg/rosidl_typesupport_fastrtps_cpp__visibility_control.h
[2.541s] -- Up-to-date: /home/pidog/pidog-ros2/install/interfaces/include/interfaces/interfaces/srv
[2.541s] -- Up-to-date: /home/pidog/pidog-ros2/install/interfaces/include/interfaces/interfaces/srv/detail
[2.541s] -- Up-to-date: /home/pidog/pidog-ros2/install/interfaces/include/interfaces/interfaces/srv/detail/dds_fastrtps
[2.542s] -- Up-to-date: /home/pidog/pidog-ros2/install/interfaces/include/interfaces/interfaces/srv/detail/component_status__rosidl_typesupport_fastrtps_cpp.hpp
[2.542s] -- Up-to-date: /home/pidog/pidog-ros2/install/interfaces/include/interfaces/interfaces/action
[2.542s] -- Up-to-date: /home/pidog/pidog-ros2/install/interfaces/include/interfaces/interfaces/action/detail
[2.542s] -- Up-to-date: /home/pidog/pidog-ros2/install/interfaces/include/interfaces/interfaces/action/detail/dds_fastrtps
[2.542s] -- Up-to-date: /home/pidog/pidog-ros2/install/interfaces/include/interfaces/interfaces/action/detail/movement__rosidl_typesupport_fastrtps_cpp.hpp
[2.542s] -- Up-to-date: /home/pidog/pidog-ros2/install/interfaces/lib/libinterfaces__rosidl_typesupport_fastrtps_cpp.so
[2.542s] -- Up-to-date: /home/pidog/pidog-ros2/install/interfaces/include/interfaces/interfaces
[2.543s] -- Up-to-date: /home/pidog/pidog-ros2/install/interfaces/include/interfaces/interfaces/srv
[2.543s] -- Up-to-date: /home/pidog/pidog-ros2/install/interfaces/include/interfaces/interfaces/srv/detail
[2.543s] -- Up-to-date: /home/pidog/pidog-ros2/install/interfaces/include/interfaces/interfaces/srv/detail/component_status__type_support.cpp
[2.543s] -- Up-to-date: /home/pidog/pidog-ros2/install/interfaces/include/interfaces/interfaces/srv/detail/component_status__rosidl_typesupport_introspection_cpp.hpp
[2.543s] -- Up-to-date: /home/pidog/pidog-ros2/install/interfaces/include/interfaces/interfaces/action
[2.543s] -- Up-to-date: /home/pidog/pidog-ros2/install/interfaces/include/interfaces/interfaces/action/detail
[2.543s] -- Up-to-date: /home/pidog/pidog-ros2/install/interfaces/include/interfaces/interfaces/action/detail/movement__type_support.cpp
[2.543s] -- Up-to-date: /home/pidog/pidog-ros2/install/interfaces/include/interfaces/interfaces/action/detail/movement__rosidl_typesupport_introspection_cpp.hpp
[2.544s] -- Up-to-date: /home/pidog/pidog-ros2/install/interfaces/lib/libinterfaces__rosidl_typesupport_introspection_cpp.so
[2.544s] -- Up-to-date: /home/pidog/pidog-ros2/install/interfaces/lib/libinterfaces__rosidl_typesupport_cpp.so
[2.544s] -- Up-to-date: /home/pidog/pidog-ros2/install/interfaces/share/interfaces/environment/pythonpath.sh
[2.544s] -- Up-to-date: /home/pidog/pidog-ros2/install/interfaces/share/interfaces/environment/pythonpath.dsv
[2.544s] -- Up-to-date: /home/pidog/pidog-ros2/install/interfaces/local/lib/python3.10/dist-packages/interfaces-0.0.0-py3.10.egg-info
[2.544s] -- Installing: /home/pidog/pidog-ros2/install/interfaces/local/lib/python3.10/dist-packages/interfaces-0.0.0-py3.10.egg-info/top_level.txt
[2.544s] -- Installing: /home/pidog/pidog-ros2/install/interfaces/local/lib/python3.10/dist-packages/interfaces-0.0.0-py3.10.egg-info/SOURCES.txt
[2.545s] -- Installing: /home/pidog/pidog-ros2/install/interfaces/local/lib/python3.10/dist-packages/interfaces-0.0.0-py3.10.egg-info/dependency_links.txt
[2.545s] -- Installing: /home/pidog/pidog-ros2/install/interfaces/local/lib/python3.10/dist-packages/interfaces-0.0.0-py3.10.egg-info/PKG-INFO
[2.545s] -- Up-to-date: /home/pidog/pidog-ros2/install/interfaces/local/lib/python3.10/dist-packages/interfaces
[2.545s] -- Up-to-date: /home/pidog/pidog-ros2/install/interfaces/local/lib/python3.10/dist-packages/interfaces/__init__.py
[2.545s] -- Up-to-date: /home/pidog/pidog-ros2/install/interfaces/local/lib/python3.10/dist-packages/interfaces/_interfaces_s.ep.rosidl_typesupport_fastrtps_c.c
[2.545s] -- Up-to-date: /home/pidog/pidog-ros2/install/interfaces/local/lib/python3.10/dist-packages/interfaces/interfaces_s__rosidl_typesupport_fastrtps_c.cpython-310-x86_64-linux-gnu.so
[2.545s] -- Up-to-date: /home/pidog/pidog-ros2/install/interfaces/local/lib/python3.10/dist-packages/interfaces/_interfaces_s.ep.rosidl_typesupport_c.c
[2.546s] -- Up-to-date: /home/pidog/pidog-ros2/install/interfaces/local/lib/python3.10/dist-packages/interfaces/interfaces_s__rosidl_typesupport_c.cpython-310-x86_64-linux-gnu.so
[2.546s] -- Up-to-date: /home/pidog/pidog-ros2/install/interfaces/local/lib/python3.10/dist-packages/interfaces/srv
[2.546s] -- Up-to-date: /home/pidog/pidog-ros2/install/interfaces/local/lib/python3.10/dist-packages/interfaces/srv/_component_status_s.c
[2.546s] -- Up-to-date: /home/pidog/pidog-ros2/install/interfaces/local/lib/python3.10/dist-packages/interfaces/srv/__init__.py
[2.546s] -- Up-to-date: /home/pidog/pidog-ros2/install/interfaces/local/lib/python3.10/dist-packages/interfaces/srv/_component_status.py
[2.546s] -- Up-to-date: /home/pidog/pidog-ros2/install/interfaces/local/lib/python3.10/dist-packages/interfaces/_interfaces_s.ep.rosidl_typesupport_introspection_c.c
[2.546s] -- Up-to-date: /home/pidog/pidog-ros2/install/interfaces/local/lib/python3.10/dist-packages/interfaces/interfaces_s__rosidl_typesupport_introspection_c.cpython-310-x86_64-linux-gnu.so
[2.547s] -- Up-to-date: /home/pidog/pidog-ros2/install/interfaces/local/lib/python3.10/dist-packages/interfaces/action
[2.547s] -- Up-to-date: /home/pidog/pidog-ros2/install/interfaces/local/lib/python3.10/dist-packages/interfaces/action/__init__.py
[2.547s] -- Up-to-date: /home/pidog/pidog-ros2/install/interfaces/local/lib/python3.10/dist-packages/interfaces/action/_movement_s.c
[2.547s] -- Up-to-date: /home/pidog/pidog-ros2/install/interfaces/local/lib/python3.10/dist-packages/interfaces/action/_movement.py
[2.547s] -- Up-to-date: /home/pidog/pidog-ros2/install/interfaces/local/lib/python3.10/dist-packages/interfaces/libinterfaces__rosidl_generator_py.so
[2.622s] Listing '/home/pidog/pidog-ros2/install/interfaces/local/lib/python3.10/dist-packages/interfaces'...
[2.622s] Listing '/home/pidog/pidog-ros2/install/interfaces/local/lib/python3.10/dist-packages/interfaces/action'...
[2.622s] Listing '/home/pidog/pidog-ros2/install/interfaces/local/lib/python3.10/dist-packages/interfaces/srv'...
[2.645s] -- Up-to-date: /home/pidog/pidog-ros2/install/interfaces/local/lib/python3.10/dist-packages/interfaces/interfaces_s__rosidl_typesupport_fastrtps_c.cpython-310-x86_64-linux-gnu.so
[2.646s] -- Up-to-date: /home/pidog/pidog-ros2/install/interfaces/local/lib/python3.10/dist-packages/interfaces/interfaces_s__rosidl_typesupport_introspection_c.cpython-310-x86_64-linux-gnu.so
[2.646s] -- Up-to-date: /home/pidog/pidog-ros2/install/interfaces/local/lib/python3.10/dist-packages/interfaces/interfaces_s__rosidl_typesupport_c.cpython-310-x86_64-linux-gnu.so
[2.646s] -- Up-to-date: /home/pidog/pidog-ros2/install/interfaces/lib/libinterfaces__rosidl_generator_py.so
[2.647s] -- Up-to-date: /home/pidog/pidog-ros2/install/interfaces/share/interfaces/action/Movement.idl
[2.647s] -- Up-to-date: /home/pidog/pidog-ros2/install/interfaces/share/interfaces/srv/ComponentStatus.idl
[2.647s] -- Up-to-date: /home/pidog/pidog-ros2/install/interfaces/share/interfaces/action/Movement.action
[2.647s] -- Up-to-date: /home/pidog/pidog-ros2/install/interfaces/share/interfaces/srv/ComponentStatus.srv
[2.648s] -- Up-to-date: /home/pidog/pidog-ros2/install/interfaces/share/interfaces/srv/ComponentStatus_Request.msg
[2.648s] -- Up-to-date: /home/pidog/pidog-ros2/install/interfaces/share/interfaces/srv/ComponentStatus_Response.msg
[2.649s] -- Up-to-date: /home/pidog/pidog-ros2/install/interfaces/share/ament_index/resource_index/package_run_dependencies/interfaces
[2.649s] -- Up-to-date: /home/pidog/pidog-ros2/install/interfaces/share/ament_index/resource_index/parent_prefix_path/interfaces
[2.649s] -- Up-to-date: /home/pidog/pidog-ros2/install/interfaces/share/interfaces/environment/ament_prefix_path.sh
[2.649s] -- Up-to-date: /home/pidog/pidog-ros2/install/interfaces/share/interfaces/environment/ament_prefix_path.dsv
[2.649s] -- Up-to-date: /home/pidog/pidog-ros2/install/interfaces/share/interfaces/environment/path.sh
[2.650s] -- Up-to-date: /home/pidog/pidog-ros2/install/interfaces/share/interfaces/environment/path.dsv
[2.650s] -- Up-to-date: /home/pidog/pidog-ros2/install/interfaces/share/interfaces/local_setup.bash
[2.650s] -- Up-to-date: /home/pidog/pidog-ros2/install/interfaces/share/interfaces/local_setup.sh
[2.650s] -- Up-to-date: /home/pidog/pidog-ros2/install/interfaces/share/interfaces/local_setup.zsh
[2.650s] -- Up-to-date: /home/pidog/pidog-ros2/install/interfaces/share/interfaces/local_setup.dsv
[2.650s] -- Installing: /home/pidog/pidog-ros2/install/interfaces/share/interfaces/package.dsv
[2.651s] -- Up-to-date: /home/pidog/pidog-ros2/install/interfaces/share/ament_index/resource_index/packages/interfaces
[2.658s] -- Up-to-date: /home/pidog/pidog-ros2/install/interfaces/share/interfaces/cmake/export_interfaces__rosidl_generator_cExport.cmake
[2.659s] -- Up-to-date: /home/pidog/pidog-ros2/install/interfaces/share/interfaces/cmake/export_interfaces__rosidl_generator_cExport-noconfig.cmake
[2.667s] -- Up-to-date: /home/pidog/pidog-ros2/install/interfaces/share/interfaces/cmake/export_interfaces__rosidl_typesupport_fastrtps_cExport.cmake
[2.667s] -- Up-to-date: /home/pidog/pidog-ros2/install/interfaces/share/interfaces/cmake/export_interfaces__rosidl_typesupport_fastrtps_cExport-noconfig.cmake
[2.668s] -- Up-to-date: /home/pidog/pidog-ros2/install/interfaces/share/interfaces/cmake/interfaces__rosidl_typesupport_introspection_cExport.cmake
[2.668s] -- Up-to-date: /home/pidog/pidog-ros2/install/interfaces/share/interfaces/cmake/interfaces__rosidl_typesupport_introspection_cExport-noconfig.cmake
[2.669s] -- Up-to-date: /home/pidog/pidog-ros2/install/interfaces/share/interfaces/cmake/interfaces__rosidl_typesupport_cExport.cmake
[2.670s] -- Up-to-date: /home/pidog/pidog-ros2/install/interfaces/share/interfaces/cmake/interfaces__rosidl_typesupport_cExport-noconfig.cmake
[2.671s] -- Up-to-date: /home/pidog/pidog-ros2/install/interfaces/share/interfaces/cmake/export_interfaces__rosidl_generator_cppExport.cmake
[2.672s] -- Up-to-date: /home/pidog/pidog-ros2/install/interfaces/share/interfaces/cmake/export_interfaces__rosidl_typesupport_fastrtps_cppExport.cmake
[2.672s] -- Up-to-date: /home/pidog/pidog-ros2/install/interfaces/share/interfaces/cmake/export_interfaces__rosidl_typesupport_fastrtps_cppExport-noconfig.cmake
[2.673s] -- Up-to-date: /home/pidog/pidog-ros2/install/interfaces/share/interfaces/cmake/interfaces__rosidl_typesupport_introspection_cppExport.cmake
[2.673s] -- Up-to-date: /home/pidog/pidog-ros2/install/interfaces/share/interfaces/cmake/interfaces__rosidl_typesupport_introspection_cppExport-noconfig.cmake
[2.674s] -- Up-to-date: /home/pidog/pidog-ros2/install/interfaces/share/interfaces/cmake/interfaces__rosidl_typesupport_cppExport.cmake
[2.674s] -- Up-to-date: /home/pidog/pidog-ros2/install/interfaces/share/interfaces/cmake/interfaces__rosidl_typesupport_cppExport-noconfig.cmake
[2.674s] -- Up-to-date: /home/pidog/pidog-ros2/install/interfaces/share/interfaces/cmake/export_interfaces__rosidl_generator_pyExport.cmake
[2.677s] -- Up-to-date: /home/pidog/pidog-ros2/install/interfaces/share/interfaces/cmake/export_interfaces__rosidl_generator_pyExport-noconfig.cmake
[2.677s] -- Up-to-date: /home/pidog/pidog-ros2/install/interfaces/share/interfaces/cmake/rosidl_cmake-extras.cmake
[2.678s] -- Up-to-date: /home/pidog/pidog-ros2/install/interfaces/share/interfaces/cmake/ament_cmake_export_dependencies-extras.cmake
[2.678s] -- Up-to-date: /home/pidog/pidog-ros2/install/interfaces/share/interfaces/cmake/ament_cmake_export_include_directories-extras.cmake
[2.678s] -- Up-to-date: /home/pidog/pidog-ros2/install/interfaces/share/interfaces/cmake/ament_cmake_export_libraries-extras.cmake
[2.678s] -- Up-to-date: /home/pidog/pidog-ros2/install/interfaces/share/interfaces/cmake/ament_cmake_export_targets-extras.cmake
[2.678s] -- Up-to-date: /home/pidog/pidog-ros2/install/interfaces/share/interfaces/cmake/rosidl_cmake_export_typesupport_targets-extras.cmake
[2.678s] -- Up-to-date: /home/pidog/pidog-ros2/install/interfaces/share/interfaces/cmake/rosidl_cmake_export_typesupport_libraries-extras.cmake
[2.679s] -- Up-to-date: /home/pidog/pidog-ros2/install/interfaces/share/interfaces/cmake/interfacesConfig.cmake
[2.680s] -- Up-to-date: /home/pidog/pidog-ros2/install/interfaces/share/interfaces/cmake/interfacesConfig-version.cmake
[2.680s] -- Up-to-date: /home/pidog/pidog-ros2/install/interfaces/share/interfaces/package.xml
[2.699s] Invoked command in '/home/pidog/pidog-ros2/build/interfaces' returned '0': CMAKE_PREFIX_PATH=${CMAKE_PREFIX_PATH}:/home/pidog/pidog-ros2/install/vision:/home/pidog/pidog-ros2/install/legs:/home/pidog/pidog-ros2/install/brain:/opt/ros/humble /usr/bin/cmake --install /home/pidog/pidog-ros2/build/interfaces
