[1.362s] Invoking command in '/home/pidog/pidog-ros2/src/vision': PYTHONPATH=/home/pidog/pidog-ros2/build/vision/prefix_override:/home/pidog/pidog-ros2/install/vision/lib/python3.10/site-packages:${PYTHONPATH} /usr/bin/python3 setup.py egg_info --egg-base ../../build/vision build --build-base /home/pidog/pidog-ros2/build/vision/build install --record /home/pidog/pidog-ros2/build/vision/install.log --single-version-externally-managed
[1.907s] running egg_info
[1.908s] writing ../../build/vision/vision.egg-info/PKG-INFO
[1.908s] writing dependency_links to ../../build/vision/vision.egg-info/dependency_links.txt
[1.909s] writing entry points to ../../build/vision/vision.egg-info/entry_points.txt
[1.910s] writing requirements to ../../build/vision/vision.egg-info/requires.txt
[1.911s] writing top-level names to ../../build/vision/vision.egg-info/top_level.txt
[1.913s] reading manifest file '../../build/vision/vision.egg-info/SOURCES.txt'
[1.916s] writing manifest file '../../build/vision/vision.egg-info/SOURCES.txt'
[1.916s] running build
[1.916s] running build_py
[1.917s] running install
[1.918s] /usr/lib/python3/dist-packages/setuptools/command/install.py:34: SetuptoolsDeprecationWarning: setup.py install is deprecated. Use build and pip and other standards-based tools.
[1.919s]   warnings.warn(
[1.920s] running install_lib
[1.923s] running install_data
[1.924s] running install_egg_info
[1.931s] removing '/home/pidog/pidog-ros2/install/vision/lib/python3.10/site-packages/vision-0.0.1-py3.10.egg-info' (and everything under it)
[1.932s] Copying ../../build/vision/vision.egg-info to /home/pidog/pidog-ros2/install/vision/lib/python3.10/site-packages/vision-0.0.1-py3.10.egg-info
[1.932s] running install_scripts
[1.964s] Installing vision script to /home/pidog/pidog-ros2/install/vision/lib/vision
[1.964s] writing list of installed files to '/home/pidog/pidog-ros2/build/vision/install.log'
[2.016s] Invoked command in '/home/pidog/pidog-ros2/src/vision' returned '0': PYTHONPATH=/home/pidog/pidog-ros2/build/vision/prefix_override:/home/pidog/pidog-ros2/install/vision/lib/python3.10/site-packages:${PYTHONPATH} /usr/bin/python3 setup.py egg_info --egg-base ../../build/vision build --build-base /home/pidog/pidog-ros2/build/vision/build install --record /home/pidog/pidog-ros2/build/vision/install.log --single-version-externally-managed
