[0.567s] Invoking command in '/home/pidog/pidog-ros2/build/interfaces': CMAKE_PREFIX_PATH=${CMAKE_PREFIX_PATH}:/home/pidog/pidog-ros2/install/vision:/home/pidog/pidog-ros2/install/legs:/home/pidog/pidog-ros2/install/brain:/opt/ros/humble /usr/bin/cmake --build /home/pidog/pidog-ros2/build/interfaces -- -j4 -l4
[1.492s] [  2%] Built target interfaces__cpp
[1.492s] [ 12%] Built target interfaces__rosidl_generator_c
[1.493s] [ 12%] Built target ament_cmake_python_copy_interfaces
[1.493s] [ 33%] Built target interfaces__rosidl_typesupport_fastrtps_cpp
[1.493s] [ 33%] Built target interfaces__rosidl_typesupport_cpp
[1.493s] [ 43%] Built target interfaces__rosidl_typesupport_introspection_cpp
[1.493s] [ 53%] Built target interfaces__rosidl_typesupport_fastrtps_c
[1.493s] [ 64%] Built target interfaces__rosidl_typesupport_introspection_c
[1.493s] [ 74%] Built target interfaces__rosidl_typesupport_c
[1.493s] [ 74%] Built target interfaces
[1.494s] [ 76%] Built target interfaces__py
[1.494s] [ 84%] Built target interfaces__rosidl_generator_py
[1.494s] [ 89%] Built target interfaces__rosidl_typesupport_fastrtps_c__pyext
[1.494s] [ 94%] Built target interfaces__rosidl_typesupport_introspection_c__pyext
[1.494s] [100%] Built target interfaces__rosidl_typesupport_c__pyext
[1.536s] running egg_info
[1.539s] writing interfaces.egg-info/PKG-INFO
[1.540s] writing dependency_links to interfaces.egg-info/dependency_links.txt
[1.542s] writing top-level names to interfaces.egg-info/top_level.txt
[1.545s] reading manifest file 'interfaces.egg-info/SOURCES.txt'
[1.547s] writing manifest file 'interfaces.egg-info/SOURCES.txt'
[1.594s] [100%] Built target ament_cmake_python_build_interfaces_egg
