[0.956s] DEBUG:colcon:Command line arguments: ['/usr/bin/colcon', 'build']
[0.958s] DEBUG:colcon:Parsed command line arguments: Namespace(log_base=None, log_level=None, verb_name='build', build_base='build', install_base='install', merge_install=False, symlink_install=False, test_result_base=None, continue_on_error=False, executor='parallel', parallel_workers=4, event_handlers=None, ignore_user_meta=False, metas=['./colcon.meta'], base_paths=['.'], packages_ignore=None, packages_ignore_regex=None, paths=None, packages_up_to=None, packages_up_to_regex=None, packages_above=None, packages_above_and_dependencies=None, packages_above_depth=None, packages_select_by_dep=None, packages_skip_by_dep=None, packages_skip_up_to=None, packages_select_build_failed=False, packages_skip_build_finished=False, packages_select_test_failures=False, packages_skip_test_passed=False, packages_select=None, packages_skip=None, packages_select_regex=None, packages_skip_regex=None, packages_start=None, packages_end=None, allow_overriding=[], cmake_args=None, cmake_target=None, cmake_target_skip_unavailable=False, cmake_clean_cache=False, cmake_clean_first=False, cmake_force_configure=False, ament_cmake_args=None, catkin_cmake_args=None, catkin_skip_building_tests=False, verb_parser=<colcon_defaults.argument_parser.defaults.DefaultArgumentsDecorator object at 0x7ff5c82e4b20>, verb_extension=<colcon_core.verb.build.BuildVerb object at 0x7ff5c820e8f0>, main=<bound method BuildVerb.main of <colcon_core.verb.build.BuildVerb object at 0x7ff5c820e8f0>>)
[1.090s] Level 1:colcon.colcon_core.package_discovery:discover_packages(colcon_meta) check parameters
[1.091s] Level 1:colcon.colcon_core.package_discovery:discover_packages(recursive) check parameters
[1.092s] Level 1:colcon.colcon_core.package_discovery:discover_packages(ignore) check parameters
[1.093s] Level 1:colcon.colcon_core.package_discovery:discover_packages(path) check parameters
[1.093s] Level 1:colcon.colcon_core.package_discovery:discover_packages(colcon_meta) discover
[1.093s] Level 1:colcon.colcon_core.package_discovery:discover_packages(recursive) discover
[1.094s] INFO:colcon.colcon_core.package_discovery:Crawling recursively for packages in '/home/pidog/pidog-ros2'
[1.094s] Level 1:colcon.colcon_core.package_identification:_identify(.) by extensions ['ignore', 'ignore_ament_install']
[1.096s] Level 1:colcon.colcon_core.package_identification:_identify(.) by extension 'ignore'
[1.096s] Level 1:colcon.colcon_core.package_identification:_identify(.) by extension 'ignore_ament_install'
[1.097s] Level 1:colcon.colcon_core.package_identification:_identify(.) by extensions ['colcon_pkg']
[1.097s] Level 1:colcon.colcon_core.package_identification:_identify(.) by extension 'colcon_pkg'
[1.097s] Level 1:colcon.colcon_core.package_identification:_identify(.) by extensions ['colcon_meta']
[1.097s] Level 1:colcon.colcon_core.package_identification:_identify(.) by extension 'colcon_meta'
[1.097s] Level 1:colcon.colcon_core.package_identification:_identify(.) by extensions ['ros']
[1.098s] Level 1:colcon.colcon_core.package_identification:_identify(.) by extension 'ros'
[1.128s] Level 1:colcon.colcon_core.package_identification:_identify(.) by extensions ['cmake', 'python']
[1.128s] Level 1:colcon.colcon_core.package_identification:_identify(.) by extension 'cmake'
[1.128s] Level 1:colcon.colcon_core.package_identification:_identify(.) by extension 'python'
[1.128s] Level 1:colcon.colcon_core.package_identification:_identify(.) by extensions ['python_setup_py']
[1.128s] Level 1:colcon.colcon_core.package_identification:_identify(.) by extension 'python_setup_py'
[1.129s] Level 1:colcon.colcon_core.package_identification:_identify(build) by extensions ['ignore', 'ignore_ament_install']
[1.129s] Level 1:colcon.colcon_core.package_identification:_identify(build) by extension 'ignore'
[1.129s] Level 1:colcon.colcon_core.package_identification:_identify(build) ignored
[1.129s] Level 1:colcon.colcon_core.package_identification:_identify(install) by extensions ['ignore', 'ignore_ament_install']
[1.129s] Level 1:colcon.colcon_core.package_identification:_identify(install) by extension 'ignore'
[1.129s] Level 1:colcon.colcon_core.package_identification:_identify(install) ignored
[1.130s] Level 1:colcon.colcon_core.package_identification:_identify(log) by extensions ['ignore', 'ignore_ament_install']
[1.130s] Level 1:colcon.colcon_core.package_identification:_identify(log) by extension 'ignore'
[1.130s] Level 1:colcon.colcon_core.package_identification:_identify(log) ignored
[1.130s] Level 1:colcon.colcon_core.package_identification:_identify(src) by extensions ['ignore', 'ignore_ament_install']
[1.130s] Level 1:colcon.colcon_core.package_identification:_identify(src) by extension 'ignore'
[1.130s] Level 1:colcon.colcon_core.package_identification:_identify(src) by extension 'ignore_ament_install'
[1.130s] Level 1:colcon.colcon_core.package_identification:_identify(src) by extensions ['colcon_pkg']
[1.130s] Level 1:colcon.colcon_core.package_identification:_identify(src) by extension 'colcon_pkg'
[1.130s] Level 1:colcon.colcon_core.package_identification:_identify(src) by extensions ['colcon_meta']
[1.130s] Level 1:colcon.colcon_core.package_identification:_identify(src) by extension 'colcon_meta'
[1.130s] Level 1:colcon.colcon_core.package_identification:_identify(src) by extensions ['ros']
[1.130s] Level 1:colcon.colcon_core.package_identification:_identify(src) by extension 'ros'
[1.130s] Level 1:colcon.colcon_core.package_identification:_identify(src) by extensions ['cmake', 'python']
[1.131s] Level 1:colcon.colcon_core.package_identification:_identify(src) by extension 'cmake'
[1.131s] Level 1:colcon.colcon_core.package_identification:_identify(src) by extension 'python'
[1.131s] Level 1:colcon.colcon_core.package_identification:_identify(src) by extensions ['python_setup_py']
[1.131s] Level 1:colcon.colcon_core.package_identification:_identify(src) by extension 'python_setup_py'
[1.131s] Level 1:colcon.colcon_core.package_identification:_identify(src/brain) by extensions ['ignore', 'ignore_ament_install']
[1.131s] Level 1:colcon.colcon_core.package_identification:_identify(src/brain) by extension 'ignore'
[1.131s] Level 1:colcon.colcon_core.package_identification:_identify(src/brain) by extension 'ignore_ament_install'
[1.131s] Level 1:colcon.colcon_core.package_identification:_identify(src/brain) by extensions ['colcon_pkg']
[1.131s] Level 1:colcon.colcon_core.package_identification:_identify(src/brain) by extension 'colcon_pkg'
[1.131s] Level 1:colcon.colcon_core.package_identification:_identify(src/brain) by extensions ['colcon_meta']
[1.131s] Level 1:colcon.colcon_core.package_identification:_identify(src/brain) by extension 'colcon_meta'
[1.131s] Level 1:colcon.colcon_core.package_identification:_identify(src/brain) by extensions ['ros']
[1.131s] Level 1:colcon.colcon_core.package_identification:_identify(src/brain) by extension 'ros'
[1.137s] DEBUG:colcon.colcon_core.package_identification:Package 'src/brain' with type 'ros.ament_python' and name 'brain'
[1.137s] Level 1:colcon.colcon_core.package_identification:_identify(src/interfaces) by extensions ['ignore', 'ignore_ament_install']
[1.137s] Level 1:colcon.colcon_core.package_identification:_identify(src/interfaces) by extension 'ignore'
[1.137s] Level 1:colcon.colcon_core.package_identification:_identify(src/interfaces) by extension 'ignore_ament_install'
[1.138s] Level 1:colcon.colcon_core.package_identification:_identify(src/interfaces) by extensions ['colcon_pkg']
[1.138s] Level 1:colcon.colcon_core.package_identification:_identify(src/interfaces) by extension 'colcon_pkg'
[1.138s] Level 1:colcon.colcon_core.package_identification:_identify(src/interfaces) by extensions ['colcon_meta']
[1.138s] Level 1:colcon.colcon_core.package_identification:_identify(src/interfaces) by extension 'colcon_meta'
[1.138s] Level 1:colcon.colcon_core.package_identification:_identify(src/interfaces) by extensions ['ros']
[1.138s] Level 1:colcon.colcon_core.package_identification:_identify(src/interfaces) by extension 'ros'
[1.139s] DEBUG:colcon.colcon_core.package_identification:Package 'src/interfaces' with type 'ros.ament_cmake' and name 'interfaces'
[1.140s] Level 1:colcon.colcon_core.package_identification:_identify(src/legs) by extensions ['ignore', 'ignore_ament_install']
[1.140s] Level 1:colcon.colcon_core.package_identification:_identify(src/legs) by extension 'ignore'
[1.140s] Level 1:colcon.colcon_core.package_identification:_identify(src/legs) by extension 'ignore_ament_install'
[1.140s] Level 1:colcon.colcon_core.package_identification:_identify(src/legs) by extensions ['colcon_pkg']
[1.140s] Level 1:colcon.colcon_core.package_identification:_identify(src/legs) by extension 'colcon_pkg'
[1.141s] Level 1:colcon.colcon_core.package_identification:_identify(src/legs) by extensions ['colcon_meta']
[1.141s] Level 1:colcon.colcon_core.package_identification:_identify(src/legs) by extension 'colcon_meta'
[1.141s] Level 1:colcon.colcon_core.package_identification:_identify(src/legs) by extensions ['ros']
[1.141s] Level 1:colcon.colcon_core.package_identification:_identify(src/legs) by extension 'ros'
[1.143s] DEBUG:colcon.colcon_core.package_identification:Package 'src/legs' with type 'ros.ament_python' and name 'legs'
[1.143s] Level 1:colcon.colcon_core.package_identification:_identify(src/vision) by extensions ['ignore', 'ignore_ament_install']
[1.143s] Level 1:colcon.colcon_core.package_identification:_identify(src/vision) by extension 'ignore'
[1.143s] Level 1:colcon.colcon_core.package_identification:_identify(src/vision) by extension 'ignore_ament_install'
[1.143s] Level 1:colcon.colcon_core.package_identification:_identify(src/vision) by extensions ['colcon_pkg']
[1.144s] Level 1:colcon.colcon_core.package_identification:_identify(src/vision) by extension 'colcon_pkg'
[1.144s] Level 1:colcon.colcon_core.package_identification:_identify(src/vision) by extensions ['colcon_meta']
[1.144s] Level 1:colcon.colcon_core.package_identification:_identify(src/vision) by extension 'colcon_meta'
[1.144s] Level 1:colcon.colcon_core.package_identification:_identify(src/vision) by extensions ['ros']
[1.144s] Level 1:colcon.colcon_core.package_identification:_identify(src/vision) by extension 'ros'
[1.145s] DEBUG:colcon.colcon_core.package_identification:Package 'src/vision' with type 'ros.ament_python' and name 'vision'
[1.145s] Level 1:colcon.colcon_core.package_discovery:discover_packages(recursive) using defaults
[1.145s] Level 1:colcon.colcon_core.package_discovery:discover_packages(ignore) discover
[1.145s] Level 1:colcon.colcon_core.package_discovery:discover_packages(ignore) using defaults
[1.145s] Level 1:colcon.colcon_core.package_discovery:discover_packages(path) discover
[1.145s] Level 1:colcon.colcon_core.package_discovery:discover_packages(path) using defaults
[1.215s] Level 1:colcon.colcon_core.package_discovery:discover_packages(prefix_path) check parameters
[1.215s] Level 1:colcon.colcon_core.package_discovery:discover_packages(prefix_path) discover
[1.221s] DEBUG:colcon.colcon_installed_package_information.package_discovery:Found 288 installed packages in /opt/ros/humble
[1.234s] Level 1:colcon.colcon_core.package_discovery:discover_packages(prefix_path) using defaults
[1.415s] Level 5:colcon.colcon_core.verb:set package 'brain' build argument 'cmake_args' from command line to 'None'
[1.415s] Level 5:colcon.colcon_core.verb:set package 'brain' build argument 'cmake_target' from command line to 'None'
[1.415s] Level 5:colcon.colcon_core.verb:set package 'brain' build argument 'cmake_target_skip_unavailable' from command line to 'False'
[1.415s] Level 5:colcon.colcon_core.verb:set package 'brain' build argument 'cmake_clean_cache' from command line to 'False'
[1.415s] Level 5:colcon.colcon_core.verb:set package 'brain' build argument 'cmake_clean_first' from command line to 'False'
[1.415s] Level 5:colcon.colcon_core.verb:set package 'brain' build argument 'cmake_force_configure' from command line to 'False'
[1.415s] Level 5:colcon.colcon_core.verb:set package 'brain' build argument 'ament_cmake_args' from command line to 'None'
[1.416s] Level 5:colcon.colcon_core.verb:set package 'brain' build argument 'catkin_cmake_args' from command line to 'None'
[1.416s] Level 5:colcon.colcon_core.verb:set package 'brain' build argument 'catkin_skip_building_tests' from command line to 'False'
[1.416s] DEBUG:colcon.colcon_core.verb:Building package 'brain' with the following arguments: {'ament_cmake_args': None, 'build_base': '/home/pidog/pidog-ros2/build/brain', 'catkin_cmake_args': None, 'catkin_skip_building_tests': False, 'cmake_args': None, 'cmake_clean_cache': False, 'cmake_clean_first': False, 'cmake_force_configure': False, 'cmake_target': None, 'cmake_target_skip_unavailable': False, 'install_base': '/home/pidog/pidog-ros2/install/brain', 'merge_install': False, 'path': '/home/pidog/pidog-ros2/src/brain', 'symlink_install': False, 'test_result_base': None}
[1.417s] Level 5:colcon.colcon_core.verb:set package 'interfaces' build argument 'cmake_args' from command line to 'None'
[1.418s] Level 5:colcon.colcon_core.verb:set package 'interfaces' build argument 'cmake_target' from command line to 'None'
[1.418s] Level 5:colcon.colcon_core.verb:set package 'interfaces' build argument 'cmake_target_skip_unavailable' from command line to 'False'
[1.418s] Level 5:colcon.colcon_core.verb:set package 'interfaces' build argument 'cmake_clean_cache' from command line to 'False'
[1.418s] Level 5:colcon.colcon_core.verb:set package 'interfaces' build argument 'cmake_clean_first' from command line to 'False'
[1.418s] Level 5:colcon.colcon_core.verb:set package 'interfaces' build argument 'cmake_force_configure' from command line to 'False'
[1.418s] Level 5:colcon.colcon_core.verb:set package 'interfaces' build argument 'ament_cmake_args' from command line to 'None'
[1.418s] Level 5:colcon.colcon_core.verb:set package 'interfaces' build argument 'catkin_cmake_args' from command line to 'None'
[1.418s] Level 5:colcon.colcon_core.verb:set package 'interfaces' build argument 'catkin_skip_building_tests' from command line to 'False'
[1.418s] DEBUG:colcon.colcon_core.verb:Building package 'interfaces' with the following arguments: {'ament_cmake_args': None, 'build_base': '/home/pidog/pidog-ros2/build/interfaces', 'catkin_cmake_args': None, 'catkin_skip_building_tests': False, 'cmake_args': None, 'cmake_clean_cache': False, 'cmake_clean_first': False, 'cmake_force_configure': False, 'cmake_target': None, 'cmake_target_skip_unavailable': False, 'install_base': '/home/pidog/pidog-ros2/install/interfaces', 'merge_install': False, 'path': '/home/pidog/pidog-ros2/src/interfaces', 'symlink_install': False, 'test_result_base': None}
[1.419s] Level 5:colcon.colcon_core.verb:set package 'vision' build argument 'cmake_args' from command line to 'None'
[1.419s] Level 5:colcon.colcon_core.verb:set package 'vision' build argument 'cmake_target' from command line to 'None'
[1.419s] Level 5:colcon.colcon_core.verb:set package 'vision' build argument 'cmake_target_skip_unavailable' from command line to 'False'
[1.419s] Level 5:colcon.colcon_core.verb:set package 'vision' build argument 'cmake_clean_cache' from command line to 'False'
[1.419s] Level 5:colcon.colcon_core.verb:set package 'vision' build argument 'cmake_clean_first' from command line to 'False'
[1.419s] Level 5:colcon.colcon_core.verb:set package 'vision' build argument 'cmake_force_configure' from command line to 'False'
[1.419s] Level 5:colcon.colcon_core.verb:set package 'vision' build argument 'ament_cmake_args' from command line to 'None'
[1.420s] Level 5:colcon.colcon_core.verb:set package 'vision' build argument 'catkin_cmake_args' from command line to 'None'
[1.420s] Level 5:colcon.colcon_core.verb:set package 'vision' build argument 'catkin_skip_building_tests' from command line to 'False'
[1.420s] DEBUG:colcon.colcon_core.verb:Building package 'vision' with the following arguments: {'ament_cmake_args': None, 'build_base': '/home/pidog/pidog-ros2/build/vision', 'catkin_cmake_args': None, 'catkin_skip_building_tests': False, 'cmake_args': None, 'cmake_clean_cache': False, 'cmake_clean_first': False, 'cmake_force_configure': False, 'cmake_target': None, 'cmake_target_skip_unavailable': False, 'install_base': '/home/pidog/pidog-ros2/install/vision', 'merge_install': False, 'path': '/home/pidog/pidog-ros2/src/vision', 'symlink_install': False, 'test_result_base': None}
[1.421s] Level 5:colcon.colcon_core.verb:set package 'legs' build argument 'cmake_args' from command line to 'None'
[1.421s] Level 5:colcon.colcon_core.verb:set package 'legs' build argument 'cmake_target' from command line to 'None'
[1.421s] Level 5:colcon.colcon_core.verb:set package 'legs' build argument 'cmake_target_skip_unavailable' from command line to 'False'
[1.421s] Level 5:colcon.colcon_core.verb:set package 'legs' build argument 'cmake_clean_cache' from command line to 'False'
[1.421s] Level 5:colcon.colcon_core.verb:set package 'legs' build argument 'cmake_clean_first' from command line to 'False'
[1.421s] Level 5:colcon.colcon_core.verb:set package 'legs' build argument 'cmake_force_configure' from command line to 'False'
[1.422s] Level 5:colcon.colcon_core.verb:set package 'legs' build argument 'ament_cmake_args' from command line to 'None'
[1.422s] Level 5:colcon.colcon_core.verb:set package 'legs' build argument 'catkin_cmake_args' from command line to 'None'
[1.422s] Level 5:colcon.colcon_core.verb:set package 'legs' build argument 'catkin_skip_building_tests' from command line to 'False'
[1.422s] DEBUG:colcon.colcon_core.verb:Building package 'legs' with the following arguments: {'ament_cmake_args': None, 'build_base': '/home/pidog/pidog-ros2/build/legs', 'catkin_cmake_args': None, 'catkin_skip_building_tests': False, 'cmake_args': None, 'cmake_clean_cache': False, 'cmake_clean_first': False, 'cmake_force_configure': False, 'cmake_target': None, 'cmake_target_skip_unavailable': False, 'install_base': '/home/pidog/pidog-ros2/install/legs', 'merge_install': False, 'path': '/home/pidog/pidog-ros2/src/legs', 'symlink_install': False, 'test_result_base': None}
[1.423s] INFO:colcon.colcon_core.executor:Executing jobs using 'parallel' executor
[1.429s] DEBUG:colcon.colcon_parallel_executor.executor.parallel:run_until_complete
[1.429s] INFO:colcon.colcon_ros.task.ament_cmake.build:Building ROS package in '/home/pidog/pidog-ros2/src/interfaces' with build type 'ament_cmake'
[1.429s] INFO:colcon.colcon_cmake.task.cmake.build:Building CMake package in '/home/pidog/pidog-ros2/src/interfaces'
[1.442s] INFO:colcon.colcon_core.plugin_system:Skipping extension 'colcon_core.shell.bat': Not used on non-Windows systems
[1.443s] INFO:colcon.colcon_core.shell:Skip shell extension 'powershell' for command environment: Not usable outside of PowerShell
[1.443s] DEBUG:colcon.colcon_core.shell:Skip shell extension 'dsv' for command environment
[1.450s] INFO:colcon.colcon_ros.task.ament_python.build:Building ROS package in '/home/pidog/pidog-ros2/src/brain' with build type 'ament_python'
[1.450s] Level 1:colcon.colcon_core.shell:create_environment_hook('brain', 'ament_prefix_path')
[1.454s] INFO:colcon.colcon_core.shell:Creating environment hook '/home/pidog/pidog-ros2/install/brain/share/brain/hook/ament_prefix_path.ps1'
[1.457s] INFO:colcon.colcon_core.shell:Creating environment descriptor '/home/pidog/pidog-ros2/install/brain/share/brain/hook/ament_prefix_path.dsv'
[1.458s] INFO:colcon.colcon_core.shell:Creating environment hook '/home/pidog/pidog-ros2/install/brain/share/brain/hook/ament_prefix_path.sh'
[1.464s] INFO:colcon.colcon_core.shell:Skip shell extension 'powershell' for command environment: Not usable outside of PowerShell
[1.464s] DEBUG:colcon.colcon_core.shell:Skip shell extension 'dsv' for command environment
[1.479s] INFO:colcon.colcon_ros.task.ament_python.build:Building ROS package in '/home/pidog/pidog-ros2/src/vision' with build type 'ament_python'
[1.483s] Level 1:colcon.colcon_core.shell:create_environment_hook('vision', 'ament_prefix_path')
[1.488s] INFO:colcon.colcon_core.shell:Creating environment hook '/home/pidog/pidog-ros2/install/vision/share/vision/hook/ament_prefix_path.ps1'
[1.489s] INFO:colcon.colcon_core.shell:Creating environment descriptor '/home/pidog/pidog-ros2/install/vision/share/vision/hook/ament_prefix_path.dsv'
[1.490s] INFO:colcon.colcon_core.shell:Creating environment hook '/home/pidog/pidog-ros2/install/vision/share/vision/hook/ament_prefix_path.sh'
[1.495s] INFO:colcon.colcon_core.shell:Skip shell extension 'powershell' for command environment: Not usable outside of PowerShell
[1.496s] DEBUG:colcon.colcon_core.shell:Skip shell extension 'dsv' for command environment
[1.536s] DEBUG:colcon.colcon_core.event_handler.log_command:Invoking command in '/home/pidog/pidog-ros2/build/interfaces': CMAKE_PREFIX_PATH=/opt/ros/humble /usr/bin/cmake --build /home/pidog/pidog-ros2/build/interfaces -- -j4 -l4
[2.708s] INFO:colcon.colcon_core.task.python.build:Building Python package in '/home/pidog/pidog-ros2/src/brain'
[2.711s] INFO:colcon.colcon_core.shell:Skip shell extension 'powershell' for command environment: Not usable outside of PowerShell
[2.712s] DEBUG:colcon.colcon_core.shell:Skip shell extension 'dsv' for command environment
[3.328s] INFO:colcon.colcon_core.task.python.build:Building Python package in '/home/pidog/pidog-ros2/src/vision'
[3.330s] INFO:colcon.colcon_core.shell:Skip shell extension 'powershell' for command environment: Not usable outside of PowerShell
[3.331s] DEBUG:colcon.colcon_core.shell:Skip shell extension 'dsv' for command environment
[3.372s] DEBUG:colcon.colcon_core.event_handler.log_command:Invoked command in '/home/pidog/pidog-ros2/build/interfaces' returned '0': CMAKE_PREFIX_PATH=/opt/ros/humble /usr/bin/cmake --build /home/pidog/pidog-ros2/build/interfaces -- -j4 -l4
[3.763s] DEBUG:colcon.colcon_core.event_handler.log_command:Invoking command in '/home/pidog/pidog-ros2/build/interfaces': CMAKE_PREFIX_PATH=/opt/ros/humble /usr/bin/cmake --install /home/pidog/pidog-ros2/build/interfaces
[3.953s] Level 1:colcon.colcon_core.environment:create_environment_scripts_only(interfaces)
[3.962s] Level 1:colcon.colcon_core.environment:checking '/home/pidog/pidog-ros2/install/interfaces' for CMake module files
[3.963s] Level 1:colcon.colcon_core.environment:checking '/home/pidog/pidog-ros2/install/interfaces' for CMake config files
[3.964s] Level 1:colcon.colcon_core.shell:create_environment_hook('interfaces', 'cmake_prefix_path')
[3.967s] INFO:colcon.colcon_core.shell:Creating environment hook '/home/pidog/pidog-ros2/install/interfaces/share/interfaces/hook/cmake_prefix_path.ps1'
[3.968s] INFO:colcon.colcon_core.shell:Creating environment descriptor '/home/pidog/pidog-ros2/install/interfaces/share/interfaces/hook/cmake_prefix_path.dsv'
[3.972s] DEBUG:colcon.colcon_core.event_handler.log_command:Invoked command in '/home/pidog/pidog-ros2/build/interfaces' returned '0': CMAKE_PREFIX_PATH=/opt/ros/humble /usr/bin/cmake --install /home/pidog/pidog-ros2/build/interfaces
[3.973s] INFO:colcon.colcon_core.shell:Creating environment hook '/home/pidog/pidog-ros2/install/interfaces/share/interfaces/hook/cmake_prefix_path.sh'
[3.975s] Level 1:colcon.colcon_core.environment:checking '/home/pidog/pidog-ros2/install/interfaces/lib'
[3.976s] Level 1:colcon.colcon_core.shell:create_environment_hook('interfaces', 'ld_library_path_lib')
[3.979s] INFO:colcon.colcon_core.shell:Creating environment hook '/home/pidog/pidog-ros2/install/interfaces/share/interfaces/hook/ld_library_path_lib.ps1'
[3.980s] INFO:colcon.colcon_core.shell:Creating environment descriptor '/home/pidog/pidog-ros2/install/interfaces/share/interfaces/hook/ld_library_path_lib.dsv'
[3.981s] INFO:colcon.colcon_core.shell:Creating environment hook '/home/pidog/pidog-ros2/install/interfaces/share/interfaces/hook/ld_library_path_lib.sh'
[3.983s] Level 1:colcon.colcon_core.environment:checking '/home/pidog/pidog-ros2/install/interfaces/bin'
[3.983s] Level 1:colcon.colcon_core.environment:checking '/home/pidog/pidog-ros2/install/interfaces/lib/pkgconfig/interfaces.pc'
[3.983s] Level 1:colcon.colcon_core.environment:checking '/home/pidog/pidog-ros2/install/interfaces/lib/python3.10/site-packages'
[3.984s] Level 1:colcon.colcon_core.environment:checking '/home/pidog/pidog-ros2/install/interfaces/bin'
[3.987s] INFO:colcon.colcon_core.shell:Creating package script '/home/pidog/pidog-ros2/install/interfaces/share/interfaces/package.ps1'
[3.989s] INFO:colcon.colcon_core.shell:Creating package descriptor '/home/pidog/pidog-ros2/install/interfaces/share/interfaces/package.dsv'
[3.990s] INFO:colcon.colcon_core.shell:Creating package script '/home/pidog/pidog-ros2/install/interfaces/share/interfaces/package.sh'
[3.992s] INFO:colcon.colcon_core.shell:Creating package script '/home/pidog/pidog-ros2/install/interfaces/share/interfaces/package.bash'
[3.993s] INFO:colcon.colcon_core.shell:Creating package script '/home/pidog/pidog-ros2/install/interfaces/share/interfaces/package.zsh'
[3.996s] Level 1:colcon.colcon_core.environment:create_file_with_runtime_dependencies(/home/pidog/pidog-ros2/install/interfaces/share/colcon-core/packages/interfaces)
[4.400s] DEBUG:colcon.colcon_core.event_handler.log_command:Invoking command in '/home/pidog/pidog-ros2/src/brain': PYTHONPATH=/home/pidog/pidog-ros2/build/brain/prefix_override:/home/pidog/pidog-ros2/install/brain/lib/python3.10/site-packages:${PYTHONPATH} /usr/bin/python3 setup.py egg_info --egg-base ../../build/brain build --build-base /home/pidog/pidog-ros2/build/brain/build install --record /home/pidog/pidog-ros2/build/brain/install.log --single-version-externally-managed
[4.406s] DEBUG:colcon.colcon_core.event_handler.log_command:Invoking command in '/home/pidog/pidog-ros2/src/vision': PYTHONPATH=/home/pidog/pidog-ros2/build/vision/prefix_override:/home/pidog/pidog-ros2/install/vision/lib/python3.10/site-packages:${PYTHONPATH} /usr/bin/python3 setup.py egg_info --egg-base ../../build/vision build --build-base /home/pidog/pidog-ros2/build/vision/build install --record /home/pidog/pidog-ros2/build/vision/install.log --single-version-externally-managed
[4.411s] Level 1:colcon.colcon_core.environment:create_environment_scripts_only(interfaces)
[4.418s] Level 1:colcon.colcon_core.environment:checking '/home/pidog/pidog-ros2/install/interfaces' for CMake module files
[4.419s] Level 1:colcon.colcon_core.environment:checking '/home/pidog/pidog-ros2/install/interfaces' for CMake config files
[4.420s] Level 1:colcon.colcon_core.shell:create_environment_hook('interfaces', 'cmake_prefix_path')
[4.424s] INFO:colcon.colcon_core.shell:Creating environment hook '/home/pidog/pidog-ros2/install/interfaces/share/interfaces/hook/cmake_prefix_path.ps1'
[4.424s] INFO:colcon.colcon_core.shell:Creating environment descriptor '/home/pidog/pidog-ros2/install/interfaces/share/interfaces/hook/cmake_prefix_path.dsv'
[4.425s] INFO:colcon.colcon_core.shell:Creating environment hook '/home/pidog/pidog-ros2/install/interfaces/share/interfaces/hook/cmake_prefix_path.sh'
[4.428s] Level 1:colcon.colcon_core.environment:checking '/home/pidog/pidog-ros2/install/interfaces/lib'
[4.428s] Level 1:colcon.colcon_core.shell:create_environment_hook('interfaces', 'ld_library_path_lib')
[4.435s] INFO:colcon.colcon_core.shell:Creating environment hook '/home/pidog/pidog-ros2/install/interfaces/share/interfaces/hook/ld_library_path_lib.ps1'
[4.447s] INFO:colcon.colcon_core.shell:Creating environment descriptor '/home/pidog/pidog-ros2/install/interfaces/share/interfaces/hook/ld_library_path_lib.dsv'
[4.448s] INFO:colcon.colcon_core.shell:Creating environment hook '/home/pidog/pidog-ros2/install/interfaces/share/interfaces/hook/ld_library_path_lib.sh'
[4.449s] Level 1:colcon.colcon_core.environment:checking '/home/pidog/pidog-ros2/install/interfaces/bin'
[4.449s] Level 1:colcon.colcon_core.environment:checking '/home/pidog/pidog-ros2/install/interfaces/lib/pkgconfig/interfaces.pc'
[4.450s] Level 1:colcon.colcon_core.environment:checking '/home/pidog/pidog-ros2/install/interfaces/lib/python3.10/site-packages'
[4.450s] Level 1:colcon.colcon_core.environment:checking '/home/pidog/pidog-ros2/install/interfaces/bin'
[4.454s] INFO:colcon.colcon_core.shell:Creating package script '/home/pidog/pidog-ros2/install/interfaces/share/interfaces/package.ps1'
[4.455s] INFO:colcon.colcon_core.shell:Creating package descriptor '/home/pidog/pidog-ros2/install/interfaces/share/interfaces/package.dsv'
[4.457s] INFO:colcon.colcon_core.shell:Creating package script '/home/pidog/pidog-ros2/install/interfaces/share/interfaces/package.sh'
[4.458s] INFO:colcon.colcon_core.shell:Creating package script '/home/pidog/pidog-ros2/install/interfaces/share/interfaces/package.bash'
[4.461s] INFO:colcon.colcon_core.shell:Creating package script '/home/pidog/pidog-ros2/install/interfaces/share/interfaces/package.zsh'
[4.463s] Level 1:colcon.colcon_core.environment:create_file_with_runtime_dependencies(/home/pidog/pidog-ros2/install/interfaces/share/colcon-core/packages/interfaces)
[4.465s] INFO:colcon.colcon_ros.task.ament_python.build:Building ROS package in '/home/pidog/pidog-ros2/src/legs' with build type 'ament_python'
[4.466s] Level 1:colcon.colcon_core.shell:create_environment_hook('legs', 'ament_prefix_path')
[4.470s] INFO:colcon.colcon_core.shell:Creating environment hook '/home/pidog/pidog-ros2/install/legs/share/legs/hook/ament_prefix_path.ps1'
[4.476s] INFO:colcon.colcon_core.shell:Creating environment descriptor '/home/pidog/pidog-ros2/install/legs/share/legs/hook/ament_prefix_path.dsv'
[4.481s] INFO:colcon.colcon_core.shell:Creating environment hook '/home/pidog/pidog-ros2/install/legs/share/legs/hook/ament_prefix_path.sh'
[4.488s] INFO:colcon.colcon_core.shell:Skip shell extension 'powershell' for command environment: Not usable outside of PowerShell
[4.488s] DEBUG:colcon.colcon_core.shell:Skip shell extension 'dsv' for command environment
[5.237s] INFO:colcon.colcon_core.task.python.build:Building Python package in '/home/pidog/pidog-ros2/src/legs'
[5.242s] INFO:colcon.colcon_core.shell:Skip shell extension 'powershell' for command environment: Not usable outside of PowerShell
[5.242s] DEBUG:colcon.colcon_core.shell:Skip shell extension 'dsv' for command environment
[5.273s] Level 1:colcon.colcon_core.environment:checking '/home/pidog/pidog-ros2/install/brain' for CMake module files
[5.276s] Level 1:colcon.colcon_core.environment:checking '/home/pidog/pidog-ros2/install/brain' for CMake config files
[5.278s] Level 1:colcon.colcon_core.environment:checking '/home/pidog/pidog-ros2/install/brain/lib'
[5.278s] Level 1:colcon.colcon_core.environment:checking '/home/pidog/pidog-ros2/install/brain/bin'
[5.278s] Level 1:colcon.colcon_core.environment:checking '/home/pidog/pidog-ros2/install/brain/lib/pkgconfig/brain.pc'
[5.282s] Level 1:colcon.colcon_core.environment:checking '/home/pidog/pidog-ros2/install/brain/lib/python3.10/site-packages'
[5.286s] DEBUG:colcon.colcon_core.event_handler.log_command:Invoked command in '/home/pidog/pidog-ros2/src/brain' returned '0': PYTHONPATH=/home/pidog/pidog-ros2/build/brain/prefix_override:/home/pidog/pidog-ros2/install/brain/lib/python3.10/site-packages:${PYTHONPATH} /usr/bin/python3 setup.py egg_info --egg-base ../../build/brain build --build-base /home/pidog/pidog-ros2/build/brain/build install --record /home/pidog/pidog-ros2/build/brain/install.log --single-version-externally-managed
[5.292s] Level 1:colcon.colcon_core.shell:create_environment_hook('brain', 'pythonpath')
[5.296s] INFO:colcon.colcon_core.shell:Creating environment hook '/home/pidog/pidog-ros2/install/brain/share/brain/hook/pythonpath.ps1'
[5.299s] INFO:colcon.colcon_core.shell:Creating environment descriptor '/home/pidog/pidog-ros2/install/brain/share/brain/hook/pythonpath.dsv'
[5.300s] INFO:colcon.colcon_core.shell:Creating environment hook '/home/pidog/pidog-ros2/install/brain/share/brain/hook/pythonpath.sh'
[5.302s] Level 1:colcon.colcon_core.environment:checking '/home/pidog/pidog-ros2/install/brain/bin'
[5.302s] Level 1:colcon.colcon_core.environment:create_environment_scripts_only(brain)
[5.307s] INFO:colcon.colcon_core.shell:Creating package script '/home/pidog/pidog-ros2/install/brain/share/brain/package.ps1'
[5.308s] INFO:colcon.colcon_core.shell:Creating package descriptor '/home/pidog/pidog-ros2/install/brain/share/brain/package.dsv'
[5.309s] INFO:colcon.colcon_core.shell:Creating package script '/home/pidog/pidog-ros2/install/brain/share/brain/package.sh'
[5.309s] INFO:colcon.colcon_core.shell:Creating package script '/home/pidog/pidog-ros2/install/brain/share/brain/package.bash'
[5.312s] INFO:colcon.colcon_core.shell:Creating package script '/home/pidog/pidog-ros2/install/brain/share/brain/package.zsh'
[5.312s] Level 1:colcon.colcon_core.environment:create_file_with_runtime_dependencies(/home/pidog/pidog-ros2/install/brain/share/colcon-core/packages/brain)
[5.322s] Level 1:colcon.colcon_core.environment:checking '/home/pidog/pidog-ros2/install/vision' for CMake module files
[5.328s] DEBUG:colcon.colcon_core.event_handler.log_command:Invoked command in '/home/pidog/pidog-ros2/src/vision' returned '0': PYTHONPATH=/home/pidog/pidog-ros2/build/vision/prefix_override:/home/pidog/pidog-ros2/install/vision/lib/python3.10/site-packages:${PYTHONPATH} /usr/bin/python3 setup.py egg_info --egg-base ../../build/vision build --build-base /home/pidog/pidog-ros2/build/vision/build install --record /home/pidog/pidog-ros2/build/vision/install.log --single-version-externally-managed
[5.328s] Level 1:colcon.colcon_core.environment:checking '/home/pidog/pidog-ros2/install/vision' for CMake config files
[5.329s] Level 1:colcon.colcon_core.environment:checking '/home/pidog/pidog-ros2/install/vision/lib'
[5.330s] Level 1:colcon.colcon_core.environment:checking '/home/pidog/pidog-ros2/install/vision/bin'
[5.330s] Level 1:colcon.colcon_core.environment:checking '/home/pidog/pidog-ros2/install/vision/lib/pkgconfig/vision.pc'
[5.330s] Level 1:colcon.colcon_core.environment:checking '/home/pidog/pidog-ros2/install/vision/lib/python3.10/site-packages'
[5.330s] Level 1:colcon.colcon_core.shell:create_environment_hook('vision', 'pythonpath')
[5.333s] INFO:colcon.colcon_core.shell:Creating environment hook '/home/pidog/pidog-ros2/install/vision/share/vision/hook/pythonpath.ps1'
[5.333s] INFO:colcon.colcon_core.shell:Creating environment descriptor '/home/pidog/pidog-ros2/install/vision/share/vision/hook/pythonpath.dsv'
[5.334s] INFO:colcon.colcon_core.shell:Creating environment hook '/home/pidog/pidog-ros2/install/vision/share/vision/hook/pythonpath.sh'
[5.336s] Level 1:colcon.colcon_core.environment:checking '/home/pidog/pidog-ros2/install/vision/bin'
[5.336s] Level 1:colcon.colcon_core.environment:create_environment_scripts_only(vision)
[5.339s] INFO:colcon.colcon_core.shell:Creating package script '/home/pidog/pidog-ros2/install/vision/share/vision/package.ps1'
[5.340s] INFO:colcon.colcon_core.shell:Creating package descriptor '/home/pidog/pidog-ros2/install/vision/share/vision/package.dsv'
[5.345s] INFO:colcon.colcon_core.shell:Creating package script '/home/pidog/pidog-ros2/install/vision/share/vision/package.sh'
[5.347s] INFO:colcon.colcon_core.shell:Creating package script '/home/pidog/pidog-ros2/install/vision/share/vision/package.bash'
[5.349s] INFO:colcon.colcon_core.shell:Creating package script '/home/pidog/pidog-ros2/install/vision/share/vision/package.zsh'
[5.351s] Level 1:colcon.colcon_core.environment:create_file_with_runtime_dependencies(/home/pidog/pidog-ros2/install/vision/share/colcon-core/packages/vision)
[5.970s] DEBUG:colcon.colcon_core.event_handler.log_command:Invoking command in '/home/pidog/pidog-ros2/src/legs': AMENT_PREFIX_PATH=/home/pidog/pidog-ros2/install/interfaces:${AMENT_PREFIX_PATH} CMAKE_PREFIX_PATH=/home/pidog/pidog-ros2/install/interfaces LD_LIBRARY_PATH=/home/pidog/pidog-ros2/install/interfaces/lib:${LD_LIBRARY_PATH} PYTHONPATH=/home/pidog/pidog-ros2/build/legs/prefix_override:/home/pidog/pidog-ros2/install/legs/lib/python3.10/site-packages:/home/pidog/pidog-ros2/install/interfaces/local/lib/python3.10/dist-packages:${PYTHONPATH} /usr/bin/python3 setup.py egg_info --egg-base ../../build/legs build --build-base /home/pidog/pidog-ros2/build/legs/build install --record /home/pidog/pidog-ros2/build/legs/install.log --single-version-externally-managed
[6.479s] DEBUG:colcon.colcon_core.event_handler.log_command:Invoked command in '/home/pidog/pidog-ros2/src/legs' returned '0': AMENT_PREFIX_PATH=/home/pidog/pidog-ros2/install/interfaces:${AMENT_PREFIX_PATH} CMAKE_PREFIX_PATH=/home/pidog/pidog-ros2/install/interfaces LD_LIBRARY_PATH=/home/pidog/pidog-ros2/install/interfaces/lib:${LD_LIBRARY_PATH} PYTHONPATH=/home/pidog/pidog-ros2/build/legs/prefix_override:/home/pidog/pidog-ros2/install/legs/lib/python3.10/site-packages:/home/pidog/pidog-ros2/install/interfaces/local/lib/python3.10/dist-packages:${PYTHONPATH} /usr/bin/python3 setup.py egg_info --egg-base ../../build/legs build --build-base /home/pidog/pidog-ros2/build/legs/build install --record /home/pidog/pidog-ros2/build/legs/install.log --single-version-externally-managed
[6.480s] Level 1:colcon.colcon_core.environment:checking '/home/pidog/pidog-ros2/install/legs' for CMake module files
[6.481s] Level 1:colcon.colcon_core.environment:checking '/home/pidog/pidog-ros2/install/legs' for CMake config files
[6.482s] Level 1:colcon.colcon_core.environment:checking '/home/pidog/pidog-ros2/install/legs/lib'
[6.482s] Level 1:colcon.colcon_core.environment:checking '/home/pidog/pidog-ros2/install/legs/bin'
[6.482s] Level 1:colcon.colcon_core.environment:checking '/home/pidog/pidog-ros2/install/legs/lib/pkgconfig/legs.pc'
[6.482s] Level 1:colcon.colcon_core.environment:checking '/home/pidog/pidog-ros2/install/legs/lib/python3.10/site-packages'
[6.482s] Level 1:colcon.colcon_core.shell:create_environment_hook('legs', 'pythonpath')
[6.484s] INFO:colcon.colcon_core.shell:Creating environment hook '/home/pidog/pidog-ros2/install/legs/share/legs/hook/pythonpath.ps1'
[6.485s] INFO:colcon.colcon_core.shell:Creating environment descriptor '/home/pidog/pidog-ros2/install/legs/share/legs/hook/pythonpath.dsv'
[6.486s] INFO:colcon.colcon_core.shell:Creating environment hook '/home/pidog/pidog-ros2/install/legs/share/legs/hook/pythonpath.sh'
[6.487s] Level 1:colcon.colcon_core.environment:checking '/home/pidog/pidog-ros2/install/legs/bin'
[6.487s] Level 1:colcon.colcon_core.environment:create_environment_scripts_only(legs)
[6.490s] INFO:colcon.colcon_core.shell:Creating package script '/home/pidog/pidog-ros2/install/legs/share/legs/package.ps1'
[6.491s] INFO:colcon.colcon_core.shell:Creating package descriptor '/home/pidog/pidog-ros2/install/legs/share/legs/package.dsv'
[6.492s] INFO:colcon.colcon_core.shell:Creating package script '/home/pidog/pidog-ros2/install/legs/share/legs/package.sh'
[6.494s] INFO:colcon.colcon_core.shell:Creating package script '/home/pidog/pidog-ros2/install/legs/share/legs/package.bash'
[6.496s] INFO:colcon.colcon_core.shell:Creating package script '/home/pidog/pidog-ros2/install/legs/share/legs/package.zsh'
[6.497s] Level 1:colcon.colcon_core.environment:create_file_with_runtime_dependencies(/home/pidog/pidog-ros2/install/legs/share/colcon-core/packages/legs)
[6.498s] DEBUG:colcon.colcon_parallel_executor.executor.parallel:closing loop
[6.499s] DEBUG:colcon.colcon_parallel_executor.executor.parallel:loop closed
[6.499s] DEBUG:colcon.colcon_parallel_executor.executor.parallel:run_until_complete finished with '0'
[6.499s] DEBUG:colcon.colcon_core.event_reactor:joining thread
[6.512s] INFO:colcon.colcon_core.plugin_system:Skipping extension 'colcon_notification.desktop_notification.terminal_notifier': Not used on non-Darwin systems
[6.512s] INFO:colcon.colcon_core.plugin_system:Skipping extension 'colcon_notification.desktop_notification.win32': Not used on non-Windows systems
[6.512s] INFO:colcon.colcon_notification.desktop_notification:Sending desktop notification using 'notify2'
[6.575s] DEBUG:colcon.colcon_core.event_reactor:joined thread
[6.577s] INFO:colcon.colcon_core.shell:Creating prefix script '/home/pidog/pidog-ros2/install/local_setup.ps1'
[6.586s] INFO:colcon.colcon_core.shell:Creating prefix util module '/home/pidog/pidog-ros2/install/_local_setup_util_ps1.py'
[6.589s] INFO:colcon.colcon_core.shell:Creating prefix chain script '/home/pidog/pidog-ros2/install/setup.ps1'
[6.594s] INFO:colcon.colcon_core.shell:Creating prefix script '/home/pidog/pidog-ros2/install/local_setup.sh'
[6.596s] INFO:colcon.colcon_core.shell:Creating prefix util module '/home/pidog/pidog-ros2/install/_local_setup_util_sh.py'
[6.600s] INFO:colcon.colcon_core.shell:Creating prefix chain script '/home/pidog/pidog-ros2/install/setup.sh'
[6.604s] INFO:colcon.colcon_core.shell:Creating prefix script '/home/pidog/pidog-ros2/install/local_setup.bash'
[6.606s] INFO:colcon.colcon_core.shell:Creating prefix chain script '/home/pidog/pidog-ros2/install/setup.bash'
[6.610s] INFO:colcon.colcon_core.shell:Creating prefix script '/home/pidog/pidog-ros2/install/local_setup.zsh'
[6.612s] INFO:colcon.colcon_core.shell:Creating prefix chain script '/home/pidog/pidog-ros2/install/setup.zsh'
