[1.099s] Invoking command in '/home/pidog/pidog-ros2/pidog_ws/src/vision': PYTHONPATH=/home/pidog/pidog-ros2/build/vision/prefix_override:/home/pidog/pidog-ros2/install/vision/lib/python3.10/site-packages:${PYTHONPATH} /usr/bin/python3 setup.py egg_info --egg-base ../../../build/vision build --build-base /home/pidog/pidog-ros2/build/vision/build install --record /home/pidog/pidog-ros2/build/vision/install.log --single-version-externally-managed
[1.483s] running egg_info
[1.484s] writing ../../../build/vision/vision.egg-info/PKG-INFO
[1.486s] writing dependency_links to ../../../build/vision/vision.egg-info/dependency_links.txt
[1.488s] writing entry points to ../../../build/vision/vision.egg-info/entry_points.txt
[1.489s] writing requirements to ../../../build/vision/vision.egg-info/requires.txt
[1.489s] writing top-level names to ../../../build/vision/vision.egg-info/top_level.txt
[1.494s] reading manifest file '../../../build/vision/vision.egg-info/SOURCES.txt'
[1.496s] writing manifest file '../../../build/vision/vision.egg-info/SOURCES.txt'
[1.496s] running build
[1.496s] running build_py
[1.497s] copying vision/vision_node.py -> /home/pidog/pidog-ros2/build/vision/build/lib/vision
[1.497s] running install
[1.497s] /usr/lib/python3/dist-packages/setuptools/command/install.py:34: SetuptoolsDeprecationWarning: setup.py install is deprecated. Use build and pip and other standards-based tools.
[1.497s]   warnings.warn(
[1.498s] running install_lib
[1.499s] copying /home/pidog/pidog-ros2/build/vision/build/lib/vision/vision_node.py -> /home/pidog/pidog-ros2/install/vision/lib/python3.10/site-packages/vision
[1.501s] byte-compiling /home/pidog/pidog-ros2/install/vision/lib/python3.10/site-packages/vision/vision_node.py to vision_node.cpython-310.pyc
[1.503s] running install_data
[1.503s] running install_egg_info
[1.505s] removing '/home/pidog/pidog-ros2/install/vision/lib/python3.10/site-packages/vision-0.0.0-py3.10.egg-info' (and everything under it)
[1.506s] Copying ../../../build/vision/vision.egg-info to /home/pidog/pidog-ros2/install/vision/lib/python3.10/site-packages/vision-0.0.0-py3.10.egg-info
[1.507s] running install_scripts
[1.539s] Installing vision script to /home/pidog/pidog-ros2/install/vision/lib/vision
[1.540s] writing list of installed files to '/home/pidog/pidog-ros2/build/vision/install.log'
[1.582s] Invoked command in '/home/pidog/pidog-ros2/pidog_ws/src/vision' returned '0': PYTHONPATH=/home/pidog/pidog-ros2/build/vision/prefix_override:/home/pidog/pidog-ros2/install/vision/lib/python3.10/site-packages:${PYTHONPATH} /usr/bin/python3 setup.py egg_info --egg-base ../../../build/vision build --build-base /home/pidog/pidog-ros2/build/vision/build install --record /home/pidog/pidog-ros2/build/vision/install.log --single-version-externally-managed
