running egg_info
writing ../../build/legs/legs.egg-info/PKG-INFO
writing dependency_links to ../../build/legs/legs.egg-info/dependency_links.txt
writing entry points to ../../build/legs/legs.egg-info/entry_points.txt
writing requirements to ../../build/legs/legs.egg-info/requires.txt
writing top-level names to ../../build/legs/legs.egg-info/top_level.txt
reading manifest file '../../build/legs/legs.egg-info/SOURCES.txt'
writing manifest file '../../build/legs/legs.egg-info/SOURCES.txt'
running build
running build_py
copying legs/legs_node.py -> /home/pidog/pidog-ros2/build/legs/build/lib/legs
running install
running install_lib
/usr/lib/python3/dist-packages/setuptools/command/install.py:34: SetuptoolsDeprecationWarning: setup.py install is deprecated. Use build and pip and other standards-based tools.
  warnings.warn(
copying /home/pidog/pidog-ros2/build/legs/build/lib/legs/legs_node.py -> /home/pidog/pidog-ros2/install/legs/lib/python3.10/site-packages/legs
byte-compiling /home/pidog/pidog-ros2/install/legs/lib/python3.10/site-packages/legs/legs_node.py to legs_node.cpython-310.pyc
running install_data
running install_egg_info
removing '/home/pidog/pidog-ros2/install/legs/lib/python3.10/site-packages/legs-0.0.1-py3.10.egg-info' (and everything under it)
Copying ../../build/legs/legs.egg-info to /home/pidog/pidog-ros2/install/legs/lib/python3.10/site-packages/legs-0.0.1-py3.10.egg-info
running install_scripts
Installing legs script to /home/pidog/pidog-ros2/install/legs/lib/legs
writing list of installed files to '/home/pidog/pidog-ros2/build/legs/install.log'
