[3.388s] Invoking command in '/home/pidog/pidog-ros2/src/brain': PYTHONPATH=/home/pidog/pidog-ros2/build/brain/prefix_override:/home/pidog/pidog-ros2/install/brain/lib/python3.10/site-packages:${PYTHONPATH} /usr/bin/python3 setup.py egg_info --egg-base ../../build/brain build --build-base /home/pidog/pidog-ros2/build/brain/build install --record /home/pidog/pidog-ros2/build/brain/install.log --single-version-externally-managed
[4.102s] running egg_info
[4.103s] writing ../../build/brain/brain.egg-info/PKG-INFO
[4.105s] writing dependency_links to ../../build/brain/brain.egg-info/dependency_links.txt
[4.106s] writing entry points to ../../build/brain/brain.egg-info/entry_points.txt
[4.107s] writing requirements to ../../build/brain/brain.egg-info/requires.txt
[4.109s] writing top-level names to ../../build/brain/brain.egg-info/top_level.txt
[4.114s] reading manifest file '../../build/brain/brain.egg-info/SOURCES.txt'
[4.116s] writing manifest file '../../build/brain/brain.egg-info/SOURCES.txt'
[4.117s] running build
[4.117s] running build_py
[4.118s] running install
[4.119s] /usr/lib/python3/dist-packages/setuptools/command/install.py:34: SetuptoolsDeprecationWarning: setup.py install is deprecated. Use build and pip and other standards-based tools.
[4.119s]   warnings.warn(
[4.119s] running install_lib
[4.128s] running install_data
[4.128s] running install_egg_info
[4.130s] removing '/home/pidog/pidog-ros2/install/brain/lib/python3.10/site-packages/brain-0.0.0-py3.10.egg-info' (and everything under it)
[4.140s] Copying ../../build/brain/brain.egg-info to /home/pidog/pidog-ros2/install/brain/lib/python3.10/site-packages/brain-0.0.0-py3.10.egg-info
[4.140s] running install_scripts
[4.195s] Installing brain script to /home/pidog/pidog-ros2/install/brain/lib/brain
[4.197s] writing list of installed files to '/home/pidog/pidog-ros2/build/brain/install.log'
[4.298s] Invoked command in '/home/pidog/pidog-ros2/src/brain' returned '0': PYTHONPATH=/home/pidog/pidog-ros2/build/brain/prefix_override:/home/pidog/pidog-ros2/install/brain/lib/python3.10/site-packages:${PYTHONPATH} /usr/bin/python3 setup.py egg_info --egg-base ../../build/brain build --build-base /home/pidog/pidog-ros2/build/brain/build install --record /home/pidog/pidog-ros2/build/brain/install.log --single-version-externally-managed
