[4.064s] Invoking command in '/home/pidog/pidog-ros2/src/brain': PYTHONPATH=/home/pidog/pidog-ros2/build/brain/prefix_override:/home/pidog/pidog-ros2/install/brain/lib/python3.10/site-packages:${PYTHONPATH} /usr/bin/python3 setup.py egg_info --egg-base ../../build/brain build --build-base /home/pidog/pidog-ros2/build/brain/build install --record /home/pidog/pidog-ros2/build/brain/install.log --single-version-externally-managed
[5.313s] running egg_info
[5.321s] writing ../../build/brain/brain.egg-info/PKG-INFO
[5.336s] writing dependency_links to ../../build/brain/brain.egg-info/dependency_links.txt
[5.336s] writing entry points to ../../build/brain/brain.egg-info/entry_points.txt
[5.336s] writing requirements to ../../build/brain/brain.egg-info/requires.txt
[5.341s] writing top-level names to ../../build/brain/brain.egg-info/top_level.txt
[5.405s] reading manifest file '../../build/brain/brain.egg-info/SOURCES.txt'
[5.406s] writing manifest file '../../build/brain/brain.egg-info/SOURCES.txt'
[5.407s] running build
[5.407s] running build_py
[5.407s] running install
[5.407s] running install_lib
[5.407s] /usr/lib/python3/dist-packages/setuptools/command/install.py:34: SetuptoolsDeprecationWarning: setup.py install is deprecated. Use build and pip and other standards-based tools.
[5.408s]   warnings.warn(
[5.408s] running install_data
[5.412s] running install_egg_info
[5.437s] removing '/home/pidog/pidog-ros2/install/brain/lib/python3.10/site-packages/brain-0.0.0-py3.10.egg-info' (and everything under it)
[5.495s] Copying ../../build/brain/brain.egg-info to /home/pidog/pidog-ros2/install/brain/lib/python3.10/site-packages/brain-0.0.0-py3.10.egg-info
[5.495s] running install_scripts
[5.591s] Installing brain script to /home/pidog/pidog-ros2/install/brain/lib/brain
[5.595s] writing list of installed files to '/home/pidog/pidog-ros2/build/brain/install.log'
[5.994s] Invoked command in '/home/pidog/pidog-ros2/src/brain' returned '0': PYTHONPATH=/home/pidog/pidog-ros2/build/brain/prefix_override:/home/pidog/pidog-ros2/install/brain/lib/python3.10/site-packages:${PYTHONPATH} /usr/bin/python3 setup.py egg_info --egg-base ../../build/brain build --build-base /home/pidog/pidog-ros2/build/brain/build install --record /home/pidog/pidog-ros2/build/brain/install.log --single-version-externally-managed
