[3.204s] Invoking command in '/home/pidog/pidog-ros2/src/vision': PYTHONPATH=/home/pidog/pidog-ros2/build/vision/prefix_override:/home/pidog/pidog-ros2/install/vision/lib/python3.10/site-packages:${PYTHONPATH} /usr/bin/python3 setup.py egg_info --egg-base ../../build/vision build --build-base /home/pidog/pidog-ros2/build/vision/build install --record /home/pidog/pidog-ros2/build/vision/install.log --single-version-externally-managed
[3.738s] running egg_info
[3.740s] writing ../../build/vision/vision.egg-info/PKG-INFO
[3.743s] writing dependency_links to ../../build/vision/vision.egg-info/dependency_links.txt
[3.744s] writing entry points to ../../build/vision/vision.egg-info/entry_points.txt
[3.745s] writing requirements to ../../build/vision/vision.egg-info/requires.txt
[3.745s] writing top-level names to ../../build/vision/vision.egg-info/top_level.txt
[3.751s] reading manifest file '../../build/vision/vision.egg-info/SOURCES.txt'
[3.754s] writing manifest file '../../build/vision/vision.egg-info/SOURCES.txt'
[3.754s] running build
[3.754s] running build_py
[3.755s] running install
[3.755s] /usr/lib/python3/dist-packages/setuptools/command/install.py:34: SetuptoolsDeprecationWarning: setup.py install is deprecated. Use build and pip and other standards-based tools.
[3.756s]   warnings.warn(
[3.756s] running install_lib
[3.758s] running install_data
[3.759s] running install_egg_info
[3.762s] removing '/home/pidog/pidog-ros2/install/vision/lib/python3.10/site-packages/vision-0.0.1-py3.10.egg-info' (and everything under it)
[3.763s] Copying ../../build/vision/vision.egg-info to /home/pidog/pidog-ros2/install/vision/lib/python3.10/site-packages/vision-0.0.1-py3.10.egg-info
[3.764s] running install_scripts
[3.797s] Installing vision script to /home/pidog/pidog-ros2/install/vision/lib/vision
[3.798s] writing list of installed files to '/home/pidog/pidog-ros2/build/vision/install.log'
[3.858s] Invoked command in '/home/pidog/pidog-ros2/src/vision' returned '0': PYTHONPATH=/home/pidog/pidog-ros2/build/vision/prefix_override:/home/pidog/pidog-ros2/install/vision/lib/python3.10/site-packages:${PYTHONPATH} /usr/bin/python3 setup.py egg_info --egg-base ../../build/vision build --build-base /home/pidog/pidog-ros2/build/vision/build install --record /home/pidog/pidog-ros2/build/vision/install.log --single-version-externally-managed
