[2.776s] Invoking command in '/home/pidog/pidog-ros2/src/vision': PYTHONPATH=/home/pidog/pidog-ros2/build/vision/prefix_override:/home/pidog/pidog-ros2/install/vision/lib/python3.10/site-packages:${PYTHONPATH} /usr/bin/python3 setup.py egg_info --egg-base ../../build/vision build --build-base /home/pidog/pidog-ros2/build/vision/build install --record /home/pidog/pidog-ros2/build/vision/install.log --single-version-externally-managed
[3.532s] running egg_info
[3.533s] writing ../../build/vision/vision.egg-info/PKG-INFO
[3.534s] writing dependency_links to ../../build/vision/vision.egg-info/dependency_links.txt
[3.534s] writing entry points to ../../build/vision/vision.egg-info/entry_points.txt
[3.535s] writing requirements to ../../build/vision/vision.egg-info/requires.txt
[3.535s] writing top-level names to ../../build/vision/vision.egg-info/top_level.txt
[3.537s] reading manifest file '../../build/vision/vision.egg-info/SOURCES.txt'
[3.545s] writing manifest file '../../build/vision/vision.egg-info/SOURCES.txt'
[3.546s] running build
[3.547s] running build_py
[3.547s] copying vision/vision_node.py -> /home/pidog/pidog-ros2/build/vision/build/lib/vision
[3.548s] running install
[3.550s] /usr/lib/python3/dist-packages/setuptools/command/install.py:34: SetuptoolsDeprecationWarning: setup.py install is deprecated. Use build and pip and other standards-based tools.
[3.551s]   warnings.warn(
[3.551s] running install_lib
[3.558s] copying /home/pidog/pidog-ros2/build/vision/build/lib/vision/vision_node.py -> /home/pidog/pidog-ros2/install/vision/lib/python3.10/site-packages/vision
[3.559s] byte-compiling /home/pidog/pidog-ros2/install/vision/lib/python3.10/site-packages/vision/vision_node.py to vision_node.cpython-310.pyc
[3.561s] running install_data
[3.562s] running install_egg_info
[3.578s] removing '/home/pidog/pidog-ros2/install/vision/lib/python3.10/site-packages/vision-0.0.1-py3.10.egg-info' (and everything under it)
[3.578s] Copying ../../build/vision/vision.egg-info to /home/pidog/pidog-ros2/install/vision/lib/python3.10/site-packages/vision-0.0.1-py3.10.egg-info
[3.578s] running install_scripts
[3.631s] Installing vision script to /home/pidog/pidog-ros2/install/vision/lib/vision
[3.648s] writing list of installed files to '/home/pidog/pidog-ros2/build/vision/install.log'
[3.716s] Invoked command in '/home/pidog/pidog-ros2/src/vision' returned '0': PYTHONPATH=/home/pidog/pidog-ros2/build/vision/prefix_override:/home/pidog/pidog-ros2/install/vision/lib/python3.10/site-packages:${PYTHONPATH} /usr/bin/python3 setup.py egg_info --egg-base ../../build/vision build --build-base /home/pidog/pidog-ros2/build/vision/build install --record /home/pidog/pidog-ros2/build/vision/install.log --single-version-externally-managed
