[1.222s] DEBUG:colcon:Command line arguments: ['/usr/bin/colcon', 'build']
[1.222s] DEBUG:colcon:Parsed command line arguments: Namespace(log_base=None, log_level=None, verb_name='build', build_base='build', install_base='install', merge_install=False, symlink_install=False, test_result_base=None, continue_on_error=False, executor='parallel', parallel_workers=4, event_handlers=None, ignore_user_meta=False, metas=['./colcon.meta'], base_paths=['.'], packages_ignore=None, packages_ignore_regex=None, paths=None, packages_up_to=None, packages_up_to_regex=None, packages_above=None, packages_above_and_dependencies=None, packages_above_depth=None, packages_select_by_dep=None, packages_skip_by_dep=None, packages_skip_up_to=None, packages_select_build_failed=False, packages_skip_build_finished=False, packages_select_test_failures=False, packages_skip_test_passed=False, packages_select=None, packages_skip=None, packages_select_regex=None, packages_skip_regex=None, packages_start=None, packages_end=None, allow_overriding=[], cmake_args=None, cmake_target=None, cmake_target_skip_unavailable=False, cmake_clean_cache=False, cmake_clean_first=False, cmake_force_configure=False, ament_cmake_args=None, catkin_cmake_args=None, catkin_skip_building_tests=False, verb_parser=<colcon_defaults.argument_parser.defaults.DefaultArgumentsDecorator object at 0x7fc8ee87c970>, verb_extension=<colcon_core.verb.build.BuildVerb object at 0x7fc8ee7a6770>, main=<bound method BuildVerb.main of <colcon_core.verb.build.BuildVerb object at 0x7fc8ee7a6770>>)
[1.485s] Level 1:colcon.colcon_core.package_discovery:discover_packages(colcon_meta) check parameters
[1.485s] Level 1:colcon.colcon_core.package_discovery:discover_packages(recursive) check parameters
[1.485s] Level 1:colcon.colcon_core.package_discovery:discover_packages(ignore) check parameters
[1.485s] Level 1:colcon.colcon_core.package_discovery:discover_packages(path) check parameters
[1.486s] Level 1:colcon.colcon_core.package_discovery:discover_packages(colcon_meta) discover
[1.486s] Level 1:colcon.colcon_core.package_discovery:discover_packages(recursive) discover
[1.486s] INFO:colcon.colcon_core.package_discovery:Crawling recursively for packages in '/home/pidog/pidog-ros2'
[1.486s] Level 1:colcon.colcon_core.package_identification:_identify(.) by extensions ['ignore', 'ignore_ament_install']
[1.486s] Level 1:colcon.colcon_core.package_identification:_identify(.) by extension 'ignore'
[1.486s] Level 1:colcon.colcon_core.package_identification:_identify(.) by extension 'ignore_ament_install'
[1.486s] Level 1:colcon.colcon_core.package_identification:_identify(.) by extensions ['colcon_pkg']
[1.486s] Level 1:colcon.colcon_core.package_identification:_identify(.) by extension 'colcon_pkg'
[1.486s] Level 1:colcon.colcon_core.package_identification:_identify(.) by extensions ['colcon_meta']
[1.486s] Level 1:colcon.colcon_core.package_identification:_identify(.) by extension 'colcon_meta'
[1.487s] Level 1:colcon.colcon_core.package_identification:_identify(.) by extensions ['ros']
[1.487s] Level 1:colcon.colcon_core.package_identification:_identify(.) by extension 'ros'
[1.506s] Level 1:colcon.colcon_core.package_identification:_identify(.) by extensions ['cmake', 'python']
[1.506s] Level 1:colcon.colcon_core.package_identification:_identify(.) by extension 'cmake'
[1.506s] Level 1:colcon.colcon_core.package_identification:_identify(.) by extension 'python'
[1.507s] Level 1:colcon.colcon_core.package_identification:_identify(.) by extensions ['python_setup_py']
[1.507s] Level 1:colcon.colcon_core.package_identification:_identify(.) by extension 'python_setup_py'
[1.507s] Level 1:colcon.colcon_core.package_identification:_identify(build) by extensions ['ignore', 'ignore_ament_install']
[1.507s] Level 1:colcon.colcon_core.package_identification:_identify(build) by extension 'ignore'
[1.507s] Level 1:colcon.colcon_core.package_identification:_identify(build) ignored
[1.507s] Level 1:colcon.colcon_core.package_identification:_identify(install) by extensions ['ignore', 'ignore_ament_install']
[1.507s] Level 1:colcon.colcon_core.package_identification:_identify(install) by extension 'ignore'
[1.507s] Level 1:colcon.colcon_core.package_identification:_identify(install) ignored
[1.508s] Level 1:colcon.colcon_core.package_identification:_identify(log) by extensions ['ignore', 'ignore_ament_install']
[1.508s] Level 1:colcon.colcon_core.package_identification:_identify(log) by extension 'ignore'
[1.508s] Level 1:colcon.colcon_core.package_identification:_identify(log) ignored
[1.508s] Level 1:colcon.colcon_core.package_identification:_identify(src) by extensions ['ignore', 'ignore_ament_install']
[1.508s] Level 1:colcon.colcon_core.package_identification:_identify(src) by extension 'ignore'
[1.508s] Level 1:colcon.colcon_core.package_identification:_identify(src) by extension 'ignore_ament_install'
[1.508s] Level 1:colcon.colcon_core.package_identification:_identify(src) by extensions ['colcon_pkg']
[1.508s] Level 1:colcon.colcon_core.package_identification:_identify(src) by extension 'colcon_pkg'
[1.508s] Level 1:colcon.colcon_core.package_identification:_identify(src) by extensions ['colcon_meta']
[1.508s] Level 1:colcon.colcon_core.package_identification:_identify(src) by extension 'colcon_meta'
[1.508s] Level 1:colcon.colcon_core.package_identification:_identify(src) by extensions ['ros']
[1.509s] Level 1:colcon.colcon_core.package_identification:_identify(src) by extension 'ros'
[1.511s] Level 1:colcon.colcon_core.package_identification:_identify(src) by extensions ['cmake', 'python']
[1.511s] Level 1:colcon.colcon_core.package_identification:_identify(src) by extension 'cmake'
[1.511s] Level 1:colcon.colcon_core.package_identification:_identify(src) by extension 'python'
[1.511s] Level 1:colcon.colcon_core.package_identification:_identify(src) by extensions ['python_setup_py']
[1.511s] Level 1:colcon.colcon_core.package_identification:_identify(src) by extension 'python_setup_py'
[1.512s] Level 1:colcon.colcon_core.package_identification:_identify(src/brain) by extensions ['ignore', 'ignore_ament_install']
[1.512s] Level 1:colcon.colcon_core.package_identification:_identify(src/brain) by extension 'ignore'
[1.512s] Level 1:colcon.colcon_core.package_identification:_identify(src/brain) by extension 'ignore_ament_install'
[1.512s] Level 1:colcon.colcon_core.package_identification:_identify(src/brain) by extensions ['colcon_pkg']
[1.512s] Level 1:colcon.colcon_core.package_identification:_identify(src/brain) by extension 'colcon_pkg'
[1.512s] Level 1:colcon.colcon_core.package_identification:_identify(src/brain) by extensions ['colcon_meta']
[1.512s] Level 1:colcon.colcon_core.package_identification:_identify(src/brain) by extension 'colcon_meta'
[1.513s] Level 1:colcon.colcon_core.package_identification:_identify(src/brain) by extensions ['ros']
[1.513s] Level 1:colcon.colcon_core.package_identification:_identify(src/brain) by extension 'ros'
[1.516s] DEBUG:colcon.colcon_core.package_identification:Package 'src/brain' with type 'ros.ament_python' and name 'brain'
[1.516s] Level 1:colcon.colcon_core.package_identification:_identify(src/interfaces) by extensions ['ignore', 'ignore_ament_install']
[1.516s] Level 1:colcon.colcon_core.package_identification:_identify(src/interfaces) by extension 'ignore'
[1.516s] Level 1:colcon.colcon_core.package_identification:_identify(src/interfaces) by extension 'ignore_ament_install'
[1.516s] Level 1:colcon.colcon_core.package_identification:_identify(src/interfaces) by extensions ['colcon_pkg']
[1.516s] Level 1:colcon.colcon_core.package_identification:_identify(src/interfaces) by extension 'colcon_pkg'
[1.516s] Level 1:colcon.colcon_core.package_identification:_identify(src/interfaces) by extensions ['colcon_meta']
[1.516s] Level 1:colcon.colcon_core.package_identification:_identify(src/interfaces) by extension 'colcon_meta'
[1.517s] Level 1:colcon.colcon_core.package_identification:_identify(src/interfaces) by extensions ['ros']
[1.517s] Level 1:colcon.colcon_core.package_identification:_identify(src/interfaces) by extension 'ros'
[1.517s] DEBUG:colcon.colcon_core.package_identification:Package 'src/interfaces' with type 'ros.ament_cmake' and name 'interfaces'
[1.518s] Level 1:colcon.colcon_core.package_identification:_identify(src/vision) by extensions ['ignore', 'ignore_ament_install']
[1.518s] Level 1:colcon.colcon_core.package_identification:_identify(src/vision) by extension 'ignore'
[1.518s] Level 1:colcon.colcon_core.package_identification:_identify(src/vision) by extension 'ignore_ament_install'
[1.518s] Level 1:colcon.colcon_core.package_identification:_identify(src/vision) by extensions ['colcon_pkg']
[1.518s] Level 1:colcon.colcon_core.package_identification:_identify(src/vision) by extension 'colcon_pkg'
[1.518s] Level 1:colcon.colcon_core.package_identification:_identify(src/vision) by extensions ['colcon_meta']
[1.518s] Level 1:colcon.colcon_core.package_identification:_identify(src/vision) by extension 'colcon_meta'
[1.518s] Level 1:colcon.colcon_core.package_identification:_identify(src/vision) by extensions ['ros']
[1.518s] Level 1:colcon.colcon_core.package_identification:_identify(src/vision) by extension 'ros'
[1.519s] DEBUG:colcon.colcon_core.package_identification:Package 'src/vision' with type 'ros.ament_python' and name 'vision'
[1.519s] Level 1:colcon.colcon_core.package_discovery:discover_packages(recursive) using defaults
[1.519s] Level 1:colcon.colcon_core.package_discovery:discover_packages(ignore) discover
[1.519s] Level 1:colcon.colcon_core.package_discovery:discover_packages(ignore) using defaults
[1.519s] Level 1:colcon.colcon_core.package_discovery:discover_packages(path) discover
[1.519s] Level 1:colcon.colcon_core.package_discovery:discover_packages(path) using defaults
[1.650s] Level 1:colcon.colcon_core.package_discovery:discover_packages(prefix_path) check parameters
[1.650s] Level 1:colcon.colcon_core.package_discovery:discover_packages(prefix_path) discover
[1.675s] DEBUG:colcon.colcon_installed_package_information.package_discovery:Found 288 installed packages in /opt/ros/humble
[1.678s] Level 1:colcon.colcon_core.package_discovery:discover_packages(prefix_path) using defaults
[1.835s] Level 5:colcon.colcon_core.verb:set package 'brain' build argument 'cmake_args' from command line to 'None'
[1.835s] Level 5:colcon.colcon_core.verb:set package 'brain' build argument 'cmake_target' from command line to 'None'
[1.835s] Level 5:colcon.colcon_core.verb:set package 'brain' build argument 'cmake_target_skip_unavailable' from command line to 'False'
[1.835s] Level 5:colcon.colcon_core.verb:set package 'brain' build argument 'cmake_clean_cache' from command line to 'False'
[1.835s] Level 5:colcon.colcon_core.verb:set package 'brain' build argument 'cmake_clean_first' from command line to 'False'
[1.836s] Level 5:colcon.colcon_core.verb:set package 'brain' build argument 'cmake_force_configure' from command line to 'False'
[1.836s] Level 5:colcon.colcon_core.verb:set package 'brain' build argument 'ament_cmake_args' from command line to 'None'
[1.836s] Level 5:colcon.colcon_core.verb:set package 'brain' build argument 'catkin_cmake_args' from command line to 'None'
[1.836s] Level 5:colcon.colcon_core.verb:set package 'brain' build argument 'catkin_skip_building_tests' from command line to 'False'
[1.836s] DEBUG:colcon.colcon_core.verb:Building package 'brain' with the following arguments: {'ament_cmake_args': None, 'build_base': '/home/pidog/pidog-ros2/build/brain', 'catkin_cmake_args': None, 'catkin_skip_building_tests': False, 'cmake_args': None, 'cmake_clean_cache': False, 'cmake_clean_first': False, 'cmake_force_configure': False, 'cmake_target': None, 'cmake_target_skip_unavailable': False, 'install_base': '/home/pidog/pidog-ros2/install/brain', 'merge_install': False, 'path': '/home/pidog/pidog-ros2/src/brain', 'symlink_install': False, 'test_result_base': None}
[1.837s] Level 5:colcon.colcon_core.verb:set package 'interfaces' build argument 'cmake_args' from command line to 'None'
[1.837s] Level 5:colcon.colcon_core.verb:set package 'interfaces' build argument 'cmake_target' from command line to 'None'
[1.837s] Level 5:colcon.colcon_core.verb:set package 'interfaces' build argument 'cmake_target_skip_unavailable' from command line to 'False'
[1.837s] Level 5:colcon.colcon_core.verb:set package 'interfaces' build argument 'cmake_clean_cache' from command line to 'False'
[1.837s] Level 5:colcon.colcon_core.verb:set package 'interfaces' build argument 'cmake_clean_first' from command line to 'False'
[1.837s] Level 5:colcon.colcon_core.verb:set package 'interfaces' build argument 'cmake_force_configure' from command line to 'False'
[1.837s] Level 5:colcon.colcon_core.verb:set package 'interfaces' build argument 'ament_cmake_args' from command line to 'None'
[1.837s] Level 5:colcon.colcon_core.verb:set package 'interfaces' build argument 'catkin_cmake_args' from command line to 'None'
[1.838s] Level 5:colcon.colcon_core.verb:set package 'interfaces' build argument 'catkin_skip_building_tests' from command line to 'False'
[1.838s] DEBUG:colcon.colcon_core.verb:Building package 'interfaces' with the following arguments: {'ament_cmake_args': None, 'build_base': '/home/pidog/pidog-ros2/build/interfaces', 'catkin_cmake_args': None, 'catkin_skip_building_tests': False, 'cmake_args': None, 'cmake_clean_cache': False, 'cmake_clean_first': False, 'cmake_force_configure': False, 'cmake_target': None, 'cmake_target_skip_unavailable': False, 'install_base': '/home/pidog/pidog-ros2/install/interfaces', 'merge_install': False, 'path': '/home/pidog/pidog-ros2/src/interfaces', 'symlink_install': False, 'test_result_base': None}
[1.839s] Level 5:colcon.colcon_core.verb:set package 'vision' build argument 'cmake_args' from command line to 'None'
[1.839s] Level 5:colcon.colcon_core.verb:set package 'vision' build argument 'cmake_target' from command line to 'None'
[1.839s] Level 5:colcon.colcon_core.verb:set package 'vision' build argument 'cmake_target_skip_unavailable' from command line to 'False'
[1.839s] Level 5:colcon.colcon_core.verb:set package 'vision' build argument 'cmake_clean_cache' from command line to 'False'
[1.839s] Level 5:colcon.colcon_core.verb:set package 'vision' build argument 'cmake_clean_first' from command line to 'False'
[1.839s] Level 5:colcon.colcon_core.verb:set package 'vision' build argument 'cmake_force_configure' from command line to 'False'
[1.839s] Level 5:colcon.colcon_core.verb:set package 'vision' build argument 'ament_cmake_args' from command line to 'None'
[1.839s] Level 5:colcon.colcon_core.verb:set package 'vision' build argument 'catkin_cmake_args' from command line to 'None'
[1.839s] Level 5:colcon.colcon_core.verb:set package 'vision' build argument 'catkin_skip_building_tests' from command line to 'False'
[1.839s] DEBUG:colcon.colcon_core.verb:Building package 'vision' with the following arguments: {'ament_cmake_args': None, 'build_base': '/home/pidog/pidog-ros2/build/vision', 'catkin_cmake_args': None, 'catkin_skip_building_tests': False, 'cmake_args': None, 'cmake_clean_cache': False, 'cmake_clean_first': False, 'cmake_force_configure': False, 'cmake_target': None, 'cmake_target_skip_unavailable': False, 'install_base': '/home/pidog/pidog-ros2/install/vision', 'merge_install': False, 'path': '/home/pidog/pidog-ros2/src/vision', 'symlink_install': False, 'test_result_base': None}
[1.841s] INFO:colcon.colcon_core.executor:Executing jobs using 'parallel' executor
[1.846s] DEBUG:colcon.colcon_parallel_executor.executor.parallel:run_until_complete
[1.846s] INFO:colcon.colcon_ros.task.ament_python.build:Building ROS package in '/home/pidog/pidog-ros2/src/brain' with build type 'ament_python'
[1.847s] Level 1:colcon.colcon_core.shell:create_environment_hook('brain', 'ament_prefix_path')
[1.904s] INFO:colcon.colcon_core.plugin_system:Skipping extension 'colcon_core.shell.bat': Not used on non-Windows systems
[1.904s] INFO:colcon.colcon_core.shell:Creating environment hook '/home/pidog/pidog-ros2/install/brain/share/brain/hook/ament_prefix_path.ps1'
[1.909s] INFO:colcon.colcon_core.shell:Creating environment descriptor '/home/pidog/pidog-ros2/install/brain/share/brain/hook/ament_prefix_path.dsv'
[1.911s] INFO:colcon.colcon_core.shell:Creating environment hook '/home/pidog/pidog-ros2/install/brain/share/brain/hook/ament_prefix_path.sh'
[1.916s] INFO:colcon.colcon_core.shell:Skip shell extension 'powershell' for command environment: Not usable outside of PowerShell
[1.916s] DEBUG:colcon.colcon_core.shell:Skip shell extension 'dsv' for command environment
[1.926s] INFO:colcon.colcon_ros.task.ament_cmake.build:Building ROS package in '/home/pidog/pidog-ros2/src/interfaces' with build type 'ament_cmake'
[1.927s] INFO:colcon.colcon_cmake.task.cmake.build:Building CMake package in '/home/pidog/pidog-ros2/src/interfaces'
[1.931s] INFO:colcon.colcon_core.shell:Skip shell extension 'powershell' for command environment: Not usable outside of PowerShell
[1.932s] DEBUG:colcon.colcon_core.shell:Skip shell extension 'dsv' for command environment
[1.941s] INFO:colcon.colcon_ros.task.ament_python.build:Building ROS package in '/home/pidog/pidog-ros2/src/vision' with build type 'ament_python'
[1.942s] Level 1:colcon.colcon_core.shell:create_environment_hook('vision', 'ament_prefix_path')
[1.945s] INFO:colcon.colcon_core.shell:Creating environment hook '/home/pidog/pidog-ros2/install/vision/share/vision/hook/ament_prefix_path.ps1'
[1.946s] INFO:colcon.colcon_core.shell:Creating environment descriptor '/home/pidog/pidog-ros2/install/vision/share/vision/hook/ament_prefix_path.dsv'
[1.948s] INFO:colcon.colcon_core.shell:Creating environment hook '/home/pidog/pidog-ros2/install/vision/share/vision/hook/ament_prefix_path.sh'
[1.952s] INFO:colcon.colcon_core.shell:Skip shell extension 'powershell' for command environment: Not usable outside of PowerShell
[1.952s] DEBUG:colcon.colcon_core.shell:Skip shell extension 'dsv' for command environment
[2.419s] INFO:colcon.colcon_core.task.python.build:Building Python package in '/home/pidog/pidog-ros2/src/brain'
[2.422s] INFO:colcon.colcon_core.shell:Skip shell extension 'powershell' for command environment: Not usable outside of PowerShell
[2.422s] DEBUG:colcon.colcon_core.shell:Skip shell extension 'dsv' for command environment
[2.452s] DEBUG:colcon.colcon_core.event_handler.log_command:Invoking command in '/home/pidog/pidog-ros2/build/interfaces': CMAKE_PREFIX_PATH=/opt/ros/humble /usr/bin/cmake --build /home/pidog/pidog-ros2/build/interfaces -- -j4 -l4
[3.156s] INFO:colcon.colcon_core.task.python.build:Building Python package in '/home/pidog/pidog-ros2/src/vision'
[3.162s] INFO:colcon.colcon_core.shell:Skip shell extension 'powershell' for command environment: Not usable outside of PowerShell
[3.162s] DEBUG:colcon.colcon_core.shell:Skip shell extension 'dsv' for command environment
[4.329s] DEBUG:colcon.colcon_core.event_handler.log_command:Invoked command in '/home/pidog/pidog-ros2/build/interfaces' returned '0': CMAKE_PREFIX_PATH=/opt/ros/humble /usr/bin/cmake --build /home/pidog/pidog-ros2/build/interfaces -- -j4 -l4
[4.655s] DEBUG:colcon.colcon_core.event_handler.log_command:Invoking command in '/home/pidog/pidog-ros2/build/interfaces': CMAKE_PREFIX_PATH=/opt/ros/humble /usr/bin/cmake --install /home/pidog/pidog-ros2/build/interfaces
[4.718s] DEBUG:colcon.colcon_core.event_handler.log_command:Invoking command in '/home/pidog/pidog-ros2/src/vision': PYTHONPATH=/home/pidog/pidog-ros2/build/vision/prefix_override:/home/pidog/pidog-ros2/install/vision/lib/python3.10/site-packages:${PYTHONPATH} /usr/bin/python3 setup.py egg_info --egg-base ../../build/vision build --build-base /home/pidog/pidog-ros2/build/vision/build install --record /home/pidog/pidog-ros2/build/vision/install.log --single-version-externally-managed
[4.750s] DEBUG:colcon.colcon_core.event_handler.log_command:Invoking command in '/home/pidog/pidog-ros2/src/brain': PYTHONPATH=/home/pidog/pidog-ros2/build/brain/prefix_override:/home/pidog/pidog-ros2/install/brain/lib/python3.10/site-packages:${PYTHONPATH} /usr/bin/python3 setup.py egg_info --egg-base ../../build/brain build --build-base /home/pidog/pidog-ros2/build/brain/build install --record /home/pidog/pidog-ros2/build/brain/install.log --single-version-externally-managed
[4.961s] Level 1:colcon.colcon_core.environment:create_environment_scripts_only(interfaces)
[4.962s] DEBUG:colcon.colcon_core.event_handler.log_command:Invoked command in '/home/pidog/pidog-ros2/build/interfaces' returned '0': CMAKE_PREFIX_PATH=/opt/ros/humble /usr/bin/cmake --install /home/pidog/pidog-ros2/build/interfaces
[5.029s] Level 1:colcon.colcon_core.environment:checking '/home/pidog/pidog-ros2/install/interfaces' for CMake module files
[5.033s] Level 1:colcon.colcon_core.environment:checking '/home/pidog/pidog-ros2/install/interfaces' for CMake config files
[5.035s] Level 1:colcon.colcon_core.shell:create_environment_hook('interfaces', 'cmake_prefix_path')
[5.040s] INFO:colcon.colcon_core.shell:Creating environment hook '/home/pidog/pidog-ros2/install/interfaces/share/interfaces/hook/cmake_prefix_path.ps1'
[5.040s] INFO:colcon.colcon_core.shell:Creating environment descriptor '/home/pidog/pidog-ros2/install/interfaces/share/interfaces/hook/cmake_prefix_path.dsv'
[5.042s] INFO:colcon.colcon_core.shell:Creating environment hook '/home/pidog/pidog-ros2/install/interfaces/share/interfaces/hook/cmake_prefix_path.sh'
[5.044s] Level 1:colcon.colcon_core.environment:checking '/home/pidog/pidog-ros2/install/interfaces/lib'
[5.044s] Level 1:colcon.colcon_core.shell:create_environment_hook('interfaces', 'ld_library_path_lib')
[5.046s] INFO:colcon.colcon_core.shell:Creating environment hook '/home/pidog/pidog-ros2/install/interfaces/share/interfaces/hook/ld_library_path_lib.ps1'
[5.047s] INFO:colcon.colcon_core.shell:Creating environment descriptor '/home/pidog/pidog-ros2/install/interfaces/share/interfaces/hook/ld_library_path_lib.dsv'
[5.048s] INFO:colcon.colcon_core.shell:Creating environment hook '/home/pidog/pidog-ros2/install/interfaces/share/interfaces/hook/ld_library_path_lib.sh'
[5.049s] Level 1:colcon.colcon_core.environment:checking '/home/pidog/pidog-ros2/install/interfaces/bin'
[5.050s] Level 1:colcon.colcon_core.environment:checking '/home/pidog/pidog-ros2/install/interfaces/lib/pkgconfig/interfaces.pc'
[5.051s] Level 1:colcon.colcon_core.environment:checking '/home/pidog/pidog-ros2/install/interfaces/lib/python3.10/site-packages'
[5.051s] Level 1:colcon.colcon_core.environment:checking '/home/pidog/pidog-ros2/install/interfaces/bin'
[5.054s] INFO:colcon.colcon_core.shell:Creating package script '/home/pidog/pidog-ros2/install/interfaces/share/interfaces/package.ps1'
[5.060s] INFO:colcon.colcon_core.shell:Creating package descriptor '/home/pidog/pidog-ros2/install/interfaces/share/interfaces/package.dsv'
[5.063s] INFO:colcon.colcon_core.shell:Creating package script '/home/pidog/pidog-ros2/install/interfaces/share/interfaces/package.sh'
[5.072s] INFO:colcon.colcon_core.shell:Creating package script '/home/pidog/pidog-ros2/install/interfaces/share/interfaces/package.bash'
[5.078s] INFO:colcon.colcon_core.shell:Creating package script '/home/pidog/pidog-ros2/install/interfaces/share/interfaces/package.zsh'
[5.084s] Level 1:colcon.colcon_core.environment:create_file_with_runtime_dependencies(/home/pidog/pidog-ros2/install/interfaces/share/colcon-core/packages/interfaces)
[5.462s] Level 1:colcon.colcon_core.environment:create_environment_scripts_only(interfaces)
[5.468s] Level 1:colcon.colcon_core.environment:checking '/home/pidog/pidog-ros2/install/interfaces' for CMake module files
[5.479s] Level 1:colcon.colcon_core.environment:checking '/home/pidog/pidog-ros2/install/interfaces' for CMake config files
[5.480s] Level 1:colcon.colcon_core.shell:create_environment_hook('interfaces', 'cmake_prefix_path')
[5.484s] INFO:colcon.colcon_core.shell:Creating environment hook '/home/pidog/pidog-ros2/install/interfaces/share/interfaces/hook/cmake_prefix_path.ps1'
[5.490s] INFO:colcon.colcon_core.shell:Creating environment descriptor '/home/pidog/pidog-ros2/install/interfaces/share/interfaces/hook/cmake_prefix_path.dsv'
[5.493s] INFO:colcon.colcon_core.shell:Creating environment hook '/home/pidog/pidog-ros2/install/interfaces/share/interfaces/hook/cmake_prefix_path.sh'
[5.495s] Level 1:colcon.colcon_core.environment:checking '/home/pidog/pidog-ros2/install/interfaces/lib'
[5.495s] Level 1:colcon.colcon_core.shell:create_environment_hook('interfaces', 'ld_library_path_lib')
[5.498s] INFO:colcon.colcon_core.shell:Creating environment hook '/home/pidog/pidog-ros2/install/interfaces/share/interfaces/hook/ld_library_path_lib.ps1'
[5.505s] INFO:colcon.colcon_core.shell:Creating environment descriptor '/home/pidog/pidog-ros2/install/interfaces/share/interfaces/hook/ld_library_path_lib.dsv'
[5.506s] INFO:colcon.colcon_core.shell:Creating environment hook '/home/pidog/pidog-ros2/install/interfaces/share/interfaces/hook/ld_library_path_lib.sh'
[5.521s] Level 1:colcon.colcon_core.environment:checking '/home/pidog/pidog-ros2/install/interfaces/bin'
[5.521s] Level 1:colcon.colcon_core.environment:checking '/home/pidog/pidog-ros2/install/interfaces/lib/pkgconfig/interfaces.pc'
[5.524s] Level 1:colcon.colcon_core.environment:checking '/home/pidog/pidog-ros2/install/interfaces/lib/python3.10/site-packages'
[5.524s] Level 1:colcon.colcon_core.environment:checking '/home/pidog/pidog-ros2/install/interfaces/bin'
[5.532s] INFO:colcon.colcon_core.shell:Creating package script '/home/pidog/pidog-ros2/install/interfaces/share/interfaces/package.ps1'
[5.543s] INFO:colcon.colcon_core.shell:Creating package descriptor '/home/pidog/pidog-ros2/install/interfaces/share/interfaces/package.dsv'
[5.552s] INFO:colcon.colcon_core.shell:Creating package script '/home/pidog/pidog-ros2/install/interfaces/share/interfaces/package.sh'
[5.554s] INFO:colcon.colcon_core.shell:Creating package script '/home/pidog/pidog-ros2/install/interfaces/share/interfaces/package.bash'
[5.556s] INFO:colcon.colcon_core.shell:Creating package script '/home/pidog/pidog-ros2/install/interfaces/share/interfaces/package.zsh'
[5.558s] Level 1:colcon.colcon_core.environment:create_file_with_runtime_dependencies(/home/pidog/pidog-ros2/install/interfaces/share/colcon-core/packages/interfaces)
[5.651s] Level 1:colcon.colcon_core.environment:checking '/home/pidog/pidog-ros2/install/vision' for CMake module files
[5.652s] Level 1:colcon.colcon_core.environment:checking '/home/pidog/pidog-ros2/install/vision' for CMake config files
[5.653s] Level 1:colcon.colcon_core.environment:checking '/home/pidog/pidog-ros2/install/vision/lib'
[5.653s] Level 1:colcon.colcon_core.environment:checking '/home/pidog/pidog-ros2/install/vision/bin'
[5.653s] Level 1:colcon.colcon_core.environment:checking '/home/pidog/pidog-ros2/install/vision/lib/pkgconfig/vision.pc'
[5.653s] Level 1:colcon.colcon_core.environment:checking '/home/pidog/pidog-ros2/install/vision/lib/python3.10/site-packages'
[5.653s] Level 1:colcon.colcon_core.shell:create_environment_hook('vision', 'pythonpath')
[5.655s] INFO:colcon.colcon_core.shell:Creating environment hook '/home/pidog/pidog-ros2/install/vision/share/vision/hook/pythonpath.ps1'
[5.656s] INFO:colcon.colcon_core.shell:Creating environment descriptor '/home/pidog/pidog-ros2/install/vision/share/vision/hook/pythonpath.dsv'
[5.657s] DEBUG:colcon.colcon_core.event_handler.log_command:Invoked command in '/home/pidog/pidog-ros2/src/vision' returned '0': PYTHONPATH=/home/pidog/pidog-ros2/build/vision/prefix_override:/home/pidog/pidog-ros2/install/vision/lib/python3.10/site-packages:${PYTHONPATH} /usr/bin/python3 setup.py egg_info --egg-base ../../build/vision build --build-base /home/pidog/pidog-ros2/build/vision/build install --record /home/pidog/pidog-ros2/build/vision/install.log --single-version-externally-managed
[5.658s] INFO:colcon.colcon_core.shell:Creating environment hook '/home/pidog/pidog-ros2/install/vision/share/vision/hook/pythonpath.sh'
[5.660s] Level 1:colcon.colcon_core.environment:checking '/home/pidog/pidog-ros2/install/vision/bin'
[5.660s] Level 1:colcon.colcon_core.environment:create_environment_scripts_only(vision)
[5.663s] INFO:colcon.colcon_core.shell:Creating package script '/home/pidog/pidog-ros2/install/vision/share/vision/package.ps1'
[5.664s] INFO:colcon.colcon_core.shell:Creating package descriptor '/home/pidog/pidog-ros2/install/vision/share/vision/package.dsv'
[5.665s] INFO:colcon.colcon_core.shell:Creating package script '/home/pidog/pidog-ros2/install/vision/share/vision/package.sh'
[5.666s] INFO:colcon.colcon_core.shell:Creating package script '/home/pidog/pidog-ros2/install/vision/share/vision/package.bash'
[5.667s] INFO:colcon.colcon_core.shell:Creating package script '/home/pidog/pidog-ros2/install/vision/share/vision/package.zsh'
[5.668s] Level 1:colcon.colcon_core.environment:create_file_with_runtime_dependencies(/home/pidog/pidog-ros2/install/vision/share/colcon-core/packages/vision)
[5.678s] Level 1:colcon.colcon_core.environment:checking '/home/pidog/pidog-ros2/install/brain' for CMake module files
[5.678s] DEBUG:colcon.colcon_core.event_handler.log_command:Invoked command in '/home/pidog/pidog-ros2/src/brain' returned '0': PYTHONPATH=/home/pidog/pidog-ros2/build/brain/prefix_override:/home/pidog/pidog-ros2/install/brain/lib/python3.10/site-packages:${PYTHONPATH} /usr/bin/python3 setup.py egg_info --egg-base ../../build/brain build --build-base /home/pidog/pidog-ros2/build/brain/build install --record /home/pidog/pidog-ros2/build/brain/install.log --single-version-externally-managed
[5.679s] Level 1:colcon.colcon_core.environment:checking '/home/pidog/pidog-ros2/install/brain' for CMake config files
[5.680s] Level 1:colcon.colcon_core.environment:checking '/home/pidog/pidog-ros2/install/brain/lib'
[5.680s] Level 1:colcon.colcon_core.environment:checking '/home/pidog/pidog-ros2/install/brain/bin'
[5.680s] Level 1:colcon.colcon_core.environment:checking '/home/pidog/pidog-ros2/install/brain/lib/pkgconfig/brain.pc'
[5.680s] Level 1:colcon.colcon_core.environment:checking '/home/pidog/pidog-ros2/install/brain/lib/python3.10/site-packages'
[5.680s] Level 1:colcon.colcon_core.shell:create_environment_hook('brain', 'pythonpath')
[5.684s] INFO:colcon.colcon_core.shell:Creating environment hook '/home/pidog/pidog-ros2/install/brain/share/brain/hook/pythonpath.ps1'
[5.685s] INFO:colcon.colcon_core.shell:Creating environment descriptor '/home/pidog/pidog-ros2/install/brain/share/brain/hook/pythonpath.dsv'
[5.685s] INFO:colcon.colcon_core.shell:Creating environment hook '/home/pidog/pidog-ros2/install/brain/share/brain/hook/pythonpath.sh'
[5.686s] Level 1:colcon.colcon_core.environment:checking '/home/pidog/pidog-ros2/install/brain/bin'
[5.686s] Level 1:colcon.colcon_core.environment:create_environment_scripts_only(brain)
[5.688s] INFO:colcon.colcon_core.shell:Creating package script '/home/pidog/pidog-ros2/install/brain/share/brain/package.ps1'
[5.689s] INFO:colcon.colcon_core.shell:Creating package descriptor '/home/pidog/pidog-ros2/install/brain/share/brain/package.dsv'
[5.689s] INFO:colcon.colcon_core.shell:Creating package script '/home/pidog/pidog-ros2/install/brain/share/brain/package.sh'
[5.690s] INFO:colcon.colcon_core.shell:Creating package script '/home/pidog/pidog-ros2/install/brain/share/brain/package.bash'
[5.691s] INFO:colcon.colcon_core.shell:Creating package script '/home/pidog/pidog-ros2/install/brain/share/brain/package.zsh'
[5.691s] Level 1:colcon.colcon_core.environment:create_file_with_runtime_dependencies(/home/pidog/pidog-ros2/install/brain/share/colcon-core/packages/brain)
[5.692s] DEBUG:colcon.colcon_parallel_executor.executor.parallel:closing loop
[5.692s] DEBUG:colcon.colcon_parallel_executor.executor.parallel:loop closed
[5.693s] DEBUG:colcon.colcon_parallel_executor.executor.parallel:run_until_complete finished with '0'
[5.693s] DEBUG:colcon.colcon_core.event_reactor:joining thread
[5.739s] INFO:colcon.colcon_core.plugin_system:Skipping extension 'colcon_notification.desktop_notification.terminal_notifier': Not used on non-Darwin systems
[5.740s] INFO:colcon.colcon_core.plugin_system:Skipping extension 'colcon_notification.desktop_notification.win32': Not used on non-Windows systems
[5.740s] INFO:colcon.colcon_notification.desktop_notification:Sending desktop notification using 'notify2'
[6.004s] DEBUG:colcon.colcon_core.event_reactor:joined thread
[6.006s] INFO:colcon.colcon_core.shell:Creating prefix script '/home/pidog/pidog-ros2/install/local_setup.ps1'
[6.011s] INFO:colcon.colcon_core.shell:Creating prefix util module '/home/pidog/pidog-ros2/install/_local_setup_util_ps1.py'
[6.016s] INFO:colcon.colcon_core.shell:Creating prefix chain script '/home/pidog/pidog-ros2/install/setup.ps1'
[6.024s] INFO:colcon.colcon_core.shell:Creating prefix script '/home/pidog/pidog-ros2/install/local_setup.sh'
[6.029s] INFO:colcon.colcon_core.shell:Creating prefix util module '/home/pidog/pidog-ros2/install/_local_setup_util_sh.py'
[6.032s] INFO:colcon.colcon_core.shell:Creating prefix chain script '/home/pidog/pidog-ros2/install/setup.sh'
[6.036s] INFO:colcon.colcon_core.shell:Creating prefix script '/home/pidog/pidog-ros2/install/local_setup.bash'
[6.040s] INFO:colcon.colcon_core.shell:Creating prefix chain script '/home/pidog/pidog-ros2/install/setup.bash'
[6.046s] INFO:colcon.colcon_core.shell:Creating prefix script '/home/pidog/pidog-ros2/install/local_setup.zsh'
[6.061s] INFO:colcon.colcon_core.shell:Creating prefix chain script '/home/pidog/pidog-ros2/install/setup.zsh'
