[3.777s] Invoking command in '/home/pidog/pidog-ros2/src/vision': PYTHONPATH=/home/pidog/pidog-ros2/build/vision/prefix_override:/home/pidog/pidog-ros2/install/vision/lib/python3.10/site-packages:${PYTHONPATH} /usr/bin/python3 setup.py egg_info --egg-base ../../build/vision build --build-base /home/pidog/pidog-ros2/build/vision/build install --record /home/pidog/pidog-ros2/build/vision/install.log --single-version-externally-managed
[4.415s] running egg_info
[4.416s] writing ../../build/vision/vision.egg-info/PKG-INFO
[4.424s] writing dependency_links to ../../build/vision/vision.egg-info/dependency_links.txt
[4.426s] writing entry points to ../../build/vision/vision.egg-info/entry_points.txt
[4.426s] writing requirements to ../../build/vision/vision.egg-info/requires.txt
[4.434s] writing top-level names to ../../build/vision/vision.egg-info/top_level.txt
[4.434s] reading manifest file '../../build/vision/vision.egg-info/SOURCES.txt'
[4.440s] writing manifest file '../../build/vision/vision.egg-info/SOURCES.txt'
[4.440s] running build
[4.441s] running build_py
[4.445s] running install
[4.446s] /usr/lib/python3/dist-packages/setuptools/command/install.py:34: SetuptoolsDeprecationWarning: setup.py install is deprecated. Use build and pip and other standards-based tools.
[4.446s]   warnings.warn(
[4.446s] running install_lib
[4.452s] running install_data
[4.454s] running install_egg_info
[4.459s] removing '/home/pidog/pidog-ros2/install/vision/lib/python3.10/site-packages/vision-0.0.1-py3.10.egg-info' (and everything under it)
[4.459s] Copying ../../build/vision/vision.egg-info to /home/pidog/pidog-ros2/install/vision/lib/python3.10/site-packages/vision-0.0.1-py3.10.egg-info
[4.464s] running install_scripts
[4.519s] Installing vision script to /home/pidog/pidog-ros2/install/vision/lib/vision
[4.527s] writing list of installed files to '/home/pidog/pidog-ros2/build/vision/install.log'
[4.620s] Invoked command in '/home/pidog/pidog-ros2/src/vision' returned '0': PYTHONPATH=/home/pidog/pidog-ros2/build/vision/prefix_override:/home/pidog/pidog-ros2/install/vision/lib/python3.10/site-packages:${PYTHONPATH} /usr/bin/python3 setup.py egg_info --egg-base ../../build/vision build --build-base /home/pidog/pidog-ros2/build/vision/build install --record /home/pidog/pidog-ros2/build/vision/install.log --single-version-externally-managed
