[1.357s] Invoking command in '/home/pidog/pidog-ros2/src/vision': PYTHONPATH=/home/pidog/pidog-ros2/build/vision/prefix_override:/home/pidog/pidog-ros2/install/vision/lib/python3.10/site-packages:${PYTHONPATH} /usr/bin/python3 setup.py egg_info --egg-base ../../build/vision build --build-base /home/pidog/pidog-ros2/build/vision/build install --record /home/pidog/pidog-ros2/build/vision/install.log --single-version-externally-managed
[1.854s] running egg_info
[1.855s] creating ../../build/vision/vision.egg-info
[1.857s] writing ../../build/vision/vision.egg-info/PKG-INFO
[1.858s] writing dependency_links to ../../build/vision/vision.egg-info/dependency_links.txt
[1.859s] writing entry points to ../../build/vision/vision.egg-info/entry_points.txt
[1.859s] writing requirements to ../../build/vision/vision.egg-info/requires.txt
[1.859s] writing top-level names to ../../build/vision/vision.egg-info/top_level.txt
[1.860s] writing manifest file '../../build/vision/vision.egg-info/SOURCES.txt'
[1.865s] reading manifest file '../../build/vision/vision.egg-info/SOURCES.txt'
[1.866s] writing manifest file '../../build/vision/vision.egg-info/SOURCES.txt'
[1.867s] running build
[1.867s] running build_py
[1.867s] creating /home/pidog/pidog-ros2/build/vision/build
[1.867s] creating /home/pidog/pidog-ros2/build/vision/build/lib
[1.868s] creating /home/pidog/pidog-ros2/build/vision/build/lib/vision
[1.868s] copying vision/vision_node.py -> /home/pidog/pidog-ros2/build/vision/build/lib/vision
[1.868s] copying vision/__init__.py -> /home/pidog/pidog-ros2/build/vision/build/lib/vision
[1.868s] running install
[1.868s] /usr/lib/python3/dist-packages/setuptools/command/install.py:34: SetuptoolsDeprecationWarning: setup.py install is deprecated. Use build and pip and other standards-based tools.
[1.868s]   warnings.warn(
[1.869s] running install_lib
[1.869s] creating /home/pidog/pidog-ros2/install/vision/lib/python3.10/site-packages/vision
[1.870s] copying /home/pidog/pidog-ros2/build/vision/build/lib/vision/vision_node.py -> /home/pidog/pidog-ros2/install/vision/lib/python3.10/site-packages/vision
[1.870s] copying /home/pidog/pidog-ros2/build/vision/build/lib/vision/__init__.py -> /home/pidog/pidog-ros2/install/vision/lib/python3.10/site-packages/vision
[1.871s] byte-compiling /home/pidog/pidog-ros2/install/vision/lib/python3.10/site-packages/vision/vision_node.py to vision_node.cpython-310.pyc
[1.872s] byte-compiling /home/pidog/pidog-ros2/install/vision/lib/python3.10/site-packages/vision/__init__.py to __init__.cpython-310.pyc
[1.872s] running install_data
[1.874s] creating /home/pidog/pidog-ros2/install/vision/share/ament_index
[1.875s] creating /home/pidog/pidog-ros2/install/vision/share/ament_index/resource_index
[1.875s] creating /home/pidog/pidog-ros2/install/vision/share/ament_index/resource_index/packages
[1.875s] copying resource/vision -> /home/pidog/pidog-ros2/install/vision/share/ament_index/resource_index/packages
[1.875s] copying package.xml -> /home/pidog/pidog-ros2/install/vision/share/vision
[1.875s] running install_egg_info
[1.877s] Copying ../../build/vision/vision.egg-info to /home/pidog/pidog-ros2/install/vision/lib/python3.10/site-packages/vision-0.0.1-py3.10.egg-info
[1.878s] running install_scripts
[1.909s] Installing vision script to /home/pidog/pidog-ros2/install/vision/lib/vision
[1.910s] writing list of installed files to '/home/pidog/pidog-ros2/build/vision/install.log'
