[1.583s] Invoking command in '/home/pidog/pidog-ros2/src/legs': AMENT_PREFIX_PATH=/home/pidog/pidog-ros2/install/interfaces:${AMENT_PREFIX_PATH} CMAKE_PREFIX_PATH=/home/pidog/pidog-ros2/install/interfaces LD_LIBRARY_PATH=/home/pidog/pidog-ros2/install/interfaces/lib:${LD_LIBRARY_PATH} PYTHONPATH=/home/pidog/pidog-ros2/build/legs/prefix_override:/home/pidog/pidog-ros2/install/legs/lib/python3.10/site-packages:/home/pidog/pidog-ros2/install/interfaces/local/lib/python3.10/dist-packages:${PYTHONPATH} /usr/bin/python3 setup.py egg_info --egg-base ../../build/legs build --build-base /home/pidog/pidog-ros2/build/legs/build install --record /home/pidog/pidog-ros2/build/legs/install.log --single-version-externally-managed
[2.073s] running egg_info
[2.075s] writing ../../build/legs/legs.egg-info/PKG-INFO
[2.076s] writing dependency_links to ../../build/legs/legs.egg-info/dependency_links.txt
[2.076s] writing entry points to ../../build/legs/legs.egg-info/entry_points.txt
[2.077s] writing requirements to ../../build/legs/legs.egg-info/requires.txt
[2.077s] writing top-level names to ../../build/legs/legs.egg-info/top_level.txt
[2.088s] reading manifest file '../../build/legs/legs.egg-info/SOURCES.txt'
[2.090s] writing manifest file '../../build/legs/legs.egg-info/SOURCES.txt'
[2.090s] running build
[2.090s] running build_py
[2.091s] running install
[2.091s] /usr/lib/python3/dist-packages/setuptools/command/install.py:34: SetuptoolsDeprecationWarning: setup.py install is deprecated. Use build and pip and other standards-based tools.
[2.092s]   warnings.warn(
[2.092s] running install_lib
[2.093s] running install_data
[2.094s] copying package.xml -> /home/pidog/pidog-ros2/install/legs/share/legs
[2.095s] copying launch/legs_launch.py -> /home/pidog/pidog-ros2/install/legs/share/legs
[2.095s] running install_egg_info
[2.097s] removing '/home/pidog/pidog-ros2/install/legs/lib/python3.10/site-packages/legs-0.0.1-py3.10.egg-info' (and everything under it)
[2.098s] Copying ../../build/legs/legs.egg-info to /home/pidog/pidog-ros2/install/legs/lib/python3.10/site-packages/legs-0.0.1-py3.10.egg-info
[2.099s] running install_scripts
[2.137s] Installing legs_client script to /home/pidog/pidog-ros2/install/legs/lib/legs
[2.137s] Installing legs_server script to /home/pidog/pidog-ros2/install/legs/lib/legs
[2.138s] writing list of installed files to '/home/pidog/pidog-ros2/build/legs/install.log'
[2.184s] Invoked command in '/home/pidog/pidog-ros2/src/legs' returned '0': AMENT_PREFIX_PATH=/home/pidog/pidog-ros2/install/interfaces:${AMENT_PREFIX_PATH} CMAKE_PREFIX_PATH=/home/pidog/pidog-ros2/install/interfaces LD_LIBRARY_PATH=/home/pidog/pidog-ros2/install/interfaces/lib:${LD_LIBRARY_PATH} PYTHONPATH=/home/pidog/pidog-ros2/build/legs/prefix_override:/home/pidog/pidog-ros2/install/legs/lib/python3.10/site-packages:/home/pidog/pidog-ros2/install/interfaces/local/lib/python3.10/dist-packages:${PYTHONPATH} /usr/bin/python3 setup.py egg_info --egg-base ../../build/legs build --build-base /home/pidog/pidog-ros2/build/legs/build install --record /home/pidog/pidog-ros2/build/legs/install.log --single-version-externally-managed
