[3.181s] Invoking command in '/home/pidog/pidog-ros2/src/legs': PYTHONPATH=/home/pidog/pidog-ros2/build/legs/prefix_override:/home/pidog/pidog-ros2/install/legs/lib/python3.10/site-packages:${PYTHONPATH} /usr/bin/python3 setup.py egg_info --egg-base ../../build/legs build --build-base /home/pidog/pidog-ros2/build/legs/build install --record /home/pidog/pidog-ros2/build/legs/install.log --single-version-externally-managed
[3.860s] running egg_info
[3.879s] writing ../../build/legs/legs.egg-info/PKG-INFO
[3.886s] writing dependency_links to ../../build/legs/legs.egg-info/dependency_links.txt
[3.886s] writing entry points to ../../build/legs/legs.egg-info/entry_points.txt
[3.887s] writing requirements to ../../build/legs/legs.egg-info/requires.txt
[3.887s] writing top-level names to ../../build/legs/legs.egg-info/top_level.txt
[3.888s] reading manifest file '../../build/legs/legs.egg-info/SOURCES.txt'
[3.889s] writing manifest file '../../build/legs/legs.egg-info/SOURCES.txt'
[3.898s] running build
[3.898s] running build_py
[3.899s] running install
[3.899s] running install_lib
[3.899s] /usr/lib/python3/dist-packages/setuptools/command/install.py:34: SetuptoolsDeprecationWarning: setup.py install is deprecated. Use build and pip and other standards-based tools.
[3.900s]   warnings.warn(
[3.905s] running install_data
[3.905s] running install_egg_info
[3.905s] removing '/home/pidog/pidog-ros2/install/legs/lib/python3.10/site-packages/legs-0.0.1-py3.10.egg-info' (and everything under it)
[3.906s] Copying ../../build/legs/legs.egg-info to /home/pidog/pidog-ros2/install/legs/lib/python3.10/site-packages/legs-0.0.1-py3.10.egg-info
[3.906s] running install_scripts
[3.977s] Installing legs script to /home/pidog/pidog-ros2/install/legs/lib/legs
[3.984s] writing list of installed files to '/home/pidog/pidog-ros2/build/legs/install.log'
[4.036s] Invoked command in '/home/pidog/pidog-ros2/src/legs' returned '0': PYTHONPATH=/home/pidog/pidog-ros2/build/legs/prefix_override:/home/pidog/pidog-ros2/install/legs/lib/python3.10/site-packages:${PYTHONPATH} /usr/bin/python3 setup.py egg_info --egg-base ../../build/legs build --build-base /home/pidog/pidog-ros2/build/legs/build install --record /home/pidog/pidog-ros2/build/legs/install.log --single-version-externally-managed
