[1.170s] Invoking command in '/home/pidog/pidog-ros2/src/legs': PYTHONPATH=/home/pidog/pidog-ros2/build/legs/prefix_override:/home/pidog/pidog-ros2/install/legs/lib/python3.10/site-packages:${PYTHONPATH} /usr/bin/python3 setup.py egg_info --egg-base ../../build/legs build --build-base /home/pidog/pidog-ros2/build/legs/build install --record /home/pidog/pidog-ros2/build/legs/install.log --single-version-externally-managed
[1.656s] running egg_info
[1.658s] writing ../../build/legs/legs.egg-info/PKG-INFO
[1.659s] writing dependency_links to ../../build/legs/legs.egg-info/dependency_links.txt
[1.659s] writing entry points to ../../build/legs/legs.egg-info/entry_points.txt
[1.661s] writing requirements to ../../build/legs/legs.egg-info/requires.txt
[1.661s] writing top-level names to ../../build/legs/legs.egg-info/top_level.txt
[1.665s] reading manifest file '../../build/legs/legs.egg-info/SOURCES.txt'
[1.666s] writing manifest file '../../build/legs/legs.egg-info/SOURCES.txt'
[1.667s] running build
[1.667s] running build_py
[1.667s] running install
[1.668s] /usr/lib/python3/dist-packages/setuptools/command/install.py:34: SetuptoolsDeprecationWarning: setup.py install is deprecated. Use build and pip and other standards-based tools.
[1.668s]   warnings.warn(
[1.668s] running install_lib
[1.671s] running install_data
[1.672s] running install_egg_info
[1.677s] removing '/home/pidog/pidog-ros2/install/legs/lib/python3.10/site-packages/legs-0.0.1-py3.10.egg-info' (and everything under it)
[1.677s] Copying ../../build/legs/legs.egg-info to /home/pidog/pidog-ros2/install/legs/lib/python3.10/site-packages/legs-0.0.1-py3.10.egg-info
[1.679s] running install_scripts
[1.729s] Installing legs script to /home/pidog/pidog-ros2/install/legs/lib/legs
[1.730s] writing list of installed files to '/home/pidog/pidog-ros2/build/legs/install.log'
[1.759s] Invoked command in '/home/pidog/pidog-ros2/src/legs' returned '0': PYTHONPATH=/home/pidog/pidog-ros2/build/legs/prefix_override:/home/pidog/pidog-ros2/install/legs/lib/python3.10/site-packages:${PYTHONPATH} /usr/bin/python3 setup.py egg_info --egg-base ../../build/legs build --build-base /home/pidog/pidog-ros2/build/legs/build install --record /home/pidog/pidog-ros2/build/legs/install.log --single-version-externally-managed
