[1.098s] Invoking command in '/home/pidog/pidog-ros2/pidog_ws/src/vision': PYTHONPATH=/home/pidog/pidog-ros2/build/vision/prefix_override:/home/pidog/pidog-ros2/install/vision/lib/python3.10/site-packages:${PYTHONPATH} /usr/bin/python3 setup.py egg_info --egg-base ../../../build/vision build --build-base /home/pidog/pidog-ros2/build/vision/build install --record /home/pidog/pidog-ros2/build/vision/install.log --single-version-externally-managed
[1.535s] running egg_info
[1.536s] writing ../../../build/vision/vision.egg-info/PKG-INFO
[1.538s] writing dependency_links to ../../../build/vision/vision.egg-info/dependency_links.txt
[1.539s] writing entry points to ../../../build/vision/vision.egg-info/entry_points.txt
[1.540s] writing requirements to ../../../build/vision/vision.egg-info/requires.txt
[1.541s] writing top-level names to ../../../build/vision/vision.egg-info/top_level.txt
[1.543s] reading manifest file '../../../build/vision/vision.egg-info/SOURCES.txt'
[1.545s] writing manifest file '../../../build/vision/vision.egg-info/SOURCES.txt'
[1.546s] running build
[1.546s] running build_py
[1.546s] /usr/lib/python3/dist-packages/setuptools/command/install.py:34: SetuptoolsDeprecationWarning: setup.py install is deprecated. Use build and pip and other standards-based tools.
[1.547s]   warnings.warn(
[1.547s] running install
[1.547s] running install_lib
[1.549s] running install_data
[1.550s] running install_egg_info
[1.552s] removing '/home/pidog/pidog-ros2/install/vision/lib/python3.10/site-packages/vision-0.0.0-py3.10.egg-info' (and everything under it)
[1.553s] Copying ../../../build/vision/vision.egg-info to /home/pidog/pidog-ros2/install/vision/lib/python3.10/site-packages/vision-0.0.0-py3.10.egg-info
[1.555s] running install_scripts
[1.587s] Installing vision script to /home/pidog/pidog-ros2/install/vision/lib/vision
[1.587s] writing list of installed files to '/home/pidog/pidog-ros2/build/vision/install.log'
[1.622s] Invoked command in '/home/pidog/pidog-ros2/pidog_ws/src/vision' returned '0': PYTHONPATH=/home/pidog/pidog-ros2/build/vision/prefix_override:/home/pidog/pidog-ros2/install/vision/lib/python3.10/site-packages:${PYTHONPATH} /usr/bin/python3 setup.py egg_info --egg-base ../../../build/vision build --build-base /home/pidog/pidog-ros2/build/vision/build install --record /home/pidog/pidog-ros2/build/vision/install.log --single-version-externally-managed
